                :-) GROMACS - gmx mdrun, 2021.4-plumed-2.8.0 (-:

                            GROMACS is written by:
     Andrey Alekseenko              Emile Apol              Rossen Apostolov     
         Paul Bauer           Herman J.C. Berendsen           Par Bjelkmar       
       Christian Blau           Viacheslav Bolnykh             Kevin Boyd        
     Aldert van Buuren           Rudi van Drunen             Anton Feenstra      
    Gilles Gouaillardet             Alan Gray               Gerrit Groenhof      
       Anca Hamuraru            Vincent Hindriksen          M. Eric Irrgang      
      Aleksei Iupinov           Christoph Junghans             Joe Jordan        
    Dimitrios Karkoulis            Peter Kasson                Jiri Kraus        
      Carsten Kutzner              Per Larsson              Justin A. Lemkul     
       Viveca Lindahl            Magnus Lundborg             Erik Marklund       
        Pascal Merz             Pieter Meulenhoff            Teemu Murtola       
        Szilard Pall               Sander Pronk              Roland Schulz       
       Michael Shirts            Alexey Shvetsov             Alfons Sijbers      
       Peter Tieleman              Jon Vincent              Teemu Virolainen     
     Christian Wennberg            Maarten Wolf              Artem Zhmurov       
                           and the project leaders:
        Mark Abraham, Berk Hess, Erik Lindahl, and David van der Spoel

Copyright (c) 1991-2000, University of Groningen, The Netherlands.
Copyright (c) 2001-2019, The GROMACS development team at
Uppsala University, Stockholm University and
the Royal Institute of Technology, Sweden.
check out http://www.gromacs.org for more information.

GROMACS is free software; you can redistribute it and/or modify it
under the terms of the GNU Lesser General Public License
as published by the Free Software Foundation; either version 2.1
of the License, or (at your option) any later version.

GROMACS:      gmx mdrun, version 2021.4-plumed-2.8.0
Executable:   /jet/home/wehs7661/pkgs/gromacs/2021.4/bin/gmx_mpi
Data prefix:  /jet/home/wehs7661/pkgs/gromacs/2021.4
Working dir:  /ocean/projects/cts160011p/wehs7661/gmxapi_practice/tutorial_MPI/standard_MD/Equil/NPT
Process ID:   70705
Command line:
  gmx_mpi mdrun -s sys2_equil.tpr -c sys2_equil.gro -e equil.edr -g equil.log -o equil.trr -cpo state.cpt

GROMACS version:    2021.4-plumed-2.8.0
Precision:          mixed
Memory model:       64 bit
MPI library:        MPI
OpenMP support:     enabled (GMX_OPENMP_MAX_THREADS = 64)
GPU support:        disabled
SIMD instructions:  AVX2_256
FFT library:        fftw-3.3.8-sse2-avx-avx2-avx2_128
RDTSCP usage:       enabled
TNG support:        enabled
Hwloc support:      disabled
Tracing support:    disabled
C compiler:         /jet/packages/spack/opt/spack/linux-centos8-zen/gcc-8.3.1/gcc-10.2.0-tfzxq7udz2a53dmujvasy4uz33t27iwv/bin/gcc GNU 10.2.0
C compiler flags:   -mavx2 -mfma -pthread -Wno-missing-field-initializers -fexcess-precision=fast -funroll-all-loops -O3 -DNDEBUG
C++ compiler:       /jet/packages/spack/opt/spack/linux-centos8-zen/gcc-8.3.1/gcc-10.2.0-tfzxq7udz2a53dmujvasy4uz33t27iwv/bin/g++ GNU 10.2.0
C++ compiler flags: -mavx2 -mfma -pthread -Wno-missing-field-initializers -fexcess-precision=fast -funroll-all-loops -fopenmp -O3 -DNDEBUG


Running on 1 node with total 128 cores, 128 logical cores
Hardware detected on host r003.ib.bridges2.psc.edu (the node of MPI rank 0):
  CPU info:
    Vendor: AMD
    Brand:  AMD EPYC 7742 64-Core Processor                
    Family: 23   Model: 49   Stepping: 0
    Features: aes amd apic avx avx2 clfsh cmov cx8 cx16 f16c fma htt lahf misalignsse mmx msr nonstop_tsc pclmuldq pdpe1gb popcnt pse rdrnd rdtscp sha sse2 sse3 sse4a sse4.1 sse4.2 ssse3
  Hardware topology: Basic
    Sockets, cores, and logical processors:
      Socket  0: [   0] [   1] [   2] [   3] [   4] [   5] [   6] [   7] [   8] [   9] [  10] [  11] [  12] [  13] [  14] [  15] [  16] [  17] [  18] [  19] [  20] [  21] [  22] [  23] [  24] [  25] [  26] [  27] [  28] [  29] [  30] [  31] [  32] [  33] [  34] [  35] [  36] [  37] [  38] [  39] [  40] [  41] [  42] [  43] [  44] [  45] [  46] [  47] [  48] [  49] [  50] [  51] [  52] [  53] [  54] [  55] [  56] [  57] [  58] [  59] [  60] [  61] [  62] [  63]
      Socket  1: [  64] [  65] [  66] [  67] [  68] [  69] [  70] [  71] [  72] [  73] [  74] [  75] [  76] [  77] [  78] [  79] [  80] [  81] [  82] [  83] [  84] [  85] [  86] [  87] [  88] [  89] [  90] [  91] [  92] [  93] [  94] [  95] [  96] [  97] [  98] [  99] [ 100] [ 101] [ 102] [ 103] [ 104] [ 105] [ 106] [ 107] [ 108] [ 109] [ 110] [ 111] [ 112] [ 113] [ 114] [ 115] [ 116] [ 117] [ 118] [ 119] [ 120] [ 121] [ 122] [ 123] [ 124] [ 125] [ 126] [ 127]


++++ PLEASE READ AND CITE THE FOLLOWING REFERENCE ++++
M. J. Abraham, T. Murtola, R. Schulz, S. Páll, J. C. Smith, B. Hess, E.
Lindahl
GROMACS: High performance molecular simulations through multi-level
parallelism from laptops to supercomputers
SoftwareX 1 (2015) pp. 19-25
-------- -------- --- Thank You --- -------- --------


++++ PLEASE READ AND CITE THE FOLLOWING REFERENCE ++++
S. Páll, M. J. Abraham, C. Kutzner, B. Hess, E. Lindahl
Tackling Exascale Software Challenges in Molecular Dynamics Simulations with
GROMACS
In S. Markidis & E. Laure (Eds.), Solving Software Challenges for Exascale 8759 (2015) pp. 3-27
-------- -------- --- Thank You --- -------- --------


++++ PLEASE READ AND CITE THE FOLLOWING REFERENCE ++++
S. Pronk, S. Páll, R. Schulz, P. Larsson, P. Bjelkmar, R. Apostolov, M. R.
Shirts, J. C. Smith, P. M. Kasson, D. van der Spoel, B. Hess, and E. Lindahl
GROMACS 4.5: a high-throughput and highly parallel open source molecular
simulation toolkit
Bioinformatics 29 (2013) pp. 845-54
-------- -------- --- Thank You --- -------- --------


++++ PLEASE READ AND CITE THE FOLLOWING REFERENCE ++++
B. Hess and C. Kutzner and D. van der Spoel and E. Lindahl
GROMACS 4: Algorithms for highly efficient, load-balanced, and scalable
molecular simulation
J. Chem. Theory Comput. 4 (2008) pp. 435-447
-------- -------- --- Thank You --- -------- --------


++++ PLEASE READ AND CITE THE FOLLOWING REFERENCE ++++
D. van der Spoel, E. Lindahl, B. Hess, G. Groenhof, A. E. Mark and H. J. C.
Berendsen
GROMACS: Fast, Flexible and Free
J. Comp. Chem. 26 (2005) pp. 1701-1719
-------- -------- --- Thank You --- -------- --------


++++ PLEASE READ AND CITE THE FOLLOWING REFERENCE ++++
E. Lindahl and B. Hess and D. van der Spoel
GROMACS 3.0: A package for molecular simulation and trajectory analysis
J. Mol. Mod. 7 (2001) pp. 306-317
-------- -------- --- Thank You --- -------- --------


++++ PLEASE READ AND CITE THE FOLLOWING REFERENCE ++++
H. J. C. Berendsen, D. van der Spoel and R. van Drunen
GROMACS: A message-passing parallel molecular dynamics implementation
Comp. Phys. Comm. 91 (1995) pp. 43-56
-------- -------- --- Thank You --- -------- --------

Input Parameters:
   integrator                     = md-vv
   tinit                          = 0
   dt                             = 0.002
   nsteps                         = 10000
   init-step                      = 0
   simulation-part                = 1
   mts                            = false
   comm-mode                      = Linear
   nstcomm                        = 1
   bd-fric                        = 0
   ld-seed                        = -151585105
   emtol                          = 10
   emstep                         = 0.01
   niter                          = 20
   fcstep                         = 0
   nstcgsteep                     = 1000
   nbfgscorr                      = 10
   rtpi                           = 0.05
   nstxout                        = 0
   nstvout                        = 0
   nstfout                        = 0
   nstlog                         = 1000
   nstcalcenergy                  = 1
   nstenergy                      = 1000
   nstxout-compressed             = 1000
   compressed-x-precision         = 1000
   cutoff-scheme                  = Verlet
   nstlist                        = 10
   pbc                            = xyz
   periodic-molecules             = false
   verlet-buffer-tolerance        = 0.005
   rlist                          = 0.9
   coulombtype                    = PME
   coulomb-modifier               = Potential-shift
   rcoulomb-switch                = 0.89
   rcoulomb                       = 0.9
   epsilon-r                      = 1
   epsilon-rf                     = inf
   vdw-type                       = Cut-off
   vdw-modifier                   = Potential-switch
   rvdw-switch                    = 0.85
   rvdw                           = 0.9
   DispCorr                       = AllEnerPres
   table-extension                = 1
   fourierspacing                 = 0.1
   fourier-nx                     = 24
   fourier-ny                     = 24
   fourier-nz                     = 24
   pme-order                      = 4
   ewald-rtol                     = 1e-05
   ewald-rtol-lj                  = 0.001
   lj-pme-comb-rule               = Geometric
   ewald-geometry                 = 0
   epsilon-surface                = 0
   tcoupl                         = V-rescale
   nsttcouple                     = 1
   nh-chain-length                = 0
   print-nose-hoover-chain-variables = false
   pcoupl                         = Berendsen
   pcoupltype                     = Isotropic
   nstpcouple                     = 10
   tau-p                          = 5
   compressibility (3x3):
      compressibility[    0]={ 4.50000e-05,  0.00000e+00,  0.00000e+00}
      compressibility[    1]={ 0.00000e+00,  4.50000e-05,  0.00000e+00}
      compressibility[    2]={ 0.00000e+00,  0.00000e+00,  4.50000e-05}
   ref-p (3x3):
      ref-p[    0]={ 1.00000e+00,  0.00000e+00,  0.00000e+00}
      ref-p[    1]={ 0.00000e+00,  1.00000e+00,  0.00000e+00}
      ref-p[    2]={ 0.00000e+00,  0.00000e+00,  1.00000e+00}
   refcoord-scaling               = No
   posres-com (3):
      posres-com[0]= 0.00000e+00
      posres-com[1]= 0.00000e+00
      posres-com[2]= 0.00000e+00
   posres-comB (3):
      posres-comB[0]= 0.00000e+00
      posres-comB[1]= 0.00000e+00
      posres-comB[2]= 0.00000e+00
   QMMM                           = false
qm-opts:
   ngQM                           = 0
   constraint-algorithm           = Lincs
   continuation                   = true
   Shake-SOR                      = false
   shake-tol                      = 0.0001
   lincs-order                    = 12
   lincs-iter                     = 2
   lincs-warnangle                = 30
   nwall                          = 0
   wall-type                      = 9-3
   wall-r-linpot                  = -1
   wall-atomtype[0]               = -1
   wall-atomtype[1]               = -1
   wall-density[0]                = 0
   wall-density[1]                = 0
   wall-ewald-zfac                = 3
   pull                           = false
   awh                            = false
   rotation                       = false
   interactiveMD                  = false
   disre                          = No
   disre-weighting                = Conservative
   disre-mixed                    = false
   dr-fc                          = 1000
   dr-tau                         = 0
   nstdisreout                    = 100
   orire-fc                       = 0
   orire-tau                      = 0
   nstorireout                    = 100
   free-energy                    = no
   cos-acceleration               = 0
   deform (3x3):
      deform[    0]={ 0.00000e+00,  0.00000e+00,  0.00000e+00}
      deform[    1]={ 0.00000e+00,  0.00000e+00,  0.00000e+00}
      deform[    2]={ 0.00000e+00,  0.00000e+00,  0.00000e+00}
   simulated-tempering            = false
   swapcoords                     = no
   userint1                       = 0
   userint2                       = 0
   userint3                       = 0
   userint4                       = 0
   userreal1                      = 0
   userreal2                      = 0
   userreal3                      = 0
   userreal4                      = 0
   applied-forces:
     electric-field:
       x:
         E0                       = 0
         omega                    = 0
         t0                       = 0
         sigma                    = 0
       y:
         E0                       = 0
         omega                    = 0
         t0                       = 0
         sigma                    = 0
       z:
         E0                       = 0
         omega                    = 0
         t0                       = 0
         sigma                    = 0
     density-guided-simulation:
       active                     = false
       group                      = protein
       similarity-measure         = inner-product
       atom-spreading-weight      = unity
       force-constant             = 1e+09
       gaussian-transform-spreading-width = 0.2
       gaussian-transform-spreading-range-in-multiples-of-width = 4
       reference-density-filename = reference.mrc
       nst                        = 1
       normalize-densities        = true
       adaptive-force-scaling     = false
       adaptive-force-scaling-time-constant = 4
       shift-vector               = 
       transformation-matrix      = 
grpopts:
   nrdf:        1707
   ref-t:      310.15
   tau-t:         0.5
annealing:          No
annealing-npoints:           0
   acc:	           0           0           0
   nfreeze:           N           N           N
   energygrp-flags[  0]: 0

Changing nstlist from 10 to 40, rlist from 0.9 to 1.001


Initializing Domain Decomposition on 16 ranks
Dynamic load balancing: auto
Using update groups, nr 287, average size 3.0 atoms, max. radius 0.078 nm
Minimum cell size due to atom displacement: 0.244 nm
Initial maximum distances in bonded interactions:
    two-body bonded interactions: 0.303 nm, LJ-14, atoms 1 4
  multi-body bonded interactions: 0.303 nm, Proper Dih., atoms 1 4
Minimum cell size due to bonded interactions: 0.333 nm
Scaling the initial minimum size with 1/0.8 (option -dds) = 1.25
Using 0 separate PME ranks, as there are too few total
 ranks for efficient splitting
Optimizing the DD grid for 16 cells with a minimum initial size of 0.417 nm
The maximum allowed number of cells is: X 4 Y 4 Z 3
Domain decomposition grid 4 x 4 x 1, separate PME ranks 0
PME domain decomposition: 4 x 4 x 1
Domain decomposition rank 0, coordinates 0 0 0

The initial number of communication pulses is: X 3 Y 3
The initial domain decomposition cell size is: X 0.47 nm Y 0.47 nm

The maximum allowed distance for atom groups involved in interactions is:
                 non-bonded interactions           1.157 nm
(the following are initial values, they could change due to box deformation)
            two-body bonded interactions  (-rdd)   1.157 nm
          multi-body bonded interactions  (-rdd)   0.473 nm

When dynamic load balancing gets turned on, these settings will change to:
The maximum number of communication pulses is: X 3 Y 3
The minimum size for domain decomposition cells is 0.386 nm
The requested allowed shrink of DD cells (option -dds) is: 0.80
The allowed shrink of domain decomposition cells is: X 0.82 Y 0.82
The maximum allowed distance for atom groups involved in interactions is:
                 non-bonded interactions           1.157 nm
            two-body bonded interactions  (-rdd)   1.157 nm
          multi-body bonded interactions  (-rdd)   0.386 nm

Using 16 MPI processes

Non-default thread affinity set, disabling internal thread affinity

Using 8 OpenMP threads per MPI process

System total charge: 0.000
Will do PME sum in reciprocal space for electrostatic interactions.

++++ PLEASE READ AND CITE THE FOLLOWING REFERENCE ++++
U. Essmann, L. Perera, M. L. Berkowitz, T. Darden, H. Lee and L. G. Pedersen 
A smooth particle mesh Ewald method
J. Chem. Phys. 103 (1995) pp. 8577-8592
-------- -------- --- Thank You --- -------- --------

Using a Gaussian width (1/beta) of 0.288146 nm for Ewald
Potential shift: LJ r^-12: 0.000e+00 r^-6: 0.000e+00, Ewald -1.111e-05
Initialized non-bonded Ewald tables, spacing: 8.85e-04 size: 1018

Generated table with 1000 data points for 1-4 COUL.
Tabscale = 500 points/nm
Generated table with 1000 data points for 1-4 LJ6.
Tabscale = 500 points/nm
Generated table with 1000 data points for 1-4 LJ12.
Tabscale = 500 points/nm
Long Range LJ corr.: <C6> 2.8357e-04 <C12> 2.8091e-07


Using SIMD 4x8 nonbonded short-range kernels

Using a dual 4x8 pair-list setup updated with dynamic pruning:
  outer list: updated every 40 steps, buffer 0.101 nm, rlist 1.001 nm
  inner list: updated every 11 steps, buffer 0.003 nm, rlist 0.903 nm
At tolerance 0.005 kJ/mol/ps per atom, equivalent classical 1x1 list would be:
  outer list: updated every 40 steps, buffer 0.212 nm, rlist 1.112 nm
  inner list: updated every 11 steps, buffer 0.043 nm, rlist 0.943 nm

++++ PLEASE READ AND CITE THE FOLLOWING REFERENCE ++++
S. Miyamoto and P. A. Kollman
SETTLE: An Analytical Version of the SHAKE and RATTLE Algorithms for Rigid
Water Models
J. Comp. Chem. 13 (1992) pp. 952-962
-------- -------- --- Thank You --- -------- --------


Linking all bonded interactions to atoms


Intra-simulation communication will occur every 1 steps.

++++ PLEASE READ AND CITE THE FOLLOWING REFERENCE ++++
G. Bussi, D. Donadio and M. Parrinello
Canonical sampling through velocity rescaling
J. Chem. Phys. 126 (2007) pp. 014101
-------- -------- --- Thank You --- -------- --------

There are: 853 Atoms
Atom distribution over 16 domains: av 53 stddev 8 min 42 max 63
Center of mass motion removal mode is Linear
We have the following groups for center of mass motion removal:
  0:  rest

Started mdrun on rank 0 Fri Apr 29 11:59:20 2022

           Step           Time
              0        0.00000

   Energies (kJ/mol)
           Bond          Angle    Proper Dih.          LJ-14     Coulomb-14
    2.26038e+00    2.62378e+00    1.12736e+00    6.47843e+00   -1.52763e+01
        LJ (SR)  Disper. corr.   Coulomb (SR)   Coul. recip.      Potential
    1.63881e+03   -7.33048e+01   -1.27830e+04    1.10971e+02   -1.11094e+04
    Kinetic En.   Total Energy  Conserved En.    Temperature Pres. DC (bar)
    2.37131e+03   -8.73805e+03   -8.73805e+03    3.34157e+02   -1.38186e+02
 Pressure (bar)
   -1.58445e+03


DD  step 39 load imb.: force 12.7%

step 120 Turning on dynamic load balancing, because the performance loss due to load imbalance is 4.0 %.

DD  load balancing is limited by minimum cell size in dimension X Y
DD  step 999  vol min/aver 0.678! load imb.: force  4.6%
           Step           Time
           1000        2.00000

   Energies (kJ/mol)
           Bond          Angle    Proper Dih.          LJ-14     Coulomb-14
    8.30183e+00    1.19660e+00    2.02421e-01    6.34779e+00   -1.52573e+01
        LJ (SR)  Disper. corr.   Coulomb (SR)   Coul. recip.      Potential
    1.72427e+03   -7.32099e+01   -1.28216e+04    1.01280e+02   -1.10684e+04
    Kinetic En.   Total Energy  Conserved En.    Temperature Pres. DC (bar)
    2.32116e+03   -8.74729e+03   -8.73865e+03    3.27090e+02   -1.37828e+02
 Pressure (bar)
    3.55053e+02


DD  step 1999  vol min/aver 0.700  load imb.: force  7.4%
           Step           Time
           2000        4.00000

   Energies (kJ/mol)
           Bond          Angle    Proper Dih.          LJ-14     Coulomb-14
    8.19003e-01    3.84139e+00    6.53358e-01    2.35329e+00   -1.44475e+01
        LJ (SR)  Disper. corr.   Coulomb (SR)   Coul. recip.      Potential
    1.58863e+03   -7.33917e+01   -1.26282e+04    1.33618e+02   -1.09861e+04
    Kinetic En.   Total Energy  Conserved En.    Temperature Pres. DC (bar)
    2.30004e+03   -8.68605e+03   -8.73832e+03    3.24114e+02   -1.38514e+02
 Pressure (bar)
   -7.19176e+01


DD  load balancing is limited by minimum cell size in dimension Y
DD  step 2999  vol min/aver 0.679! load imb.: force  6.0%
           Step           Time
           3000        6.00000

   Energies (kJ/mol)
           Bond          Angle    Proper Dih.          LJ-14     Coulomb-14
    4.99100e+00    3.41548e+00    1.95405e+00    3.18668e+00   -1.46707e+01
        LJ (SR)  Disper. corr.   Coulomb (SR)   Coul. recip.      Potential
    1.67957e+03   -7.32732e+01   -1.28080e+04    1.05835e+02   -1.10970e+04
    Kinetic En.   Total Energy  Conserved En.    Temperature Pres. DC (bar)
    2.25009e+03   -8.84687e+03   -8.73887e+03    3.17075e+02   -1.38067e+02
 Pressure (bar)
    1.72172e+02


DD  load balancing is limited by minimum cell size in dimension X
DD  step 3999  vol min/aver 0.711! load imb.: force  8.8%
           Step           Time
           4000        8.00000

   Energies (kJ/mol)
           Bond          Angle    Proper Dih.          LJ-14     Coulomb-14
    1.95531e+00    7.68937e+00    1.74393e+00    2.45283e+00   -1.44767e+01
        LJ (SR)  Disper. corr.   Coulomb (SR)   Coul. recip.      Potential
    1.75070e+03   -7.30258e+01   -1.29854e+04    1.12659e+02   -1.11957e+04
    Kinetic En.   Total Energy  Conserved En.    Temperature Pres. DC (bar)
    2.24802e+03   -8.94769e+03   -8.73821e+03    3.16783e+02   -1.37136e+02
 Pressure (bar)
    2.70439e+02


DD  load balancing is limited by minimum cell size in dimension X Y
DD  step 4999  vol min/aver 0.679! load imb.: force  4.7%
           Step           Time
           5000       10.00000

   Energies (kJ/mol)
           Bond          Angle    Proper Dih.          LJ-14     Coulomb-14
    5.22462e-01    5.22678e+00    8.20623e+00    1.30976e+00   -1.40792e+01
        LJ (SR)  Disper. corr.   Coulomb (SR)   Coul. recip.      Potential
    1.68707e+03   -7.33931e+01   -1.29158e+04    1.08444e+02   -1.11925e+04
    Kinetic En.   Total Energy  Conserved En.    Temperature Pres. DC (bar)
    2.12521e+03   -9.06732e+03   -8.73740e+03    2.99477e+02   -1.38519e+02
 Pressure (bar)
   -5.22471e+01


DD  load balancing is limited by minimum cell size in dimension X Y
DD  step 5999  vol min/aver 0.679! load imb.: force  6.2%
           Step           Time
           6000       12.00000

   Energies (kJ/mol)
           Bond          Angle    Proper Dih.          LJ-14     Coulomb-14
    5.51107e+00    2.46732e+00    5.59184e+00    4.24302e+00   -1.49014e+01
        LJ (SR)  Disper. corr.   Coulomb (SR)   Coul. recip.      Potential
    1.81287e+03   -7.32759e+01   -1.30122e+04    1.16299e+02   -1.11534e+04
    Kinetic En.   Total Energy  Conserved En.    Temperature Pres. DC (bar)
    2.16972e+03   -8.98369e+03   -8.73720e+03    3.05750e+02   -1.38077e+02
 Pressure (bar)
    9.19020e+02


DD  load balancing is limited by minimum cell size in dimension X Y
DD  step 6999  vol min/aver 0.680! load imb.: force  5.6%
           Step           Time
           7000       14.00000

   Energies (kJ/mol)
           Bond          Angle    Proper Dih.          LJ-14     Coulomb-14
    4.94972e+00    3.54525e+00    8.08529e-01    2.66126e+00   -1.45354e+01
        LJ (SR)  Disper. corr.   Coulomb (SR)   Coul. recip.      Potential
    1.81431e+03   -7.34744e+01   -1.30349e+04    1.20785e+02   -1.11759e+04
    Kinetic En.   Total Energy  Conserved En.    Temperature Pres. DC (bar)
    2.08024e+03   -9.09565e+03   -8.73699e+03    2.93140e+02   -1.38826e+02
 Pressure (bar)
    5.43574e+02


DD  load balancing is limited by minimum cell size in dimension X Y
DD  step 7999  vol min/aver 0.687! load imb.: force  8.4%
           Step           Time
           8000       16.00000

   Energies (kJ/mol)
           Bond          Angle    Proper Dih.          LJ-14     Coulomb-14
    3.29787e+00    4.51994e-01    3.22223e-03    6.60373e+00   -1.52942e+01
        LJ (SR)  Disper. corr.   Coulomb (SR)   Coul. recip.      Potential
    1.78265e+03   -7.35480e+01   -1.32043e+04    9.95347e+01   -1.14006e+04
    Kinetic En.   Total Energy  Conserved En.    Temperature Pres. DC (bar)
    2.24043e+03   -9.16014e+03   -8.73818e+03    3.15714e+02   -1.39105e+02
 Pressure (bar)
    8.26139e+01


step 8800 Turning off dynamic load balancing, because it is degrading performance.
Atom distribution over 16 domains: av 53 stddev 10 min 30 max 66

DD  step 8999 load imb.: force 12.8%
           Step           Time
           9000       18.00000

   Energies (kJ/mol)
           Bond          Angle    Proper Dih.          LJ-14     Coulomb-14
    1.05565e+01    3.89617e+00    2.67963e-01    1.74646e+00   -1.42496e+01
        LJ (SR)  Disper. corr.   Coulomb (SR)   Coul. recip.      Potential
    1.90419e+03   -7.34100e+01   -1.31157e+04    1.23779e+02   -1.11589e+04
    Kinetic En.   Total Energy  Conserved En.    Temperature Pres. DC (bar)
    2.19596e+03   -8.96294e+03   -8.73494e+03    3.09447e+02   -1.38583e+02
 Pressure (bar)
    1.18016e+03


DD  step 9999 load imb.: force 13.1%
           Step           Time
          10000       20.00000

Writing checkpoint, step 10000 at Fri Apr 29 11:59:24 2022


   Energies (kJ/mol)
           Bond          Angle    Proper Dih.          LJ-14     Coulomb-14
    3.74962e+00    3.41368e+00    7.46763e-02    1.21327e+01   -1.59023e+01
        LJ (SR)  Disper. corr.   Coulomb (SR)   Coul. recip.      Potential
    1.60930e+03   -7.37407e+01   -1.27647e+04    1.14417e+02   -1.11113e+04
    Kinetic En.   Total Energy  Conserved En.    Temperature Pres. DC (bar)
    2.17711e+03   -8.93415e+03   -8.73480e+03    3.06791e+02   -1.39834e+02
 Pressure (bar)
    8.48380e+01


Energy conservation over simulation part #1 of length 20 ns, time 0 to 20 ns
  Conserved energy drift: 1.90e-04 kJ/mol/ps per atom


	<======  ###############  ==>
	<====  A V E R A G E S  ====>
	<==  ###############  ======>

	Statistics over 10001 steps using 10001 frames

   Energies (kJ/mol)
           Bond          Angle    Proper Dih.          LJ-14     Coulomb-14
    4.22987e+00    3.96181e+00    1.80985e+00    4.21171e+00   -1.47939e+01
        LJ (SR)  Disper. corr.   Coulomb (SR)   Coul. recip.      Potential
    1.69071e+03   -7.33378e+01   -1.28886e+04    1.13338e+02   -1.11585e+04
    Kinetic En.   Total Energy  Conserved En.    Temperature Pres. DC (bar)
    2.20293e+03   -8.95555e+03   -8.73759e+03    3.10429e+02   -1.38311e+02
 Pressure (bar)
   -2.79539e+01

          Box-X          Box-Y          Box-Z
    2.31698e+00    2.31698e+00    1.63835e+00

   Total Virial (kJ/mol)
    7.54416e+02   -3.13533e+00    2.51468e+00
   -3.11284e+00    7.36397e+02   -3.48368e+00
    2.49171e+00   -3.52370e+00    7.34264e+02

   Pressure (bar)
   -7.42174e+01    8.60442e+00   -1.88342e+01
    8.51961e+00   -6.94143e+00    2.73077e+01
   -1.87474e+01    2.74589e+01   -2.70292e+00


	M E G A - F L O P S   A C C O U N T I N G

 NB=Group-cutoff nonbonded kernels    NxN=N-by-N cluster Verlet kernels
 RF=Reaction-Field  VdW=Van der Waals  QSTab=quadratic-spline table
 W3=SPC/TIP3p  W4=TIP4p (single or pairs)
 V&F=Potential and force  V=Potential only  F=Force only

 Computing:                               M-Number         M-Flops  % Flops
-----------------------------------------------------------------------------
 Pair Search distance check             109.590018         986.310     0.2
 NxN Ewald Elec. + LJ [V&F]            2781.017296      353189.197    56.4
 NxN LJ [V&F]                             6.496000         409.248     0.1
 NxN Ewald Elec. [V&F]                 2757.746352      231650.694    37.0
 1,4 nonbonded interactions               0.010001           0.900     0.0
 Calc Weights                            25.592559         921.332     0.1
 Spread Q Bspline                       545.974592        1091.949     0.2
 Gather F Bspline                       545.974592        3275.848     0.5
 3D-FFT                                3803.320294       30426.562     4.9
 Solve PME                               23.042304        1474.707     0.2
 Reset In Box                             0.212397           0.637     0.0
 CG-CoM                                   0.214103           0.642     0.0
 Bonds                                    0.030003           1.770     0.0
 Angles                                   0.020002           3.360     0.0
 Propers                                  0.010001           2.290     0.0
 Virial                                  15.731573         283.168     0.0
 Stop-CM                                  8.530853          85.309     0.0
 P-Coupling                               0.853853           5.123     0.0
 Calc-Ekin                                8.530853         230.333     0.0
 Constraint-V                             8.490849          76.418     0.0
 Constraint-Vir                           8.490849         203.780     0.0
 Settle                                   5.660566        2094.409     0.3
-----------------------------------------------------------------------------
 Total                                                  626413.988   100.0
-----------------------------------------------------------------------------


    D O M A I N   D E C O M P O S I T I O N   S T A T I S T I C S

 av. #atoms communicated per step for force:  2 x 8421.6


Dynamic load balancing report:
 DLB was off during the run due to low measured imbalance.
 Average load imbalance: 7.5%.
 The balanceable part of the MD step is 41%, load imbalance is computed from this.
 Part of the total run time spent waiting due to load imbalance: 3.1%.


     R E A L   C Y C L E   A N D   T I M E   A C C O U N T I N G

On 16 MPI ranks, each using 8 OpenMP threads

 Computing:          Num   Num      Call    Wall time         Giga-Cycles
                     Ranks Threads  Count      (s)         total sum    %
-----------------------------------------------------------------------------
 Domain decomp.        16    8        250       0.047         13.534   1.2
 DD comm. load         16    8        221       0.000          0.089   0.0
 DD comm. bounds       16    8        217       0.002          0.443   0.0
 Neighbor search       16    8        251       0.042         12.104   1.1
 Comm. coord.          16    8       9750       0.224         64.512   5.6
 Force                 16    8      10001       0.426        122.425  10.7
 Wait + Comm. F        16    8      10001       0.200         57.355   5.0
 PME mesh              16    8      10001       1.835        527.408  46.1
 NB X/F buffer ops.    16    8      29501       0.215         61.714   5.4
 Write traj.           16    8         11       0.008          2.335   0.2
 Update                16    8      40004       0.160         46.101   4.0
 Constraints           16    8      20002       0.089         25.535   2.2
 Comm. energies        16    8      20002       0.469        134.818  11.8
 Rest                                           0.261         74.887   6.6
-----------------------------------------------------------------------------
 Total                                          3.977       1143.261 100.0
-----------------------------------------------------------------------------
 Breakdown of PME mesh computation
-----------------------------------------------------------------------------
 PME redist. X/F       16    8      20002       0.550        158.231  13.8
 PME spread            16    8      10001       0.400        115.063  10.1
 PME gather            16    8      10001       0.254         73.020   6.4
 PME 3D-FFT            16    8      20002       0.176         50.727   4.4
 PME 3D-FFT Comm.      16    8      40004       0.423        121.543  10.6
 PME solve Elec        16    8      10001       0.008          2.286   0.2
-----------------------------------------------------------------------------

NOTE: 12 % of the run time was spent communicating energies,
      you might want to increase some nst* mdp options

               Core t (s)   Wall t (s)        (%)
       Time:      509.058        3.977    12799.3
                 (ns/day)    (hour/ns)
Performance:      434.515        0.055
Finished mdrun on rank 0 Fri Apr 29 11:59:24 2022

