                 :-) GROMACS - GROMACS, 2021.4-plumed-2.7.3 (-:

                            GROMACS is written by:
     Andrey Alekseenko              Emile Apol              Rossen Apostolov     
         Paul Bauer           Herman J.C. Berendsen           Par Bjelkmar       
       Christian Blau           Viacheslav Bolnykh             Kevin Boyd        
     Aldert van Buuren           Rudi van Drunen             Anton Feenstra      
    Gilles Gouaillardet             Alan Gray               Gerrit Groenhof      
       Anca Hamuraru            Vincent Hindriksen          M. Eric Irrgang      
      Aleksei Iupinov           Christoph Junghans             Joe Jordan        
    Dimitrios Karkoulis            Peter Kasson                Jiri Kraus        
      Carsten Kutzner              Per Larsson              Justin A. Lemkul     
       Viveca Lindahl            Magnus Lundborg             Erik Marklund       
        Pascal Merz             Pieter Meulenhoff            Teemu Murtola       
        Szilard Pall               Sander Pronk              Roland Schulz       
       Michael Shirts            Alexey Shvetsov             Alfons Sijbers      
       Peter Tieleman              Jon Vincent              Teemu Virolainen     
     Christian Wennberg            Maarten Wolf              Artem Zhmurov       
                           and the project leaders:
        Mark Abraham, Berk Hess, Erik Lindahl, and David van der Spoel

Copyright (c) 1991-2000, University of Groningen, The Netherlands.
Copyright (c) 2001-2019, The GROMACS development team at
Uppsala University, Stockholm University and
the Royal Institute of Technology, Sweden.
check out http://www.gromacs.org for more information.

GROMACS is free software; you can redistribute it and/or modify it
under the terms of the GNU Lesser General Public License
as published by the Free Software Foundation; either version 2.1
of the License, or (at your option) any later version.

GROMACS:      GROMACS, version 2021.4-plumed-2.7.3
Working dir:  /home/wei-tse/Documents/gmxapi_practice/EE/case_2/mdrun_0_i0_2
Process ID:   24349

GROMACS version:    2021.4-plumed-2.7.3
Precision:          mixed
Memory model:       64 bit
MPI library:        thread_mpi
OpenMP support:     enabled (GMX_OPENMP_MAX_THREADS = 64)
GPU support:        disabled
SIMD instructions:  AVX2_256
FFT library:        fftw-3.3.8-sse2-avx-avx2-avx2_128
RDTSCP usage:       enabled
TNG support:        enabled
Hwloc support:      disabled
Tracing support:    disabled
C compiler:         /usr/bin/cc GNU 7.5.0
C compiler flags:   -mavx2 -mfma -Wno-missing-field-initializers -fexcess-precision=fast -funroll-all-loops -O3 -DNDEBUG
C++ compiler:       /usr/bin/c++ GNU 7.5.0
C++ compiler flags: -mavx2 -mfma -Wno-missing-field-initializers -fexcess-precision=fast -funroll-all-loops -fopenmp -O3 -DNDEBUG


Running on 1 node with total 8 cores, 16 logical cores
Hardware detected:
  CPU info:
    Vendor: Intel
    Brand:  Intel(R) Xeon(R) Silver 4110 CPU @ 2.10GHz
    Family: 6   Model: 85   Stepping: 4
    Features: aes apic avx avx2 avx512f avx512cd avx512bw avx512vl clfsh cmov cx8 cx16 f16c fma hle htt intel lahf mmx msr nonstop_tsc pcid pclmuldq pdcm pdpe1gb popcnt pse rdrnd rdtscp rtm sse2 sse3 sse4.1 sse4.2 ssse3 tdt x2apic
    Number of AVX-512 FMA units: 1 (AVX2 is faster w/o 2 AVX-512 FMA units)
  Hardware topology: Basic
    Sockets, cores, and logical processors:
      Socket  0: [   0   8] [   1   9] [   2  10] [   3  11] [   4  12] [   5  13] [   6  14] [   7  15]


++++ PLEASE READ AND CITE THE FOLLOWING REFERENCE ++++
M. J. Abraham, T. Murtola, R. Schulz, S. Páll, J. C. Smith, B. Hess, E.
Lindahl
GROMACS: High performance molecular simulations through multi-level
parallelism from laptops to supercomputers
SoftwareX 1 (2015) pp. 19-25
-------- -------- --- Thank You --- -------- --------


++++ PLEASE READ AND CITE THE FOLLOWING REFERENCE ++++
S. Páll, M. J. Abraham, C. Kutzner, B. Hess, E. Lindahl
Tackling Exascale Software Challenges in Molecular Dynamics Simulations with
GROMACS
In S. Markidis & E. Laure (Eds.), Solving Software Challenges for Exascale 8759 (2015) pp. 3-27
-------- -------- --- Thank You --- -------- --------


++++ PLEASE READ AND CITE THE FOLLOWING REFERENCE ++++
S. Pronk, S. Páll, R. Schulz, P. Larsson, P. Bjelkmar, R. Apostolov, M. R.
Shirts, J. C. Smith, P. M. Kasson, D. van der Spoel, B. Hess, and E. Lindahl
GROMACS 4.5: a high-throughput and highly parallel open source molecular
simulation toolkit
Bioinformatics 29 (2013) pp. 845-54
-------- -------- --- Thank You --- -------- --------


++++ PLEASE READ AND CITE THE FOLLOWING REFERENCE ++++
B. Hess and C. Kutzner and D. van der Spoel and E. Lindahl
GROMACS 4: Algorithms for highly efficient, load-balanced, and scalable
molecular simulation
J. Chem. Theory Comput. 4 (2008) pp. 435-447
-------- -------- --- Thank You --- -------- --------


++++ PLEASE READ AND CITE THE FOLLOWING REFERENCE ++++
D. van der Spoel, E. Lindahl, B. Hess, G. Groenhof, A. E. Mark and H. J. C.
Berendsen
GROMACS: Fast, Flexible and Free
J. Comp. Chem. 26 (2005) pp. 1701-1719
-------- -------- --- Thank You --- -------- --------


++++ PLEASE READ AND CITE THE FOLLOWING REFERENCE ++++
E. Lindahl and B. Hess and D. van der Spoel
GROMACS 3.0: A package for molecular simulation and trajectory analysis
J. Mol. Mod. 7 (2001) pp. 306-317
-------- -------- --- Thank You --- -------- --------


++++ PLEASE READ AND CITE THE FOLLOWING REFERENCE ++++
H. J. C. Berendsen, D. van der Spoel and R. van Drunen
GROMACS: A message-passing parallel molecular dynamics implementation
Comp. Phys. Comm. 91 (1995) pp. 43-56
-------- -------- --- Thank You --- -------- --------

Input Parameters:
   integrator                     = md-vv
   tinit                          = 0
   dt                             = 0.002
   nsteps                         = 10000
   init-step                      = 0
   simulation-part                = 1
   mts                            = false
   comm-mode                      = Linear
   nstcomm                        = 1
   bd-fric                        = 0
   ld-seed                        = -1208164358
   emtol                          = 10
   emstep                         = 0.01
   niter                          = 20
   fcstep                         = 0
   nstcgsteep                     = 1000
   nbfgscorr                      = 10
   rtpi                           = 0.05
   nstxout                        = 0
   nstvout                        = 0
   nstfout                        = 0
   nstlog                         = 1000
   nstcalcenergy                  = 1
   nstenergy                      = 1000
   nstxout-compressed             = 1000
   compressed-x-precision         = 1000
   cutoff-scheme                  = Verlet
   nstlist                        = 10
   pbc                            = xyz
   periodic-molecules             = false
   verlet-buffer-tolerance        = 0.005
   rlist                          = 0.9
   coulombtype                    = PME
   coulomb-modifier               = Potential-shift
   rcoulomb-switch                = 0.89
   rcoulomb                       = 0.9
   epsilon-r                      = 1
   epsilon-rf                     = inf
   vdw-type                       = Cut-off
   vdw-modifier                   = Potential-switch
   rvdw-switch                    = 0.85
   rvdw                           = 0.9
   DispCorr                       = AllEnerPres
   table-extension                = 1
   fourierspacing                 = 0.1
   fourier-nx                     = 24
   fourier-ny                     = 24
   fourier-nz                     = 24
   pme-order                      = 4
   ewald-rtol                     = 1e-05
   ewald-rtol-lj                  = 0.001
   lj-pme-comb-rule               = Geometric
   ewald-geometry                 = 0
   epsilon-surface                = 0
   tcoupl                         = V-rescale
   nsttcouple                     = 1
   nh-chain-length                = 0
   print-nose-hoover-chain-variables = false
   pcoupl                         = No
   pcoupltype                     = Isotropic
   nstpcouple                     = -1
   tau-p                          = 1
   compressibility (3x3):
      compressibility[    0]={ 0.00000e+00,  0.00000e+00,  0.00000e+00}
      compressibility[    1]={ 0.00000e+00,  0.00000e+00,  0.00000e+00}
      compressibility[    2]={ 0.00000e+00,  0.00000e+00,  0.00000e+00}
   ref-p (3x3):
      ref-p[    0]={ 0.00000e+00,  0.00000e+00,  0.00000e+00}
      ref-p[    1]={ 0.00000e+00,  0.00000e+00,  0.00000e+00}
      ref-p[    2]={ 0.00000e+00,  0.00000e+00,  0.00000e+00}
   refcoord-scaling               = No
   posres-com (3):
      posres-com[0]= 0.00000e+00
      posres-com[1]= 0.00000e+00
      posres-com[2]= 0.00000e+00
   posres-comB (3):
      posres-comB[0]= 0.00000e+00
      posres-comB[1]= 0.00000e+00
      posres-comB[2]= 0.00000e+00
   QMMM                           = false
qm-opts:
   ngQM                           = 0
   constraint-algorithm           = Lincs
   continuation                   = false
   Shake-SOR                      = false
   shake-tol                      = 0.0001
   lincs-order                    = 12
   lincs-iter                     = 2
   lincs-warnangle                = 30
   nwall                          = 0
   wall-type                      = 9-3
   wall-r-linpot                  = -1
   wall-atomtype[0]               = -1
   wall-atomtype[1]               = -1
   wall-density[0]                = 0
   wall-density[1]                = 0
   wall-ewald-zfac                = 3
   pull                           = false
   awh                            = false
   rotation                       = false
   interactiveMD                  = false
   disre                          = No
   disre-weighting                = Conservative
   disre-mixed                    = false
   dr-fc                          = 1000
   dr-tau                         = 0
   nstdisreout                    = 100
   orire-fc                       = 0
   orire-tau                      = 0
   nstorireout                    = 100
   free-energy                    = expanded
   init-lambda                    = -1
   init-lambda-state              = 0
   delta-lambda                   = 0
   nstdhdl                        = 1000
   n-lambdas                      = 20
   separate-dvdl:
       fep-lambdas =   FALSE
      mass-lambdas =   FALSE
      coul-lambdas =   TRUE
       vdw-lambdas =   TRUE
    bonded-lambdas =   FALSE
 restraint-lambdas =   FALSE
temperature-lambdas =   FALSE
all-lambdas:
       fep-lambdas =            0           0           0           0           0           0           0           0           0           0           0           0           0           0           0           0           0           0           0           0
      mass-lambdas =            0           0           0           0           0           0           0           0           0           0           0           0           0           0           0           0           0           0           0           0
      coul-lambdas =            0        0.05         0.1         0.2         0.3        0.35         0.4        0.45         0.5         0.6         0.7        0.85           1           1           1           1           1           1           1           1
       vdw-lambdas =            0           0           0           0           0           0           0           0           0           0           0           0           0         0.2         0.4         0.5         0.6         0.7         0.8           1
    bonded-lambdas =            0           0           0           0           0           0           0           0           0           0           0           0           0           0           0           0           0           0           0           0
 restraint-lambdas =            0           0           0           0           0           0           0           0           0           0           0           0           0           0           0           0           0           0           0           0
temperature-lambdas =            0           0           0           0           0           0           0           0           0           0           0           0           0           0           0           0           0           0           0           0
   calc-lambda-neighbors          = -1
   dhdl-print-energy              = total
   sc-alpha                       = 0.5
   sc-power                       = 1
   sc-r-power                     = 6
   sc-sigma                       = 0.3
   sc-sigma-min                   = 0.3
   sc-coul                        = false
   dh-hist-size                   = 0
   dh-hist-spacing                = 0.1
   separate-dhdl-file             = yes
   dhdl-derivatives               = yes
   nstexpanded                    = 10
   lmc-stats                      = wang-landau
   lmc-move                       = metropolized-gibbs
   lmc-weights-equil              = wl-delta
   weight-equil-wl-delta          = 0.001
   lmc-seed                       = 1000
   mc-temperature                 = 298
   lmc-repeats                    = 1
   lmc-gibbsdelta                 = -1
   lmc-forced-nstart              = 0
   symmetrized-transition-matrix  = true
   nst-transition-matrix          = 100000
   mininum-var-min                = 100
   weight-c-range                 = 0
   wl-scale                       = 0.8
   wl-ratio                       = 0.8
   init-wl-delta                  = 0.5
   wl-oneovert                    = false
      init-lambda-weights (20):
      init-lambda-weights[0]= 0.00000e+00
      init-lambda-weights[1]= 0.00000e+00
      init-lambda-weights[2]= 0.00000e+00
      init-lambda-weights[3]= 0.00000e+00
      init-lambda-weights[4]= 0.00000e+00
      init-lambda-weights[5]= 0.00000e+00
      init-lambda-weights[6]= 0.00000e+00
      init-lambda-weights[7]= 0.00000e+00
      init-lambda-weights[8]= 0.00000e+00
      init-lambda-weights[9]= 0.00000e+00
      init-lambda-weights[10]= 0.00000e+00
      init-lambda-weights[11]= 0.00000e+00
      init-lambda-weights[12]= 0.00000e+00
      init-lambda-weights[13]= 0.00000e+00
      init-lambda-weights[14]= 0.00000e+00
      init-lambda-weights[15]= 0.00000e+00
      init-lambda-weights[16]= 0.00000e+00
      init-lambda-weights[17]= 0.00000e+00
      init-lambda-weights[18]= 0.00000e+00
      init-lambda-weights[19]= 0.00000e+00
   init-weights                   = false
   cos-acceleration               = 0
   deform (3x3):
      deform[    0]={ 0.00000e+00,  0.00000e+00,  0.00000e+00}
      deform[    1]={ 0.00000e+00,  0.00000e+00,  0.00000e+00}
      deform[    2]={ 0.00000e+00,  0.00000e+00,  0.00000e+00}
   simulated-tempering            = false
   swapcoords                     = no
   userint1                       = 0
   userint2                       = 0
   userint3                       = 0
   userint4                       = 0
   userreal1                      = 0
   userreal2                      = 0
   userreal3                      = 0
   userreal4                      = 0
   applied-forces:
     electric-field:
       x:
         E0                       = 0
         omega                    = 0
         t0                       = 0
         sigma                    = 0
       y:
         E0                       = 0
         omega                    = 0
         t0                       = 0
         sigma                    = 0
       z:
         E0                       = 0
         omega                    = 0
         t0                       = 0
         sigma                    = 0
     density-guided-simulation:
       active                     = false
       group                      = protein
       similarity-measure         = inner-product
       atom-spreading-weight      = unity
       force-constant             = 1e+09
       gaussian-transform-spreading-width = 0.2
       gaussian-transform-spreading-range-in-multiples-of-width = 4
       reference-density-filename = reference.mrc
       nst                        = 1
       normalize-densities        = true
       adaptive-force-scaling     = false
       adaptive-force-scaling-time-constant = 4
       shift-vector               = 
       transformation-matrix      = 
grpopts:
   nrdf:        1707
   ref-t:         298
   tau-t:         0.5
annealing:          No
annealing-npoints:           0
   acc:	           0           0           0
   nfreeze:           N           N           N
   energygrp-flags[  0]: 0

Changing nstlist from 10 to 40, rlist from 0.9 to 0.998

Using 1 MPI thread
Using 16 OpenMP threads 

Pinning threads with an auto-selected logical core stride of 1
System total charge, top. A: 0.000 top. B: 0.000
Will do PME sum in reciprocal space for electrostatic interactions.

++++ PLEASE READ AND CITE THE FOLLOWING REFERENCE ++++
U. Essmann, L. Perera, M. L. Berkowitz, T. Darden, H. Lee and L. G. Pedersen 
A smooth particle mesh Ewald method
J. Chem. Phys. 103 (1995) pp. 8577-8592
-------- -------- --- Thank You --- -------- --------

Using a Gaussian width (1/beta) of 0.288146 nm for Ewald
Potential shift: LJ r^-12: 0.000e+00 r^-6: 0.000e+00, Ewald -1.111e-05
Initialized non-bonded Ewald tables, spacing: 8.85e-04 size: 2259

Generated table with 998 data points for 1-4 COUL.
Tabscale = 500 points/nm
Generated table with 998 data points for 1-4 LJ6.
Tabscale = 500 points/nm
Generated table with 998 data points for 1-4 LJ12.
Tabscale = 500 points/nm
Long Range LJ corr.: <C6> 2.8357e-04 <C12> 2.8091e-07


Using SIMD 4x8 nonbonded short-range kernels

Using a dual 4x8 pair-list setup updated with dynamic pruning:
  outer list: updated every 40 steps, buffer 0.098 nm, rlist 0.998 nm
  inner list: updated every 11 steps, buffer 0.002 nm, rlist 0.902 nm
At tolerance 0.005 kJ/mol/ps per atom, equivalent classical 1x1 list would be:
  outer list: updated every 40 steps, buffer 0.208 nm, rlist 1.108 nm
  inner list: updated every 11 steps, buffer 0.041 nm, rlist 0.941 nm
There are 4 atoms and 2 charges for free energy perturbation
Removing pbc first time

++++ PLEASE READ AND CITE THE FOLLOWING REFERENCE ++++
S. Miyamoto and P. A. Kollman
SETTLE: An Analytical Version of the SHAKE and RATTLE Algorithms for Rigid
Water Models
J. Comp. Chem. 13 (1992) pp. 952-962
-------- -------- --- Thank You --- -------- --------

Initial vector of lambda components:[     0.0000     0.0000     0.0000     0.0000     0.0000     0.0000     0.0000 ]

++++ PLEASE READ AND CITE THE FOLLOWING REFERENCE ++++
G. Bussi, D. Donadio and M. Parrinello
Canonical sampling through velocity rescaling
J. Chem. Phys. 126 (2007) pp. 014101
-------- -------- --- Thank You --- -------- --------

There are: 853 Atoms

Constraining the starting coordinates (step 0)
Center of mass motion removal mode is Linear
We have the following groups for center of mass motion removal:
  0:  rest
RMS relative constraint deviation after constraining: 0.00e+00
Initial temperature: 291.815 K

Started mdrun on rank 0 Wed Mar  9 02:49:32 2022

           Step           Time
              0        0.00000

   Energies (kJ/mol)
           Bond          Angle    Proper Dih.          LJ-14     Coulomb-14
    1.31200e+00    2.51372e+00    1.61011e-01    3.13035e+00   -1.46570e+01
        LJ (SR)  Disper. corr.   Coulomb (SR)   Coul. recip.      Potential
    1.56611e+03   -7.29839e+01   -1.25655e+04    1.11542e+02   -1.09684e+04
    Kinetic En.   Total Energy  Conserved En.    Temperature Pres. DC (bar)
    2.07083e+03   -8.89757e+03   -8.89757e+03    2.91815e+02   -1.36979e+02
 Pressure (bar)      dVcoul/dl       dVvdw/dl
   -4.19160e+02    1.85143e+01    4.35999e+00

           Step           Time
           1000        2.00000

             MC-lambda information
  Wang-Landau incrementor is:         0.5
  N  CoulL   VdwL    Count   G(in kT)  dG(in kT)
  1  0.000  0.000       12    0.00000    1.00000   
  2  0.050  0.000       10    1.00000    1.50000   
  3  0.100  0.000        7    2.50000    0.50000   
  4  0.200  0.000        6    3.00000    1.00000   
  5  0.300  0.000        4    4.00000    0.00000   
  6  0.350  0.000        4    4.00000   -0.50000   
  7  0.400  0.000        5    3.50000    0.00000   
  8  0.450  0.000        5    3.50000    0.50000   
  9  0.500  0.000        4    4.00000    1.00000   
 10  0.600  0.000        2    5.00000   -0.50000   
 11  0.700  0.000        3    4.50000    1.00000   
 12  0.850  0.000        1    5.50000   -0.50000   
 13  1.000  0.000        2    5.00000   -0.50000   
 14  1.000  0.200        3    4.50000    0.50000   
 15  1.000  0.400        2    5.00000   -1.50000   
 16  1.000  0.500        5    3.50000   -0.50000   
 17  1.000  0.600        6    3.00000    0.00000 <<
 18  1.000  0.700        6    3.00000   -0.50000   
 19  1.000  0.800        7    2.50000    0.50000   
 20  1.000  1.000        6    3.00000    0.00000   

   Energies (kJ/mol)
           Bond          Angle    Proper Dih.          LJ-14     Coulomb-14
    2.16479e-01    3.41352e+00    2.72967e-01    4.43341e+00   -1.49384e+01
        LJ (SR)  Disper. corr.   Coulomb (SR)   Coul. recip.      Potential
    1.82136e+03   -7.15133e+01   -1.30253e+04    1.15915e+02   -1.11661e+04
    Kinetic En.   Total Energy  Conserved En.    Temperature Pres. DC (bar)
    2.12907e+03   -9.03706e+03   -8.88847e+03    3.00021e+02   -1.34219e+02
 Pressure (bar)      dVcoul/dl       dVvdw/dl
    3.39571e+02    1.74616e+01   -6.16022e+01

           Step           Time
           2000        4.00000

             MC-lambda information
  Wang-Landau incrementor is:         0.5
  N  CoulL   VdwL    Count   G(in kT)  dG(in kT)
  1  0.000  0.000       16    0.00000    0.50000   
  2  0.050  0.000       15    0.50000    0.00000   
  3  0.100  0.000       15    0.50000    1.00000   
  4  0.200  0.000       13    1.50000    1.00000   
  5  0.300  0.000       11    2.50000    0.00000   
  6  0.350  0.000       11    2.50000    0.00000   
  7  0.400  0.000       11    2.50000    0.50000   
  8  0.450  0.000       10    3.00000    0.50000   
  9  0.500  0.000        9    3.50000    0.00000   
 10  0.600  0.000        9    3.50000    1.00000   
 11  0.700  0.000        7    4.50000   -1.00000   
 12  0.850  0.000        9    3.50000    0.00000   
 13  1.000  0.000        9    3.50000    0.50000 <<
 14  1.000  0.200        8    4.00000   -0.50000   
 15  1.000  0.400        9    3.50000    1.00000   
 16  1.000  0.500        7    4.50000    0.00000   
 17  1.000  0.600        7    4.50000   -0.50000   
 18  1.000  0.700        8    4.00000   -0.50000   
 19  1.000  0.800        9    3.50000    1.00000   
 20  1.000  1.000        7    4.50000    0.00000   

   Energies (kJ/mol)
           Bond          Angle    Proper Dih.          LJ-14     Coulomb-14
    1.24876e+00    3.79304e+00    3.71693e-01    3.24315e+00   -1.46843e+01
        LJ (SR)  Disper. corr.   Coulomb (SR)   Coul. recip.      Potential
    1.66952e+03   -7.29839e+01   -1.28791e+04    1.03030e+02   -1.11855e+04
    Kinetic En.   Total Energy  Conserved En.    Temperature Pres. DC (bar)
    2.03315e+03   -9.15240e+03   -8.89338e+03    2.86505e+02   -1.36979e+02
 Pressure (bar)      dVcoul/dl       dVvdw/dl
   -3.54419e+02    7.02805e+00    1.60147e+01

           Step           Time
           3000        6.00000

             MC-lambda information
  Wang-Landau incrementor is:         0.5
  N  CoulL   VdwL    Count   G(in kT)  dG(in kT)
  1  0.000  0.000       22    0.00000    0.50000   
  2  0.050  0.000       21    0.50000    0.00000   
  3  0.100  0.000       21    0.50000    0.50000   
  4  0.200  0.000       20    1.00000    1.50000   
  5  0.300  0.000       17    2.50000    0.00000   
  6  0.350  0.000       17    2.50000    0.00000   
  7  0.400  0.000       17    2.50000   -0.50000 <<
  8  0.450  0.000       18    2.00000    0.50000   
  9  0.500  0.000       17    2.50000    0.50000   
 10  0.600  0.000       16    3.00000    0.00000   
 11  0.700  0.000       16    3.00000    0.00000   
 12  0.850  0.000       16    3.00000    0.50000   
 13  1.000  0.000       15    3.50000    1.50000   
 14  1.000  0.200       12    5.00000    0.00000   
 15  1.000  0.400       12    5.00000    1.50000   
 16  1.000  0.500        9    6.50000   -0.50000   
 17  1.000  0.600       10    6.00000    1.00000   
 18  1.000  0.700        8    7.00000   -0.50000   
 19  1.000  0.800        9    6.50000    1.00000   
 20  1.000  1.000        7    7.50000    0.00000   

   Energies (kJ/mol)
           Bond          Angle    Proper Dih.          LJ-14     Coulomb-14
    2.12845e+00    5.94344e-01    1.44642e+00    3.78484e+00   -1.48070e+01
        LJ (SR)  Disper. corr.   Coulomb (SR)   Coul. recip.      Potential
    1.70489e+03   -7.29839e+01   -1.29990e+04    1.20800e+02   -1.12532e+04
    Kinetic En.   Total Energy  Conserved En.    Temperature Pres. DC (bar)
    2.08272e+03   -9.17046e+03   -8.87217e+03    2.93489e+02   -1.36979e+02
 Pressure (bar)      dVcoul/dl       dVvdw/dl
   -6.04953e+02    9.59482e+00   -5.32361e+00

           Step           Time
           4000        8.00000

             MC-lambda information
  Wang-Landau incrementor is:         0.5
  N  CoulL   VdwL    Count   G(in kT)  dG(in kT)
  1  0.000  0.000       28    0.00000    0.00000   
  2  0.050  0.000       28    0.00000    0.50000   
  3  0.100  0.000       27    0.50000    1.00000   
  4  0.200  0.000       25    1.50000   -0.50000   
  5  0.300  0.000       26    1.00000    1.50000   
  6  0.350  0.000       23    2.50000    0.00000   
  7  0.400  0.000       23    2.50000   -1.00000   
  8  0.450  0.000       25    1.50000    2.00000   
  9  0.500  0.000       21    3.50000   -1.00000   
 10  0.600  0.000       23    2.50000    2.00000   
 11  0.700  0.000       19    4.50000   -0.50000   
 12  0.850  0.000       20    4.00000   -0.50000   
 13  1.000  0.000       21    3.50000    1.50000   
 14  1.000  0.200       18    5.00000    1.00000   
 15  1.000  0.400       16    6.00000    0.50000   
 16  1.000  0.500       15    6.50000    0.50000   
 17  1.000  0.600       14    7.00000    1.50000   
 18  1.000  0.700       11    8.50000    0.50000   
 19  1.000  0.800       10    9.00000    1.50000 <<
 20  1.000  1.000        7   10.50000    0.00000   

   Energies (kJ/mol)
           Bond          Angle    Proper Dih.          LJ-14     Coulomb-14
    8.88502e-01    2.68895e-01    1.84633e-01    5.15593e+00   -1.50691e+01
        LJ (SR)  Disper. corr.   Coulomb (SR)   Coul. recip.      Potential
    1.71452e+03   -7.10231e+01   -1.31604e+04    1.10547e+02   -1.14149e+04
    Kinetic En.   Total Energy  Conserved En.    Temperature Pres. DC (bar)
    2.19725e+03   -9.21765e+03   -8.83103e+03    3.09630e+02   -1.33299e+02
 Pressure (bar)      dVcoul/dl       dVvdw/dl
   -7.96019e+02    5.21323e+00    2.60304e+01


Step 4640: weights are now: 0.00000 0.00000 0.50000 1.50000 1.00000 2.50000 2.50000 1.50000 3.50000 2.50000 4.50000 4.00000 3.50000 4.50000 4.50000 4.00000 3.50000 2.00000 1.00000 1.00000
           Step           Time
           5000       10.00000

             MC-lambda information
  Wang-Landau incrementor is:         0.4
  N  CoulL   VdwL    Count   G(in kT)  dG(in kT)
  1  0.000  0.000        5    0.00000    0.80000   
  2  0.050  0.000        3    0.80000    0.90000   
  3  0.100  0.000        2    1.70000    0.20000   
  4  0.200  0.000        4    1.90000    1.10000   
  5  0.300  0.000        0    3.00000    0.30000   
  6  0.350  0.000        3    3.30000    0.00000   
  7  0.400  0.000        3    3.30000   -0.20000 <<
  8  0.450  0.000        1    3.10000    1.20000   
  9  0.500  0.000        3    4.30000   -0.60000   
 10  0.600  0.000        2    3.70000    1.20000   
 11  0.700  0.000        4    4.90000    0.70000   
 12  0.850  0.000        1    5.60000   -0.50000   
 13  1.000  0.000        1    5.10000    0.20000   
 14  1.000  0.200        3    5.30000    0.80000   
 15  1.000  0.400        1    6.10000   -0.10000   
 16  1.000  0.500        0    6.00000   -0.50000   
 17  1.000  0.600        0    5.50000   -1.50000   
 18  1.000  0.700        0    4.00000   -1.00000   
 19  1.000  0.800        0    3.00000    0.00000   
 20  1.000  1.000        0    3.00000    0.00000   

   Energies (kJ/mol)
           Bond          Angle    Proper Dih.          LJ-14     Coulomb-14
    1.12239e+00    1.75059e+00    3.39190e+00    3.95828e+00   -1.48437e+01
        LJ (SR)  Disper. corr.   Coulomb (SR)   Coul. recip.      Potential
    1.69840e+03   -7.29839e+01   -1.28916e+04    9.94253e+01   -1.11714e+04
    Kinetic En.   Total Energy  Conserved En.    Temperature Pres. DC (bar)
    2.09842e+03   -9.07293e+03   -8.81296e+03    2.95702e+02   -1.36979e+02
 Pressure (bar)      dVcoul/dl       dVvdw/dl
   -1.39899e+02    1.34429e+01    2.46798e+00

           Step           Time
           6000       12.00000

             MC-lambda information
  Wang-Landau incrementor is:         0.4
  N  CoulL   VdwL    Count   G(in kT)  dG(in kT)
  1  0.000  0.000        7    0.00000    0.40000   
  2  0.050  0.000        6    0.40000    0.10000   
  3  0.100  0.000        7    0.50000    0.20000   
  4  0.200  0.000        9    0.70000    1.50000   
  5  0.300  0.000        4    2.20000   -0.50000   
  6  0.350  0.000        9    1.70000    0.40000   
  7  0.400  0.000        8    2.10000   -0.20000   
  8  0.450  0.000        6    1.90000    0.40000   
  9  0.500  0.000       10    2.30000    0.20000   
 10  0.600  0.000        7    2.50000    0.80000   
 11  0.700  0.000       10    3.30000    0.30000   
 12  0.850  0.000        8    3.60000   -0.90000   
 13  1.000  0.000        9    2.70000    1.40000   
 14  1.000  0.200        8    4.10000    0.80000   
 15  1.000  0.400        6    4.90000   -0.10000   
 16  1.000  0.500        5    4.80000   -1.30000   
 17  1.000  0.600        7    3.50000   -0.30000   
 18  1.000  0.700        4    3.20000   -1.00000   
 19  1.000  0.800        4    2.20000    0.80000   
 20  1.000  1.000        2    3.00000    0.00000 <<

   Energies (kJ/mol)
           Bond          Angle    Proper Dih.          LJ-14     Coulomb-14
    1.35246e+00    2.98348e+00    1.88532e+00    3.48640e+00   -1.47411e+01
        LJ (SR)  Disper. corr.   Coulomb (SR)   Coul. recip.      Potential
    1.79030e+03   -7.05328e+01   -1.30579e+04    9.92432e+01   -1.12439e+04
    Kinetic En.   Total Energy  Conserved En.    Temperature Pres. DC (bar)
    2.24212e+03   -9.00176e+03   -8.79490e+03    3.15953e+02   -1.32379e+02
 Pressure (bar)      dVcoul/dl       dVvdw/dl
    9.72606e+01    3.33181e+00    2.11014e+01

           Step           Time
           7000       14.00000

             MC-lambda information
  Wang-Landau incrementor is:         0.4
  N  CoulL   VdwL    Count   G(in kT)  dG(in kT)
  1  0.000  0.000        7    0.00000    0.40000   
  2  0.050  0.000        6    0.40000    0.10000   
  3  0.100  0.000        7    0.50000    0.20000   
  4  0.200  0.000        9    0.70000    1.50000   
  5  0.300  0.000        4    2.20000   -0.50000   
  6  0.350  0.000        9    1.70000    0.40000   
  7  0.400  0.000        8    2.10000   -0.20000   
  8  0.450  0.000        6    1.90000    0.40000   
  9  0.500  0.000       10    2.30000    0.20000   
 10  0.600  0.000        7    2.50000    0.80000   
 11  0.700  0.000       10    3.30000    0.30000   
 12  0.850  0.000        8    3.60000   -0.90000   
 13  1.000  0.000        9    2.70000    1.40000   
 14  1.000  0.200        8    4.10000    0.80000   
 15  1.000  0.400        6    4.90000   -0.10000   
 16  1.000  0.500        5    4.80000   -2.50000   
 17  1.000  0.600       10    2.30000   -8.30000   
 18  1.000  0.700       27   -6.00000   -4.60000 <<
 19  1.000  0.800       36  -10.60000   -3.20000   
 20  1.000  1.000       44  -13.80000    0.00000   

   Energies (kJ/mol)
           Bond          Angle    Proper Dih.          LJ-14     Coulomb-14
    1.46921e+00    9.04206e+00    8.83162e-02    1.31733e+00   -1.40825e+01
        LJ (SR)  Disper. corr.   Coulomb (SR)   Coul. recip.      Potential
    1.61109e+03   -7.12682e+01   -1.27675e+04    1.01396e+02   -1.11284e+04
    Kinetic En.   Total Energy  Conserved En.    Temperature Pres. DC (bar)
    2.02218e+03   -9.10623e+03   -8.78016e+03    2.84958e+02   -1.33759e+02
 Pressure (bar)      dVcoul/dl       dVvdw/dl
   -1.41021e+03    8.42293e+01   -1.49862e+02

           Step           Time
           8000       16.00000

             MC-lambda information
  Wang-Landau incrementor is:         0.4
  N  CoulL   VdwL    Count   G(in kT)  dG(in kT)
  1  0.000  0.000        8    0.00000   -0.40000   
  2  0.050  0.000        9   -0.40000    1.30000   
  3  0.100  0.000        7    0.90000   -0.60000   
  4  0.200  0.000       11    0.30000    1.50000   
  5  0.300  0.000        6    1.80000   -0.10000   
  6  0.350  0.000       10    1.70000    0.00000   
  7  0.400  0.000       10    1.70000    0.60000   
  8  0.450  0.000        6    2.30000   -0.00000   
  9  0.500  0.000       11    2.30000    0.20000   
 10  0.600  0.000        8    2.50000   -0.40000 <<
 11  0.700  0.000       14    2.10000    1.50000   
 12  0.850  0.000        9    3.60000   -1.30000   
 13  1.000  0.000       11    2.30000    0.20000   
 14  1.000  0.200       13    2.50000    0.00000   
 15  1.000  0.400       13    2.50000   -2.90000   
 16  1.000  0.500       19   -0.40000   -5.30000   
 17  1.000  0.600       31   -5.70000   -5.10000   
 18  1.000  0.700       40  -10.80000   -3.80000   
 19  1.000  0.800       47  -14.59999   -2.40000   
 20  1.000  1.000       53  -16.99999    0.00000   

   Energies (kJ/mol)
           Bond          Angle    Proper Dih.          LJ-14     Coulomb-14
    6.24468e-01    1.66064e+00    8.71933e-02    4.93966e+00   -1.50315e+01
        LJ (SR)  Disper. corr.   Coulomb (SR)   Coul. recip.      Potential
    1.65278e+03   -7.29839e+01   -1.28165e+04    1.29236e+02   -1.11151e+04
    Kinetic En.   Total Energy  Conserved En.    Temperature Pres. DC (bar)
    2.15349e+03   -8.96165e+03   -8.72881e+03    3.03463e+02   -1.36979e+02
 Pressure (bar)      dVcoul/dl       dVvdw/dl
   -1.71483e+02    6.53008e+00   -2.06248e+00

           Step           Time
           9000       18.00000

             MC-lambda information
  Wang-Landau incrementor is:         0.4
  N  CoulL   VdwL    Count   G(in kT)  dG(in kT)
  1  0.000  0.000       15    0.00000    0.00000   
  2  0.050  0.000       15    0.00000    0.90000   
  3  0.100  0.000       14    0.90000    0.20000   
  4  0.200  0.000       16    1.10000    0.30000   
  5  0.300  0.000       14    1.40000   -0.10000   
  6  0.350  0.000       18    1.30000    0.00000   
  7  0.400  0.000       18    1.30000    1.00000   
  8  0.450  0.000       13    2.30000   -0.80000 <<
  9  0.500  0.000       20    1.50000   -0.20000   
 10  0.600  0.000       18    1.30000    1.20000   
 11  0.700  0.000       20    2.50000    0.70000   
 12  0.850  0.000       17    3.20000   -0.90000   
 13  1.000  0.000       18    2.30000    1.40000   
 14  1.000  0.200       17    3.70000    1.60000   
 15  1.000  0.400       13    5.30000   -2.90000   
 16  1.000  0.500       19    2.40000   -5.30000   
 17  1.000  0.600       31   -2.90000   -5.10000   
 18  1.000  0.700       40   -8.00000   -3.80000   
 19  1.000  0.800       47  -11.80000   -2.40000   
 20  1.000  1.000       53  -14.20000    0.00000   

   Energies (kJ/mol)
           Bond          Angle    Proper Dih.          LJ-14     Coulomb-14
    2.90918e+00    1.49542e+00    3.94868e-01    2.77751e+00   -1.45668e+01
        LJ (SR)  Disper. corr.   Coulomb (SR)   Coul. recip.      Potential
    1.78849e+03   -7.29839e+01   -1.32694e+04    9.08415e+01   -1.14700e+04
    Kinetic En.   Total Energy  Conserved En.    Temperature Pres. DC (bar)
    2.21544e+03   -9.25455e+03   -8.68977e+03    3.12193e+02   -1.36979e+02
 Pressure (bar)      dVcoul/dl       dVvdw/dl
   -5.54675e+02    9.09901e+00    2.65054e+01

           Step           Time
          10000       20.00000

Writing checkpoint, step 10000 at Wed Mar  9 02:51:32 2022


             MC-lambda information
  Wang-Landau incrementor is:         0.4
  N  CoulL   VdwL    Count   G(in kT)  dG(in kT)
  1  0.000  0.000       21    0.00000    0.40000   
  2  0.050  0.000       20    0.40000    0.90000   
  3  0.100  0.000       19    1.30000    0.60000   
  4  0.200  0.000       20    1.90000   -0.90000   
  5  0.300  0.000       21    1.00000    0.70000   
  6  0.350  0.000       23    1.70000    0.40000   
  7  0.400  0.000       22    2.10000   -0.20000   
  8  0.450  0.000       20    1.90000    1.20000   
  9  0.500  0.000       22    3.10000   -0.60000   
 10  0.600  0.000       21    2.50000   -0.80000   
 11  0.700  0.000       28    1.70000    0.70000   
 12  0.850  0.000       25    2.40000    0.30000   
 13  1.000  0.000       23    2.70000    0.20000 <<
 14  1.000  0.200       25    2.90000   -0.80000   
 15  1.000  0.400       27    2.10000   -0.50000   
 16  1.000  0.500       27    1.60000   -2.50000   
 17  1.000  0.600       32   -0.90000   -4.70000   
 18  1.000  0.700       40   -5.60000   -3.80000   
 19  1.000  0.800       47   -9.40000   -2.40000   
 20  1.000  1.000       53  -11.80000    0.00000   

   Energies (kJ/mol)
           Bond          Angle    Proper Dih.          LJ-14     Coulomb-14
    1.01029e+00    9.39752e-01    4.57184e-01    5.26034e+00   -1.50868e+01
        LJ (SR)  Disper. corr.   Coulomb (SR)   Coul. recip.      Potential
    1.81603e+03   -7.29839e+01   -1.30864e+04    1.05816e+02   -1.12450e+04
    Kinetic En.   Total Energy  Conserved En.    Temperature Pres. DC (bar)
    2.22938e+03   -9.01562e+03   -8.70168e+03    3.14157e+02   -1.36979e+02
 Pressure (bar)      dVcoul/dl       dVvdw/dl
    7.38490e+02   -7.81485e+00    2.54566e+01


Energy conservation over simulation part #1 of length 20 ns, time 0 to 20 ns
  Conserved energy drift: 1.15e-02 kJ/mol/ps per atom


	<======  ###############  ==>
	<====  A V E R A G E S  ====>
	<==  ###############  ======>

	Statistics over 10001 steps using 10001 frames

   Energies (kJ/mol)
           Bond          Angle    Proper Dih.          LJ-14     Coulomb-14
    1.44609e+00    2.82389e+00    5.39642e-01    4.23388e+00   -1.48128e+01
        LJ (SR)  Disper. corr.   Coulomb (SR)   Coul. recip.      Potential
    1.73362e+03   -7.23352e+01   -1.30065e+04    1.11802e+02   -1.12392e+04
    Kinetic En.   Total Energy  Conserved En.    Temperature Pres. DC (bar)
    2.14435e+03   -9.09484e+03   -8.81120e+03    3.02175e+02   -1.35761e+02
 Pressure (bar)      dVcoul/dl       dVvdw/dl
   -1.82129e+02    5.66934e+00   -9.83129e+00

   Total Virial (kJ/mol)
    7.71772e+02   -1.47030e+01   -1.21950e-01
   -1.47374e+01    7.50528e+02   -9.02472e+00
   -1.32141e-01   -9.02471e+00    7.67454e+02

   Pressure (bar)
   -2.33563e+02    4.08266e+01   -2.53295e+00
    4.09558e+01   -1.33792e+02    4.88438e+01
   -2.49465e+00    4.88438e+01   -1.79032e+02


	M E G A - F L O P S   A C C O U N T I N G

 NB=Group-cutoff nonbonded kernels    NxN=N-by-N cluster Verlet kernels
 RF=Reaction-Field  VdW=Van der Waals  QSTab=quadratic-spline table
 W3=SPC/TIP3p  W4=TIP4p (single or pairs)
 V&F=Potential and force  V=Potential only  F=Force only

 Computing:                               M-Number         M-Flops  % Flops
-----------------------------------------------------------------------------
 NB Free energy kernel                16120.088856       16120.089     3.2
 Pair Search distance check              72.773056         654.958     0.1
 NxN Ewald Elec. + LJ [V&F]            2009.889632      255255.983    50.1
 NxN Ewald Elec. [V&F]                 1944.529632      163340.489    32.1
 1,4 nonbonded interactions               0.010001           0.900     0.0
 Calc Weights                            25.592559         921.332     0.2
 Spread Q Bspline                      1091.949184        2183.898     0.4
 Gather F Bspline                      1091.949184        6551.695     1.3
 3D-FFT                                7606.640588       60853.125    11.9
 Solve PME                               11.521152         737.354     0.1
 Shift-X                                  0.214103           1.285     0.0
 Bonds                                    0.030003           1.770     0.0
 Angles                                   0.020002           3.360     0.0
 Propers                                  0.010001           2.290     0.0
 Virial                                   8.980898         161.656     0.0
 Stop-CM                                  8.531706          85.317     0.0
 Calc-Ekin                                8.530853         230.333     0.0
 Constraint-V                             8.490849          76.418     0.0
 Constraint-Vir                           8.490849         203.780     0.0
 Settle                                   5.661132        2094.619     0.4
-----------------------------------------------------------------------------
 Total                                                  509480.651   100.0
-----------------------------------------------------------------------------


     R E A L   C Y C L E   A N D   T I M E   A C C O U N T I N G

On 1 MPI rank, each using 16 OpenMP threads

 Computing:          Num   Num      Call    Wall time         Giga-Cycles
                     Ranks Threads  Count      (s)         total sum    %
-----------------------------------------------------------------------------
 Neighbor search        1   16        251       0.803         26.933   0.7
 Force                  1   16      10001      34.207       1146.641  28.5
 PME mesh               1   16      10001      50.592       1695.889  42.1
 NB X/F buffer ops.     1   16      19751      10.512        352.379   8.8
 Write traj.            1   16         11       0.049          1.638   0.0
 Update                 1   16      40004       7.269        243.680   6.1
 Constraints            1   16      20004       3.747        125.617   3.1
 Rest                                          12.868        431.343  10.7
-----------------------------------------------------------------------------
 Total                                        120.048       4024.121 100.0
-----------------------------------------------------------------------------
 Breakdown of PME mesh computation
-----------------------------------------------------------------------------
 PME spread             1   16      20002      12.834        430.207  10.7
 PME gather             1   16      20002      17.563        588.745  14.6
 PME 3D-FFT             1   16      40004      19.774        662.856  16.5
 PME solve Elec         1   16      20002       0.363         12.180   0.3
-----------------------------------------------------------------------------

               Core t (s)   Wall t (s)        (%)
       Time:     1920.765      120.048     1600.0
                 (ns/day)    (hour/ns)
Performance:       14.396        1.667
Finished mdrun on rank 0 Wed Mar  9 02:51:33 2022

