                 :-) GROMACS - GROMACS, 2021.4-plumed-2.7.3 (-:

                            GROMACS is written by:
     Andrey Alekseenko              Emile Apol              Rossen Apostolov     
         Paul Bauer           Herman J.C. Berendsen           Par Bjelkmar       
       Christian Blau           Viacheslav Bolnykh             Kevin Boyd        
     Aldert van Buuren           Rudi van Drunen             Anton Feenstra      
    Gilles Gouaillardet             Alan Gray               Gerrit Groenhof      
       Anca Hamuraru            Vincent Hindriksen          M. Eric Irrgang      
      Aleksei Iupinov           Christoph Junghans             Joe Jordan        
    Dimitrios Karkoulis            Peter Kasson                Jiri Kraus        
      Carsten Kutzner              Per Larsson              Justin A. Lemkul     
       Viveca Lindahl            Magnus Lundborg             Erik Marklund       
        Pascal Merz             Pieter Meulenhoff            Teemu Murtola       
        Szilard Pall               Sander Pronk              Roland Schulz       
       Michael Shirts            Alexey Shvetsov             Alfons Sijbers      
       Peter Tieleman              Jon Vincent              Teemu Virolainen     
     Christian Wennberg            Maarten Wolf              Artem Zhmurov       
                           and the project leaders:
        Mark Abraham, Berk Hess, Erik Lindahl, and David van der Spoel

Copyright (c) 1991-2000, University of Groningen, The Netherlands.
Copyright (c) 2001-2019, The GROMACS development team at
Uppsala University, Stockholm University and
the Royal Institute of Technology, Sweden.
check out http://www.gromacs.org for more information.

GROMACS is free software; you can redistribute it and/or modify it
under the terms of the GNU Lesser General Public License
as published by the Free Software Foundation; either version 2.1
of the License, or (at your option) any later version.

GROMACS:      GROMACS, version 2021.4-plumed-2.7.3
Working dir:  /home/wei-tse/Documents/gmxapi_practice/EE/mdrun_0_i0_0
Process ID:   3457

GROMACS version:    2021.4-plumed-2.7.3
Precision:          mixed
Memory model:       64 bit
MPI library:        thread_mpi
OpenMP support:     enabled (GMX_OPENMP_MAX_THREADS = 64)
GPU support:        disabled
SIMD instructions:  AVX2_256
FFT library:        fftw-3.3.8-sse2-avx-avx2-avx2_128
RDTSCP usage:       enabled
TNG support:        enabled
Hwloc support:      disabled
Tracing support:    disabled
C compiler:         /usr/bin/cc GNU 7.5.0
C compiler flags:   -mavx2 -mfma -Wno-missing-field-initializers -fexcess-precision=fast -funroll-all-loops -O3 -DNDEBUG
C++ compiler:       /usr/bin/c++ GNU 7.5.0
C++ compiler flags: -mavx2 -mfma -Wno-missing-field-initializers -fexcess-precision=fast -funroll-all-loops -fopenmp -O3 -DNDEBUG


Running on 1 node with total 8 cores, 16 logical cores
Hardware detected:
  CPU info:
    Vendor: Intel
    Brand:  Intel(R) Xeon(R) Silver 4110 CPU @ 2.10GHz
    Family: 6   Model: 85   Stepping: 4
    Features: aes apic avx avx2 avx512f avx512cd avx512bw avx512vl clfsh cmov cx8 cx16 f16c fma hle htt intel lahf mmx msr nonstop_tsc pcid pclmuldq pdcm pdpe1gb popcnt pse rdrnd rdtscp rtm sse2 sse3 sse4.1 sse4.2 ssse3 tdt x2apic
    Number of AVX-512 FMA units: 1 (AVX2 is faster w/o 2 AVX-512 FMA units)
  Hardware topology: Basic
    Sockets, cores, and logical processors:
      Socket  0: [   0   8] [   1   9] [   2  10] [   3  11] [   4  12] [   5  13] [   6  14] [   7  15]


++++ PLEASE READ AND CITE THE FOLLOWING REFERENCE ++++
M. J. Abraham, T. Murtola, R. Schulz, S. Páll, J. C. Smith, B. Hess, E.
Lindahl
GROMACS: High performance molecular simulations through multi-level
parallelism from laptops to supercomputers
SoftwareX 1 (2015) pp. 19-25
-------- -------- --- Thank You --- -------- --------


++++ PLEASE READ AND CITE THE FOLLOWING REFERENCE ++++
S. Páll, M. J. Abraham, C. Kutzner, B. Hess, E. Lindahl
Tackling Exascale Software Challenges in Molecular Dynamics Simulations with
GROMACS
In S. Markidis & E. Laure (Eds.), Solving Software Challenges for Exascale 8759 (2015) pp. 3-27
-------- -------- --- Thank You --- -------- --------


++++ PLEASE READ AND CITE THE FOLLOWING REFERENCE ++++
S. Pronk, S. Páll, R. Schulz, P. Larsson, P. Bjelkmar, R. Apostolov, M. R.
Shirts, J. C. Smith, P. M. Kasson, D. van der Spoel, B. Hess, and E. Lindahl
GROMACS 4.5: a high-throughput and highly parallel open source molecular
simulation toolkit
Bioinformatics 29 (2013) pp. 845-54
-------- -------- --- Thank You --- -------- --------


++++ PLEASE READ AND CITE THE FOLLOWING REFERENCE ++++
B. Hess and C. Kutzner and D. van der Spoel and E. Lindahl
GROMACS 4: Algorithms for highly efficient, load-balanced, and scalable
molecular simulation
J. Chem. Theory Comput. 4 (2008) pp. 435-447
-------- -------- --- Thank You --- -------- --------


++++ PLEASE READ AND CITE THE FOLLOWING REFERENCE ++++
D. van der Spoel, E. Lindahl, B. Hess, G. Groenhof, A. E. Mark and H. J. C.
Berendsen
GROMACS: Fast, Flexible and Free
J. Comp. Chem. 26 (2005) pp. 1701-1719
-------- -------- --- Thank You --- -------- --------


++++ PLEASE READ AND CITE THE FOLLOWING REFERENCE ++++
E. Lindahl and B. Hess and D. van der Spoel
GROMACS 3.0: A package for molecular simulation and trajectory analysis
J. Mol. Mod. 7 (2001) pp. 306-317
-------- -------- --- Thank You --- -------- --------


++++ PLEASE READ AND CITE THE FOLLOWING REFERENCE ++++
H. J. C. Berendsen, D. van der Spoel and R. van Drunen
GROMACS: A message-passing parallel molecular dynamics implementation
Comp. Phys. Comm. 91 (1995) pp. 43-56
-------- -------- --- Thank You --- -------- --------

Input Parameters:
   integrator                     = md-vv
   tinit                          = 0
   dt                             = 0.002
   nsteps                         = 10000
   init-step                      = 0
   simulation-part                = 1
   mts                            = false
   comm-mode                      = Linear
   nstcomm                        = 1
   bd-fric                        = 0
   ld-seed                        = -1178703121
   emtol                          = 10
   emstep                         = 0.01
   niter                          = 20
   fcstep                         = 0
   nstcgsteep                     = 1000
   nbfgscorr                      = 10
   rtpi                           = 0.05
   nstxout                        = 0
   nstvout                        = 0
   nstfout                        = 0
   nstlog                         = 1000
   nstcalcenergy                  = 1
   nstenergy                      = 1000
   nstxout-compressed             = 1000
   compressed-x-precision         = 1000
   cutoff-scheme                  = Verlet
   nstlist                        = 10
   pbc                            = xyz
   periodic-molecules             = false
   verlet-buffer-tolerance        = 0.005
   rlist                          = 0.9
   coulombtype                    = PME
   coulomb-modifier               = Potential-shift
   rcoulomb-switch                = 0.89
   rcoulomb                       = 0.9
   epsilon-r                      = 1
   epsilon-rf                     = inf
   vdw-type                       = Cut-off
   vdw-modifier                   = Potential-switch
   rvdw-switch                    = 0.85
   rvdw                           = 0.9
   DispCorr                       = AllEnerPres
   table-extension                = 1
   fourierspacing                 = 0.1
   fourier-nx                     = 24
   fourier-ny                     = 24
   fourier-nz                     = 24
   pme-order                      = 4
   ewald-rtol                     = 1e-05
   ewald-rtol-lj                  = 0.001
   lj-pme-comb-rule               = Geometric
   ewald-geometry                 = 0
   epsilon-surface                = 0
   tcoupl                         = V-rescale
   nsttcouple                     = 1
   nh-chain-length                = 0
   print-nose-hoover-chain-variables = false
   pcoupl                         = No
   pcoupltype                     = Isotropic
   nstpcouple                     = -1
   tau-p                          = 1
   compressibility (3x3):
      compressibility[    0]={ 0.00000e+00,  0.00000e+00,  0.00000e+00}
      compressibility[    1]={ 0.00000e+00,  0.00000e+00,  0.00000e+00}
      compressibility[    2]={ 0.00000e+00,  0.00000e+00,  0.00000e+00}
   ref-p (3x3):
      ref-p[    0]={ 0.00000e+00,  0.00000e+00,  0.00000e+00}
      ref-p[    1]={ 0.00000e+00,  0.00000e+00,  0.00000e+00}
      ref-p[    2]={ 0.00000e+00,  0.00000e+00,  0.00000e+00}
   refcoord-scaling               = No
   posres-com (3):
      posres-com[0]= 0.00000e+00
      posres-com[1]= 0.00000e+00
      posres-com[2]= 0.00000e+00
   posres-comB (3):
      posres-comB[0]= 0.00000e+00
      posres-comB[1]= 0.00000e+00
      posres-comB[2]= 0.00000e+00
   QMMM                           = false
qm-opts:
   ngQM                           = 0
   constraint-algorithm           = Lincs
   continuation                   = false
   Shake-SOR                      = false
   shake-tol                      = 0.0001
   lincs-order                    = 12
   lincs-iter                     = 2
   lincs-warnangle                = 30
   nwall                          = 0
   wall-type                      = 9-3
   wall-r-linpot                  = -1
   wall-atomtype[0]               = -1
   wall-atomtype[1]               = -1
   wall-density[0]                = 0
   wall-density[1]                = 0
   wall-ewald-zfac                = 3
   pull                           = false
   awh                            = false
   rotation                       = false
   interactiveMD                  = false
   disre                          = No
   disre-weighting                = Conservative
   disre-mixed                    = false
   dr-fc                          = 1000
   dr-tau                         = 0
   nstdisreout                    = 100
   orire-fc                       = 0
   orire-tau                      = 0
   nstorireout                    = 100
   free-energy                    = expanded
   init-lambda                    = -1
   init-lambda-state              = 0
   delta-lambda                   = 0
   nstdhdl                        = 1000
   n-lambdas                      = 20
   separate-dvdl:
       fep-lambdas =   FALSE
      mass-lambdas =   FALSE
      coul-lambdas =   TRUE
       vdw-lambdas =   TRUE
    bonded-lambdas =   FALSE
 restraint-lambdas =   FALSE
temperature-lambdas =   FALSE
all-lambdas:
       fep-lambdas =            0           0           0           0           0           0           0           0           0           0           0           0           0           0           0           0           0           0           0           0
      mass-lambdas =            0           0           0           0           0           0           0           0           0           0           0           0           0           0           0           0           0           0           0           0
      coul-lambdas =            0        0.05         0.1         0.2         0.3        0.35         0.4        0.45         0.5         0.6         0.7        0.85           1           1           1           1           1           1           1           1
       vdw-lambdas =            0           0           0           0           0           0           0           0           0           0           0           0           0         0.2         0.4         0.5         0.6         0.7         0.8           1
    bonded-lambdas =            0           0           0           0           0           0           0           0           0           0           0           0           0           0           0           0           0           0           0           0
 restraint-lambdas =            0           0           0           0           0           0           0           0           0           0           0           0           0           0           0           0           0           0           0           0
temperature-lambdas =            0           0           0           0           0           0           0           0           0           0           0           0           0           0           0           0           0           0           0           0
   calc-lambda-neighbors          = -1
   dhdl-print-energy              = total
   sc-alpha                       = 0.5
   sc-power                       = 1
   sc-r-power                     = 6
   sc-sigma                       = 0.3
   sc-sigma-min                   = 0.3
   sc-coul                        = false
   dh-hist-size                   = 0
   dh-hist-spacing                = 0.1
   separate-dhdl-file             = yes
   dhdl-derivatives               = yes
   nstexpanded                    = 10
   lmc-stats                      = wang-landau
   lmc-move                       = metropolized-gibbs
   lmc-weights-equil              = wl-delta
   weight-equil-wl-delta          = 0.001
   lmc-seed                       = 1000
   mc-temperature                 = 298
   lmc-repeats                    = 1
   lmc-gibbsdelta                 = -1
   lmc-forced-nstart              = 0
   symmetrized-transition-matrix  = true
   nst-transition-matrix          = 100000
   mininum-var-min                = 100
   weight-c-range                 = 0
   wl-scale                       = 0.8
   wl-ratio                       = 0.8
   init-wl-delta                  = 0.5
   wl-oneovert                    = false
      init-lambda-weights (20):
      init-lambda-weights[0]= 0.00000e+00
      init-lambda-weights[1]= 0.00000e+00
      init-lambda-weights[2]= 0.00000e+00
      init-lambda-weights[3]= 0.00000e+00
      init-lambda-weights[4]= 0.00000e+00
      init-lambda-weights[5]= 0.00000e+00
      init-lambda-weights[6]= 0.00000e+00
      init-lambda-weights[7]= 0.00000e+00
      init-lambda-weights[8]= 0.00000e+00
      init-lambda-weights[9]= 0.00000e+00
      init-lambda-weights[10]= 0.00000e+00
      init-lambda-weights[11]= 0.00000e+00
      init-lambda-weights[12]= 0.00000e+00
      init-lambda-weights[13]= 0.00000e+00
      init-lambda-weights[14]= 0.00000e+00
      init-lambda-weights[15]= 0.00000e+00
      init-lambda-weights[16]= 0.00000e+00
      init-lambda-weights[17]= 0.00000e+00
      init-lambda-weights[18]= 0.00000e+00
      init-lambda-weights[19]= 0.00000e+00
   init-weights                   = false
   cos-acceleration               = 0
   deform (3x3):
      deform[    0]={ 0.00000e+00,  0.00000e+00,  0.00000e+00}
      deform[    1]={ 0.00000e+00,  0.00000e+00,  0.00000e+00}
      deform[    2]={ 0.00000e+00,  0.00000e+00,  0.00000e+00}
   simulated-tempering            = false
   swapcoords                     = no
   userint1                       = 0
   userint2                       = 0
   userint3                       = 0
   userint4                       = 0
   userreal1                      = 0
   userreal2                      = 0
   userreal3                      = 0
   userreal4                      = 0
   applied-forces:
     electric-field:
       x:
         E0                       = 0
         omega                    = 0
         t0                       = 0
         sigma                    = 0
       y:
         E0                       = 0
         omega                    = 0
         t0                       = 0
         sigma                    = 0
       z:
         E0                       = 0
         omega                    = 0
         t0                       = 0
         sigma                    = 0
     density-guided-simulation:
       active                     = false
       group                      = protein
       similarity-measure         = inner-product
       atom-spreading-weight      = unity
       force-constant             = 1e+09
       gaussian-transform-spreading-width = 0.2
       gaussian-transform-spreading-range-in-multiples-of-width = 4
       reference-density-filename = reference.mrc
       nst                        = 1
       normalize-densities        = true
       adaptive-force-scaling     = false
       adaptive-force-scaling-time-constant = 4
       shift-vector               = 
       transformation-matrix      = 
grpopts:
   nrdf:        1707
   ref-t:         298
   tau-t:         0.5
annealing:          No
annealing-npoints:           0
   acc:	           0           0           0
   nfreeze:           N           N           N
   energygrp-flags[  0]: 0

Changing nstlist from 10 to 40, rlist from 0.9 to 0.998

Using 1 MPI thread
Using 16 OpenMP threads 

Pinning threads with an auto-selected logical core stride of 1
System total charge, top. A: 0.000 top. B: 0.000
Will do PME sum in reciprocal space for electrostatic interactions.

++++ PLEASE READ AND CITE THE FOLLOWING REFERENCE ++++
U. Essmann, L. Perera, M. L. Berkowitz, T. Darden, H. Lee and L. G. Pedersen 
A smooth particle mesh Ewald method
J. Chem. Phys. 103 (1995) pp. 8577-8592
-------- -------- --- Thank You --- -------- --------

Using a Gaussian width (1/beta) of 0.288146 nm for Ewald
Potential shift: LJ r^-12: 0.000e+00 r^-6: 0.000e+00, Ewald -1.111e-05
Initialized non-bonded Ewald tables, spacing: 8.85e-04 size: 2259

Generated table with 998 data points for 1-4 COUL.
Tabscale = 500 points/nm
Generated table with 998 data points for 1-4 LJ6.
Tabscale = 500 points/nm
Generated table with 998 data points for 1-4 LJ12.
Tabscale = 500 points/nm
Long Range LJ corr.: <C6> 2.8357e-04 <C12> 2.8091e-07


Using SIMD 4x8 nonbonded short-range kernels

Using a dual 4x8 pair-list setup updated with dynamic pruning:
  outer list: updated every 40 steps, buffer 0.098 nm, rlist 0.998 nm
  inner list: updated every 11 steps, buffer 0.002 nm, rlist 0.902 nm
At tolerance 0.005 kJ/mol/ps per atom, equivalent classical 1x1 list would be:
  outer list: updated every 40 steps, buffer 0.209 nm, rlist 1.109 nm
  inner list: updated every 11 steps, buffer 0.042 nm, rlist 0.942 nm
There are 4 atoms and 2 charges for free energy perturbation
Removing pbc first time

++++ PLEASE READ AND CITE THE FOLLOWING REFERENCE ++++
S. Miyamoto and P. A. Kollman
SETTLE: An Analytical Version of the SHAKE and RATTLE Algorithms for Rigid
Water Models
J. Comp. Chem. 13 (1992) pp. 952-962
-------- -------- --- Thank You --- -------- --------

Initial vector of lambda components:[     0.0000     0.0000     0.0000     0.0000     0.0000     0.0000     0.0000 ]

++++ PLEASE READ AND CITE THE FOLLOWING REFERENCE ++++
G. Bussi, D. Donadio and M. Parrinello
Canonical sampling through velocity rescaling
J. Chem. Phys. 126 (2007) pp. 014101
-------- -------- --- Thank You --- -------- --------

There are: 853 Atoms

Constraining the starting coordinates (step 0)
Center of mass motion removal mode is Linear
We have the following groups for center of mass motion removal:
  0:  rest
RMS relative constraint deviation after constraining: 0.00e+00
Initial temperature: 292.813 K

Started mdrun on rank 0 Tue Mar  8 02:09:52 2022

           Step           Time
              0        0.00000

   Energies (kJ/mol)
           Bond          Angle    Proper Dih.          LJ-14     Coulomb-14
    4.18663e+00    3.71029e+00    7.45929e-01    2.27638e+00   -1.44244e+01
        LJ (SR)  Disper. corr.   Coulomb (SR)   Coul. recip.      Potential
    1.51330e+03   -7.31893e+01   -1.25483e+04    1.36946e+02   -1.09748e+04
    Kinetic En.   Total Energy  Conserved En.    Temperature Pres. DC (bar)
    2.07791e+03   -8.89684e+03   -8.89684e+03    2.92813e+02   -1.37751e+02
 Pressure (bar)      dVcoul/dl       dVvdw/dl
   -7.39424e+02    2.12003e+01    7.78889e+00

           Step           Time
           1000        2.00000

             MC-lambda information
  Wang-Landau incrementor is:         0.5
  N  CoulL   VdwL    Count   G(in kT)  dG(in kT)
  1  0.000  0.000       13    0.00000    1.50000   
  2  0.050  0.000       10    1.50000    0.50000 <<
  3  0.100  0.000        9    2.00000    0.00000   
  4  0.200  0.000        9    2.00000    0.00000   
  5  0.300  0.000        9    2.00000    0.50000   
  6  0.350  0.000        8    2.50000    0.50000   
  7  0.400  0.000        7    3.00000   -0.50000   
  8  0.450  0.000        8    2.50000    1.50000   
  9  0.500  0.000        5    4.00000   -0.50000   
 10  0.600  0.000        6    3.50000    1.50000   
 11  0.700  0.000        3    5.00000   -1.00000   
 12  0.850  0.000        5    4.00000    1.00000   
 13  1.000  0.000        3    5.00000    0.00000   
 14  1.000  0.200        3    5.00000    1.00000   
 15  1.000  0.400        1    6.00000    0.00000   
 16  1.000  0.500        1    6.00000    0.50000   
 17  1.000  0.600        0    6.50000    0.00000   
 18  1.000  0.700        0    6.50000    0.00000   
 19  1.000  0.800        0    6.50000    0.00000   
 20  1.000  1.000        0    6.50000    0.00000   

   Energies (kJ/mol)
           Bond          Angle    Proper Dih.          LJ-14     Coulomb-14
    1.23173e+00    4.42078e+00    9.60889e-01    2.66072e+00   -1.45353e+01
        LJ (SR)  Disper. corr.   Coulomb (SR)   Coul. recip.      Potential
    1.76465e+03   -7.31893e+01   -1.31305e+04    1.05658e+02   -1.13386e+04
    Kinetic En.   Total Energy  Conserved En.    Temperature Pres. DC (bar)
    2.01583e+03   -9.32280e+03   -8.89725e+03    2.84064e+02   -1.37751e+02
 Pressure (bar)      dVcoul/dl       dVvdw/dl
   -6.91923e+01    1.61496e+01    2.23744e+01

           Step           Time
           2000        4.00000

             MC-lambda information
  Wang-Landau incrementor is:         0.5
  N  CoulL   VdwL    Count   G(in kT)  dG(in kT)
  1  0.000  0.000       18    0.00000    0.00000   
  2  0.050  0.000       18    0.00000    0.50000   
  3  0.100  0.000       17    0.50000    0.50000   
  4  0.200  0.000       16    1.00000    1.00000   
  5  0.300  0.000       14    2.00000    0.00000   
  6  0.350  0.000       14    2.00000   -0.50000   
  7  0.400  0.000       15    1.50000    1.00000   
  8  0.450  0.000       13    2.50000    0.50000   
  9  0.500  0.000       12    3.00000   -0.50000   
 10  0.600  0.000       13    2.50000    0.50000   
 11  0.700  0.000       12    3.00000    0.00000   
 12  0.850  0.000       12    3.00000    1.00000 <<
 13  1.000  0.000       10    4.00000    1.50000   
 14  1.000  0.200        7    5.50000    1.50000   
 15  1.000  0.400        4    7.00000    0.50000   
 16  1.000  0.500        3    7.50000    0.50000   
 17  1.000  0.600        2    8.00000    1.00000   
 18  1.000  0.700        0    9.00000    0.00000   
 19  1.000  0.800        0    9.00000    0.00000   
 20  1.000  1.000        0    9.00000    0.00000   

   Energies (kJ/mol)
           Bond          Angle    Proper Dih.          LJ-14     Coulomb-14
    3.43027e+00    5.84479e+00    5.52256e+00    1.10276e+00   -1.39871e+01
        LJ (SR)  Disper. corr.   Coulomb (SR)   Coul. recip.      Potential
    1.74308e+03   -7.31893e+01   -1.31460e+04    1.05723e+02   -1.13685e+04
    Kinetic En.   Total Energy  Conserved En.    Temperature Pres. DC (bar)
    2.00849e+03   -9.35997e+03   -8.89097e+03    2.83030e+02   -1.37751e+02
 Pressure (bar)      dVcoul/dl       dVvdw/dl
   -7.27338e+02   -1.70258e+00   -1.81960e+01

           Step           Time
           3000        6.00000

             MC-lambda information
  Wang-Landau incrementor is:         0.5
  N  CoulL   VdwL    Count   G(in kT)  dG(in kT)
  1  0.000  0.000       23    0.00000    0.00000   
  2  0.050  0.000       23    0.00000    0.50000 <<
  3  0.100  0.000       22    0.50000    1.50000   
  4  0.200  0.000       19    2.00000   -0.50000   
  5  0.300  0.000       20    1.50000    1.00000   
  6  0.350  0.000       18    2.50000   -0.50000   
  7  0.400  0.000       19    2.00000    0.50000   
  8  0.450  0.000       18    2.50000    0.00000   
  9  0.500  0.000       18    2.50000    0.50000   
 10  0.600  0.000       17    3.00000    0.00000   
 11  0.700  0.000       17    3.00000    0.00000   
 12  0.850  0.000       17    3.00000    0.50000   
 13  1.000  0.000       16    3.50000    1.00000   
 14  1.000  0.200       14    4.50000    2.00000   
 15  1.000  0.400       10    6.50000    0.50000   
 16  1.000  0.500        9    7.00000    0.50000   
 17  1.000  0.600        8    7.50000    0.50000   
 18  1.000  0.700        7    8.00000    1.50000   
 19  1.000  0.800        4    9.50000    1.50000   
 20  1.000  1.000        1   11.00000    0.00000   

   Energies (kJ/mol)
           Bond          Angle    Proper Dih.          LJ-14     Coulomb-14
    3.67216e+00    4.16850e+00    3.89968e+00    1.87663e+00   -1.42953e+01
        LJ (SR)  Disper. corr.   Coulomb (SR)   Coul. recip.      Potential
    1.72480e+03   -7.31893e+01   -1.30240e+04    1.09130e+02   -1.12639e+04
    Kinetic En.   Total Energy  Conserved En.    Temperature Pres. DC (bar)
    2.21068e+03   -9.05325e+03   -8.88219e+03    3.11522e+02   -1.37751e+02
 Pressure (bar)      dVcoul/dl       dVvdw/dl
   -4.32820e+02    1.67396e+01   -2.34477e+01

           Step           Time
           4000        8.00000

             MC-lambda information
  Wang-Landau incrementor is:         0.5
  N  CoulL   VdwL    Count   G(in kT)  dG(in kT)
  1  0.000  0.000       26    0.00000    0.00000   
  2  0.050  0.000       26    0.00000    1.00000   
  3  0.100  0.000       24    1.00000    1.00000   
  4  0.200  0.000       22    2.00000    0.00000   
  5  0.300  0.000       22    2.00000    1.50000   
  6  0.350  0.000       19    3.50000   -0.50000   
  7  0.400  0.000       20    3.00000   -0.50000   
  8  0.450  0.000       21    2.50000    0.50000   
  9  0.500  0.000       20    3.00000    1.00000   
 10  0.600  0.000       18    4.00000   -0.50000   
 11  0.700  0.000       19    3.50000    0.50000   
 12  0.850  0.000       18    4.00000    0.50000   
 13  1.000  0.000       17    4.50000    1.00000   
 14  1.000  0.200       15    5.50000    2.00000   
 15  1.000  0.400       11    7.50000    0.50000   
 16  1.000  0.500       10    8.00000   -0.50000   
 17  1.000  0.600       11    7.50000   -5.00000   
 18  1.000  0.700       21    2.50000   -3.50000   
 19  1.000  0.800       28   -1.00000   -2.00000   
 20  1.000  1.000       32   -3.00000    0.00000 <<

   Energies (kJ/mol)
           Bond          Angle    Proper Dih.          LJ-14     Coulomb-14
    1.24111e+00    1.95026e-01    2.80062e+00    6.09163e+00   -1.52193e+01
        LJ (SR)  Disper. corr.   Coulomb (SR)   Coul. recip.      Potential
    1.64442e+03   -7.07313e+01   -1.29977e+04    1.06561e+02   -1.13224e+04
    Kinetic En.   Total Energy  Conserved En.    Temperature Pres. DC (bar)
    2.10959e+03   -9.21279e+03   -8.86449e+03    2.97276e+02   -1.33125e+02
 Pressure (bar)      dVcoul/dl       dVvdw/dl
   -1.02930e+03    3.75558e+01    2.30247e+00

           Step           Time
           5000       10.00000

             MC-lambda information
  Wang-Landau incrementor is:         0.5
  N  CoulL   VdwL    Count   G(in kT)  dG(in kT)
  1  0.000  0.000       31    0.00000    1.50000   
  2  0.050  0.000       28    1.50000   -1.00000   
  3  0.100  0.000       30    0.50000    2.00000 <<
  4  0.200  0.000       26    2.50000    1.00000   
  5  0.300  0.000       24    3.50000    0.50000   
  6  0.350  0.000       23    4.00000   -0.50000   
  7  0.400  0.000       24    3.50000    1.00000   
  8  0.450  0.000       22    4.50000    0.00000   
  9  0.500  0.000       22    4.50000    0.00000   
 10  0.600  0.000       22    4.50000    0.50000   
 11  0.700  0.000       21    5.00000    1.00000   
 12  0.850  0.000       19    6.00000    0.00000   
 13  1.000  0.000       19    6.00000    1.00000   
 14  1.000  0.200       17    7.00000   -1.50000   
 15  1.000  0.400       20    5.50000   -1.50000   
 16  1.000  0.500       23    4.00000   -2.00000   
 17  1.000  0.600       27    2.00000   -1.00000   
 18  1.000  0.700       29    1.00000   -3.00000   
 19  1.000  0.800       35   -2.00000   -1.50000   
 20  1.000  1.000       38   -3.50000    0.00000   

   Energies (kJ/mol)
           Bond          Angle    Proper Dih.          LJ-14     Coulomb-14
    1.62498e+00    2.41583e+00    3.04484e-02    2.66036e+00   -1.45352e+01
        LJ (SR)  Disper. corr.   Coulomb (SR)   Coul. recip.      Potential
    1.58247e+03   -7.31893e+01   -1.28642e+04    1.13596e+02   -1.12491e+04
    Kinetic En.   Total Energy  Conserved En.    Temperature Pres. DC (bar)
    2.08514e+03   -9.16396e+03   -8.81168e+03    2.93832e+02   -1.37751e+02
 Pressure (bar)      dVcoul/dl       dVvdw/dl
   -1.13212e+03    1.58562e+01    2.64016e+01

           Step           Time
           6000       12.00000

             MC-lambda information
  Wang-Landau incrementor is:         0.5
  N  CoulL   VdwL    Count   G(in kT)  dG(in kT)
  1  0.000  0.000       33    0.00000   -0.50000   
  2  0.050  0.000       34   -0.50000    0.50000   
  3  0.100  0.000       33    0.00000    0.00000   
  4  0.200  0.000       33    0.00000    0.00000   
  5  0.300  0.000       33    0.00000    1.50000   
  6  0.350  0.000       30    1.50000    0.50000   
  7  0.400  0.000       29    2.00000   -1.00000   
  8  0.450  0.000       31    1.00000    1.00000 <<
  9  0.500  0.000       29    2.00000    0.50000   
 10  0.600  0.000       28    2.50000    0.50000   
 11  0.700  0.000       27    3.00000    0.00000   
 12  0.850  0.000       27    3.00000    0.50000   
 13  1.000  0.000       26    3.50000    0.00000   
 14  1.000  0.200       26    3.50000   -0.50000   
 15  1.000  0.400       27    3.00000    1.00000   
 16  1.000  0.500       25    4.00000   -1.00000   
 17  1.000  0.600       27    3.00000   -1.00000   
 18  1.000  0.700       29    2.00000   -3.00000   
 19  1.000  0.800       35   -1.00000   -1.50000   
 20  1.000  1.000       38   -2.50000    0.00000   

   Energies (kJ/mol)
           Bond          Angle    Proper Dih.          LJ-14     Coulomb-14
    2.56879e+00    1.63719e+00    6.14229e-01    7.53685e+00   -1.54198e+01
        LJ (SR)  Disper. corr.   Coulomb (SR)   Coul. recip.      Potential
    1.67330e+03   -7.31893e+01   -1.29708e+04    1.16779e+02   -1.12569e+04
    Kinetic En.   Total Energy  Conserved En.    Temperature Pres. DC (bar)
    2.10663e+03   -9.15030e+03   -8.77304e+03    2.96859e+02   -1.37751e+02
 Pressure (bar)      dVcoul/dl       dVvdw/dl
   -2.97562e+02    8.89417e+00    1.84297e+01


Step 6090: weights are now: 0.00000 0.00000 0.50000 0.50000 0.00000 2.00000 2.00000 1.50000 2.50000 2.50000 2.50000 3.00000 3.50000 3.50000 3.50000 4.50000 3.50000 2.50000 -0.50000 -2.00000
           Step           Time
           7000       14.00000

             MC-lambda information
  Wang-Landau incrementor is:         0.4
  N  CoulL   VdwL    Count   G(in kT)  dG(in kT)
  1  0.000  0.000        6    0.00000    0.00000 <<
  2  0.050  0.000        6    0.00000    0.90000   
  3  0.100  0.000        5    0.90000    0.40000   
  4  0.200  0.000        4    1.30000   -0.50000   
  5  0.300  0.000        4    0.80000    0.00000   
  6  0.350  0.000        9    0.80000    1.20000   
  7  0.400  0.000        6    2.00000   -0.50000   
  8  0.450  0.000        6    1.50000    0.20000   
  9  0.500  0.000        8    1.70000    1.20000   
 10  0.600  0.000        5    2.90000   -0.80000   
 11  0.700  0.000        7    2.10000    0.10000   
 12  0.850  0.000        8    2.20000    0.50000   
 13  1.000  0.000        8    2.70000    1.20000   
 14  1.000  0.200        5    3.90000    1.20000   
 15  1.000  0.400        2    5.10000    1.00000   
 16  1.000  0.500        2    6.10000   -0.20000   
 17  1.000  0.600        0    5.90000   -1.00000   
 18  1.000  0.700        0    4.90000   -3.00000   
 19  1.000  0.800        0    1.90000   -1.50000   
 20  1.000  1.000        0    0.40000    0.00000   

   Energies (kJ/mol)
           Bond          Angle    Proper Dih.          LJ-14     Coulomb-14
    1.85661e+00    5.26893e+00    7.82579e-01    2.36150e+00   -1.44499e+01
        LJ (SR)  Disper. corr.   Coulomb (SR)   Coul. recip.      Potential
    1.72951e+03   -7.31893e+01   -1.29742e+04    1.12685e+02   -1.12094e+04
    Kinetic En.   Total Energy  Conserved En.    Temperature Pres. DC (bar)
    2.10418e+03   -9.10518e+03   -8.76696e+03    2.96513e+02   -1.37751e+02
 Pressure (bar)      dVcoul/dl       dVvdw/dl
   -4.76972e+01    2.37887e+01    1.83723e+01

           Step           Time
           8000       16.00000

             MC-lambda information
  Wang-Landau incrementor is:         0.4
  N  CoulL   VdwL    Count   G(in kT)  dG(in kT)
  1  0.000  0.000        7    0.00000   -1.20000   
  2  0.050  0.000       10   -1.20000    2.10000   
  3  0.100  0.000        6    0.90000   -0.40000   
  4  0.200  0.000        7    0.50000   -0.10000   
  5  0.300  0.000        6    0.40000    0.40000   
  6  0.350  0.000       10    0.80000    0.80000   
  7  0.400  0.000        8    1.60000   -0.10000   
  8  0.450  0.000        7    1.50000   -0.20000   
  9  0.500  0.000       10    1.30000    0.00000   
 10  0.600  0.000       10    1.30000    0.00000   
 11  0.700  0.000       10    1.30000    0.10000   
 12  0.850  0.000       11    1.40000    0.50000   
 13  1.000  0.000       11    1.90000    0.80000   
 14  1.000  0.200        9    2.70000    1.20000   
 15  1.000  0.400        6    3.90000   -1.80000   
 16  1.000  0.500       13    2.10000   -2.20000   
 17  1.000  0.600       16   -0.10000   -1.40000   
 18  1.000  0.700       17   -1.50000   -0.60000 <<
 19  1.000  0.800       11   -2.10000    0.50000   
 20  1.000  1.000        6   -1.60000    0.00000   

   Energies (kJ/mol)
           Bond          Angle    Proper Dih.          LJ-14     Coulomb-14
    5.62331e-01    3.31868e+00    1.41867e+00    6.64160e+00   -1.52995e+01
        LJ (SR)  Disper. corr.   Coulomb (SR)   Coul. recip.      Potential
    1.53709e+03   -7.14687e+01   -1.27838e+04    1.01334e+02   -1.12202e+04
    Kinetic En.   Total Energy  Conserved En.    Temperature Pres. DC (bar)
    2.18147e+03   -9.03871e+03   -8.75146e+03    3.07405e+02   -1.34513e+02
 Pressure (bar)      dVcoul/dl       dVvdw/dl
   -1.46204e+03   -5.25985e+00   -1.25616e+01

           Step           Time
           9000       18.00000

             MC-lambda information
  Wang-Landau incrementor is:         0.4
  N  CoulL   VdwL    Count   G(in kT)  dG(in kT)
  1  0.000  0.000       13    0.00000   -0.00000   
  2  0.050  0.000       13   -0.00000    0.90000   
  3  0.100  0.000       12    0.90000    0.80000   
  4  0.200  0.000       10    1.70000    0.30000   
  5  0.300  0.000        8    2.00000    0.00000 <<
  6  0.350  0.000       13    2.00000    0.00000   
  7  0.400  0.000       13    2.00000    0.30000   
  8  0.450  0.000       11    2.30000   -0.20000   
  9  0.500  0.000       14    2.10000    0.00000   
 10  0.600  0.000       14    2.10000    0.40000   
 11  0.700  0.000       13    2.50000    0.10000   
 12  0.850  0.000       14    2.60000    0.90000   
 13  1.000  0.000       13    3.50000   -0.40000   
 14  1.000  0.200       14    3.10000    0.40000   
 15  1.000  0.400       13    3.50000   -2.20000   
 16  1.000  0.500       21    1.30000   -2.60000   
 17  1.000  0.600       25   -1.30000   -0.60000   
 18  1.000  0.700       24   -1.90000   -0.60000   
 19  1.000  0.800       18   -2.50000   -0.30000   
 20  1.000  1.000       15   -2.80000    0.00000   

   Energies (kJ/mol)
           Bond          Angle    Proper Dih.          LJ-14     Coulomb-14
    1.52663e+00    1.24748e+00    2.52099e+00    4.02441e+00   -1.48573e+01
        LJ (SR)  Disper. corr.   Coulomb (SR)   Coul. recip.      Potential
    1.80133e+03   -7.31893e+01   -1.32505e+04    1.06363e+02   -1.14215e+04
    Kinetic En.   Total Energy  Conserved En.    Temperature Pres. DC (bar)
    2.16934e+03   -9.25221e+03   -8.75836e+03    3.05696e+02   -1.37751e+02
 Pressure (bar)      dVcoul/dl       dVvdw/dl
    1.00565e+02    9.72265e+00    2.18318e+01

           Step           Time
          10000       20.00000

Writing checkpoint, step 10000 at Tue Mar  8 02:10:00 2022


             MC-lambda information
  Wang-Landau incrementor is:         0.4
  N  CoulL   VdwL    Count   G(in kT)  dG(in kT)
  1  0.000  0.000       21    0.00000    0.80000   
  2  0.050  0.000       19    0.80000   -0.30000   
  3  0.100  0.000       21    0.50000    1.20000   
  4  0.200  0.000       18    1.70000   -0.10000   
  5  0.300  0.000       17    1.60000    1.20000   
  6  0.350  0.000       19    2.80000    0.00000   
  7  0.400  0.000       19    2.80000   -0.50000   
  8  0.450  0.000       19    2.30000    0.20000   
  9  0.500  0.000       21    2.50000    0.40000   
 10  0.600  0.000       20    2.90000    0.80000   
 11  0.700  0.000       18    3.70000   -0.30000   
 12  0.850  0.000       20    3.40000    0.10000   
 13  1.000  0.000       21    3.50000    0.80000   
 14  1.000  0.200       19    4.30000    1.20000   
 15  1.000  0.400       16    5.50000   -1.00000 <<
 16  1.000  0.500       21    4.50000   -2.60000   
 17  1.000  0.600       25    1.90000   -0.60000   
 18  1.000  0.700       24    1.30000   -0.60000   
 19  1.000  0.800       18    0.70000   -0.30000   
 20  1.000  1.000       15    0.40000    0.00000   

   Energies (kJ/mol)
           Bond          Angle    Proper Dih.          LJ-14     Coulomb-14
    2.97668e+00    5.24582e+00    1.20221e+00    1.66520e+00   -1.42200e+01
        LJ (SR)  Disper. corr.   Coulomb (SR)   Coul. recip.      Potential
    1.58699e+03   -7.22061e+01   -1.28643e+04    1.21608e+02   -1.12310e+04
    Kinetic En.   Total Energy  Conserved En.    Temperature Pres. DC (bar)
    2.00743e+03   -9.22359e+03   -8.75644e+03    2.82881e+02   -1.35900e+02
 Pressure (bar)      dVcoul/dl       dVvdw/dl
   -1.16547e+03    1.18738e+01    6.69417e-01


Energy conservation over simulation part #1 of length 20 ns, time 0 to 20 ns
  Conserved energy drift: 8.23e-03 kJ/mol/ps per atom


	<======  ###############  ==>
	<====  A V E R A G E S  ====>
	<==  ###############  ======>

	Statistics over 10001 steps using 10001 frames

   Energies (kJ/mol)
           Bond          Angle    Proper Dih.          LJ-14     Coulomb-14
    2.19615e+00    2.77069e+00    1.36772e+00    4.20552e+00   -1.48265e+01
        LJ (SR)  Disper. corr.   Coulomb (SR)   Coul. recip.      Potential
    1.72584e+03   -7.26655e+01   -1.30225e+04    1.10785e+02   -1.12629e+04
    Kinetic En.   Total Energy  Conserved En.    Temperature Pres. DC (bar)
    2.12085e+03   -9.14203e+03   -8.82009e+03    2.98862e+02   -1.36765e+02
 Pressure (bar)      dVcoul/dl       dVvdw/dl
   -2.45487e+02    1.08061e+01    4.42574e-01

   Total Virial (kJ/mol)
    7.74326e+02   -9.50968e+00   -3.64152e+00
   -9.49862e+00    7.88791e+02    5.81566e+00
   -3.64707e+00    5.79127e+00    7.53161e+02

   Pressure (bar)
   -2.59903e+02    4.52495e+01    2.08921e+01
    4.52078e+01   -2.92847e+02   -2.69847e+01
    2.09130e+01   -2.68928e+01   -1.83710e+02


	M E G A - F L O P S   A C C O U N T I N G

 NB=Group-cutoff nonbonded kernels    NxN=N-by-N cluster Verlet kernels
 RF=Reaction-Field  VdW=Van der Waals  QSTab=quadratic-spline table
 W3=SPC/TIP3p  W4=TIP4p (single or pairs)
 V&F=Potential and force  V=Potential only  F=Force only

 Computing:                               M-Number         M-Flops  % Flops
-----------------------------------------------------------------------------
 NB Free energy kernel                16286.718264       16286.718     3.2
 Pair Search distance check              72.611618         653.505     0.1
 NxN Ewald Elec. + LJ [V&F]            2009.240432      255173.535    50.1
 NxN Ewald Elec. [V&F]                 1940.347184      162989.163    32.0
 1,4 nonbonded interactions               0.010001           0.900     0.0
 Calc Weights                            25.592559         921.332     0.2
 Spread Q Bspline                      1091.949184        2183.898     0.4
 Gather F Bspline                      1091.949184        6551.695     1.3
 3D-FFT                                7606.640588       60853.125    12.0
 Solve PME                               11.521152         737.354     0.1
 Shift-X                                  0.214103           1.285     0.0
 Bonds                                    0.030003           1.770     0.0
 Angles                                   0.020002           3.360     0.0
 Propers                                  0.010001           2.290     0.0
 Virial                                   8.980898         161.656     0.0
 Stop-CM                                  8.531706          85.317     0.0
 Calc-Ekin                                8.530853         230.333     0.0
 Constraint-V                             8.490849          76.418     0.0
 Constraint-Vir                           8.490849         203.780     0.0
 Settle                                   5.661132        2094.619     0.4
-----------------------------------------------------------------------------
 Total                                                  509212.054   100.0
-----------------------------------------------------------------------------


     R E A L   C Y C L E   A N D   T I M E   A C C O U N T I N G

On 1 MPI rank, each using 16 OpenMP threads

 Computing:          Num   Num      Call    Wall time         Giga-Cycles
                     Ranks Threads  Count      (s)         total sum    %
-----------------------------------------------------------------------------
 Neighbor search        1   16        251       0.089          2.993   1.2
 Force                  1   16      10001       4.470        149.825  57.6
 PME mesh               1   16      10001       2.210         74.066  28.5
 NB X/F buffer ops.     1   16      19751       0.181          6.061   2.3
 Write traj.            1   16         11       0.017          0.574   0.2
 Update                 1   16      40004       0.251          8.422   3.2
 Constraints            1   16      20004       0.181          6.078   2.3
 Rest                                           0.360         12.068   4.6
-----------------------------------------------------------------------------
 Total                                          7.759        260.089 100.0
-----------------------------------------------------------------------------
 Breakdown of PME mesh computation
-----------------------------------------------------------------------------
 PME spread             1   16      20002       0.532         17.849   6.9
 PME gather             1   16      20002       0.565         18.934   7.3
 PME 3D-FFT             1   16      40004       0.778         26.076  10.0
 PME solve Elec         1   16      20002       0.263          8.827   3.4
-----------------------------------------------------------------------------

               Core t (s)   Wall t (s)        (%)
       Time:      124.142        7.759     1600.0
                 (ns/day)    (hour/ns)
Performance:      222.732        0.108
Finished mdrun on rank 0 Tue Mar  8 02:10:00 2022

