                :-) GROMACS - gmx mdrun, 2021.4-plumed-2.7.3 (-:

                            GROMACS is written by:
     Andrey Alekseenko              Emile Apol              Rossen Apostolov     
         Paul Bauer           Herman J.C. Berendsen           Par Bjelkmar       
       Christian Blau           Viacheslav Bolnykh             Kevin Boyd        
     Aldert van Buuren           Rudi van Drunen             Anton Feenstra      
    Gilles Gouaillardet             Alan Gray               Gerrit Groenhof      
       Anca Hamuraru            Vincent Hindriksen          M. Eric Irrgang      
      Aleksei Iupinov           Christoph Junghans             Joe Jordan        
    Dimitrios Karkoulis            Peter Kasson                Jiri Kraus        
      Carsten Kutzner              Per Larsson              Justin A. Lemkul     
       Viveca Lindahl            Magnus Lundborg             Erik Marklund       
        Pascal Merz             Pieter Meulenhoff            Teemu Murtola       
        Szilard Pall               Sander Pronk              Roland Schulz       
       Michael Shirts            Alexey Shvetsov             Alfons Sijbers      
       Peter Tieleman              Jon Vincent              Teemu Virolainen     
     Christian Wennberg            Maarten Wolf              Artem Zhmurov       
                           and the project leaders:
        Mark Abraham, Berk Hess, Erik Lindahl, and David van der Spoel

Copyright (c) 1991-2000, University of Groningen, The Netherlands.
Copyright (c) 2001-2019, The GROMACS development team at
Uppsala University, Stockholm University and
the Royal Institute of Technology, Sweden.
check out http://www.gromacs.org for more information.

GROMACS is free software; you can redistribute it and/or modify it
under the terms of the GNU Lesser General Public License
as published by the Free Software Foundation; either version 2.1
of the License, or (at your option) any later version.

GROMACS:      gmx mdrun, version 2021.4-plumed-2.7.3
Executable:   /usr/local/gromacs/bin/gmx
Data prefix:  /usr/local/gromacs
Working dir:  /home/wei-tse/Documents/gmxapi_practice/gmxapi.commandline.cli9_i0
Process ID:   4626
Command line:
  gmx mdrun -s /home/wei-tse/Documents/gmxapi_practice/standard_MD/Equil/NPT/sys2_equil.tpr -c ../standard_MD/MD/sys2_md.gro -e ../standard_MD/MD/md.edr -g ../standard_MD/MD/md.log -o ../standard_MD/MD/md.trr

GROMACS version:    2021.4-plumed-2.7.3
Precision:          mixed
Memory model:       64 bit
MPI library:        thread_mpi
OpenMP support:     enabled (GMX_OPENMP_MAX_THREADS = 64)
GPU support:        disabled
SIMD instructions:  AVX2_256
FFT library:        fftw-3.3.8-sse2-avx-avx2-avx2_128
RDTSCP usage:       enabled
TNG support:        enabled
Hwloc support:      disabled
Tracing support:    disabled
C compiler:         /usr/bin/cc GNU 7.5.0
C compiler flags:   -mavx2 -mfma -Wno-missing-field-initializers -fexcess-precision=fast -funroll-all-loops -O3 -DNDEBUG
C++ compiler:       /usr/bin/c++ GNU 7.5.0
C++ compiler flags: -mavx2 -mfma -Wno-missing-field-initializers -fexcess-precision=fast -funroll-all-loops -fopenmp -O3 -DNDEBUG


Running on 1 node with total 8 cores, 16 logical cores
Hardware detected:
  CPU info:
    Vendor: Intel
    Brand:  Intel(R) Xeon(R) Silver 4110 CPU @ 2.10GHz
    Family: 6   Model: 85   Stepping: 4
    Features: aes apic avx avx2 avx512f avx512cd avx512bw avx512vl clfsh cmov cx8 cx16 f16c fma hle htt intel lahf mmx msr nonstop_tsc pcid pclmuldq pdcm pdpe1gb popcnt pse rdrnd rdtscp rtm sse2 sse3 sse4.1 sse4.2 ssse3 tdt x2apic
    Number of AVX-512 FMA units: 1 (AVX2 is faster w/o 2 AVX-512 FMA units)
  Hardware topology: Basic
    Sockets, cores, and logical processors:
      Socket  0: [   0   8] [   1   9] [   2  10] [   3  11] [   4  12] [   5  13] [   6  14] [   7  15]


++++ PLEASE READ AND CITE THE FOLLOWING REFERENCE ++++
M. J. Abraham, T. Murtola, R. Schulz, S. Páll, J. C. Smith, B. Hess, E.
Lindahl
GROMACS: High performance molecular simulations through multi-level
parallelism from laptops to supercomputers
SoftwareX 1 (2015) pp. 19-25
-------- -------- --- Thank You --- -------- --------


++++ PLEASE READ AND CITE THE FOLLOWING REFERENCE ++++
S. Páll, M. J. Abraham, C. Kutzner, B. Hess, E. Lindahl
Tackling Exascale Software Challenges in Molecular Dynamics Simulations with
GROMACS
In S. Markidis & E. Laure (Eds.), Solving Software Challenges for Exascale 8759 (2015) pp. 3-27
-------- -------- --- Thank You --- -------- --------


++++ PLEASE READ AND CITE THE FOLLOWING REFERENCE ++++
S. Pronk, S. Páll, R. Schulz, P. Larsson, P. Bjelkmar, R. Apostolov, M. R.
Shirts, J. C. Smith, P. M. Kasson, D. van der Spoel, B. Hess, and E. Lindahl
GROMACS 4.5: a high-throughput and highly parallel open source molecular
simulation toolkit
Bioinformatics 29 (2013) pp. 845-54
-------- -------- --- Thank You --- -------- --------


++++ PLEASE READ AND CITE THE FOLLOWING REFERENCE ++++
B. Hess and C. Kutzner and D. van der Spoel and E. Lindahl
GROMACS 4: Algorithms for highly efficient, load-balanced, and scalable
molecular simulation
J. Chem. Theory Comput. 4 (2008) pp. 435-447
-------- -------- --- Thank You --- -------- --------


++++ PLEASE READ AND CITE THE FOLLOWING REFERENCE ++++
D. van der Spoel, E. Lindahl, B. Hess, G. Groenhof, A. E. Mark and H. J. C.
Berendsen
GROMACS: Fast, Flexible and Free
J. Comp. Chem. 26 (2005) pp. 1701-1719
-------- -------- --- Thank You --- -------- --------


++++ PLEASE READ AND CITE THE FOLLOWING REFERENCE ++++
E. Lindahl and B. Hess and D. van der Spoel
GROMACS 3.0: A package for molecular simulation and trajectory analysis
J. Mol. Mod. 7 (2001) pp. 306-317
-------- -------- --- Thank You --- -------- --------


++++ PLEASE READ AND CITE THE FOLLOWING REFERENCE ++++
H. J. C. Berendsen, D. van der Spoel and R. van Drunen
GROMACS: A message-passing parallel molecular dynamics implementation
Comp. Phys. Comm. 91 (1995) pp. 43-56
-------- -------- --- Thank You --- -------- --------

Input Parameters:
   integrator                     = md-vv
   tinit                          = 0
   dt                             = 0.002
   nsteps                         = 10000
   init-step                      = 0
   simulation-part                = 1
   mts                            = false
   comm-mode                      = Linear
   nstcomm                        = 1
   bd-fric                        = 0
   ld-seed                        = -1027604614
   emtol                          = 10
   emstep                         = 0.01
   niter                          = 20
   fcstep                         = 0
   nstcgsteep                     = 1000
   nbfgscorr                      = 10
   rtpi                           = 0.05
   nstxout                        = 0
   nstvout                        = 0
   nstfout                        = 0
   nstlog                         = 1000
   nstcalcenergy                  = 1
   nstenergy                      = 1000
   nstxout-compressed             = 1000
   compressed-x-precision         = 1000
   cutoff-scheme                  = Verlet
   nstlist                        = 10
   pbc                            = xyz
   periodic-molecules             = false
   verlet-buffer-tolerance        = 0.005
   rlist                          = 0.9
   coulombtype                    = PME
   coulomb-modifier               = Potential-shift
   rcoulomb-switch                = 0.89
   rcoulomb                       = 0.9
   epsilon-r                      = 1
   epsilon-rf                     = inf
   vdw-type                       = Cut-off
   vdw-modifier                   = Potential-switch
   rvdw-switch                    = 0.85
   rvdw                           = 0.9
   DispCorr                       = AllEnerPres
   table-extension                = 1
   fourierspacing                 = 0.1
   fourier-nx                     = 24
   fourier-ny                     = 24
   fourier-nz                     = 24
   pme-order                      = 4
   ewald-rtol                     = 1e-05
   ewald-rtol-lj                  = 0.001
   lj-pme-comb-rule               = Geometric
   ewald-geometry                 = 0
   epsilon-surface                = 0
   tcoupl                         = V-rescale
   nsttcouple                     = 1
   nh-chain-length                = 0
   print-nose-hoover-chain-variables = false
   pcoupl                         = Berendsen
   pcoupltype                     = Isotropic
   nstpcouple                     = 10
   tau-p                          = 5
   compressibility (3x3):
      compressibility[    0]={ 4.50000e-05,  0.00000e+00,  0.00000e+00}
      compressibility[    1]={ 0.00000e+00,  4.50000e-05,  0.00000e+00}
      compressibility[    2]={ 0.00000e+00,  0.00000e+00,  4.50000e-05}
   ref-p (3x3):
      ref-p[    0]={ 1.00000e+00,  0.00000e+00,  0.00000e+00}
      ref-p[    1]={ 0.00000e+00,  1.00000e+00,  0.00000e+00}
      ref-p[    2]={ 0.00000e+00,  0.00000e+00,  1.00000e+00}
   refcoord-scaling               = No
   posres-com (3):
      posres-com[0]= 0.00000e+00
      posres-com[1]= 0.00000e+00
      posres-com[2]= 0.00000e+00
   posres-comB (3):
      posres-comB[0]= 0.00000e+00
      posres-comB[1]= 0.00000e+00
      posres-comB[2]= 0.00000e+00
   QMMM                           = false
qm-opts:
   ngQM                           = 0
   constraint-algorithm           = Lincs
   continuation                   = true
   Shake-SOR                      = false
   shake-tol                      = 0.0001
   lincs-order                    = 12
   lincs-iter                     = 2
   lincs-warnangle                = 30
   nwall                          = 0
   wall-type                      = 9-3
   wall-r-linpot                  = -1
   wall-atomtype[0]               = -1
   wall-atomtype[1]               = -1
   wall-density[0]                = 0
   wall-density[1]                = 0
   wall-ewald-zfac                = 3
   pull                           = false
   awh                            = false
   rotation                       = false
   interactiveMD                  = false
   disre                          = No
   disre-weighting                = Conservative
   disre-mixed                    = false
   dr-fc                          = 1000
   dr-tau                         = 0
   nstdisreout                    = 100
   orire-fc                       = 0
   orire-tau                      = 0
   nstorireout                    = 100
   free-energy                    = no
   cos-acceleration               = 0
   deform (3x3):
      deform[    0]={ 0.00000e+00,  0.00000e+00,  0.00000e+00}
      deform[    1]={ 0.00000e+00,  0.00000e+00,  0.00000e+00}
      deform[    2]={ 0.00000e+00,  0.00000e+00,  0.00000e+00}
   simulated-tempering            = false
   swapcoords                     = no
   userint1                       = 0
   userint2                       = 0
   userint3                       = 0
   userint4                       = 0
   userreal1                      = 0
   userreal2                      = 0
   userreal3                      = 0
   userreal4                      = 0
   applied-forces:
     electric-field:
       x:
         E0                       = 0
         omega                    = 0
         t0                       = 0
         sigma                    = 0
       y:
         E0                       = 0
         omega                    = 0
         t0                       = 0
         sigma                    = 0
       z:
         E0                       = 0
         omega                    = 0
         t0                       = 0
         sigma                    = 0
     density-guided-simulation:
       active                     = false
       group                      = protein
       similarity-measure         = inner-product
       atom-spreading-weight      = unity
       force-constant             = 1e+09
       gaussian-transform-spreading-width = 0.2
       gaussian-transform-spreading-range-in-multiples-of-width = 4
       reference-density-filename = reference.mrc
       nst                        = 1
       normalize-densities        = true
       adaptive-force-scaling     = false
       adaptive-force-scaling-time-constant = 4
       shift-vector               = 
       transformation-matrix      = 
grpopts:
   nrdf:        1707
   ref-t:      310.15
   tau-t:         0.5
annealing:          No
annealing-npoints:           0
   acc:	           0           0           0
   nfreeze:           N           N           N
   energygrp-flags[  0]: 0

Changing nstlist from 10 to 40, rlist from 0.9 to 1.001

Using 1 MPI thread
Using 16 OpenMP threads 

Pinning threads with an auto-selected logical core stride of 1
System total charge: 0.000
Will do PME sum in reciprocal space for electrostatic interactions.

++++ PLEASE READ AND CITE THE FOLLOWING REFERENCE ++++
U. Essmann, L. Perera, M. L. Berkowitz, T. Darden, H. Lee and L. G. Pedersen 
A smooth particle mesh Ewald method
J. Chem. Phys. 103 (1995) pp. 8577-8592
-------- -------- --- Thank You --- -------- --------

Using a Gaussian width (1/beta) of 0.288146 nm for Ewald
Potential shift: LJ r^-12: 0.000e+00 r^-6: 0.000e+00, Ewald -1.111e-05
Initialized non-bonded Ewald tables, spacing: 8.85e-04 size: 1018

Generated table with 1000 data points for 1-4 COUL.
Tabscale = 500 points/nm
Generated table with 1000 data points for 1-4 LJ6.
Tabscale = 500 points/nm
Generated table with 1000 data points for 1-4 LJ12.
Tabscale = 500 points/nm
Long Range LJ corr.: <C6> 2.8357e-04 <C12> 2.8091e-07


Using SIMD 4x8 nonbonded short-range kernels

Using a dual 4x8 pair-list setup updated with dynamic pruning:
  outer list: updated every 40 steps, buffer 0.101 nm, rlist 1.001 nm
  inner list: updated every 11 steps, buffer 0.003 nm, rlist 0.903 nm
At tolerance 0.005 kJ/mol/ps per atom, equivalent classical 1x1 list would be:
  outer list: updated every 40 steps, buffer 0.212 nm, rlist 1.112 nm
  inner list: updated every 11 steps, buffer 0.043 nm, rlist 0.943 nm

++++ PLEASE READ AND CITE THE FOLLOWING REFERENCE ++++
S. Miyamoto and P. A. Kollman
SETTLE: An Analytical Version of the SHAKE and RATTLE Algorithms for Rigid
Water Models
J. Comp. Chem. 13 (1992) pp. 952-962
-------- -------- --- Thank You --- -------- --------


++++ PLEASE READ AND CITE THE FOLLOWING REFERENCE ++++
G. Bussi, D. Donadio and M. Parrinello
Canonical sampling through velocity rescaling
J. Chem. Phys. 126 (2007) pp. 014101
-------- -------- --- Thank You --- -------- --------

There are: 853 Atoms
Center of mass motion removal mode is Linear
We have the following groups for center of mass motion removal:
  0:  rest

Started mdrun on rank 0 Tue Mar  8 02:40:43 2022

           Step           Time
              0        0.00000

   Energies (kJ/mol)
           Bond          Angle    Proper Dih.          LJ-14     Coulomb-14
    4.25032e+00    3.83456e+00    9.06587e-02    2.78466e+00   -1.45687e+01
        LJ (SR)  Disper. corr.   Coulomb (SR)   Coul. recip.      Potential
    1.77240e+03   -7.33048e+01   -1.29411e+04    1.12090e+02   -1.11335e+04
    Kinetic En.   Total Energy  Conserved En.    Temperature Pres. DC (bar)
    2.17490e+03   -8.95860e+03   -8.95860e+03    3.06479e+02   -1.38186e+02
 Pressure (bar)
   -8.54607e+02

           Step           Time
           1000        2.00000

   Energies (kJ/mol)
           Bond          Angle    Proper Dih.          LJ-14     Coulomb-14
    6.41568e-01    1.59338e+00    5.89213e-01    4.15663e+00   -1.48842e+01
        LJ (SR)  Disper. corr.   Coulomb (SR)   Coul. recip.      Potential
    1.79961e+03   -7.31446e+01   -1.29889e+04    1.04656e+02   -1.11656e+04
    Kinetic En.   Total Energy  Conserved En.    Temperature Pres. DC (bar)
    2.25466e+03   -8.91098e+03   -8.95968e+03    3.17719e+02   -1.37583e+02
 Pressure (bar)
    6.69676e+02

           Step           Time
           2000        4.00000

   Energies (kJ/mol)
           Bond          Angle    Proper Dih.          LJ-14     Coulomb-14
    3.37639e+00    3.52964e-01    1.36531e+00    7.06738e+00   -1.53582e+01
        LJ (SR)  Disper. corr.   Coulomb (SR)   Coul. recip.      Potential
    1.70368e+03   -7.28304e+01   -1.27144e+04    1.30697e+02   -1.09561e+04
    Kinetic En.   Total Energy  Conserved En.    Temperature Pres. DC (bar)
    2.11530e+03   -8.84079e+03   -8.95915e+03    2.98082e+02   -1.36403e+02
 Pressure (bar)
    2.20858e+02

           Step           Time
           3000        6.00000

   Energies (kJ/mol)
           Bond          Angle    Proper Dih.          LJ-14     Coulomb-14
    3.50122e+00    4.57747e+00    2.09760e+00    2.06729e+00   -1.43588e+01
        LJ (SR)  Disper. corr.   Coulomb (SR)   Coul. recip.      Potential
    1.81041e+03   -7.31084e+01   -1.28370e+04    1.25170e+02   -1.09767e+04
    Kinetic En.   Total Energy  Conserved En.    Temperature Pres. DC (bar)
    2.11273e+03   -8.86393e+03   -8.95888e+03    2.97718e+02   -1.37447e+02
 Pressure (bar)
    9.08662e+02

           Step           Time
           4000        8.00000

   Energies (kJ/mol)
           Bond          Angle    Proper Dih.          LJ-14     Coulomb-14
    9.62636e-01    2.43834e+00    4.17320e-01    2.69435e+00   -1.45444e+01
        LJ (SR)  Disper. corr.   Coulomb (SR)   Coul. recip.      Potential
    1.75106e+03   -7.31263e+01   -1.30078e+04    1.05824e+02   -1.12321e+04
    Kinetic En.   Total Energy  Conserved En.    Temperature Pres. DC (bar)
    2.30687e+03   -8.92525e+03   -8.96021e+03    3.25077e+02   -1.37514e+02
 Pressure (bar)
    1.19519e+02

           Step           Time
           5000       10.00000

   Energies (kJ/mol)
           Bond          Angle    Proper Dih.          LJ-14     Coulomb-14
    4.65467e+00    6.46331e-01    8.98004e-03    6.92402e+00   -1.53388e+01
        LJ (SR)  Disper. corr.   Coulomb (SR)   Coul. recip.      Potential
    1.60328e+03   -7.35367e+01   -1.28683e+04    9.02483e+01   -1.12514e+04
    Kinetic En.   Total Energy  Conserved En.    Temperature Pres. DC (bar)
    2.16094e+03   -9.09048e+03   -8.95898e+03    3.04512e+02   -1.39062e+02
 Pressure (bar)
   -5.90988e+02

           Step           Time
           6000       12.00000

   Energies (kJ/mol)
           Bond          Angle    Proper Dih.          LJ-14     Coulomb-14
    4.19585e+00    1.50798e+00    1.50847e-01    2.91148e+00   -1.46019e+01
        LJ (SR)  Disper. corr.   Coulomb (SR)   Coul. recip.      Potential
    1.57675e+03   -7.37416e+01   -1.27857e+04    1.21451e+02   -1.11670e+04
    Kinetic En.   Total Energy  Conserved En.    Temperature Pres. DC (bar)
    2.07172e+03   -9.09530e+03   -8.95949e+03    2.91940e+02   -1.39838e+02
 Pressure (bar)
   -1.13959e+03

           Step           Time
           7000       14.00000

   Energies (kJ/mol)
           Bond          Angle    Proper Dih.          LJ-14     Coulomb-14
    6.66658e-01    2.14808e+00    1.08601e-01    3.15209e+00   -1.46623e+01
        LJ (SR)  Disper. corr.   Coulomb (SR)   Coul. recip.      Potential
    1.88262e+03   -7.38588e+01   -1.32462e+04    1.02494e+02   -1.13435e+04
    Kinetic En.   Total Energy  Conserved En.    Temperature Pres. DC (bar)
    2.23236e+03   -9.11115e+03   -8.95993e+03    3.14577e+02   -1.40283e+02
 Pressure (bar)
    7.76730e+02

           Step           Time
           8000       16.00000

   Energies (kJ/mol)
           Bond          Angle    Proper Dih.          LJ-14     Coulomb-14
    3.51351e+00    6.89271e-01    3.50257e-01    6.23007e+00   -1.52400e+01
        LJ (SR)  Disper. corr.   Coulomb (SR)   Coul. recip.      Potential
    1.61908e+03   -7.40624e+01   -1.27347e+04    1.01325e+02   -1.10928e+04
    Kinetic En.   Total Energy  Conserved En.    Temperature Pres. DC (bar)
    2.23835e+03   -8.85450e+03   -8.95754e+03    3.15421e+02   -1.41057e+02
 Pressure (bar)
   -1.11857e+02

           Step           Time
           9000       18.00000

   Energies (kJ/mol)
           Bond          Angle    Proper Dih.          LJ-14     Coulomb-14
    3.00945e+00    3.54456e+00    8.39889e-02    2.31661e+00   -1.44365e+01
        LJ (SR)  Disper. corr.   Coulomb (SR)   Coul. recip.      Potential
    1.69502e+03   -7.34641e+01   -1.29556e+04    1.04075e+02   -1.12355e+04
    Kinetic En.   Total Energy  Conserved En.    Temperature Pres. DC (bar)
    2.21291e+03   -9.02258e+03   -8.95909e+03    3.11836e+02   -1.38787e+02
 Pressure (bar)
   -2.30294e+02

           Step           Time
          10000       20.00000

Writing checkpoint, step 10000 at Tue Mar  8 02:40:47 2022


   Energies (kJ/mol)
           Bond          Angle    Proper Dih.          LJ-14     Coulomb-14
    1.21124e+00    2.90199e+00    5.51105e-03    4.51126e+00   -1.49532e+01
        LJ (SR)  Disper. corr.   Coulomb (SR)   Coul. recip.      Potential
    1.76344e+03   -7.36291e+01   -1.29654e+04    1.22434e+02   -1.11595e+04
    Kinetic En.   Total Energy  Conserved En.    Temperature Pres. DC (bar)
    2.17327e+03   -8.98620e+03   -8.95921e+03    3.06250e+02   -1.39412e+02
 Pressure (bar)
    5.78180e+02


Energy conservation over simulation part #1 of length 20 ns, time 0 to 20 ns
  Conserved energy drift: -3.56e-05 kJ/mol/ps per atom


	<======  ###############  ==>
	<====  A V E R A G E S  ====>
	<==  ###############  ======>

	Statistics over 10001 steps using 10001 frames

   Energies (kJ/mol)
           Bond          Angle    Proper Dih.          LJ-14     Coulomb-14
    2.36934e+00    2.92659e+00    7.33794e-01    4.08833e+00   -1.47927e+01
        LJ (SR)  Disper. corr.   Coulomb (SR)   Coul. recip.      Potential
    1.69564e+03   -7.34165e+01   -1.28979e+04    1.13917e+02   -1.11665e+04
    Kinetic En.   Total Energy  Conserved En.    Temperature Pres. DC (bar)
    2.18872e+03   -8.97776e+03   -8.95926e+03    3.08427e+02   -1.38611e+02
 Pressure (bar)
   -2.73348e+01

          Box-X          Box-Y          Box-Z
    2.31616e+00    2.31616e+00    1.63777e+00

   Total Virial (kJ/mol)
    7.33852e+02    1.44299e+01   -1.63190e+01
    1.44322e+01    7.36031e+02   -9.03082e+00
   -1.63212e+01   -9.02286e+00    7.40520e+02

   Pressure (bar)
   -2.30479e+01   -5.31254e+01    7.11011e+01
   -5.31347e+01   -1.62443e+01    5.07635e+01
    7.11100e+01    5.07341e+01   -4.27123e+01


	M E G A - F L O P S   A C C O U N T I N G

 NB=Group-cutoff nonbonded kernels    NxN=N-by-N cluster Verlet kernels
 RF=Reaction-Field  VdW=Van der Waals  QSTab=quadratic-spline table
 W3=SPC/TIP3p  W4=TIP4p (single or pairs)
 V&F=Potential and force  V=Potential only  F=Force only

 Computing:                               M-Number         M-Flops  % Flops
-----------------------------------------------------------------------------
 Pair Search distance check              73.594118         662.347     0.1
 NxN Ewald Elec. + LJ [V&F]            2033.253728      258223.223    55.8
 NxN Ewald Elec. [V&F]                 1964.240064      164996.165    35.6
 1,4 nonbonded interactions               0.010001           0.900     0.0
 Calc Weights                            25.592559         921.332     0.2
 Spread Q Bspline                       545.974592        1091.949     0.2
 Gather F Bspline                       545.974592        3275.848     0.7
 3D-FFT                                3803.320294       30426.562     6.6
 Solve PME                                5.760576         368.677     0.1
 Shift-X                                  0.214103           1.285     0.0
 Bonds                                    0.030003           1.770     0.0
 Angles                                   0.020002           3.360     0.0
 Propers                                  0.010001           2.290     0.0
 Virial                                   8.980898         161.656     0.0
 Stop-CM                                  8.530853          85.309     0.0
 P-Coupling                               0.853853           5.123     0.0
 Calc-Ekin                                8.530853         230.333     0.0
 Constraint-V                             8.490849          76.418     0.0
 Constraint-Vir                           8.490849         203.780     0.0
 Settle                                   5.660566        2094.409     0.5
-----------------------------------------------------------------------------
 Total                                                  462832.738   100.0
-----------------------------------------------------------------------------


     R E A L   C Y C L E   A N D   T I M E   A C C O U N T I N G

On 1 MPI rank, each using 16 OpenMP threads

 Computing:          Num   Num      Call    Wall time         Giga-Cycles
                     Ranks Threads  Count      (s)         total sum    %
-----------------------------------------------------------------------------
 Neighbor search        1   16        251       0.065          2.192   1.7
 Force                  1   16      10001       1.681         56.355  44.7
 PME mesh               1   16      10001       1.107         37.106  29.4
 NB X/F buffer ops.     1   16      19751       0.171          5.716   4.5
 Write traj.            1   16         11       0.014          0.461   0.4
 Update                 1   16      40004       0.228          7.634   6.1
 Constraints            1   16      20002       0.182          6.084   4.8
 Rest                                           0.313         10.481   8.3
-----------------------------------------------------------------------------
 Total                                          3.760        126.030 100.0
-----------------------------------------------------------------------------
 Breakdown of PME mesh computation
-----------------------------------------------------------------------------
 PME spread             1   16      10001       0.287          9.622   7.6
 PME gather             1   16      10001       0.286          9.592   7.6
 PME 3D-FFT             1   16      20002       0.374         12.548  10.0
 PME solve Elec         1   16      10001       0.131          4.388   3.5
-----------------------------------------------------------------------------

               Core t (s)   Wall t (s)        (%)
       Time:       60.154        3.760     1600.0
                 (ns/day)    (hour/ns)
Performance:      459.653        0.052
Finished mdrun on rank 0 Tue Mar  8 02:40:47 2022

