                 :-) GROMACS - GROMACS, 2021.4-plumed-2.7.3 (-:

                            GROMACS is written by:
     Andrey Alekseenko              Emile Apol              Rossen Apostolov     
         Paul Bauer           Herman J.C. Berendsen           Par Bjelkmar       
       Christian Blau           Viacheslav Bolnykh             Kevin Boyd        
     Aldert van Buuren           Rudi van Drunen             Anton Feenstra      
    Gilles Gouaillardet             Alan Gray               Gerrit Groenhof      
       Anca Hamuraru            Vincent Hindriksen          M. Eric Irrgang      
      Aleksei Iupinov           Christoph Junghans             Joe Jordan        
    Dimitrios Karkoulis            Peter Kasson                Jiri Kraus        
      Carsten Kutzner              Per Larsson              Justin A. Lemkul     
       Viveca Lindahl            Magnus Lundborg             Erik Marklund       
        Pascal Merz             Pieter Meulenhoff            Teemu Murtola       
        Szilard Pall               Sander Pronk              Roland Schulz       
       Michael Shirts            Alexey Shvetsov             Alfons Sijbers      
       Peter Tieleman              Jon Vincent              Teemu Virolainen     
     Christian Wennberg            Maarten Wolf              Artem Zhmurov       
                           and the project leaders:
        Mark Abraham, Berk Hess, Erik Lindahl, and David van der Spoel

Copyright (c) 1991-2000, University of Groningen, The Netherlands.
Copyright (c) 2001-2019, The GROMACS development team at
Uppsala University, Stockholm University and
the Royal Institute of Technology, Sweden.
check out http://www.gromacs.org for more information.

GROMACS is free software; you can redistribute it and/or modify it
under the terms of the GNU Lesser General Public License
as published by the Free Software Foundation; either version 2.1
of the License, or (at your option) any later version.

GROMACS:      GROMACS, version 2021.4-plumed-2.7.3
Working dir:  /home/wei-tse/Documents/gmxapi_practice/EE/case_2/mdrun_0_i0_0
Process ID:   24347

GROMACS version:    2021.4-plumed-2.7.3
Precision:          mixed
Memory model:       64 bit
MPI library:        thread_mpi
OpenMP support:     enabled (GMX_OPENMP_MAX_THREADS = 64)
GPU support:        disabled
SIMD instructions:  AVX2_256
FFT library:        fftw-3.3.8-sse2-avx-avx2-avx2_128
RDTSCP usage:       enabled
TNG support:        enabled
Hwloc support:      disabled
Tracing support:    disabled
C compiler:         /usr/bin/cc GNU 7.5.0
C compiler flags:   -mavx2 -mfma -Wno-missing-field-initializers -fexcess-precision=fast -funroll-all-loops -O3 -DNDEBUG
C++ compiler:       /usr/bin/c++ GNU 7.5.0
C++ compiler flags: -mavx2 -mfma -Wno-missing-field-initializers -fexcess-precision=fast -funroll-all-loops -fopenmp -O3 -DNDEBUG


Running on 1 node with total 8 cores, 16 logical cores
Hardware detected:
  CPU info:
    Vendor: Intel
    Brand:  Intel(R) Xeon(R) Silver 4110 CPU @ 2.10GHz
    Family: 6   Model: 85   Stepping: 4
    Features: aes apic avx avx2 avx512f avx512cd avx512bw avx512vl clfsh cmov cx8 cx16 f16c fma hle htt intel lahf mmx msr nonstop_tsc pcid pclmuldq pdcm pdpe1gb popcnt pse rdrnd rdtscp rtm sse2 sse3 sse4.1 sse4.2 ssse3 tdt x2apic
    Number of AVX-512 FMA units: 1 (AVX2 is faster w/o 2 AVX-512 FMA units)
  Hardware topology: Basic
    Sockets, cores, and logical processors:
      Socket  0: [   0   8] [   1   9] [   2  10] [   3  11] [   4  12] [   5  13] [   6  14] [   7  15]


++++ PLEASE READ AND CITE THE FOLLOWING REFERENCE ++++
M. J. Abraham, T. Murtola, R. Schulz, S. Páll, J. C. Smith, B. Hess, E.
Lindahl
GROMACS: High performance molecular simulations through multi-level
parallelism from laptops to supercomputers
SoftwareX 1 (2015) pp. 19-25
-------- -------- --- Thank You --- -------- --------


++++ PLEASE READ AND CITE THE FOLLOWING REFERENCE ++++
S. Páll, M. J. Abraham, C. Kutzner, B. Hess, E. Lindahl
Tackling Exascale Software Challenges in Molecular Dynamics Simulations with
GROMACS
In S. Markidis & E. Laure (Eds.), Solving Software Challenges for Exascale 8759 (2015) pp. 3-27
-------- -------- --- Thank You --- -------- --------


++++ PLEASE READ AND CITE THE FOLLOWING REFERENCE ++++
S. Pronk, S. Páll, R. Schulz, P. Larsson, P. Bjelkmar, R. Apostolov, M. R.
Shirts, J. C. Smith, P. M. Kasson, D. van der Spoel, B. Hess, and E. Lindahl
GROMACS 4.5: a high-throughput and highly parallel open source molecular
simulation toolkit
Bioinformatics 29 (2013) pp. 845-54
-------- -------- --- Thank You --- -------- --------


++++ PLEASE READ AND CITE THE FOLLOWING REFERENCE ++++
B. Hess and C. Kutzner and D. van der Spoel and E. Lindahl
GROMACS 4: Algorithms for highly efficient, load-balanced, and scalable
molecular simulation
J. Chem. Theory Comput. 4 (2008) pp. 435-447
-------- -------- --- Thank You --- -------- --------


++++ PLEASE READ AND CITE THE FOLLOWING REFERENCE ++++
D. van der Spoel, E. Lindahl, B. Hess, G. Groenhof, A. E. Mark and H. J. C.
Berendsen
GROMACS: Fast, Flexible and Free
J. Comp. Chem. 26 (2005) pp. 1701-1719
-------- -------- --- Thank You --- -------- --------


++++ PLEASE READ AND CITE THE FOLLOWING REFERENCE ++++
E. Lindahl and B. Hess and D. van der Spoel
GROMACS 3.0: A package for molecular simulation and trajectory analysis
J. Mol. Mod. 7 (2001) pp. 306-317
-------- -------- --- Thank You --- -------- --------


++++ PLEASE READ AND CITE THE FOLLOWING REFERENCE ++++
H. J. C. Berendsen, D. van der Spoel and R. van Drunen
GROMACS: A message-passing parallel molecular dynamics implementation
Comp. Phys. Comm. 91 (1995) pp. 43-56
-------- -------- --- Thank You --- -------- --------

Input Parameters:
   integrator                     = md-vv
   tinit                          = 0
   dt                             = 0.002
   nsteps                         = 10000
   init-step                      = 0
   simulation-part                = 1
   mts                            = false
   comm-mode                      = Linear
   nstcomm                        = 1
   bd-fric                        = 0
   ld-seed                        = 1704869366
   emtol                          = 10
   emstep                         = 0.01
   niter                          = 20
   fcstep                         = 0
   nstcgsteep                     = 1000
   nbfgscorr                      = 10
   rtpi                           = 0.05
   nstxout                        = 0
   nstvout                        = 0
   nstfout                        = 0
   nstlog                         = 1000
   nstcalcenergy                  = 1
   nstenergy                      = 1000
   nstxout-compressed             = 1000
   compressed-x-precision         = 1000
   cutoff-scheme                  = Verlet
   nstlist                        = 10
   pbc                            = xyz
   periodic-molecules             = false
   verlet-buffer-tolerance        = 0.005
   rlist                          = 0.9
   coulombtype                    = PME
   coulomb-modifier               = Potential-shift
   rcoulomb-switch                = 0.89
   rcoulomb                       = 0.9
   epsilon-r                      = 1
   epsilon-rf                     = inf
   vdw-type                       = Cut-off
   vdw-modifier                   = Potential-switch
   rvdw-switch                    = 0.85
   rvdw                           = 0.9
   DispCorr                       = AllEnerPres
   table-extension                = 1
   fourierspacing                 = 0.1
   fourier-nx                     = 24
   fourier-ny                     = 24
   fourier-nz                     = 24
   pme-order                      = 4
   ewald-rtol                     = 1e-05
   ewald-rtol-lj                  = 0.001
   lj-pme-comb-rule               = Geometric
   ewald-geometry                 = 0
   epsilon-surface                = 0
   tcoupl                         = V-rescale
   nsttcouple                     = 1
   nh-chain-length                = 0
   print-nose-hoover-chain-variables = false
   pcoupl                         = No
   pcoupltype                     = Isotropic
   nstpcouple                     = -1
   tau-p                          = 1
   compressibility (3x3):
      compressibility[    0]={ 0.00000e+00,  0.00000e+00,  0.00000e+00}
      compressibility[    1]={ 0.00000e+00,  0.00000e+00,  0.00000e+00}
      compressibility[    2]={ 0.00000e+00,  0.00000e+00,  0.00000e+00}
   ref-p (3x3):
      ref-p[    0]={ 0.00000e+00,  0.00000e+00,  0.00000e+00}
      ref-p[    1]={ 0.00000e+00,  0.00000e+00,  0.00000e+00}
      ref-p[    2]={ 0.00000e+00,  0.00000e+00,  0.00000e+00}
   refcoord-scaling               = No
   posres-com (3):
      posres-com[0]= 0.00000e+00
      posres-com[1]= 0.00000e+00
      posres-com[2]= 0.00000e+00
   posres-comB (3):
      posres-comB[0]= 0.00000e+00
      posres-comB[1]= 0.00000e+00
      posres-comB[2]= 0.00000e+00
   QMMM                           = false
qm-opts:
   ngQM                           = 0
   constraint-algorithm           = Lincs
   continuation                   = false
   Shake-SOR                      = false
   shake-tol                      = 0.0001
   lincs-order                    = 12
   lincs-iter                     = 2
   lincs-warnangle                = 30
   nwall                          = 0
   wall-type                      = 9-3
   wall-r-linpot                  = -1
   wall-atomtype[0]               = -1
   wall-atomtype[1]               = -1
   wall-density[0]                = 0
   wall-density[1]                = 0
   wall-ewald-zfac                = 3
   pull                           = false
   awh                            = false
   rotation                       = false
   interactiveMD                  = false
   disre                          = No
   disre-weighting                = Conservative
   disre-mixed                    = false
   dr-fc                          = 1000
   dr-tau                         = 0
   nstdisreout                    = 100
   orire-fc                       = 0
   orire-tau                      = 0
   nstorireout                    = 100
   free-energy                    = expanded
   init-lambda                    = -1
   init-lambda-state              = 0
   delta-lambda                   = 0
   nstdhdl                        = 1000
   n-lambdas                      = 20
   separate-dvdl:
       fep-lambdas =   FALSE
      mass-lambdas =   FALSE
      coul-lambdas =   TRUE
       vdw-lambdas =   TRUE
    bonded-lambdas =   FALSE
 restraint-lambdas =   FALSE
temperature-lambdas =   FALSE
all-lambdas:
       fep-lambdas =            0           0           0           0           0           0           0           0           0           0           0           0           0           0           0           0           0           0           0           0
      mass-lambdas =            0           0           0           0           0           0           0           0           0           0           0           0           0           0           0           0           0           0           0           0
      coul-lambdas =            0        0.05         0.1         0.2         0.3        0.35         0.4        0.45         0.5         0.6         0.7        0.85           1           1           1           1           1           1           1           1
       vdw-lambdas =            0           0           0           0           0           0           0           0           0           0           0           0           0         0.2         0.4         0.5         0.6         0.7         0.8           1
    bonded-lambdas =            0           0           0           0           0           0           0           0           0           0           0           0           0           0           0           0           0           0           0           0
 restraint-lambdas =            0           0           0           0           0           0           0           0           0           0           0           0           0           0           0           0           0           0           0           0
temperature-lambdas =            0           0           0           0           0           0           0           0           0           0           0           0           0           0           0           0           0           0           0           0
   calc-lambda-neighbors          = -1
   dhdl-print-energy              = total
   sc-alpha                       = 0.5
   sc-power                       = 1
   sc-r-power                     = 6
   sc-sigma                       = 0.3
   sc-sigma-min                   = 0.3
   sc-coul                        = false
   dh-hist-size                   = 0
   dh-hist-spacing                = 0.1
   separate-dhdl-file             = yes
   dhdl-derivatives               = yes
   nstexpanded                    = 10
   lmc-stats                      = wang-landau
   lmc-move                       = metropolized-gibbs
   lmc-weights-equil              = wl-delta
   weight-equil-wl-delta          = 0.001
   lmc-seed                       = 1000
   mc-temperature                 = 298
   lmc-repeats                    = 1
   lmc-gibbsdelta                 = -1
   lmc-forced-nstart              = 0
   symmetrized-transition-matrix  = true
   nst-transition-matrix          = 100000
   mininum-var-min                = 100
   weight-c-range                 = 0
   wl-scale                       = 0.8
   wl-ratio                       = 0.8
   init-wl-delta                  = 0.5
   wl-oneovert                    = false
      init-lambda-weights (20):
      init-lambda-weights[0]= 0.00000e+00
      init-lambda-weights[1]= 0.00000e+00
      init-lambda-weights[2]= 0.00000e+00
      init-lambda-weights[3]= 0.00000e+00
      init-lambda-weights[4]= 0.00000e+00
      init-lambda-weights[5]= 0.00000e+00
      init-lambda-weights[6]= 0.00000e+00
      init-lambda-weights[7]= 0.00000e+00
      init-lambda-weights[8]= 0.00000e+00
      init-lambda-weights[9]= 0.00000e+00
      init-lambda-weights[10]= 0.00000e+00
      init-lambda-weights[11]= 0.00000e+00
      init-lambda-weights[12]= 0.00000e+00
      init-lambda-weights[13]= 0.00000e+00
      init-lambda-weights[14]= 0.00000e+00
      init-lambda-weights[15]= 0.00000e+00
      init-lambda-weights[16]= 0.00000e+00
      init-lambda-weights[17]= 0.00000e+00
      init-lambda-weights[18]= 0.00000e+00
      init-lambda-weights[19]= 0.00000e+00
   init-weights                   = false
   cos-acceleration               = 0
   deform (3x3):
      deform[    0]={ 0.00000e+00,  0.00000e+00,  0.00000e+00}
      deform[    1]={ 0.00000e+00,  0.00000e+00,  0.00000e+00}
      deform[    2]={ 0.00000e+00,  0.00000e+00,  0.00000e+00}
   simulated-tempering            = false
   swapcoords                     = no
   userint1                       = 0
   userint2                       = 0
   userint3                       = 0
   userint4                       = 0
   userreal1                      = 0
   userreal2                      = 0
   userreal3                      = 0
   userreal4                      = 0
   applied-forces:
     electric-field:
       x:
         E0                       = 0
         omega                    = 0
         t0                       = 0
         sigma                    = 0
       y:
         E0                       = 0
         omega                    = 0
         t0                       = 0
         sigma                    = 0
       z:
         E0                       = 0
         omega                    = 0
         t0                       = 0
         sigma                    = 0
     density-guided-simulation:
       active                     = false
       group                      = protein
       similarity-measure         = inner-product
       atom-spreading-weight      = unity
       force-constant             = 1e+09
       gaussian-transform-spreading-width = 0.2
       gaussian-transform-spreading-range-in-multiples-of-width = 4
       reference-density-filename = reference.mrc
       nst                        = 1
       normalize-densities        = true
       adaptive-force-scaling     = false
       adaptive-force-scaling-time-constant = 4
       shift-vector               = 
       transformation-matrix      = 
grpopts:
   nrdf:        1707
   ref-t:         298
   tau-t:         0.5
annealing:          No
annealing-npoints:           0
   acc:	           0           0           0
   nfreeze:           N           N           N
   energygrp-flags[  0]: 0

Changing nstlist from 10 to 40, rlist from 0.9 to 0.998

Using 1 MPI thread
Using 16 OpenMP threads 

Pinning threads with an auto-selected logical core stride of 1
System total charge, top. A: 0.000 top. B: 0.000
Will do PME sum in reciprocal space for electrostatic interactions.

++++ PLEASE READ AND CITE THE FOLLOWING REFERENCE ++++
U. Essmann, L. Perera, M. L. Berkowitz, T. Darden, H. Lee and L. G. Pedersen 
A smooth particle mesh Ewald method
J. Chem. Phys. 103 (1995) pp. 8577-8592
-------- -------- --- Thank You --- -------- --------

Using a Gaussian width (1/beta) of 0.288146 nm for Ewald
Potential shift: LJ r^-12: 0.000e+00 r^-6: 0.000e+00, Ewald -1.111e-05
Initialized non-bonded Ewald tables, spacing: 8.85e-04 size: 2259

Generated table with 998 data points for 1-4 COUL.
Tabscale = 500 points/nm
Generated table with 998 data points for 1-4 LJ6.
Tabscale = 500 points/nm
Generated table with 998 data points for 1-4 LJ12.
Tabscale = 500 points/nm
Long Range LJ corr.: <C6> 2.8357e-04 <C12> 2.8091e-07


Using SIMD 4x8 nonbonded short-range kernels

Using a dual 4x8 pair-list setup updated with dynamic pruning:
  outer list: updated every 40 steps, buffer 0.098 nm, rlist 0.998 nm
  inner list: updated every 11 steps, buffer 0.002 nm, rlist 0.902 nm
At tolerance 0.005 kJ/mol/ps per atom, equivalent classical 1x1 list would be:
  outer list: updated every 40 steps, buffer 0.208 nm, rlist 1.108 nm
  inner list: updated every 11 steps, buffer 0.041 nm, rlist 0.941 nm
There are 4 atoms and 2 charges for free energy perturbation
Removing pbc first time

++++ PLEASE READ AND CITE THE FOLLOWING REFERENCE ++++
S. Miyamoto and P. A. Kollman
SETTLE: An Analytical Version of the SHAKE and RATTLE Algorithms for Rigid
Water Models
J. Comp. Chem. 13 (1992) pp. 952-962
-------- -------- --- Thank You --- -------- --------

Initial vector of lambda components:[     0.0000     0.0000     0.0000     0.0000     0.0000     0.0000     0.0000 ]

++++ PLEASE READ AND CITE THE FOLLOWING REFERENCE ++++
G. Bussi, D. Donadio and M. Parrinello
Canonical sampling through velocity rescaling
J. Chem. Phys. 126 (2007) pp. 014101
-------- -------- --- Thank You --- -------- --------

There are: 853 Atoms

Constraining the starting coordinates (step 0)
Center of mass motion removal mode is Linear
We have the following groups for center of mass motion removal:
  0:  rest
RMS relative constraint deviation after constraining: 0.00e+00
Initial temperature: 291.815 K

Started mdrun on rank 0 Wed Mar  9 02:49:32 2022

           Step           Time
              0        0.00000

   Energies (kJ/mol)
           Bond          Angle    Proper Dih.          LJ-14     Coulomb-14
    1.31200e+00    2.51372e+00    1.61011e-01    3.13035e+00   -1.46570e+01
        LJ (SR)  Disper. corr.   Coulomb (SR)   Coul. recip.      Potential
    1.56611e+03   -7.29839e+01   -1.25655e+04    1.11542e+02   -1.09684e+04
    Kinetic En.   Total Energy  Conserved En.    Temperature Pres. DC (bar)
    2.07083e+03   -8.89757e+03   -8.89757e+03    2.91815e+02   -1.36979e+02
 Pressure (bar)      dVcoul/dl       dVvdw/dl
   -4.13939e+02    1.85143e+01    4.35999e+00

           Step           Time
           1000        2.00000

             MC-lambda information
  Wang-Landau incrementor is:         0.5
  N  CoulL   VdwL    Count   G(in kT)  dG(in kT)
  1  0.000  0.000       17    0.00000    1.50000 <<
  2  0.050  0.000       14    1.50000    1.00000   
  3  0.100  0.000       12    2.50000    1.00000   
  4  0.200  0.000       10    3.50000    1.00000   
  5  0.300  0.000        8    4.50000    0.00000   
  6  0.350  0.000        8    4.50000    0.50000   
  7  0.400  0.000        7    5.00000    0.50000   
  8  0.450  0.000        6    5.50000    0.50000   
  9  0.500  0.000        5    6.00000    0.50000   
 10  0.600  0.000        4    6.50000   -0.50000   
 11  0.700  0.000        5    6.00000    1.00000   
 12  0.850  0.000        3    7.00000    1.00000   
 13  1.000  0.000        1    8.00000    0.50000   
 14  1.000  0.200        0    8.50000    0.00000   
 15  1.000  0.400        0    8.50000    0.00000   
 16  1.000  0.500        0    8.50000    0.00000   
 17  1.000  0.600        0    8.50000    0.00000   
 18  1.000  0.700        0    8.50000    0.00000   
 19  1.000  0.800        0    8.50000    0.00000   
 20  1.000  1.000        0    8.50000    0.00000   

   Energies (kJ/mol)
           Bond          Angle    Proper Dih.          LJ-14     Coulomb-14
    5.16193e-01    2.94721e+00    6.00100e-03    9.97698e+00   -1.56985e+01
        LJ (SR)  Disper. corr.   Coulomb (SR)   Coul. recip.      Potential
    1.73922e+03   -7.29839e+01   -1.31447e+04    1.23223e+02   -1.13575e+04
    Kinetic En.   Total Energy  Conserved En.    Temperature Pres. DC (bar)
    2.06509e+03   -9.29240e+03   -8.90516e+03    2.91005e+02   -1.36979e+02
 Pressure (bar)      dVcoul/dl       dVvdw/dl
   -3.14775e+02    1.70687e+01    1.25379e+01

           Step           Time
           2000        4.00000

             MC-lambda information
  Wang-Landau incrementor is:         0.5
  N  CoulL   VdwL    Count   G(in kT)  dG(in kT)
  1  0.000  0.000       17    0.00000    1.00000   
  2  0.050  0.000       15    1.00000    1.50000   
  3  0.100  0.000       12    2.50000   -1.00000   
  4  0.200  0.000       14    1.50000    1.00000   
  5  0.300  0.000       12    2.50000    1.00000   
  6  0.350  0.000       10    3.50000    0.50000   
  7  0.400  0.000        9    4.00000    0.00000   
  8  0.450  0.000        9    4.00000   -0.50000   
  9  0.500  0.000       10    3.50000    1.50000   
 10  0.600  0.000        7    5.00000   -0.50000   
 11  0.700  0.000        8    4.50000    0.50000   
 12  0.850  0.000        7    5.00000   -0.50000   
 13  1.000  0.000        8    4.50000    0.00000 <<
 14  1.000  0.200        8    4.50000   -0.50000   
 15  1.000  0.400        9    4.00000    0.00000   
 16  1.000  0.500        9    4.00000   -1.00000   
 17  1.000  0.600       11    3.00000    0.00000   
 18  1.000  0.700       11    3.00000    1.00000   
 19  1.000  0.800        9    4.00000    2.00000   
 20  1.000  1.000        5    6.00000    0.00000   

   Energies (kJ/mol)
           Bond          Angle    Proper Dih.          LJ-14     Coulomb-14
    1.82767e+00    2.64532e+00    9.80759e-02    3.41428e+00   -1.47246e+01
        LJ (SR)  Disper. corr.   Coulomb (SR)   Coul. recip.      Potential
    1.67201e+03   -7.29839e+01   -1.29954e+04    1.11929e+02   -1.12912e+04
    Kinetic En.   Total Energy  Conserved En.    Temperature Pres. DC (bar)
    2.19854e+03   -9.09263e+03   -8.89942e+03    3.09811e+02   -1.36979e+02
 Pressure (bar)      dVcoul/dl       dVvdw/dl
   -4.81919e+02    5.36227e+00    2.07107e+00

           Step           Time
           3000        6.00000

             MC-lambda information
  Wang-Landau incrementor is:         0.5
  N  CoulL   VdwL    Count   G(in kT)  dG(in kT)
  1  0.000  0.000       19    0.00000    2.00000   
  2  0.050  0.000       15    2.00000   -1.00000   
  3  0.100  0.000       17    1.00000    0.50000   
  4  0.200  0.000       16    1.50000    0.00000   
  5  0.300  0.000       16    1.50000    1.00000   
  6  0.350  0.000       14    2.50000    0.00000   
  7  0.400  0.000       14    2.50000    0.00000   
  8  0.450  0.000       14    2.50000    0.50000   
  9  0.500  0.000       13    3.00000   -1.00000   
 10  0.600  0.000       15    2.00000    1.00000 <<
 11  0.700  0.000       13    3.00000    0.00000   
 12  0.850  0.000       13    3.00000    0.00000   
 13  1.000  0.000       13    3.00000    0.50000   
 14  1.000  0.200       12    3.50000   -1.50000   
 15  1.000  0.400       15    2.00000   -0.50000   
 16  1.000  0.500       16    1.50000   -0.50000   
 17  1.000  0.600       17    1.00000    0.00000   
 18  1.000  0.700       17    1.00000   -0.50000   
 19  1.000  0.800       18    0.50000    2.50000   
 20  1.000  1.000       13    3.00000    0.00000   

   Energies (kJ/mol)
           Bond          Angle    Proper Dih.          LJ-14     Coulomb-14
    1.15290e+00    1.93007e+00    5.77025e-01    5.11633e+00   -1.50623e+01
        LJ (SR)  Disper. corr.   Coulomb (SR)   Coul. recip.      Potential
    1.86267e+03   -7.29839e+01   -1.33204e+04    1.09137e+02   -1.14278e+04
    Kinetic En.   Total Energy  Conserved En.    Temperature Pres. DC (bar)
    2.22646e+03   -9.20138e+03   -8.91078e+03    3.13745e+02   -1.36979e+02
 Pressure (bar)      dVcoul/dl       dVvdw/dl
    3.86531e+02    1.20731e+01   -6.40115e+01


Step 3050: weights are now: 0.00000 1.00000 0.50000 1.50000 1.50000 2.00000 2.50000 2.50000 3.00000 2.00000 3.00000 3.00000 3.00000 3.00000 2.00000 1.50000 1.00000 1.00000 0.50000 3.00000
           Step           Time
           4000        8.00000

             MC-lambda information
  Wang-Landau incrementor is:         0.4
  N  CoulL   VdwL    Count   G(in kT)  dG(in kT)
  1  0.000  0.000        7    0.00000    0.20000   
  2  0.050  0.000        9    0.20000    0.30000   
  3  0.100  0.000        7    0.50000    0.60000   
  4  0.200  0.000        8    1.10000    0.40000   
  5  0.300  0.000        7    1.50000    0.90000   
  6  0.350  0.000        6    2.40000    0.10000   
  7  0.400  0.000        7    2.50000   -0.40000   
  8  0.450  0.000        8    2.10000    0.10000   
  9  0.500  0.000        9    2.20000    0.20000 <<
 10  0.600  0.000        6    2.40000    1.00000   
 11  0.700  0.000        6    3.40000    0.00000   
 12  0.850  0.000        6    3.40000    0.00000   
 13  1.000  0.000        6    3.40000    1.20000   
 14  1.000  0.200        3    4.60000    0.20000   
 15  1.000  0.400        0    4.80000   -0.50000   
 16  1.000  0.500        0    4.30000   -0.50000   
 17  1.000  0.600        0    3.80000    0.00000   
 18  1.000  0.700        0    3.80000   -0.50000   
 19  1.000  0.800        0    3.30000    2.50000   
 20  1.000  1.000        0    5.80000    0.00000   

   Energies (kJ/mol)
           Bond          Angle    Proper Dih.          LJ-14     Coulomb-14
    4.84051e-01    4.99189e+00    2.77026e-01    1.85188e+00   -1.42867e+01
        LJ (SR)  Disper. corr.   Coulomb (SR)   Coul. recip.      Potential
    1.90375e+03   -7.29839e+01   -1.33607e+04    1.31157e+02   -1.14054e+04
    Kinetic En.   Total Energy  Conserved En.    Temperature Pres. DC (bar)
    2.09140e+03   -9.31404e+03   -8.91437e+03    2.94714e+02   -1.36979e+02
 Pressure (bar)      dVcoul/dl       dVvdw/dl
    3.04118e+02    1.15392e+01   -1.10234e+00

           Step           Time
           5000       10.00000

             MC-lambda information
  Wang-Landau incrementor is:         0.4
  N  CoulL   VdwL    Count   G(in kT)  dG(in kT)
  1  0.000  0.000       15    0.00000    1.40000   
  2  0.050  0.000       14    1.40000    0.70000   
  3  0.100  0.000       11    2.10000    0.60000   
  4  0.200  0.000       12    2.70000   -0.40000 <<
  5  0.300  0.000       13    2.30000    0.50000   
  6  0.350  0.000       13    2.80000    0.10000   
  7  0.400  0.000       14    2.90000    0.40000   
  8  0.450  0.000       13    3.30000    0.10000   
  9  0.500  0.000       14    3.40000   -0.60000   
 10  0.600  0.000       13    2.80000    1.00000   
 11  0.700  0.000       13    3.80000    0.00000   
 12  0.850  0.000       13    3.80000    0.00000   
 13  1.000  0.000       13    3.80000    0.80000   
 14  1.000  0.200       11    4.60000    1.00000   
 15  1.000  0.400        6    5.60000   -0.10000   
 16  1.000  0.500        5    5.50000    1.10000   
 17  1.000  0.600        1    6.60000    0.00000   
 18  1.000  0.700        1    6.60000   -0.10000   
 19  1.000  0.800        0    6.50000    2.50000   
 20  1.000  1.000        0    9.00000    0.00000   

   Energies (kJ/mol)
           Bond          Angle    Proper Dih.          LJ-14     Coulomb-14
    1.54152e+00    2.28341e-01    6.97410e-01    5.60551e+00   -1.51436e+01
        LJ (SR)  Disper. corr.   Coulomb (SR)   Coul. recip.      Potential
    1.81748e+03   -7.29839e+01   -1.30164e+04    1.12769e+02   -1.11662e+04
    Kinetic En.   Total Energy  Conserved En.    Temperature Pres. DC (bar)
    2.16660e+03   -8.99963e+03   -8.90898e+03    3.05309e+02   -1.36979e+02
 Pressure (bar)      dVcoul/dl       dVvdw/dl
    8.48062e+02    2.11959e+01    1.70369e+01

           Step           Time
           6000       12.00000

             MC-lambda information
  Wang-Landau incrementor is:         0.4
  N  CoulL   VdwL    Count   G(in kT)  dG(in kT)
  1  0.000  0.000       19    0.00000    1.00000   
  2  0.050  0.000       19    1.00000   -0.10000   
  3  0.100  0.000       18    0.90000    0.60000   
  4  0.200  0.000       19    1.50000    0.80000   
  5  0.300  0.000       17    2.30000   -1.10000   
  6  0.350  0.000       21    1.20000    1.70000 <<
  7  0.400  0.000       18    2.90000   -0.40000   
  8  0.450  0.000       19    2.50000    0.50000   
  9  0.500  0.000       19    3.00000   -0.20000   
 10  0.600  0.000       17    2.80000    0.20000   
 11  0.700  0.000       19    3.00000   -0.40000   
 12  0.850  0.000       20    2.60000    0.40000   
 13  1.000  0.000       19    3.00000    0.80000   
 14  1.000  0.200       17    3.80000    2.20000   
 15  1.000  0.400        9    6.00000   -0.90000   
 16  1.000  0.500       10    5.10000    0.30000   
 17  1.000  0.600        8    5.40000    2.00000   
 18  1.000  0.700        3    7.40000   -0.10000   
 19  1.000  0.800        2    7.30000    2.50000   
 20  1.000  1.000        2    9.80000    0.00000   

   Energies (kJ/mol)
           Bond          Angle    Proper Dih.          LJ-14     Coulomb-14
    1.27173e+00    6.06516e-01    7.09423e-01    5.95335e+00   -1.51982e+01
        LJ (SR)  Disper. corr.   Coulomb (SR)   Coul. recip.      Potential
    1.68007e+03   -7.29839e+01   -1.29005e+04    1.12905e+02   -1.11871e+04
    Kinetic En.   Total Energy  Conserved En.    Temperature Pres. DC (bar)
    2.14425e+03   -9.04288e+03   -8.91424e+03    3.02161e+02   -1.36979e+02
 Pressure (bar)      dVcoul/dl       dVvdw/dl
   -2.81920e+02    8.26415e+00    1.92539e+01

           Step           Time
           7000       14.00000

             MC-lambda information
  Wang-Landau incrementor is:         0.4
  N  CoulL   VdwL    Count   G(in kT)  dG(in kT)
  1  0.000  0.000       27    0.00000    1.00000 <<
  2  0.050  0.000       27    1.00000    0.30000   
  3  0.100  0.000       25    1.30000    1.00000   
  4  0.200  0.000       25    2.30000    0.00000   
  5  0.300  0.000       25    2.30000    0.50000   
  6  0.350  0.000       25    2.80000    0.90000   
  7  0.400  0.000       24    3.70000    0.40000   
  8  0.450  0.000       23    4.10000   -0.30000   
  9  0.500  0.000       25    3.80000   -0.60000   
 10  0.600  0.000       24    3.20000    0.60000   
 11  0.700  0.000       25    3.80000    0.40000   
 12  0.850  0.000       24    4.20000    0.00000   
 13  1.000  0.000       24    4.20000    0.80000   
 14  1.000  0.200       22    5.00000    1.80000   
 15  1.000  0.400       15    6.80000    0.30000   
 16  1.000  0.500       13    7.10000    0.70000   
 17  1.000  0.600       10    7.80000    1.60000   
 18  1.000  0.700        6    9.40000    0.70000   
 19  1.000  0.800        3   10.10000    2.50000   
 20  1.000  1.000        3   12.60000    0.00000   

   Energies (kJ/mol)
           Bond          Angle    Proper Dih.          LJ-14     Coulomb-14
    8.80281e-01    3.42383e+00    8.21968e-01    4.00863e+00   -1.48541e+01
        LJ (SR)  Disper. corr.   Coulomb (SR)   Coul. recip.      Potential
    1.91418e+03   -7.29839e+01   -1.33066e+04    1.17823e+02   -1.13533e+04
    Kinetic En.   Total Energy  Conserved En.    Temperature Pres. DC (bar)
    2.21105e+03   -9.14228e+03   -8.90881e+03    3.11573e+02   -1.36979e+02
 Pressure (bar)      dVcoul/dl       dVvdw/dl
    8.40016e+02    1.44738e+01    1.68990e+01

           Step           Time
           8000       16.00000

             MC-lambda information
  Wang-Landau incrementor is:         0.4
  N  CoulL   VdwL    Count   G(in kT)  dG(in kT)
  1  0.000  0.000       27    0.00000    0.60000   
  2  0.050  0.000       28    0.60000   -0.10000   
  3  0.100  0.000       27    0.50000    1.40000   
  4  0.200  0.000       26    1.90000   -0.40000   
  5  0.300  0.000       27    1.50000    0.90000   
  6  0.350  0.000       26    2.40000    0.90000   
  7  0.400  0.000       25    3.30000   -0.40000   
  8  0.450  0.000       26    2.90000    0.50000   
  9  0.500  0.000       26    3.40000   -0.60000   
 10  0.600  0.000       25    2.80000    0.60000   
 11  0.700  0.000       26    3.40000   -0.40000   
 12  0.850  0.000       27    3.00000    0.80000   
 13  1.000  0.000       25    3.80000    0.80000   
 14  1.000  0.200       23    4.60000    1.40000   
 15  1.000  0.400       17    6.00000    0.70000   
 16  1.000  0.500       14    6.70000   -0.10000   
 17  1.000  0.600       13    6.60000   -3.60000   
 18  1.000  0.700       22    3.00000   -2.90000   
 19  1.000  0.800       28    0.10000   -1.10000   
 20  1.000  1.000       37   -1.00000    0.00000 <<

   Energies (kJ/mol)
           Bond          Angle    Proper Dih.          LJ-14     Coulomb-14
    4.68193e+00    5.32790e+00    1.52864e-01    2.91651e+00   -1.46032e+01
        LJ (SR)  Disper. corr.   Coulomb (SR)   Coul. recip.      Potential
    1.67883e+03   -7.05328e+01   -1.29634e+04    1.12148e+02   -1.12445e+04
    Kinetic En.   Total Energy  Conserved En.    Temperature Pres. DC (bar)
    2.06676e+03   -9.17771e+03   -8.87226e+03    2.91241e+02   -1.32379e+02
 Pressure (bar)      dVcoul/dl       dVvdw/dl
   -1.01710e+03   -1.45092e+00   -1.03978e+00

           Step           Time
           9000       18.00000

             MC-lambda information
  Wang-Landau incrementor is:         0.4
  N  CoulL   VdwL    Count   G(in kT)  dG(in kT)
  1  0.000  0.000       31    0.00000    1.40000   
  2  0.050  0.000       30    1.40000   -0.10000   
  3  0.100  0.000       29    1.30000    1.00000   
  4  0.200  0.000       29    2.30000    0.40000   
  5  0.300  0.000       28    2.70000    0.90000   
  6  0.350  0.000       27    3.60000   -0.70000   
  7  0.400  0.000       30    2.90000    0.40000   
  8  0.450  0.000       29    3.30000    0.10000   
  9  0.500  0.000       30    3.40000    0.60000 <<
 10  0.600  0.000       26    4.00000    0.20000   
 11  0.700  0.000       28    4.20000   -0.40000   
 12  0.850  0.000       29    3.80000    0.80000   
 13  1.000  0.000       27    4.60000    0.00000   
 14  1.000  0.200       27    4.60000    0.20000   
 15  1.000  0.400       24    4.80000   -0.90000   
 16  1.000  0.500       25    3.90000   -0.90000   
 17  1.000  0.600       26    3.00000   -2.40000   
 18  1.000  0.700       32    0.60000   -3.70000   
 19  1.000  0.800       40   -3.10000   -0.70000   
 20  1.000  1.000       48   -3.80000    0.00000   

   Energies (kJ/mol)
           Bond          Angle    Proper Dih.          LJ-14     Coulomb-14
    1.50449e+00    5.36488e-01    4.65048e+00    5.95156e+00   -1.51980e+01
        LJ (SR)  Disper. corr.   Coulomb (SR)   Coul. recip.      Potential
    1.74900e+03   -7.29839e+01   -1.29567e+04    1.18768e+02   -1.11645e+04
    Kinetic En.   Total Energy  Conserved En.    Temperature Pres. DC (bar)
    2.02797e+03   -9.13652e+03   -8.82853e+03    2.85775e+02   -1.36979e+02
 Pressure (bar)      dVcoul/dl       dVvdw/dl
    3.02192e+02    1.88066e+01    1.88933e+01

           Step           Time
          10000       20.00000

Writing checkpoint, step 10000 at Wed Mar  9 02:51:25 2022


             MC-lambda information
  Wang-Landau incrementor is:         0.4
  N  CoulL   VdwL    Count   G(in kT)  dG(in kT)
  1  0.000  0.000       36    0.00000    0.20000   
  2  0.050  0.000       38    0.20000   -0.10000   
  3  0.100  0.000       37    0.10000    0.60000   
  4  0.200  0.000       38    0.70000    2.00000   
  5  0.300  0.000       33    2.70000   -0.30000   
  6  0.350  0.000       35    2.40000    0.10000   
  7  0.400  0.000       36    2.50000    0.40000   
  8  0.450  0.000       35    2.90000    0.50000   
  9  0.500  0.000       35    3.40000   -0.60000 <<
 10  0.600  0.000       34    2.80000    1.00000   
 11  0.700  0.000       34    3.80000    0.00000   
 12  0.850  0.000       34    3.80000    0.40000   
 13  1.000  0.000       33    4.20000    0.40000   
 14  1.000  0.200       32    4.60000    0.20000   
 15  1.000  0.400       29    4.80000   -0.50000   
 16  1.000  0.500       29    4.30000    0.30000   
 17  1.000  0.600       27    4.60000   -2.00000   
 18  1.000  0.700       32    2.60000   -3.70000   
 19  1.000  0.800       40   -1.10000   -0.70000   
 20  1.000  1.000       48   -1.80000    0.00000   

   Energies (kJ/mol)
           Bond          Angle    Proper Dih.          LJ-14     Coulomb-14
    1.06456e-01    4.05937e+00    2.57056e-01    1.03155e+01   -1.57327e+01
        LJ (SR)  Disper. corr.   Coulomb (SR)   Coul. recip.      Potential
    1.98284e+03   -7.29839e+01   -1.33172e+04    1.08183e+02   -1.13002e+04
    Kinetic En.   Total Energy  Conserved En.    Temperature Pres. DC (bar)
    2.12214e+03   -9.17806e+03   -8.85046e+03    2.99045e+02   -1.36979e+02
 Pressure (bar)      dVcoul/dl       dVvdw/dl
    1.49745e+03    3.90426e+00    2.77447e+01


Energy conservation over simulation part #1 of length 20 ns, time 0 to 20 ns
  Conserved energy drift: 2.76e-03 kJ/mol/ps per atom


	<======  ###############  ==>
	<====  A V E R A G E S  ====>
	<==  ###############  ======>

	Statistics over 10001 steps using 10001 frames

   Energies (kJ/mol)
           Bond          Angle    Proper Dih.          LJ-14     Coulomb-14
    1.42564e+00    2.40678e+00    8.82737e-01    4.23577e+00   -1.48415e+01
        LJ (SR)  Disper. corr.   Coulomb (SR)   Coul. recip.      Potential
    1.74891e+03   -7.24516e+01   -1.30563e+04    1.10545e+02   -1.12752e+04
    Kinetic En.   Total Energy  Conserved En.    Temperature Pres. DC (bar)
    2.12310e+03   -9.15210e+03   -8.89277e+03    2.99180e+02   -1.35980e+02
 Pressure (bar)      dVcoul/dl       dVvdw/dl
   -1.36597e+02    8.41033e+00    2.02165e+00

   Total Virial (kJ/mol)
    7.56870e+02    3.34530e+00   -2.81314e-01
    3.36052e+00    7.48973e+02    1.13973e+01
   -2.63200e-01    1.14015e+01    7.26307e+02

   Pressure (bar)
   -1.81129e+02   -9.52360e+00    1.06678e+01
   -9.58079e+00   -1.46646e+02   -3.19994e+01
    1.05997e+01   -3.20150e+01   -8.20176e+01


	M E G A - F L O P S   A C C O U N T I N G

 NB=Group-cutoff nonbonded kernels    NxN=N-by-N cluster Verlet kernels
 RF=Reaction-Field  VdW=Van der Waals  QSTab=quadratic-spline table
 W3=SPC/TIP3p  W4=TIP4p (single or pairs)
 V&F=Potential and force  V=Potential only  F=Force only

 Computing:                               M-Number         M-Flops  % Flops
-----------------------------------------------------------------------------
 NB Free energy kernel                16501.991736       16501.992     3.2
 Pair Search distance check              72.721078         654.490     0.1
 NxN Ewald Elec. + LJ [V&F]            2003.231456      254410.395    50.0
 NxN Ewald Elec. [V&F]                 1941.865952      163116.740    32.1
 1,4 nonbonded interactions               0.010001           0.900     0.0
 Calc Weights                            25.592559         921.332     0.2
 Spread Q Bspline                      1091.949184        2183.898     0.4
 Gather F Bspline                      1091.949184        6551.695     1.3
 3D-FFT                                7606.640588       60853.125    12.0
 Solve PME                               11.521152         737.354     0.1
 Shift-X                                  0.214103           1.285     0.0
 Bonds                                    0.030003           1.770     0.0
 Angles                                   0.020002           3.360     0.0
 Propers                                  0.010001           2.290     0.0
 Virial                                   8.980898         161.656     0.0
 Stop-CM                                  8.531706          85.317     0.0
 Calc-Ekin                                8.530853         230.333     0.0
 Constraint-V                             8.490849          76.418     0.0
 Constraint-Vir                           8.490849         203.780     0.0
 Settle                                   5.661132        2094.619     0.4
-----------------------------------------------------------------------------
 Total                                                  508792.749   100.0
-----------------------------------------------------------------------------


     R E A L   C Y C L E   A N D   T I M E   A C C O U N T I N G

On 1 MPI rank, each using 16 OpenMP threads

 Computing:          Num   Num      Call    Wall time         Giga-Cycles
                     Ranks Threads  Count      (s)         total sum    %
-----------------------------------------------------------------------------
 Neighbor search        1   16        251       0.681         22.838   0.6
 Force                  1   16      10001      27.179        911.064  24.2
 PME mesh               1   16      10001      49.954       1674.520  44.5
 NB X/F buffer ops.     1   16      19751      11.002        368.806   9.8
 Write traj.            1   16         11       0.018          0.602   0.0
 Update                 1   16      40004       7.086        237.541   6.3
 Constraints            1   16      20004       3.699        123.982   3.3
 Rest                                          12.581        421.729  11.2
-----------------------------------------------------------------------------
 Total                                        112.201       3761.082 100.0
-----------------------------------------------------------------------------
 Breakdown of PME mesh computation
-----------------------------------------------------------------------------
 PME spread             1   16      20002      12.600        422.351  11.2
 PME gather             1   16      20002      17.335        581.094  15.5
 PME 3D-FFT             1   16      40004      19.687        659.937  17.5
 PME solve Elec         1   16      20002       0.276          9.260   0.2
-----------------------------------------------------------------------------

               Core t (s)   Wall t (s)        (%)
       Time:     1795.213      112.201     1600.0
                 (ns/day)    (hour/ns)
Performance:       15.402        1.558
Finished mdrun on rank 0 Wed Mar  9 02:51:25 2022

