                 :-) GROMACS - GROMACS, 2021.4-plumed-2.7.3 (-:

                            GROMACS is written by:
     Andrey Alekseenko              Emile Apol              Rossen Apostolov     
         Paul Bauer           Herman J.C. Berendsen           Par Bjelkmar       
       Christian Blau           Viacheslav Bolnykh             Kevin Boyd        
     Aldert van Buuren           Rudi van Drunen             Anton Feenstra      
    Gilles Gouaillardet             Alan Gray               Gerrit Groenhof      
       Anca Hamuraru            Vincent Hindriksen          M. Eric Irrgang      
      Aleksei Iupinov           Christoph Junghans             Joe Jordan        
    Dimitrios Karkoulis            Peter Kasson                Jiri Kraus        
      Carsten Kutzner              Per Larsson              Justin A. Lemkul     
       Viveca Lindahl            Magnus Lundborg             Erik Marklund       
        Pascal Merz             Pieter Meulenhoff            Teemu Murtola       
        Szilard Pall               Sander Pronk              Roland Schulz       
       Michael Shirts            Alexey Shvetsov             Alfons Sijbers      
       Peter Tieleman              Jon Vincent              Teemu Virolainen     
     Christian Wennberg            Maarten Wolf              Artem Zhmurov       
                           and the project leaders:
        Mark Abraham, Berk Hess, Erik Lindahl, and David van der Spoel

Copyright (c) 1991-2000, University of Groningen, The Netherlands.
Copyright (c) 2001-2019, The GROMACS development team at
Uppsala University, Stockholm University and
the Royal Institute of Technology, Sweden.
check out http://www.gromacs.org for more information.

GROMACS is free software; you can redistribute it and/or modify it
under the terms of the GNU Lesser General Public License
as published by the Free Software Foundation; either version 2.1
of the License, or (at your option) any later version.

GROMACS:      GROMACS, version 2021.4-plumed-2.7.3
Working dir:  /home/wei-tse/Documents/gmxapi_practice/EE/case_1/mdrun_0_i0_0
Process ID:   24304

GROMACS version:    2021.4-plumed-2.7.3
Precision:          mixed
Memory model:       64 bit
MPI library:        thread_mpi
OpenMP support:     enabled (GMX_OPENMP_MAX_THREADS = 64)
GPU support:        disabled
SIMD instructions:  AVX2_256
FFT library:        fftw-3.3.8-sse2-avx-avx2-avx2_128
RDTSCP usage:       enabled
TNG support:        enabled
Hwloc support:      disabled
Tracing support:    disabled
C compiler:         /usr/bin/cc GNU 7.5.0
C compiler flags:   -mavx2 -mfma -Wno-missing-field-initializers -fexcess-precision=fast -funroll-all-loops -O3 -DNDEBUG
C++ compiler:       /usr/bin/c++ GNU 7.5.0
C++ compiler flags: -mavx2 -mfma -Wno-missing-field-initializers -fexcess-precision=fast -funroll-all-loops -fopenmp -O3 -DNDEBUG


Running on 1 node with total 8 cores, 16 logical cores
Hardware detected:
  CPU info:
    Vendor: Intel
    Brand:  Intel(R) Xeon(R) Silver 4110 CPU @ 2.10GHz
    Family: 6   Model: 85   Stepping: 4
    Features: aes apic avx avx2 avx512f avx512cd avx512bw avx512vl clfsh cmov cx8 cx16 f16c fma hle htt intel lahf mmx msr nonstop_tsc pcid pclmuldq pdcm pdpe1gb popcnt pse rdrnd rdtscp rtm sse2 sse3 sse4.1 sse4.2 ssse3 tdt x2apic
    Number of AVX-512 FMA units: 1 (AVX2 is faster w/o 2 AVX-512 FMA units)
  Hardware topology: Basic
    Sockets, cores, and logical processors:
      Socket  0: [   0   8] [   1   9] [   2  10] [   3  11] [   4  12] [   5  13] [   6  14] [   7  15]


++++ PLEASE READ AND CITE THE FOLLOWING REFERENCE ++++
M. J. Abraham, T. Murtola, R. Schulz, S. Páll, J. C. Smith, B. Hess, E.
Lindahl
GROMACS: High performance molecular simulations through multi-level
parallelism from laptops to supercomputers
SoftwareX 1 (2015) pp. 19-25
-------- -------- --- Thank You --- -------- --------


++++ PLEASE READ AND CITE THE FOLLOWING REFERENCE ++++
S. Páll, M. J. Abraham, C. Kutzner, B. Hess, E. Lindahl
Tackling Exascale Software Challenges in Molecular Dynamics Simulations with
GROMACS
In S. Markidis & E. Laure (Eds.), Solving Software Challenges for Exascale 8759 (2015) pp. 3-27
-------- -------- --- Thank You --- -------- --------


++++ PLEASE READ AND CITE THE FOLLOWING REFERENCE ++++
S. Pronk, S. Páll, R. Schulz, P. Larsson, P. Bjelkmar, R. Apostolov, M. R.
Shirts, J. C. Smith, P. M. Kasson, D. van der Spoel, B. Hess, and E. Lindahl
GROMACS 4.5: a high-throughput and highly parallel open source molecular
simulation toolkit
Bioinformatics 29 (2013) pp. 845-54
-------- -------- --- Thank You --- -------- --------


++++ PLEASE READ AND CITE THE FOLLOWING REFERENCE ++++
B. Hess and C. Kutzner and D. van der Spoel and E. Lindahl
GROMACS 4: Algorithms for highly efficient, load-balanced, and scalable
molecular simulation
J. Chem. Theory Comput. 4 (2008) pp. 435-447
-------- -------- --- Thank You --- -------- --------


++++ PLEASE READ AND CITE THE FOLLOWING REFERENCE ++++
D. van der Spoel, E. Lindahl, B. Hess, G. Groenhof, A. E. Mark and H. J. C.
Berendsen
GROMACS: Fast, Flexible and Free
J. Comp. Chem. 26 (2005) pp. 1701-1719
-------- -------- --- Thank You --- -------- --------


++++ PLEASE READ AND CITE THE FOLLOWING REFERENCE ++++
E. Lindahl and B. Hess and D. van der Spoel
GROMACS 3.0: A package for molecular simulation and trajectory analysis
J. Mol. Mod. 7 (2001) pp. 306-317
-------- -------- --- Thank You --- -------- --------


++++ PLEASE READ AND CITE THE FOLLOWING REFERENCE ++++
H. J. C. Berendsen, D. van der Spoel and R. van Drunen
GROMACS: A message-passing parallel molecular dynamics implementation
Comp. Phys. Comm. 91 (1995) pp. 43-56
-------- -------- --- Thank You --- -------- --------

Input Parameters:
   integrator                     = md-vv
   tinit                          = 0
   dt                             = 0.002
   nsteps                         = 10000
   init-step                      = 0
   simulation-part                = 1
   mts                            = false
   comm-mode                      = Linear
   nstcomm                        = 1
   bd-fric                        = 0
   ld-seed                        = -1916929541
   emtol                          = 10
   emstep                         = 0.01
   niter                          = 20
   fcstep                         = 0
   nstcgsteep                     = 1000
   nbfgscorr                      = 10
   rtpi                           = 0.05
   nstxout                        = 0
   nstvout                        = 0
   nstfout                        = 0
   nstlog                         = 1000
   nstcalcenergy                  = 1
   nstenergy                      = 1000
   nstxout-compressed             = 1000
   compressed-x-precision         = 1000
   cutoff-scheme                  = Verlet
   nstlist                        = 10
   pbc                            = xyz
   periodic-molecules             = false
   verlet-buffer-tolerance        = 0.005
   rlist                          = 0.9
   coulombtype                    = PME
   coulomb-modifier               = Potential-shift
   rcoulomb-switch                = 0.89
   rcoulomb                       = 0.9
   epsilon-r                      = 1
   epsilon-rf                     = inf
   vdw-type                       = Cut-off
   vdw-modifier                   = Potential-switch
   rvdw-switch                    = 0.85
   rvdw                           = 0.9
   DispCorr                       = AllEnerPres
   table-extension                = 1
   fourierspacing                 = 0.1
   fourier-nx                     = 24
   fourier-ny                     = 24
   fourier-nz                     = 24
   pme-order                      = 4
   ewald-rtol                     = 1e-05
   ewald-rtol-lj                  = 0.001
   lj-pme-comb-rule               = Geometric
   ewald-geometry                 = 0
   epsilon-surface                = 0
   tcoupl                         = V-rescale
   nsttcouple                     = 1
   nh-chain-length                = 0
   print-nose-hoover-chain-variables = false
   pcoupl                         = No
   pcoupltype                     = Isotropic
   nstpcouple                     = -1
   tau-p                          = 1
   compressibility (3x3):
      compressibility[    0]={ 0.00000e+00,  0.00000e+00,  0.00000e+00}
      compressibility[    1]={ 0.00000e+00,  0.00000e+00,  0.00000e+00}
      compressibility[    2]={ 0.00000e+00,  0.00000e+00,  0.00000e+00}
   ref-p (3x3):
      ref-p[    0]={ 0.00000e+00,  0.00000e+00,  0.00000e+00}
      ref-p[    1]={ 0.00000e+00,  0.00000e+00,  0.00000e+00}
      ref-p[    2]={ 0.00000e+00,  0.00000e+00,  0.00000e+00}
   refcoord-scaling               = No
   posres-com (3):
      posres-com[0]= 0.00000e+00
      posres-com[1]= 0.00000e+00
      posres-com[2]= 0.00000e+00
   posres-comB (3):
      posres-comB[0]= 0.00000e+00
      posres-comB[1]= 0.00000e+00
      posres-comB[2]= 0.00000e+00
   QMMM                           = false
qm-opts:
   ngQM                           = 0
   constraint-algorithm           = Lincs
   continuation                   = false
   Shake-SOR                      = false
   shake-tol                      = 0.0001
   lincs-order                    = 12
   lincs-iter                     = 2
   lincs-warnangle                = 30
   nwall                          = 0
   wall-type                      = 9-3
   wall-r-linpot                  = -1
   wall-atomtype[0]               = -1
   wall-atomtype[1]               = -1
   wall-density[0]                = 0
   wall-density[1]                = 0
   wall-ewald-zfac                = 3
   pull                           = false
   awh                            = false
   rotation                       = false
   interactiveMD                  = false
   disre                          = No
   disre-weighting                = Conservative
   disre-mixed                    = false
   dr-fc                          = 1000
   dr-tau                         = 0
   nstdisreout                    = 100
   orire-fc                       = 0
   orire-tau                      = 0
   nstorireout                    = 100
   free-energy                    = expanded
   init-lambda                    = -1
   init-lambda-state              = 0
   delta-lambda                   = 0
   nstdhdl                        = 1000
   n-lambdas                      = 20
   separate-dvdl:
       fep-lambdas =   FALSE
      mass-lambdas =   FALSE
      coul-lambdas =   TRUE
       vdw-lambdas =   TRUE
    bonded-lambdas =   FALSE
 restraint-lambdas =   FALSE
temperature-lambdas =   FALSE
all-lambdas:
       fep-lambdas =            0           0           0           0           0           0           0           0           0           0           0           0           0           0           0           0           0           0           0           0
      mass-lambdas =            0           0           0           0           0           0           0           0           0           0           0           0           0           0           0           0           0           0           0           0
      coul-lambdas =            0        0.05         0.1         0.2         0.3        0.35         0.4        0.45         0.5         0.6         0.7        0.85           1           1           1           1           1           1           1           1
       vdw-lambdas =            0           0           0           0           0           0           0           0           0           0           0           0           0         0.2         0.4         0.5         0.6         0.7         0.8           1
    bonded-lambdas =            0           0           0           0           0           0           0           0           0           0           0           0           0           0           0           0           0           0           0           0
 restraint-lambdas =            0           0           0           0           0           0           0           0           0           0           0           0           0           0           0           0           0           0           0           0
temperature-lambdas =            0           0           0           0           0           0           0           0           0           0           0           0           0           0           0           0           0           0           0           0
   calc-lambda-neighbors          = -1
   dhdl-print-energy              = total
   sc-alpha                       = 0.5
   sc-power                       = 1
   sc-r-power                     = 6
   sc-sigma                       = 0.3
   sc-sigma-min                   = 0.3
   sc-coul                        = false
   dh-hist-size                   = 0
   dh-hist-spacing                = 0.1
   separate-dhdl-file             = yes
   dhdl-derivatives               = yes
   nstexpanded                    = 10
   lmc-stats                      = wang-landau
   lmc-move                       = metropolized-gibbs
   lmc-weights-equil              = wl-delta
   weight-equil-wl-delta          = 0.001
   lmc-seed                       = 1000
   mc-temperature                 = 298
   lmc-repeats                    = 1
   lmc-gibbsdelta                 = -1
   lmc-forced-nstart              = 0
   symmetrized-transition-matrix  = true
   nst-transition-matrix          = 100000
   mininum-var-min                = 100
   weight-c-range                 = 0
   wl-scale                       = 0.8
   wl-ratio                       = 0.8
   init-wl-delta                  = 0.5
   wl-oneovert                    = false
      init-lambda-weights (20):
      init-lambda-weights[0]= 0.00000e+00
      init-lambda-weights[1]= 0.00000e+00
      init-lambda-weights[2]= 0.00000e+00
      init-lambda-weights[3]= 0.00000e+00
      init-lambda-weights[4]= 0.00000e+00
      init-lambda-weights[5]= 0.00000e+00
      init-lambda-weights[6]= 0.00000e+00
      init-lambda-weights[7]= 0.00000e+00
      init-lambda-weights[8]= 0.00000e+00
      init-lambda-weights[9]= 0.00000e+00
      init-lambda-weights[10]= 0.00000e+00
      init-lambda-weights[11]= 0.00000e+00
      init-lambda-weights[12]= 0.00000e+00
      init-lambda-weights[13]= 0.00000e+00
      init-lambda-weights[14]= 0.00000e+00
      init-lambda-weights[15]= 0.00000e+00
      init-lambda-weights[16]= 0.00000e+00
      init-lambda-weights[17]= 0.00000e+00
      init-lambda-weights[18]= 0.00000e+00
      init-lambda-weights[19]= 0.00000e+00
   init-weights                   = false
   cos-acceleration               = 0
   deform (3x3):
      deform[    0]={ 0.00000e+00,  0.00000e+00,  0.00000e+00}
      deform[    1]={ 0.00000e+00,  0.00000e+00,  0.00000e+00}
      deform[    2]={ 0.00000e+00,  0.00000e+00,  0.00000e+00}
   simulated-tempering            = false
   swapcoords                     = no
   userint1                       = 0
   userint2                       = 0
   userint3                       = 0
   userint4                       = 0
   userreal1                      = 0
   userreal2                      = 0
   userreal3                      = 0
   userreal4                      = 0
   applied-forces:
     electric-field:
       x:
         E0                       = 0
         omega                    = 0
         t0                       = 0
         sigma                    = 0
       y:
         E0                       = 0
         omega                    = 0
         t0                       = 0
         sigma                    = 0
       z:
         E0                       = 0
         omega                    = 0
         t0                       = 0
         sigma                    = 0
     density-guided-simulation:
       active                     = false
       group                      = protein
       similarity-measure         = inner-product
       atom-spreading-weight      = unity
       force-constant             = 1e+09
       gaussian-transform-spreading-width = 0.2
       gaussian-transform-spreading-range-in-multiples-of-width = 4
       reference-density-filename = reference.mrc
       nst                        = 1
       normalize-densities        = true
       adaptive-force-scaling     = false
       adaptive-force-scaling-time-constant = 4
       shift-vector               = 
       transformation-matrix      = 
grpopts:
   nrdf:        1707
   ref-t:         298
   tau-t:         0.5
annealing:          No
annealing-npoints:           0
   acc:	           0           0           0
   nfreeze:           N           N           N
   energygrp-flags[  0]: 0

Changing nstlist from 10 to 40, rlist from 0.9 to 0.998

Using 1 MPI thread
Using 16 OpenMP threads 

Pinning threads with an auto-selected logical core stride of 1
System total charge, top. A: 0.000 top. B: 0.000
Will do PME sum in reciprocal space for electrostatic interactions.

++++ PLEASE READ AND CITE THE FOLLOWING REFERENCE ++++
U. Essmann, L. Perera, M. L. Berkowitz, T. Darden, H. Lee and L. G. Pedersen 
A smooth particle mesh Ewald method
J. Chem. Phys. 103 (1995) pp. 8577-8592
-------- -------- --- Thank You --- -------- --------

Using a Gaussian width (1/beta) of 0.288146 nm for Ewald
Potential shift: LJ r^-12: 0.000e+00 r^-6: 0.000e+00, Ewald -1.111e-05
Initialized non-bonded Ewald tables, spacing: 8.85e-04 size: 2259

Generated table with 998 data points for 1-4 COUL.
Tabscale = 500 points/nm
Generated table with 998 data points for 1-4 LJ6.
Tabscale = 500 points/nm
Generated table with 998 data points for 1-4 LJ12.
Tabscale = 500 points/nm
Long Range LJ corr.: <C6> 2.8357e-04 <C12> 2.8091e-07


Using SIMD 4x8 nonbonded short-range kernels

Using a dual 4x8 pair-list setup updated with dynamic pruning:
  outer list: updated every 40 steps, buffer 0.098 nm, rlist 0.998 nm
  inner list: updated every 11 steps, buffer 0.002 nm, rlist 0.902 nm
At tolerance 0.005 kJ/mol/ps per atom, equivalent classical 1x1 list would be:
  outer list: updated every 40 steps, buffer 0.208 nm, rlist 1.108 nm
  inner list: updated every 11 steps, buffer 0.041 nm, rlist 0.941 nm
There are 4 atoms and 2 charges for free energy perturbation
Removing pbc first time

++++ PLEASE READ AND CITE THE FOLLOWING REFERENCE ++++
S. Miyamoto and P. A. Kollman
SETTLE: An Analytical Version of the SHAKE and RATTLE Algorithms for Rigid
Water Models
J. Comp. Chem. 13 (1992) pp. 952-962
-------- -------- --- Thank You --- -------- --------

Initial vector of lambda components:[     0.0000     0.0000     0.0000     0.0000     0.0000     0.0000     0.0000 ]

++++ PLEASE READ AND CITE THE FOLLOWING REFERENCE ++++
G. Bussi, D. Donadio and M. Parrinello
Canonical sampling through velocity rescaling
J. Chem. Phys. 126 (2007) pp. 014101
-------- -------- --- Thank You --- -------- --------

There are: 853 Atoms

Constraining the starting coordinates (step 0)
Center of mass motion removal mode is Linear
We have the following groups for center of mass motion removal:
  0:  rest
RMS relative constraint deviation after constraining: 0.00e+00
Initial temperature: 291.815 K

Started mdrun on rank 0 Wed Mar  9 02:49:22 2022

           Step           Time
              0        0.00000

   Energies (kJ/mol)
           Bond          Angle    Proper Dih.          LJ-14     Coulomb-14
    1.31200e+00    2.51372e+00    1.61011e-01    3.13035e+00   -1.46570e+01
        LJ (SR)  Disper. corr.   Coulomb (SR)   Coul. recip.      Potential
    1.56611e+03   -7.29839e+01   -1.25655e+04    1.11542e+02   -1.09684e+04
    Kinetic En.   Total Energy  Conserved En.    Temperature Pres. DC (bar)
    2.07083e+03   -8.89757e+03   -8.89757e+03    2.91815e+02   -1.36979e+02
 Pressure (bar)      dVcoul/dl       dVvdw/dl
   -4.20415e+02    1.85143e+01    4.35999e+00

           Step           Time
           1000        2.00000

             MC-lambda information
  Wang-Landau incrementor is:         0.5
  N  CoulL   VdwL    Count   G(in kT)  dG(in kT)
  1  0.000  0.000       12    0.00000    0.00000   
  2  0.050  0.000       12    0.00000    0.50000 <<
  3  0.100  0.000       11    0.50000    0.50000   
  4  0.200  0.000       10    1.00000    1.00000   
  5  0.300  0.000        8    2.00000   -0.50000   
  6  0.350  0.000        9    1.50000    1.00000   
  7  0.400  0.000        7    2.50000    1.00000   
  8  0.450  0.000        5    3.50000   -0.50000   
  9  0.500  0.000        6    3.00000    0.00000   
 10  0.600  0.000        6    3.00000    1.00000   
 11  0.700  0.000        4    4.00000   -0.50000   
 12  0.850  0.000        5    3.50000    1.00000   
 13  1.000  0.000        3    4.50000    1.00000   
 14  1.000  0.200        1    5.50000    0.00000   
 15  1.000  0.400        1    5.50000    0.50000   
 16  1.000  0.500        0    6.00000    0.00000   
 17  1.000  0.600        0    6.00000    0.00000   
 18  1.000  0.700        0    6.00000    0.00000   
 19  1.000  0.800        0    6.00000    0.00000   
 20  1.000  1.000        0    6.00000    0.00000   

   Energies (kJ/mol)
           Bond          Angle    Proper Dih.          LJ-14     Coulomb-14
    4.64862e-01    3.22164e+00    2.44063e-01    3.36761e+00   -1.47137e+01
        LJ (SR)  Disper. corr.   Coulomb (SR)   Coul. recip.      Potential
    1.57036e+03   -7.29839e+01   -1.28385e+04    1.25052e+02   -1.12235e+04
    Kinetic En.   Total Energy  Conserved En.    Temperature Pres. DC (bar)
    2.08262e+03   -9.14090e+03   -8.90573e+03    2.93476e+02   -1.36979e+02
 Pressure (bar)      dVcoul/dl       dVvdw/dl
   -1.01525e+03    2.15002e+01    1.70600e+01

           Step           Time
           2000        4.00000

             MC-lambda information
  Wang-Landau incrementor is:         0.5
  N  CoulL   VdwL    Count   G(in kT)  dG(in kT)
  1  0.000  0.000       16    0.00000    0.50000   
  2  0.050  0.000       15    0.50000   -0.50000   
  3  0.100  0.000       16    0.00000    1.50000   
  4  0.200  0.000       13    1.50000    1.50000   
  5  0.300  0.000       10    3.00000   -0.50000   
  6  0.350  0.000       11    2.50000    0.50000   
  7  0.400  0.000       10    3.00000    0.50000   
  8  0.450  0.000        9    3.50000    0.00000   
  9  0.500  0.000        9    3.50000    0.50000   
 10  0.600  0.000        8    4.00000    0.00000   
 11  0.700  0.000        8    4.00000    1.00000   
 12  0.850  0.000        6    5.00000    0.50000   
 13  1.000  0.000        5    5.50000    0.50000   
 14  1.000  0.200        4    6.00000    0.50000   
 15  1.000  0.400        3    6.50000    0.50000   
 16  1.000  0.500        2    7.00000   -2.00000   
 17  1.000  0.600        6    5.00000   -4.00000   
 18  1.000  0.700       14    1.00000   -1.50000 <<
 19  1.000  0.800       17   -0.50000   -0.50000   
 20  1.000  1.000       18   -1.00000    0.00000   

   Energies (kJ/mol)
           Bond          Angle    Proper Dih.          LJ-14     Coulomb-14
    1.12035e+00    2.90777e+00    3.65710e-02    2.96577e+00   -1.46158e+01
        LJ (SR)  Disper. corr.   Coulomb (SR)   Coul. recip.      Potential
    1.84308e+03   -7.12682e+01   -1.30453e+04    1.22592e+02   -1.11584e+04
    Kinetic En.   Total Energy  Conserved En.    Temperature Pres. DC (bar)
    2.11944e+03   -9.03900e+03   -8.89366e+03    2.98665e+02   -1.33759e+02
 Pressure (bar)      dVcoul/dl       dVvdw/dl
    2.94263e+02   -1.04668e+01   -5.30864e+01

           Step           Time
           3000        6.00000

             MC-lambda information
  Wang-Landau incrementor is:         0.5
  N  CoulL   VdwL    Count   G(in kT)  dG(in kT)
  1  0.000  0.000       20    0.00000    0.50000   
  2  0.050  0.000       19    0.50000    0.00000 <<
  3  0.100  0.000       19    0.50000    0.50000   
  4  0.200  0.000       18    1.00000    0.50000   
  5  0.300  0.000       17    1.50000    1.00000   
  6  0.350  0.000       15    2.50000    0.50000   
  7  0.400  0.000       14    3.00000    0.00000   
  8  0.450  0.000       14    3.00000    0.00000   
  9  0.500  0.000       14    3.00000    0.00000   
 10  0.600  0.000       14    3.00000    1.00000   
 11  0.700  0.000       12    4.00000   -0.50000   
 12  0.850  0.000       13    3.50000    1.50000   
 13  1.000  0.000       10    5.00000    0.00000   
 14  1.000  0.200       10    5.00000   -1.00000   
 15  1.000  0.400       12    4.00000    0.00000   
 16  1.000  0.500       12    4.00000   -2.00000   
 17  1.000  0.600       16    2.00000    0.00000   
 18  1.000  0.700       16    2.00000   -0.50000   
 19  1.000  0.800       17    1.50000   -0.50000   
 20  1.000  1.000       18    1.00000    0.00000   

   Energies (kJ/mol)
           Bond          Angle    Proper Dih.          LJ-14     Coulomb-14
    4.34833e-01    2.63417e+00    3.22831e-01    6.05956e+00   -1.52144e+01
        LJ (SR)  Disper. corr.   Coulomb (SR)   Coul. recip.      Potential
    1.58926e+03   -7.29839e+01   -1.26943e+04    1.03779e+02   -1.10800e+04
    Kinetic En.   Total Energy  Conserved En.    Temperature Pres. DC (bar)
    2.23032e+03   -8.84972e+03   -8.88193e+03    3.14289e+02   -1.36979e+02
 Pressure (bar)      dVcoul/dl       dVvdw/dl
   -3.28860e+02    1.67082e+01    5.19844e+00

           Step           Time
           4000        8.00000

             MC-lambda information
  Wang-Landau incrementor is:         0.5
  N  CoulL   VdwL    Count   G(in kT)  dG(in kT)
  1  0.000  0.000       21    0.00000    0.00000   
  2  0.050  0.000       21    0.00000    0.50000   
  3  0.100  0.000       20    0.50000    0.50000   
  4  0.200  0.000       19    1.00000    1.00000   
  5  0.300  0.000       17    2.00000   -0.50000   
  6  0.350  0.000       18    1.50000    0.50000   
  7  0.400  0.000       17    2.00000    0.50000   
  8  0.450  0.000       16    2.50000    0.00000   
  9  0.500  0.000       16    2.50000    0.50000   
 10  0.600  0.000       15    3.00000    0.00000   
 11  0.700  0.000       15    3.00000    0.00000   
 12  0.850  0.000       15    3.00000    1.00000   
 13  1.000  0.000       13    4.00000   -2.50000   
 14  1.000  0.200       18    1.50000    0.00000   
 15  1.000  0.400       18    1.50000   -0.50000   
 16  1.000  0.500       19    1.00000   -0.50000   
 17  1.000  0.600       20    0.50000   -4.50000   
 18  1.000  0.700       29   -4.00000   -3.00000 <<
 19  1.000  0.800       35   -7.00000   -1.50000   
 20  1.000  1.000       38   -8.50000    0.00000   

   Energies (kJ/mol)
           Bond          Angle    Proper Dih.          LJ-14     Coulomb-14
    1.88108e+00    3.95874e+00    5.03277e+00    1.76930e+00   -1.42577e+01
        LJ (SR)  Disper. corr.   Coulomb (SR)   Coul. recip.      Potential
    1.58728e+03   -7.12682e+01   -1.27894e+04    1.08630e+02   -1.11664e+04
    Kinetic En.   Total Energy  Conserved En.    Temperature Pres. DC (bar)
    2.07192e+03   -9.09444e+03   -8.85619e+03    2.91968e+02   -1.33759e+02
 Pressure (bar)      dVcoul/dl       dVvdw/dl
   -1.37594e+03   -9.56077e+00   -9.69576e+01

           Step           Time
           5000       10.00000

             MC-lambda information
  Wang-Landau incrementor is:         0.5
  N  CoulL   VdwL    Count   G(in kT)  dG(in kT)
  1  0.000  0.000       21    0.00000    0.00000   
  2  0.050  0.000       21    0.00000    0.50000   
  3  0.100  0.000       20    0.50000    0.50000   
  4  0.200  0.000       19    1.00000    1.00000   
  5  0.300  0.000       17    2.00000   -0.50000   
  6  0.350  0.000       18    1.50000    0.50000   
  7  0.400  0.000       17    2.00000    0.50000   
  8  0.450  0.000       16    2.50000    0.00000   
  9  0.500  0.000       16    2.50000    0.50000   
 10  0.600  0.000       15    3.00000    0.00000   
 11  0.700  0.000       15    3.00000    0.00000   
 12  0.850  0.000       15    3.00000    1.00000   
 13  1.000  0.000       13    4.00000   -2.50000   
 14  1.000  0.200       18    1.50000    0.00000   
 15  1.000  0.400       18    1.50000   -6.00000   
 16  1.000  0.500       30   -4.50000   -5.00000 <<
 17  1.000  0.600       40   -9.50000   -5.50000   
 18  1.000  0.700       51  -15.00000   -3.50000   
 19  1.000  0.800       58  -18.50000   -2.00000   
 20  1.000  1.000       62  -20.50000    0.00000   

   Energies (kJ/mol)
           Bond          Angle    Proper Dih.          LJ-14     Coulomb-14
    1.22900e+00    9.06115e-02    2.48930e-01    6.30304e+00   -1.52508e+01
        LJ (SR)  Disper. corr.   Coulomb (SR)   Coul. recip.      Potential
    1.74526e+03   -7.17584e+01   -1.31052e+04    1.07492e+02   -1.13316e+04
    Kinetic En.   Total Energy  Conserved En.    Temperature Pres. DC (bar)
    2.15960e+03   -9.17195e+03   -8.80541e+03    3.04324e+02   -1.34679e+02
 Pressure (bar)      dVcoul/dl       dVvdw/dl
   -6.09349e+02   -1.96309e+00   -1.61882e+02

           Step           Time
           6000       12.00000

             MC-lambda information
  Wang-Landau incrementor is:         0.5
  N  CoulL   VdwL    Count   G(in kT)  dG(in kT)
  1  0.000  0.000       25    0.00000    1.50000   
  2  0.050  0.000       22    1.50000    0.00000   
  3  0.100  0.000       22    1.50000    0.50000   
  4  0.200  0.000       21    2.00000    1.00000   
  5  0.300  0.000       19    3.00000   -0.50000 <<
  6  0.350  0.000       20    2.50000    1.00000   
  7  0.400  0.000       18    3.50000    0.00000   
  8  0.450  0.000       18    3.50000   -0.50000   
  9  0.500  0.000       19    3.00000    0.50000   
 10  0.600  0.000       18    3.50000    0.50000   
 11  0.700  0.000       17    4.00000    0.00000   
 12  0.850  0.000       17    4.00000   -0.50000   
 13  1.000  0.000       18    3.50000   -2.00000   
 14  1.000  0.200       22    1.50000   -4.00000   
 15  1.000  0.400       30   -2.50000   -4.00000   
 16  1.000  0.500       38   -6.50000   -7.00000   
 17  1.000  0.600       52  -13.50000   -6.00000   
 18  1.000  0.700       64  -19.50000   -3.00000   
 19  1.000  0.800       70  -22.50000    0.00000   
 20  1.000  1.000       70  -22.50000    0.00000   

   Energies (kJ/mol)
           Bond          Angle    Proper Dih.          LJ-14     Coulomb-14
    1.76440e+00    4.45397e+00    8.03361e-01    2.90513e+00   -1.46003e+01
        LJ (SR)  Disper. corr.   Coulomb (SR)   Coul. recip.      Potential
    1.66948e+03   -7.29839e+01   -1.31301e+04    1.07656e+02   -1.14306e+04
    Kinetic En.   Total Energy  Conserved En.    Temperature Pres. DC (bar)
    2.10303e+03   -9.32754e+03   -8.76902e+03    2.96352e+02   -1.36979e+02
 Pressure (bar)      dVcoul/dl       dVvdw/dl
   -9.62841e+02    1.99741e+01   -9.86369e+00

           Step           Time
           7000       14.00000

             MC-lambda information
  Wang-Landau incrementor is:         0.5
  N  CoulL   VdwL    Count   G(in kT)  dG(in kT)
  1  0.000  0.000       30    0.00000   -0.50000 <<
  2  0.050  0.000       31   -0.50000    0.50000   
  3  0.100  0.000       30    0.00000    1.00000   
  4  0.200  0.000       28    1.00000    0.00000   
  5  0.300  0.000       28    1.00000    1.50000   
  6  0.350  0.000       25    2.50000   -0.50000   
  7  0.400  0.000       26    2.00000    0.00000   
  8  0.450  0.000       26    2.00000    0.50000   
  9  0.500  0.000       25    2.50000   -0.50000   
 10  0.600  0.000       26    2.00000    0.50000   
 11  0.700  0.000       25    2.50000    0.00000   
 12  0.850  0.000       25    2.50000    0.00000   
 13  1.000  0.000       25    2.50000    0.00000   
 14  1.000  0.200       25    2.50000   -3.00000   
 15  1.000  0.400       31   -0.50000   -3.50000   
 16  1.000  0.500       38   -4.00000   -7.00000   
 17  1.000  0.600       52  -11.00000   -6.00000   
 18  1.000  0.700       64  -17.00000   -3.00000   
 19  1.000  0.800       70  -20.00000    0.00000   
 20  1.000  1.000       70  -20.00000    0.00000   

   Energies (kJ/mol)
           Bond          Angle    Proper Dih.          LJ-14     Coulomb-14
    2.85904e-01    2.76523e-02    2.60596e-01    6.62028e+00   -1.52965e+01
        LJ (SR)  Disper. corr.   Coulomb (SR)   Coul. recip.      Potential
    1.81693e+03   -7.29839e+01   -1.31695e+04    1.13166e+02   -1.13205e+04
    Kinetic En.   Total Energy  Conserved En.    Temperature Pres. DC (bar)
    2.04492e+03   -9.27556e+03   -8.78038e+03    2.88163e+02   -1.36979e+02
 Pressure (bar)      dVcoul/dl       dVvdw/dl
    2.12574e+02    1.68998e+01    1.62348e+01

           Step           Time
           8000       16.00000

             MC-lambda information
  Wang-Landau incrementor is:         0.5
  N  CoulL   VdwL    Count   G(in kT)  dG(in kT)
  1  0.000  0.000       36    0.00000    0.00000   
  2  0.050  0.000       36    0.00000    0.50000   
  3  0.100  0.000       35    0.50000    0.50000   
  4  0.200  0.000       34    1.00000    0.00000   
  5  0.300  0.000       34    1.00000    0.50000   
  6  0.350  0.000       33    1.50000   -0.50000   
  7  0.400  0.000       34    1.00000    0.00000   
  8  0.450  0.000       34    1.00000    0.50000   
  9  0.500  0.000       33    1.50000   -0.50000 <<
 10  0.600  0.000       34    1.00000    1.00000   
 11  0.700  0.000       32    2.00000    0.00000   
 12  0.850  0.000       32    2.00000   -1.00000   
 13  1.000  0.000       34    1.00000    0.50000   
 14  1.000  0.200       33    1.50000    0.50000   
 15  1.000  0.400       32    2.00000   -3.00000   
 16  1.000  0.500       38   -1.00000   -7.00000   
 17  1.000  0.600       52   -8.00000   -6.00000   
 18  1.000  0.700       64  -14.00000   -3.00000   
 19  1.000  0.800       70  -17.00000    0.00000   
 20  1.000  1.000       70  -17.00000    0.00000   

   Energies (kJ/mol)
           Bond          Angle    Proper Dih.          LJ-14     Coulomb-14
    2.43111e+00    2.83991e+00    1.20170e-01    3.50316e+00   -1.47449e+01
        LJ (SR)  Disper. corr.   Coulomb (SR)   Coul. recip.      Potential
    1.69203e+03   -7.29839e+01   -1.29702e+04    1.22366e+02   -1.12347e+04
    Kinetic En.   Total Energy  Conserved En.    Temperature Pres. DC (bar)
    2.14194e+03   -9.09272e+03   -8.76088e+03    3.01836e+02   -1.36979e+02
 Pressure (bar)      dVcoul/dl       dVvdw/dl
   -3.55589e+01    1.16707e+01    1.56280e+01

           Step           Time
           9000       18.00000

             MC-lambda information
  Wang-Landau incrementor is:         0.5
  N  CoulL   VdwL    Count   G(in kT)  dG(in kT)
  1  0.000  0.000       45    0.00000    1.00000   
  2  0.050  0.000       43    1.00000    0.50000   
  3  0.100  0.000       42    1.50000    0.00000   
  4  0.200  0.000       42    1.50000    0.50000   
  5  0.300  0.000       41    2.00000    0.50000   
  6  0.350  0.000       40    2.50000    0.50000   
  7  0.400  0.000       39    3.00000   -0.50000   
  8  0.450  0.000       40    2.50000   -0.50000   
  9  0.500  0.000       41    2.00000    0.50000   
 10  0.600  0.000       40    2.50000    0.50000   
 11  0.700  0.000       39    3.00000    0.00000   
 12  0.850  0.000       39    3.00000   -1.50000   
 13  1.000  0.000       42    1.50000    3.00000 <<
 14  1.000  0.200       36    4.50000   -0.50000   
 15  1.000  0.400       37    4.00000   -0.50000   
 16  1.000  0.500       38    3.50000   -7.00000   
 17  1.000  0.600       52   -3.50000   -6.00000   
 18  1.000  0.700       64   -9.50000   -3.00000   
 19  1.000  0.800       70  -12.50000    0.00000   
 20  1.000  1.000       70  -12.50000    0.00000   

   Energies (kJ/mol)
           Bond          Angle    Proper Dih.          LJ-14     Coulomb-14
    2.86777e+00    9.21318e-02    5.38516e-02    6.48465e+00   -1.52772e+01
        LJ (SR)  Disper. corr.   Coulomb (SR)   Coul. recip.      Potential
    1.89940e+03   -7.29839e+01   -1.32687e+04    1.17320e+02   -1.13307e+04
    Kinetic En.   Total Energy  Conserved En.    Temperature Pres. DC (bar)
    2.15313e+03   -9.17760e+03   -8.78854e+03    3.03412e+02   -1.36979e+02
 Pressure (bar)      dVcoul/dl       dVvdw/dl
    7.52462e+02   -7.07284e+00   -2.72843e+01

           Step           Time
          10000       20.00000

Writing checkpoint, step 10000 at Wed Mar  9 02:49:29 2022


             MC-lambda information
  Wang-Landau incrementor is:         0.5
  N  CoulL   VdwL    Count   G(in kT)  dG(in kT)
  1  0.000  0.000       52    0.00000    1.00000   
  2  0.050  0.000       50    1.00000    0.00000   
  3  0.100  0.000       50    1.00000    1.00000 <<
  4  0.200  0.000       48    2.00000    0.50000   
  5  0.300  0.000       47    2.50000    0.50000   
  6  0.350  0.000       46    3.00000   -0.50000   
  7  0.400  0.000       47    2.50000    1.00000   
  8  0.450  0.000       45    3.50000   -0.50000   
  9  0.500  0.000       46    3.00000    0.50000   
 10  0.600  0.000       45    3.50000    0.00000   
 11  0.700  0.000       45    3.50000    0.50000   
 12  0.850  0.000       44    4.00000   -1.00000   
 13  1.000  0.000       46    3.00000    1.00000   
 14  1.000  0.200       44    4.00000    0.00000   
 15  1.000  0.400       44    4.00000   -0.50000   
 16  1.000  0.500       45    3.50000   -3.50000   
 17  1.000  0.600       52    0.00000   -6.00000   
 18  1.000  0.700       64   -6.00000   -3.00000   
 19  1.000  0.800       70   -9.00000    0.00000   
 20  1.000  1.000       70   -9.00000    0.00000   

   Energies (kJ/mol)
           Bond          Angle    Proper Dih.          LJ-14     Coulomb-14
    1.10427e+00    1.19544e+01    1.78956e+00    5.19097e-01   -1.36662e+01
        LJ (SR)  Disper. corr.   Coulomb (SR)   Coul. recip.      Potential
    1.80498e+03   -7.29839e+01   -1.32713e+04    9.49302e+01   -1.14427e+04
    Kinetic En.   Total Energy  Conserved En.    Temperature Pres. DC (bar)
    2.25771e+03   -9.18498e+03   -8.78099e+03    3.18150e+02   -1.36979e+02
 Pressure (bar)      dVcoul/dl       dVvdw/dl
   -7.99386e+01    1.89124e+01    1.61028e+01


Energy conservation over simulation part #1 of length 20 ns, time 0 to 20 ns
  Conserved energy drift: 6.83e-03 kJ/mol/ps per atom


	<======  ###############  ==>
	<====  A V E R A G E S  ====>
	<==  ###############  ======>

	Statistics over 10001 steps using 10001 frames

   Energies (kJ/mol)
           Bond          Angle    Proper Dih.          LJ-14     Coulomb-14
    1.54525e+00    2.91237e+00    1.34124e+00    4.23729e+00   -1.48271e+01
        LJ (SR)  Disper. corr.   Coulomb (SR)   Coul. recip.      Potential
    1.73400e+03   -7.23690e+01   -1.30356e+04    1.11364e+02   -1.12674e+04
    Kinetic En.   Total Energy  Conserved En.    Temperature Pres. DC (bar)
    2.12551e+03   -9.14188e+03   -8.82899e+03    2.99519e+02   -1.35825e+02
 Pressure (bar)      dVcoul/dl       dVvdw/dl
   -2.86412e+02    4.63668e+00   -1.60954e+01

   Total Virial (kJ/mol)
    7.89126e+02    1.72618e+01    1.79838e+00
    1.72972e+01    7.80775e+02    1.26556e+01
    1.86091e+00    1.26842e+01    7.84262e+02

   Pressure (bar)
   -2.95635e+02   -6.29213e+01    1.26857e+01
   -6.30542e+01   -2.63775e+02   -4.27950e+01
    1.24507e+01   -4.29024e+01   -2.99827e+02


	M E G A - F L O P S   A C C O U N T I N G

 NB=Group-cutoff nonbonded kernels    NxN=N-by-N cluster Verlet kernels
 RF=Reaction-Field  VdW=Van der Waals  QSTab=quadratic-spline table
 W3=SPC/TIP3p  W4=TIP4p (single or pairs)
 V&F=Potential and force  V=Potential only  F=Force only

 Computing:                               M-Number         M-Flops  % Flops
-----------------------------------------------------------------------------
 NB Free energy kernel                16372.193616       16372.194     3.2
 Pair Search distance check              72.700868         654.308     0.1
 NxN Ewald Elec. + LJ [V&F]            2007.338768      254932.024    50.0
 NxN Ewald Elec. [V&F]                 1944.662672      163351.664    32.1
 1,4 nonbonded interactions               0.010001           0.900     0.0
 Calc Weights                            25.592559         921.332     0.2
 Spread Q Bspline                      1091.949184        2183.898     0.4
 Gather F Bspline                      1091.949184        6551.695     1.3
 3D-FFT                                7606.640588       60853.125    11.9
 Solve PME                               11.521152         737.354     0.1
 Shift-X                                  0.214103           1.285     0.0
 Bonds                                    0.030003           1.770     0.0
 Angles                                   0.020002           3.360     0.0
 Propers                                  0.010001           2.290     0.0
 Virial                                   8.980898         161.656     0.0
 Stop-CM                                  8.531706          85.317     0.0
 Calc-Ekin                                8.530853         230.333     0.0
 Constraint-V                             8.490849          76.418     0.0
 Constraint-Vir                           8.490849         203.780     0.0
 Settle                                   5.661132        2094.619     0.4
-----------------------------------------------------------------------------
 Total                                                  509419.322   100.0
-----------------------------------------------------------------------------


     R E A L   C Y C L E   A N D   T I M E   A C C O U N T I N G

On 1 MPI rank, each using 16 OpenMP threads

 Computing:          Num   Num      Call    Wall time         Giga-Cycles
                     Ranks Threads  Count      (s)         total sum    %
-----------------------------------------------------------------------------
 Neighbor search        1   16        251       0.088          2.960   1.2
 Force                  1   16      10001       4.273        143.245  57.0
 PME mesh               1   16      10001       2.159         72.363  28.8
 NB X/F buffer ops.     1   16      19751       0.172          5.766   2.3
 Write traj.            1   16         11       0.017          0.568   0.2
 Update                 1   16      40004       0.249          8.338   3.3
 Constraints            1   16      20004       0.206          6.898   2.7
 Rest                                           0.337         11.291   4.5
-----------------------------------------------------------------------------
 Total                                          7.501        251.429 100.0
-----------------------------------------------------------------------------
 Breakdown of PME mesh computation
-----------------------------------------------------------------------------
 PME spread             1   16      20002       0.526         17.646   7.0
 PME gather             1   16      20002       0.542         18.179   7.2
 PME 3D-FFT             1   16      40004       0.744         24.928   9.9
 PME solve Elec         1   16      20002       0.271          9.086   3.6
-----------------------------------------------------------------------------

               Core t (s)   Wall t (s)        (%)
       Time:      120.009        7.501     1600.0
                 (ns/day)    (hour/ns)
Performance:      230.403        0.104
Finished mdrun on rank 0 Wed Mar  9 02:49:29 2022

