                :-) GROMACS - gmx mdrun, 2021.4-plumed-2.8.0 (-:

                            GROMACS is written by:
     Andrey Alekseenko              Emile Apol              Rossen Apostolov     
         Paul Bauer           Herman J.C. Berendsen           Par Bjelkmar       
       Christian Blau           Viacheslav Bolnykh             Kevin Boyd        
     Aldert van Buuren           Rudi van Drunen             Anton Feenstra      
    Gilles Gouaillardet             Alan Gray               Gerrit Groenhof      
       Anca Hamuraru            Vincent Hindriksen          M. Eric Irrgang      
      Aleksei Iupinov           Christoph Junghans             Joe Jordan        
    Dimitrios Karkoulis            Peter Kasson                Jiri Kraus        
      Carsten Kutzner              Per Larsson              Justin A. Lemkul     
       Viveca Lindahl            Magnus Lundborg             Erik Marklund       
        Pascal Merz             Pieter Meulenhoff            Teemu Murtola       
        Szilard Pall               Sander Pronk              Roland Schulz       
       Michael Shirts            Alexey Shvetsov             Alfons Sijbers      
       Peter Tieleman              Jon Vincent              Teemu Virolainen     
     Christian Wennberg            Maarten Wolf              Artem Zhmurov       
                           and the project leaders:
        Mark Abraham, Berk Hess, Erik Lindahl, and David van der Spoel

Copyright (c) 1991-2000, University of Groningen, The Netherlands.
Copyright (c) 2001-2019, The GROMACS development team at
Uppsala University, Stockholm University and
the Royal Institute of Technology, Sweden.
check out http://www.gromacs.org for more information.

GROMACS is free software; you can redistribute it and/or modify it
under the terms of the GNU Lesser General Public License
as published by the Free Software Foundation; either version 2.1
of the License, or (at your option) any later version.

GROMACS:      gmx mdrun, version 2021.4-plumed-2.8.0
Executable:   /jet/home/wehs7661/pkgs/gromacs/2021.4/bin/gmx_mpi
Data prefix:  /jet/home/wehs7661/pkgs/gromacs/2021.4
Working dir:  /ocean/projects/cts160011p/wehs7661/gmxapi_practice/tutorial_MPI/standard_MD/MD
Process ID:   71196
Command line:
  gmx_mpi mdrun -s sys2_md.tpr -c sys2_md.gro -e md.edr -g md.log -o md.trr

GROMACS version:    2021.4-plumed-2.8.0
Precision:          mixed
Memory model:       64 bit
MPI library:        MPI
OpenMP support:     enabled (GMX_OPENMP_MAX_THREADS = 64)
GPU support:        disabled
SIMD instructions:  AVX2_256
FFT library:        fftw-3.3.8-sse2-avx-avx2-avx2_128
RDTSCP usage:       enabled
TNG support:        enabled
Hwloc support:      disabled
Tracing support:    disabled
C compiler:         /jet/packages/spack/opt/spack/linux-centos8-zen/gcc-8.3.1/gcc-10.2.0-tfzxq7udz2a53dmujvasy4uz33t27iwv/bin/gcc GNU 10.2.0
C compiler flags:   -mavx2 -mfma -pthread -Wno-missing-field-initializers -fexcess-precision=fast -funroll-all-loops -O3 -DNDEBUG
C++ compiler:       /jet/packages/spack/opt/spack/linux-centos8-zen/gcc-8.3.1/gcc-10.2.0-tfzxq7udz2a53dmujvasy4uz33t27iwv/bin/g++ GNU 10.2.0
C++ compiler flags: -mavx2 -mfma -pthread -Wno-missing-field-initializers -fexcess-precision=fast -funroll-all-loops -fopenmp -O3 -DNDEBUG


Running on 1 node with total 128 cores, 128 logical cores
Hardware detected on host r003.ib.bridges2.psc.edu (the node of MPI rank 0):
  CPU info:
    Vendor: AMD
    Brand:  AMD EPYC 7742 64-Core Processor                
    Family: 23   Model: 49   Stepping: 0
    Features: aes amd apic avx avx2 clfsh cmov cx8 cx16 f16c fma htt lahf misalignsse mmx msr nonstop_tsc pclmuldq pdpe1gb popcnt pse rdrnd rdtscp sha sse2 sse3 sse4a sse4.1 sse4.2 ssse3
  Hardware topology: Basic
    Sockets, cores, and logical processors:
      Socket  0: [   0] [   1] [   2] [   3] [   4] [   5] [   6] [   7] [   8] [   9] [  10] [  11] [  12] [  13] [  14] [  15] [  16] [  17] [  18] [  19] [  20] [  21] [  22] [  23] [  24] [  25] [  26] [  27] [  28] [  29] [  30] [  31] [  32] [  33] [  34] [  35] [  36] [  37] [  38] [  39] [  40] [  41] [  42] [  43] [  44] [  45] [  46] [  47] [  48] [  49] [  50] [  51] [  52] [  53] [  54] [  55] [  56] [  57] [  58] [  59] [  60] [  61] [  62] [  63]
      Socket  1: [  64] [  65] [  66] [  67] [  68] [  69] [  70] [  71] [  72] [  73] [  74] [  75] [  76] [  77] [  78] [  79] [  80] [  81] [  82] [  83] [  84] [  85] [  86] [  87] [  88] [  89] [  90] [  91] [  92] [  93] [  94] [  95] [  96] [  97] [  98] [  99] [ 100] [ 101] [ 102] [ 103] [ 104] [ 105] [ 106] [ 107] [ 108] [ 109] [ 110] [ 111] [ 112] [ 113] [ 114] [ 115] [ 116] [ 117] [ 118] [ 119] [ 120] [ 121] [ 122] [ 123] [ 124] [ 125] [ 126] [ 127]


++++ PLEASE READ AND CITE THE FOLLOWING REFERENCE ++++
M. J. Abraham, T. Murtola, R. Schulz, S. Páll, J. C. Smith, B. Hess, E.
Lindahl
GROMACS: High performance molecular simulations through multi-level
parallelism from laptops to supercomputers
SoftwareX 1 (2015) pp. 19-25
-------- -------- --- Thank You --- -------- --------


++++ PLEASE READ AND CITE THE FOLLOWING REFERENCE ++++
S. Páll, M. J. Abraham, C. Kutzner, B. Hess, E. Lindahl
Tackling Exascale Software Challenges in Molecular Dynamics Simulations with
GROMACS
In S. Markidis & E. Laure (Eds.), Solving Software Challenges for Exascale 8759 (2015) pp. 3-27
-------- -------- --- Thank You --- -------- --------


++++ PLEASE READ AND CITE THE FOLLOWING REFERENCE ++++
S. Pronk, S. Páll, R. Schulz, P. Larsson, P. Bjelkmar, R. Apostolov, M. R.
Shirts, J. C. Smith, P. M. Kasson, D. van der Spoel, B. Hess, and E. Lindahl
GROMACS 4.5: a high-throughput and highly parallel open source molecular
simulation toolkit
Bioinformatics 29 (2013) pp. 845-54
-------- -------- --- Thank You --- -------- --------


++++ PLEASE READ AND CITE THE FOLLOWING REFERENCE ++++
B. Hess and C. Kutzner and D. van der Spoel and E. Lindahl
GROMACS 4: Algorithms for highly efficient, load-balanced, and scalable
molecular simulation
J. Chem. Theory Comput. 4 (2008) pp. 435-447
-------- -------- --- Thank You --- -------- --------


++++ PLEASE READ AND CITE THE FOLLOWING REFERENCE ++++
D. van der Spoel, E. Lindahl, B. Hess, G. Groenhof, A. E. Mark and H. J. C.
Berendsen
GROMACS: Fast, Flexible and Free
J. Comp. Chem. 26 (2005) pp. 1701-1719
-------- -------- --- Thank You --- -------- --------


++++ PLEASE READ AND CITE THE FOLLOWING REFERENCE ++++
E. Lindahl and B. Hess and D. van der Spoel
GROMACS 3.0: A package for molecular simulation and trajectory analysis
J. Mol. Mod. 7 (2001) pp. 306-317
-------- -------- --- Thank You --- -------- --------


++++ PLEASE READ AND CITE THE FOLLOWING REFERENCE ++++
H. J. C. Berendsen, D. van der Spoel and R. van Drunen
GROMACS: A message-passing parallel molecular dynamics implementation
Comp. Phys. Comm. 91 (1995) pp. 43-56
-------- -------- --- Thank You --- -------- --------

Input Parameters:
   integrator                     = md-vv
   tinit                          = 0
   dt                             = 0.002
   nsteps                         = 10000
   init-step                      = 0
   simulation-part                = 1
   mts                            = false
   comm-mode                      = Linear
   nstcomm                        = 1
   bd-fric                        = 0
   ld-seed                        = -672072715
   emtol                          = 10
   emstep                         = 0.01
   niter                          = 20
   fcstep                         = 0
   nstcgsteep                     = 1000
   nbfgscorr                      = 10
   rtpi                           = 0.05
   nstxout                        = 0
   nstvout                        = 0
   nstfout                        = 0
   nstlog                         = 1000
   nstcalcenergy                  = 1
   nstenergy                      = 1000
   nstxout-compressed             = 1000
   compressed-x-precision         = 1000
   cutoff-scheme                  = Verlet
   nstlist                        = 10
   pbc                            = xyz
   periodic-molecules             = false
   verlet-buffer-tolerance        = 0.005
   rlist                          = 0.9
   coulombtype                    = PME
   coulomb-modifier               = Potential-shift
   rcoulomb-switch                = 0.89
   rcoulomb                       = 0.9
   epsilon-r                      = 1
   epsilon-rf                     = inf
   vdw-type                       = Cut-off
   vdw-modifier                   = Potential-switch
   rvdw-switch                    = 0.85
   rvdw                           = 0.9
   DispCorr                       = AllEnerPres
   table-extension                = 1
   fourierspacing                 = 0.1
   fourier-nx                     = 24
   fourier-ny                     = 24
   fourier-nz                     = 24
   pme-order                      = 4
   ewald-rtol                     = 1e-05
   ewald-rtol-lj                  = 0.001
   lj-pme-comb-rule               = Geometric
   ewald-geometry                 = 0
   epsilon-surface                = 0
   tcoupl                         = V-rescale
   nsttcouple                     = 1
   nh-chain-length                = 0
   print-nose-hoover-chain-variables = false
   pcoupl                         = Parrinello-Rahman
   pcoupltype                     = Isotropic
   nstpcouple                     = 10
   tau-p                          = 5
   compressibility (3x3):
      compressibility[    0]={ 4.50000e-05,  0.00000e+00,  0.00000e+00}
      compressibility[    1]={ 0.00000e+00,  4.50000e-05,  0.00000e+00}
      compressibility[    2]={ 0.00000e+00,  0.00000e+00,  4.50000e-05}
   ref-p (3x3):
      ref-p[    0]={ 1.00000e+00,  0.00000e+00,  0.00000e+00}
      ref-p[    1]={ 0.00000e+00,  1.00000e+00,  0.00000e+00}
      ref-p[    2]={ 0.00000e+00,  0.00000e+00,  1.00000e+00}
   refcoord-scaling               = No
   posres-com (3):
      posres-com[0]= 0.00000e+00
      posres-com[1]= 0.00000e+00
      posres-com[2]= 0.00000e+00
   posres-comB (3):
      posres-comB[0]= 0.00000e+00
      posres-comB[1]= 0.00000e+00
      posres-comB[2]= 0.00000e+00
   QMMM                           = false
qm-opts:
   ngQM                           = 0
   constraint-algorithm           = Lincs
   continuation                   = true
   Shake-SOR                      = false
   shake-tol                      = 0.0001
   lincs-order                    = 12
   lincs-iter                     = 2
   lincs-warnangle                = 30
   nwall                          = 0
   wall-type                      = 9-3
   wall-r-linpot                  = -1
   wall-atomtype[0]               = -1
   wall-atomtype[1]               = -1
   wall-density[0]                = 0
   wall-density[1]                = 0
   wall-ewald-zfac                = 3
   pull                           = false
   awh                            = false
   rotation                       = false
   interactiveMD                  = false
   disre                          = No
   disre-weighting                = Conservative
   disre-mixed                    = false
   dr-fc                          = 1000
   dr-tau                         = 0
   nstdisreout                    = 100
   orire-fc                       = 0
   orire-tau                      = 0
   nstorireout                    = 100
   free-energy                    = no
   cos-acceleration               = 0
   deform (3x3):
      deform[    0]={ 0.00000e+00,  0.00000e+00,  0.00000e+00}
      deform[    1]={ 0.00000e+00,  0.00000e+00,  0.00000e+00}
      deform[    2]={ 0.00000e+00,  0.00000e+00,  0.00000e+00}
   simulated-tempering            = false
   swapcoords                     = no
   userint1                       = 0
   userint2                       = 0
   userint3                       = 0
   userint4                       = 0
   userreal1                      = 0
   userreal2                      = 0
   userreal3                      = 0
   userreal4                      = 0
   applied-forces:
     electric-field:
       x:
         E0                       = 0
         omega                    = 0
         t0                       = 0
         sigma                    = 0
       y:
         E0                       = 0
         omega                    = 0
         t0                       = 0
         sigma                    = 0
       z:
         E0                       = 0
         omega                    = 0
         t0                       = 0
         sigma                    = 0
     density-guided-simulation:
       active                     = false
       group                      = protein
       similarity-measure         = inner-product
       atom-spreading-weight      = unity
       force-constant             = 1e+09
       gaussian-transform-spreading-width = 0.2
       gaussian-transform-spreading-range-in-multiples-of-width = 4
       reference-density-filename = reference.mrc
       nst                        = 1
       normalize-densities        = true
       adaptive-force-scaling     = false
       adaptive-force-scaling-time-constant = 4
       shift-vector               = 
       transformation-matrix      = 
grpopts:
   nrdf:        1707
   ref-t:      310.15
   tau-t:         0.5
annealing:          No
annealing-npoints:           0
   acc:	           0           0           0
   nfreeze:           N           N           N
   energygrp-flags[  0]: 0

Changing nstlist from 10 to 40, rlist from 0.9 to 1.001


Initializing Domain Decomposition on 16 ranks
Dynamic load balancing: auto
The combination of rlist and box size prohibits the use of update groups
Minimum cell size due to atom displacement: 0.371 nm
Initial maximum distances in bonded interactions:
    two-body bonded interactions: 0.291 nm, LJ-14, atoms 1 4
  multi-body bonded interactions: 0.291 nm, Proper Dih., atoms 1 4
Minimum cell size due to bonded interactions: 0.320 nm
Scaling the initial minimum size with 1/0.8 (option -dds) = 1.25
Using 0 separate PME ranks, as there are too few total
 ranks for efficient splitting
Optimizing the DD grid for 16 cells with a minimum initial size of 0.464 nm
The maximum allowed number of cells is: X 4 Y 4 Z 3
Domain decomposition grid 4 x 4 x 1, separate PME ranks 0
PME domain decomposition: 4 x 4 x 1
Domain decomposition rank 0, coordinates 0 0 0

The initial number of communication pulses is: X 3 Y 3
The initial domain decomposition cell size is: X 0.47 nm Y 0.47 nm

The maximum allowed distance for atoms involved in interactions is:
                 non-bonded interactions           1.001 nm
(the following are initial values, they could change due to box deformation)
            two-body bonded interactions  (-rdd)   1.001 nm
          multi-body bonded interactions  (-rdd)   0.472 nm
 atoms separated by up to 13 constraints  (-rcon)  0.472 nm

When dynamic load balancing gets turned on, these settings will change to:
The maximum number of communication pulses is: X 3 Y 3
The minimum size for domain decomposition cells is 0.378 nm
The requested allowed shrink of DD cells (option -dds) is: 0.80
The allowed shrink of domain decomposition cells is: X 0.80 Y 0.80
The maximum allowed distance for atoms involved in interactions is:
                 non-bonded interactions           1.001 nm
            two-body bonded interactions  (-rdd)   1.001 nm
          multi-body bonded interactions  (-rdd)   0.378 nm
 atoms separated by up to 13 constraints  (-rcon)  0.378 nm

Using 16 MPI processes

Non-default thread affinity set, disabling internal thread affinity

Using 8 OpenMP threads per MPI process

System total charge: 0.000
Will do PME sum in reciprocal space for electrostatic interactions.

++++ PLEASE READ AND CITE THE FOLLOWING REFERENCE ++++
U. Essmann, L. Perera, M. L. Berkowitz, T. Darden, H. Lee and L. G. Pedersen 
A smooth particle mesh Ewald method
J. Chem. Phys. 103 (1995) pp. 8577-8592
-------- -------- --- Thank You --- -------- --------

Using a Gaussian width (1/beta) of 0.288146 nm for Ewald
Potential shift: LJ r^-12: 0.000e+00 r^-6: 0.000e+00, Ewald -1.111e-05
Initialized non-bonded Ewald tables, spacing: 8.85e-04 size: 1018

Generated table with 1000 data points for 1-4 COUL.
Tabscale = 500 points/nm
Generated table with 1000 data points for 1-4 LJ6.
Tabscale = 500 points/nm
Generated table with 1000 data points for 1-4 LJ12.
Tabscale = 500 points/nm
Long Range LJ corr.: <C6> 2.8357e-04 <C12> 2.8091e-07


Using SIMD 4x8 nonbonded short-range kernels

Using a dual 4x8 pair-list setup updated with dynamic pruning:
  outer list: updated every 40 steps, buffer 0.101 nm, rlist 1.001 nm
  inner list: updated every 11 steps, buffer 0.003 nm, rlist 0.903 nm
At tolerance 0.005 kJ/mol/ps per atom, equivalent classical 1x1 list would be:
  outer list: updated every 40 steps, buffer 0.213 nm, rlist 1.113 nm
  inner list: updated every 11 steps, buffer 0.043 nm, rlist 0.943 nm

++++ PLEASE READ AND CITE THE FOLLOWING REFERENCE ++++
S. Miyamoto and P. A. Kollman
SETTLE: An Analytical Version of the SHAKE and RATTLE Algorithms for Rigid
Water Models
J. Comp. Chem. 13 (1992) pp. 952-962
-------- -------- --- Thank You --- -------- --------


Linking all bonded interactions to atoms


Using the modular simulator.

Intra-simulation communication will occur every 1 steps.
There are: 853 Atoms
Center of mass motion removal mode is Linear
We have the following groups for center of mass motion removal:
  0:  rest

Started mdrun on rank 0 Fri Apr 29 11:59:26 2022

Atom distribution over 16 domains: av 53 stddev 7 min 43 max 60
           Step           Time
              0        0.00000

   Energies (kJ/mol)
           Bond          Angle    Proper Dih.          LJ-14     Coulomb-14
    3.74962e+00    3.41368e+00    7.46763e-02    1.21327e+01   -1.59023e+01
        LJ (SR)  Disper. corr.   Coulomb (SR)   Coul. recip.      Potential
    1.60930e+03   -7.37407e+01   -1.27647e+04    1.14417e+02   -1.11113e+04
    Kinetic En.   Total Energy  Conserved En.    Temperature Pres. DC (bar)
    2.18928e+03   -8.92198e+03   -8.92145e+03    3.08506e+02   -1.39834e+02
 Pressure (bar)
    5.79360e+01


DD  step -1 load imb.: force 26.2%

DD  step -1 load imb.: force 23.6%

DD  step -1 load imb.: force 28.8%

step 0 Turning on dynamic load balancing, because the performance loss due to load imbalance is 5.1 %.

DD  step -1  vol min/aver 0.929  load imb.: force 28.9%

DD  load balancing is limited by minimum cell size in dimension Y
DD  step -1  vol min/aver 0.843! load imb.: force 27.2%

DD  load balancing is limited by minimum cell size in dimension Y
DD  step -1  vol min/aver 0.792! load imb.: force 22.4%

DD  load balancing is limited by minimum cell size in dimension Y
DD  step -1  vol min/aver 0.749! load imb.: force 57.8%

DD  load balancing is limited by minimum cell size in dimension Y
DD  step -1  vol min/aver 0.718! load imb.: force 20.4%

DD  step -1  vol min/aver 0.773  load imb.: force 15.9%

DD  step -1  vol min/aver 0.774  load imb.: force 14.5%

DD  step -1  vol min/aver 0.749  load imb.: force 21.6%

DD  load balancing is limited by minimum cell size in dimension Y
DD  step -1  vol min/aver 0.728! load imb.: force 15.1%

DD  load balancing is limited by minimum cell size in dimension Y
DD  step -1  vol min/aver 0.739! load imb.: force 16.2%

DD  load balancing is limited by minimum cell size in dimension Y
DD  step -1  vol min/aver 0.728! load imb.: force 10.4%

DD  load balancing is limited by minimum cell size in dimension X
DD  step -1  vol min/aver 0.729! load imb.: force  8.0%

DD  load balancing is limited by minimum cell size in dimension X
DD  step -1  vol min/aver 0.695! load imb.: force  7.6%

DD  load balancing is limited by minimum cell size in dimension X
DD  step -1  vol min/aver 0.677! load imb.: force 10.8%

DD  load balancing is limited by minimum cell size in dimension X
DD  step -1  vol min/aver 0.656! load imb.: force 12.5%

DD  load balancing is limited by minimum cell size in dimension X Y
DD  step -1  vol min/aver 0.651! load imb.: force 10.5%

DD  load balancing is limited by minimum cell size in dimension X Y
DD  step -1  vol min/aver 0.651! load imb.: force  7.2%

DD  load balancing is limited by minimum cell size in dimension X Y
DD  step -1  vol min/aver 0.651! load imb.: force  9.5%

DD  load balancing is limited by minimum cell size in dimension X Y
DD  step -1  vol min/aver 0.652! load imb.: force  7.6%

DD  load balancing is limited by minimum cell size in dimension X Y
DD  step -1  vol min/aver 0.653! load imb.: force  6.0%

DD  load balancing is limited by minimum cell size in dimension X Y
DD  step -1  vol min/aver 0.653! load imb.: force  7.4%

DD  load balancing is limited by minimum cell size in dimension X Y
DD  step -1  vol min/aver 0.652! load imb.: force  6.4%
           Step           Time
           1000        2.00000

   Energies (kJ/mol)
           Bond          Angle    Proper Dih.          LJ-14     Coulomb-14
    3.49041e+00    2.12775e+00    9.80755e-01    2.49354e+00   -1.44884e+01
        LJ (SR)  Disper. corr.   Coulomb (SR)   Coul. recip.      Potential
    1.75920e+03   -7.33083e+01   -1.27982e+04    1.18242e+02   -1.09994e+04
    Kinetic En.   Total Energy  Conserved En.    Temperature Pres. DC (bar)
    2.17064e+03   -8.82881e+03   -8.92097e+03    3.05879e+02   -1.38199e+02
 Pressure (bar)
    5.04264e+02


DD  load balancing is limited by minimum cell size in dimension X Y
DD  step -1  vol min/aver 0.653! load imb.: force  7.9%

DD  load balancing is limited by minimum cell size in dimension X Y
DD  step -1  vol min/aver 0.653! load imb.: force  6.5%

DD  load balancing is limited by minimum cell size in dimension X Y
DD  step -1  vol min/aver 0.652! load imb.: force  6.6%

DD  load balancing is limited by minimum cell size in dimension X Y
DD  step -1  vol min/aver 0.650! load imb.: force  6.8%

DD  load balancing is limited by minimum cell size in dimension X Y
DD  step -1  vol min/aver 0.649! load imb.: force  7.5%

DD  load balancing is limited by minimum cell size in dimension X Y
DD  step -1  vol min/aver 0.649! load imb.: force  8.1%

DD  load balancing is limited by minimum cell size in dimension X Y
DD  step -1  vol min/aver 0.649! load imb.: force  4.5%

DD  load balancing is limited by minimum cell size in dimension X Y
DD  step -1  vol min/aver 0.649! load imb.: force  5.3%

DD  load balancing is limited by minimum cell size in dimension X Y
DD  step -1  vol min/aver 0.648! load imb.: force  7.9%

DD  load balancing is limited by minimum cell size in dimension X Y
DD  step -1  vol min/aver 0.647! load imb.: force 12.2%

DD  load balancing is limited by minimum cell size in dimension X Y
DD  step -1  vol min/aver 0.646! load imb.: force  7.2%

DD  load balancing is limited by minimum cell size in dimension X
DD  step -1  vol min/aver 0.648! load imb.: force  7.6%

DD  load balancing is limited by minimum cell size in dimension X
DD  step -1  vol min/aver 0.644! load imb.: force  7.2%

DD  load balancing is limited by minimum cell size in dimension X Y
DD  step -1  vol min/aver 0.643! load imb.: force 10.9%

DD  step -1  vol min/aver 0.646  load imb.: force  7.2%

DD  load balancing is limited by minimum cell size in dimension X
DD  step -1  vol min/aver 0.642! load imb.: force  5.8%

DD  load balancing is limited by minimum cell size in dimension X Y
DD  step -1  vol min/aver 0.641! load imb.: force  8.1%

DD  load balancing is limited by minimum cell size in dimension X Y
DD  step -1  vol min/aver 0.640! load imb.: force  8.5%

DD  load balancing is limited by minimum cell size in dimension X
DD  step -1  vol min/aver 0.639! load imb.: force  6.6%

DD  load balancing is limited by minimum cell size in dimension X
DD  step -1  vol min/aver 0.642! load imb.: force  3.1%

DD  load balancing is limited by minimum cell size in dimension X
DD  step -1  vol min/aver 0.641! load imb.: force  7.3%

DD  load balancing is limited by minimum cell size in dimension X Y
DD  step -1  vol min/aver 0.639! load imb.: force  4.3%

DD  load balancing is limited by minimum cell size in dimension X Y
DD  step -1  vol min/aver 0.639! load imb.: force  9.2%

DD  load balancing is limited by minimum cell size in dimension X
DD  step -1  vol min/aver 0.639! load imb.: force  8.1%

DD  load balancing is limited by minimum cell size in dimension X
DD  step -1  vol min/aver 0.639! load imb.: force  5.4%
           Step           Time
           2000        4.00000

   Energies (kJ/mol)
           Bond          Angle    Proper Dih.          LJ-14     Coulomb-14
    7.14858e+00    3.10251e-01    4.23324e-01    7.30415e+00   -1.53896e+01
        LJ (SR)  Disper. corr.   Coulomb (SR)   Coul. recip.      Potential
    1.58645e+03   -7.14596e+01   -1.25784e+04    1.08384e+02   -1.09552e+04
    Kinetic En.   Total Energy  Conserved En.    Temperature Pres. DC (bar)
    2.26249e+03   -8.69271e+03   -8.92165e+03    3.18822e+02   -1.31317e+02
 Pressure (bar)
   -3.24089e+02


DD  load balancing is limited by minimum cell size in dimension X
DD  step -1  vol min/aver 0.643! load imb.: force  5.9%

DD  load balancing is limited by minimum cell size in dimension X Y
DD  step -1  vol min/aver 0.641! load imb.: force  4.5%

DD  load balancing is limited by minimum cell size in dimension X Y
DD  step -1  vol min/aver 0.641! load imb.: force 14.5%

DD  load balancing is limited by minimum cell size in dimension Y
DD  step -1  vol min/aver 0.644! load imb.: force 17.1%

DD  load balancing is limited by minimum cell size in dimension Y
DD  step -1  vol min/aver 0.651! load imb.: force 15.2%

DD  load balancing is limited by minimum cell size in dimension Y
DD  step -1  vol min/aver 0.650! load imb.: force 11.1%

DD  load balancing is limited by minimum cell size in dimension Y
DD  step -1  vol min/aver 0.651! load imb.: force 13.9%

DD  load balancing is limited by minimum cell size in dimension Y
DD  step -1  vol min/aver 0.656! load imb.: force 16.8%

DD  load balancing is limited by minimum cell size in dimension X Y
DD  step -1  vol min/aver 0.651! load imb.: force 10.0%

DD  load balancing is limited by minimum cell size in dimension X Y
DD  step -1  vol min/aver 0.647! load imb.: force 11.2%

DD  load balancing is limited by minimum cell size in dimension X Y
DD  step -1  vol min/aver 0.648! load imb.: force  9.2%

DD  load balancing is limited by minimum cell size in dimension X Y
DD  step -1  vol min/aver 0.649! load imb.: force 12.2%

DD  load balancing is limited by minimum cell size in dimension X Y
DD  step -1  vol min/aver 0.651! load imb.: force 11.8%

DD  load balancing is limited by minimum cell size in dimension X Y
DD  step -1  vol min/aver 0.652! load imb.: force 14.6%

DD  load balancing is limited by minimum cell size in dimension X Y
DD  step -1  vol min/aver 0.654! load imb.: force 15.7%

DD  load balancing is limited by minimum cell size in dimension X Y
DD  step -1  vol min/aver 0.654! load imb.: force 10.3%

DD  load balancing is limited by minimum cell size in dimension X Y
DD  step -1  vol min/aver 0.656! load imb.: force  8.5%

DD  load balancing is limited by minimum cell size in dimension X Y
DD  step -1  vol min/aver 0.660! load imb.: force 11.6%

DD  load balancing is limited by minimum cell size in dimension Y
DD  step -1  vol min/aver 0.667! load imb.: force  9.7%

DD  load balancing is limited by minimum cell size in dimension X Y
DD  step -1  vol min/aver 0.663! load imb.: force  8.8%

DD  load balancing is limited by minimum cell size in dimension X Y
DD  step -1  vol min/aver 0.663! load imb.: force  8.5%

DD  load balancing is limited by minimum cell size in dimension X Y
DD  step -1  vol min/aver 0.660! load imb.: force  7.7%

DD  load balancing is limited by minimum cell size in dimension X Y
DD  step -1  vol min/aver 0.660! load imb.: force 10.0%

DD  load balancing is limited by minimum cell size in dimension X Y
DD  step -1  vol min/aver 0.659! load imb.: force  7.6%

DD  load balancing is limited by minimum cell size in dimension X
DD  step -1  vol min/aver 0.684! load imb.: force  8.5%
           Step           Time
           3000        6.00000

   Energies (kJ/mol)
           Bond          Angle    Proper Dih.          LJ-14     Coulomb-14
    7.20004e+00    8.44607e-01    1.03244e+00    9.77393e+00   -1.56775e+01
        LJ (SR)  Disper. corr.   Coulomb (SR)   Coul. recip.      Potential
    1.53713e+03   -7.47388e+01   -1.26159e+04    1.08868e+02   -1.10414e+04
    Kinetic En.   Total Energy  Conserved En.    Temperature Pres. DC (bar)
    2.25339e+03   -8.78806e+03   -8.92121e+03    3.17540e+02   -1.43645e+02
 Pressure (bar)
   -5.58620e+02


DD  load balancing is limited by minimum cell size in dimension X
DD  step -1  vol min/aver 0.708! load imb.: force 13.1%

DD  load balancing is limited by minimum cell size in dimension X Y
DD  step -1  vol min/aver 0.689! load imb.: force  9.1%

DD  load balancing is limited by minimum cell size in dimension X Y
DD  step -1  vol min/aver 0.674! load imb.: force 12.4%

DD  load balancing is limited by minimum cell size in dimension X
DD  step -1  vol min/aver 0.703! load imb.: force  5.5%

DD  load balancing is limited by minimum cell size in dimension X
DD  step -1  vol min/aver 0.723! load imb.: force  5.5%

DD  load balancing is limited by minimum cell size in dimension X Y
DD  step -1  vol min/aver 0.727! load imb.: force  5.6%

DD  load balancing is limited by minimum cell size in dimension X Y
DD  step -1  vol min/aver 0.726! load imb.: force  4.8%

DD  load balancing is limited by minimum cell size in dimension X Y
DD  step -1  vol min/aver 0.737! load imb.: force 14.1%

DD  load balancing is limited by minimum cell size in dimension X
DD  step -1  vol min/aver 0.731! load imb.: force 13.1%

DD  load balancing is limited by minimum cell size in dimension X Y
DD  step -1  vol min/aver 0.716! load imb.: force  9.2%

DD  load balancing is limited by minimum cell size in dimension X
DD  step -1  vol min/aver 0.706! load imb.: force  6.9%

DD  load balancing is limited by minimum cell size in dimension X Y
DD  step -1  vol min/aver 0.726! load imb.: force 15.6%

DD  step -1  vol min/aver 0.736  load imb.: force  4.8%

DD  step -1  vol min/aver 0.749  load imb.: force  5.9%

DD  step -1  vol min/aver 0.731  load imb.: force  9.0%

DD  load balancing is limited by minimum cell size in dimension X
DD  step -1  vol min/aver 0.725! load imb.: force  7.9%

DD  load balancing is limited by minimum cell size in dimension X
DD  step -1  vol min/aver 0.720! load imb.: force 14.0%

DD  load balancing is limited by minimum cell size in dimension X Y
DD  step -1  vol min/aver 0.718! load imb.: force  9.1%

DD  load balancing is limited by minimum cell size in dimension X
DD  step -1  vol min/aver 0.712! load imb.: force 12.2%

DD  load balancing is limited by minimum cell size in dimension Y
DD  step -1  vol min/aver 0.723! load imb.: force  9.4%

DD  load balancing is limited by minimum cell size in dimension Y
DD  step -1  vol min/aver 0.743! load imb.: force 13.4%

DD  load balancing is limited by minimum cell size in dimension Y
DD  step -1  vol min/aver 0.768! load imb.: force  9.8%

DD  load balancing is limited by minimum cell size in dimension Y
DD  step -1  vol min/aver 0.739! load imb.: force  8.1%

DD  load balancing is limited by minimum cell size in dimension Y
DD  step -1  vol min/aver 0.706! load imb.: force  7.2%

DD  step -1  vol min/aver 0.678  load imb.: force  6.0%
           Step           Time
           4000        8.00000

   Energies (kJ/mol)
           Bond          Angle    Proper Dih.          LJ-14     Coulomb-14
    2.61540e+00    1.20421e-01    4.97338e+00    5.83729e+00   -1.51803e+01
        LJ (SR)  Disper. corr.   Coulomb (SR)   Coul. recip.      Potential
    1.60745e+03   -7.29332e+01   -1.28216e+04    1.14157e+02   -1.11746e+04
    Kinetic En.   Total Energy  Conserved En.    Temperature Pres. DC (bar)
    2.33158e+03   -8.84299e+03   -8.91986e+03    3.28559e+02   -1.36789e+02
 Pressure (bar)
   -5.18648e+02


DD  load balancing is limited by minimum cell size in dimension X Y
DD  step -1  vol min/aver 0.660! load imb.: force  6.0%

DD  load balancing is limited by minimum cell size in dimension X Y
DD  step -1  vol min/aver 0.653! load imb.: force  9.2%

DD  load balancing is limited by minimum cell size in dimension X Y
DD  step -1  vol min/aver 0.650! load imb.: force  8.3%

DD  load balancing is limited by minimum cell size in dimension X Y
DD  step -1  vol min/aver 0.648! load imb.: force  7.1%

DD  load balancing is limited by minimum cell size in dimension X Y
DD  step -1  vol min/aver 0.647! load imb.: force 12.3%

DD  load balancing is limited by minimum cell size in dimension X
DD  step -1  vol min/aver 0.646! load imb.: force 12.2%

DD  load balancing is limited by minimum cell size in dimension X
DD  step -1  vol min/aver 0.675! load imb.: force 12.4%

DD  load balancing is limited by minimum cell size in dimension X Y
DD  step -1  vol min/aver 0.656! load imb.: force  8.7%

DD  load balancing is limited by minimum cell size in dimension Y
DD  step -1  vol min/aver 0.687! load imb.: force 10.7%

DD  load balancing is limited by minimum cell size in dimension Y
DD  step -1  vol min/aver 0.724! load imb.: force  7.4%

DD  load balancing is limited by minimum cell size in dimension Y
DD  step -1  vol min/aver 0.689! load imb.: force  8.3%

DD  load balancing is limited by minimum cell size in dimension Y
DD  step -1  vol min/aver 0.665! load imb.: force  6.9%

DD  load balancing is limited by minimum cell size in dimension X Y
DD  step -1  vol min/aver 0.649! load imb.: force 11.1%

DD  load balancing is limited by minimum cell size in dimension X Y
DD  step -1  vol min/aver 0.648! load imb.: force  6.1%

DD  load balancing is limited by minimum cell size in dimension X Y
DD  step -1  vol min/aver 0.647! load imb.: force  8.2%

DD  load balancing is limited by minimum cell size in dimension X Y
DD  step -1  vol min/aver 0.647! load imb.: force  7.0%

DD  load balancing is limited by minimum cell size in dimension X Y
DD  step -1  vol min/aver 0.647! load imb.: force  6.5%

DD  load balancing is limited by minimum cell size in dimension X Y
DD  step -1  vol min/aver 0.647! load imb.: force  9.0%

DD  load balancing is limited by minimum cell size in dimension X Y
DD  step -1  vol min/aver 0.647! load imb.: force  7.8%

DD  load balancing is limited by minimum cell size in dimension X Y
DD  step -1  vol min/aver 0.647! load imb.: force  7.2%

DD  load balancing is limited by minimum cell size in dimension X Y
DD  step -1  vol min/aver 0.647! load imb.: force  6.9%

DD  load balancing is limited by minimum cell size in dimension X Y
DD  step -1  vol min/aver 0.648! load imb.: force  8.5%

DD  load balancing is limited by minimum cell size in dimension X Y
DD  step -1  vol min/aver 0.648! load imb.: force  8.8%

DD  load balancing is limited by minimum cell size in dimension X Y
DD  step -1  vol min/aver 0.648! load imb.: force  6.7%

DD  load balancing is limited by minimum cell size in dimension X Y
DD  step -1  vol min/aver 0.648! load imb.: force  5.5%
           Step           Time
           5000       10.00000

   Energies (kJ/mol)
           Bond          Angle    Proper Dih.          LJ-14     Coulomb-14
    7.54059e+00    2.12571e+00    8.86756e-01    5.48388e+00   -1.51239e+01
        LJ (SR)  Disper. corr.   Coulomb (SR)   Coul. recip.      Potential
    1.74528e+03   -7.29595e+01   -1.29216e+04    9.58761e+01   -1.11525e+04
    Kinetic En.   Total Energy  Conserved En.    Temperature Pres. DC (bar)
    2.21813e+03   -8.93433e+03   -8.92140e+03    3.12572e+02   -1.36887e+02
 Pressure (bar)
    1.70580e+02


DD  load balancing is limited by minimum cell size in dimension X Y
DD  step -1  vol min/aver 0.648! load imb.: force  4.1%

DD  load balancing is limited by minimum cell size in dimension X Y
DD  step -1  vol min/aver 0.648! load imb.: force  4.8%

DD  load balancing is limited by minimum cell size in dimension X Y
DD  step -1  vol min/aver 0.648! load imb.: force  3.9%

DD  load balancing is limited by minimum cell size in dimension X Y
DD  step -1  vol min/aver 0.648! load imb.: force  5.4%

DD  load balancing is limited by minimum cell size in dimension X Y
DD  step -1  vol min/aver 0.648! load imb.: force 17.7%

DD  load balancing is limited by minimum cell size in dimension X Y
DD  step -1  vol min/aver 0.648! load imb.: force 16.4%

DD  load balancing is limited by minimum cell size in dimension Y
DD  step -1  vol min/aver 0.652! load imb.: force 11.5%

DD  load balancing is limited by minimum cell size in dimension X Y
DD  step -1  vol min/aver 0.683! load imb.: force 11.3%

DD  load balancing is limited by minimum cell size in dimension X Y
DD  step -1  vol min/aver 0.666! load imb.: force 12.2%

DD  load balancing is limited by minimum cell size in dimension X
DD  step -1  vol min/aver 0.700! load imb.: force 10.5%

DD  load balancing is limited by minimum cell size in dimension X
DD  step -1  vol min/aver 0.705! load imb.: force  8.8%

DD  load balancing is limited by minimum cell size in dimension X Y
DD  step -1  vol min/aver 0.683! load imb.: force  6.4%

DD  step -1  vol min/aver 0.703  load imb.: force  7.3%

DD  step -1  vol min/aver 0.742  load imb.: force  8.7%

DD  step -1  vol min/aver 0.722  load imb.: force  7.2%

DD  step -1  vol min/aver 0.688  load imb.: force 12.0%

DD  load balancing is limited by minimum cell size in dimension X
DD  step -1  vol min/aver 0.659! load imb.: force  6.0%

DD  load balancing is limited by minimum cell size in dimension Y
DD  step -1  vol min/aver 0.684! load imb.: force  5.7%

DD  load balancing is limited by minimum cell size in dimension Y
DD  step -1  vol min/aver 0.718! load imb.: force  5.8%

DD  load balancing is limited by minimum cell size in dimension Y
DD  step -1  vol min/aver 0.748! load imb.: force  5.6%

DD  load balancing is limited by minimum cell size in dimension Y
DD  step -1  vol min/aver 0.774! load imb.: force  4.3%

DD  load balancing is limited by minimum cell size in dimension Y
DD  step -1  vol min/aver 0.797! load imb.: force  5.3%

DD  load balancing is limited by minimum cell size in dimension Y
DD  step -1  vol min/aver 0.801! load imb.: force  9.9%

DD  step -1  vol min/aver 0.799  load imb.: force  7.8%

DD  step -1  vol min/aver 0.805  load imb.: force  7.9%
           Step           Time
           6000       12.00000

   Energies (kJ/mol)
           Bond          Angle    Proper Dih.          LJ-14     Coulomb-14
    5.78848e+00    5.79339e+00    1.24846e+00    1.51154e+00   -1.41615e+01
        LJ (SR)  Disper. corr.   Coulomb (SR)   Coul. recip.      Potential
    1.60772e+03   -7.26014e+01   -1.28803e+04    1.15937e+02   -1.12291e+04
    Kinetic En.   Total Energy  Conserved En.    Temperature Pres. DC (bar)
    2.25782e+03   -8.97124e+03   -8.92110e+03    3.18165e+02   -1.35547e+02
 Pressure (bar)
   -6.82602e+02


DD  step -1  vol min/aver 0.814  load imb.: force  8.2%

DD  step -1  vol min/aver 0.837  load imb.: force  9.3%

DD  step -1  vol min/aver 0.809  load imb.: force  6.3%

DD  step -1  vol min/aver 0.783  load imb.: force  6.4%

DD  step -1  vol min/aver 0.758  load imb.: force  7.1%

DD  load balancing is limited by minimum cell size in dimension Y
DD  step -1  vol min/aver 0.735! load imb.: force  6.7%

DD  step -1  vol min/aver 0.772  load imb.: force  5.0%

DD  step -1  vol min/aver 0.810  load imb.: force  4.7%

DD  step -1  vol min/aver 0.803  load imb.: force  5.5%

DD  step -1  vol min/aver 0.794  load imb.: force  4.7%

DD  step -1  vol min/aver 0.787  load imb.: force  7.3%

DD  load balancing is limited by minimum cell size in dimension Y
DD  step -1  vol min/aver 0.774! load imb.: force  3.5%

DD  load balancing is limited by minimum cell size in dimension Y
DD  step -1  vol min/aver 0.762! load imb.: force  5.5%

DD  load balancing is limited by minimum cell size in dimension Y
DD  step -1  vol min/aver 0.749! load imb.: force  3.5%

DD  load balancing is limited by minimum cell size in dimension Y
DD  step -1  vol min/aver 0.739! load imb.: force  5.6%

DD  load balancing is limited by minimum cell size in dimension Y
DD  step -1  vol min/aver 0.727! load imb.: force  6.9%

DD  load balancing is limited by minimum cell size in dimension Y
DD  step -1  vol min/aver 0.711! load imb.: force  4.0%

DD  load balancing is limited by minimum cell size in dimension Y
DD  step -1  vol min/aver 0.701! load imb.: force  5.8%

DD  load balancing is limited by minimum cell size in dimension Y
DD  step -1  vol min/aver 0.685! load imb.: force  4.7%

DD  load balancing is limited by minimum cell size in dimension Y
DD  step -1  vol min/aver 0.678! load imb.: force  5.9%

DD  load balancing is limited by minimum cell size in dimension Y
DD  step -1  vol min/aver 0.671! load imb.: force  3.2%

DD  load balancing is limited by minimum cell size in dimension Y
DD  step -1  vol min/aver 0.673! load imb.: force  3.8%

DD  load balancing is limited by minimum cell size in dimension Y
DD  step -1  vol min/aver 0.670! load imb.: force  5.0%

DD  load balancing is limited by minimum cell size in dimension Y
DD  step -1  vol min/aver 0.666! load imb.: force  6.0%

DD  load balancing is limited by minimum cell size in dimension Y
DD  step -1  vol min/aver 0.656! load imb.: force  8.6%
           Step           Time
           7000       14.00000

   Energies (kJ/mol)
           Bond          Angle    Proper Dih.          LJ-14     Coulomb-14
    3.55668e+00    2.24293e+00    1.42518e-01    4.06191e+00   -1.48650e+01
        LJ (SR)  Disper. corr.   Coulomb (SR)   Coul. recip.      Potential
    1.55250e+03   -7.41445e+01   -1.28345e+04    1.01658e+02   -1.12594e+04
    Kinetic En.   Total Energy  Conserved En.    Temperature Pres. DC (bar)
    2.37411e+03   -8.88525e+03   -8.92137e+03    3.34552e+02   -1.41370e+02
 Pressure (bar)
   -8.53893e+02


DD  load balancing is limited by minimum cell size in dimension X Y
DD  step -1  vol min/aver 0.655! load imb.: force  9.3%

DD  load balancing is limited by minimum cell size in dimension X Y
DD  step -1  vol min/aver 0.656! load imb.: force  9.0%

DD  load balancing is limited by minimum cell size in dimension X Y
DD  step -1  vol min/aver 0.657! load imb.: force 10.6%

DD  load balancing is limited by minimum cell size in dimension X Y
DD  step -1  vol min/aver 0.658! load imb.: force  7.4%

DD  load balancing is limited by minimum cell size in dimension X Y
DD  step -1  vol min/aver 0.659! load imb.: force  6.3%

DD  load balancing is limited by minimum cell size in dimension X Y
DD  step -1  vol min/aver 0.659! load imb.: force  7.8%

DD  load balancing is limited by minimum cell size in dimension X Y
DD  step -1  vol min/aver 0.659! load imb.: force  9.3%

DD  load balancing is limited by minimum cell size in dimension X Y
DD  step -1  vol min/aver 0.660! load imb.: force  6.6%

DD  load balancing is limited by minimum cell size in dimension X Y
DD  step -1  vol min/aver 0.660! load imb.: force  5.0%

DD  load balancing is limited by minimum cell size in dimension X Y
DD  step -1  vol min/aver 0.660! load imb.: force  4.7%

DD  load balancing is limited by minimum cell size in dimension X Y
DD  step -1  vol min/aver 0.660! load imb.: force  6.5%

DD  load balancing is limited by minimum cell size in dimension X Y
DD  step -1  vol min/aver 0.660! load imb.: force  6.1%

DD  load balancing is limited by minimum cell size in dimension X Y
DD  step -1  vol min/aver 0.660! load imb.: force  9.3%

DD  load balancing is limited by minimum cell size in dimension X Y
DD  step -1  vol min/aver 0.660! load imb.: force  9.3%

DD  load balancing is limited by minimum cell size in dimension X Y
DD  step -1  vol min/aver 0.660! load imb.: force  9.8%

DD  load balancing is limited by minimum cell size in dimension X Y
DD  step -1  vol min/aver 0.659! load imb.: force  8.6%

DD  load balancing is limited by minimum cell size in dimension X Y
DD  step -1  vol min/aver 0.659! load imb.: force  7.4%

DD  load balancing is limited by minimum cell size in dimension X Y
DD  step -1  vol min/aver 0.659! load imb.: force  7.9%

DD  load balancing is limited by minimum cell size in dimension X Y
DD  step -1  vol min/aver 0.658! load imb.: force  8.3%

DD  load balancing is limited by minimum cell size in dimension X Y
DD  step -1  vol min/aver 0.657! load imb.: force  9.5%

DD  load balancing is limited by minimum cell size in dimension X Y
DD  step -1  vol min/aver 0.657! load imb.: force  9.1%

DD  load balancing is limited by minimum cell size in dimension X Y
DD  step -1  vol min/aver 0.657! load imb.: force  4.2%

DD  load balancing is limited by minimum cell size in dimension X Y
DD  step -1  vol min/aver 0.656! load imb.: force  7.9%

DD  load balancing is limited by minimum cell size in dimension X Y
DD  step -1  vol min/aver 0.656! load imb.: force  8.8%

DD  load balancing is limited by minimum cell size in dimension X Y
DD  step -1  vol min/aver 0.656! load imb.: force  9.1%
           Step           Time
           8000       16.00000

   Energies (kJ/mol)
           Bond          Angle    Proper Dih.          LJ-14     Coulomb-14
    8.64388e+00    4.85693e+00    8.24933e-01    1.73941e+00   -1.42470e+01
        LJ (SR)  Disper. corr.   Coulomb (SR)   Coul. recip.      Potential
    1.71007e+03   -7.42641e+01   -1.30461e+04    1.13767e+02   -1.12947e+04
    Kinetic En.   Total Energy  Conserved En.    Temperature Pres. DC (bar)
    2.13437e+03   -9.16030e+03   -8.92052e+03    3.00768e+02   -1.41827e+02
 Pressure (bar)
   -1.20138e+02


DD  load balancing is limited by minimum cell size in dimension X Y
DD  step -1  vol min/aver 0.656! load imb.: force  4.6%

DD  load balancing is limited by minimum cell size in dimension X Y
DD  step -1  vol min/aver 0.656! load imb.: force  6.8%

DD  load balancing is limited by minimum cell size in dimension X Y
DD  step -1  vol min/aver 0.656! load imb.: force  7.1%

DD  load balancing is limited by minimum cell size in dimension X Y
DD  step -1  vol min/aver 0.656! load imb.: force  8.9%

DD  load balancing is limited by minimum cell size in dimension X Y
DD  step -1  vol min/aver 0.656! load imb.: force  8.3%

DD  load balancing is limited by minimum cell size in dimension X Y
DD  step -1  vol min/aver 0.656! load imb.: force 10.2%

DD  load balancing is limited by minimum cell size in dimension X Y
DD  step -1  vol min/aver 0.656! load imb.: force  9.3%

DD  load balancing is limited by minimum cell size in dimension X Y
DD  step -1  vol min/aver 0.656! load imb.: force 10.6%

DD  load balancing is limited by minimum cell size in dimension X Y
DD  step -1  vol min/aver 0.656! load imb.: force  7.4%

DD  load balancing is limited by minimum cell size in dimension X Y
DD  step -1  vol min/aver 0.656! load imb.: force  6.9%

DD  load balancing is limited by minimum cell size in dimension X Y
DD  step -1  vol min/aver 0.656! load imb.: force  9.1%

DD  load balancing is limited by minimum cell size in dimension X Y
DD  step -1  vol min/aver 0.657! load imb.: force  8.0%

DD  load balancing is limited by minimum cell size in dimension X Y
DD  step -1  vol min/aver 0.657! load imb.: force  7.8%

DD  load balancing is limited by minimum cell size in dimension X Y
DD  step -1  vol min/aver 0.657! load imb.: force  6.4%

DD  load balancing is limited by minimum cell size in dimension X Y
DD  step -1  vol min/aver 0.657! load imb.: force  6.8%

DD  load balancing is limited by minimum cell size in dimension X Y
DD  step -1  vol min/aver 0.657! load imb.: force  7.8%

DD  load balancing is limited by minimum cell size in dimension X Y
DD  step -1  vol min/aver 0.658! load imb.: force  8.3%

DD  load balancing is limited by minimum cell size in dimension X Y
DD  step -1  vol min/aver 0.658! load imb.: force  8.2%

DD  load balancing is limited by minimum cell size in dimension X Y
DD  step -1  vol min/aver 0.658! load imb.: force  9.3%

DD  load balancing is limited by minimum cell size in dimension X Y
DD  step -1  vol min/aver 0.657! load imb.: force  8.6%

DD  load balancing is limited by minimum cell size in dimension X Y
DD  step -1  vol min/aver 0.657! load imb.: force  6.9%

DD  load balancing is limited by minimum cell size in dimension X Y
DD  step -1  vol min/aver 0.657! load imb.: force  9.6%

DD  load balancing is limited by minimum cell size in dimension X Y
DD  step -1  vol min/aver 0.657! load imb.: force 10.4%

DD  load balancing is limited by minimum cell size in dimension X Y
DD  step -1  vol min/aver 0.656! load imb.: force  9.6%

DD  load balancing is limited by minimum cell size in dimension X Y
DD  step -1  vol min/aver 0.656! load imb.: force 11.3%
           Step           Time
           9000       18.00000

   Energies (kJ/mol)
           Bond          Angle    Proper Dih.          LJ-14     Coulomb-14
    9.74506e-01    6.13529e+00    2.95503e+00    1.36278e+00   -1.41015e+01
        LJ (SR)  Disper. corr.   Coulomb (SR)   Coul. recip.      Potential
    1.69749e+03   -7.42356e+01   -1.28768e+04    1.28818e+02   -1.11274e+04
    Kinetic En.   Total Energy  Conserved En.    Temperature Pres. DC (bar)
    2.18104e+03   -8.94635e+03   -8.92106e+03    3.07345e+02   -1.41718e+02
 Pressure (bar)
    2.96827e+02


DD  load balancing is limited by minimum cell size in dimension X Y
DD  step -1  vol min/aver 0.656! load imb.: force  8.6%

DD  load balancing is limited by minimum cell size in dimension X Y
DD  step -1  vol min/aver 0.656! load imb.: force  9.1%

DD  load balancing is limited by minimum cell size in dimension X Y
DD  step -1  vol min/aver 0.656! load imb.: force  9.8%

DD  load balancing is limited by minimum cell size in dimension X Y
DD  step -1  vol min/aver 0.655! load imb.: force 10.7%

DD  load balancing is limited by minimum cell size in dimension X Y
DD  step -1  vol min/aver 0.655! load imb.: force  9.2%

DD  load balancing is limited by minimum cell size in dimension X Y
DD  step -1  vol min/aver 0.655! load imb.: force 10.8%

DD  load balancing is limited by minimum cell size in dimension X Y
DD  step -1  vol min/aver 0.654! load imb.: force 10.7%

DD  load balancing is limited by minimum cell size in dimension X Y
DD  step -1  vol min/aver 0.654! load imb.: force 10.5%

DD  load balancing is limited by minimum cell size in dimension X Y
DD  step -1  vol min/aver 0.654! load imb.: force 12.5%

DD  load balancing is limited by minimum cell size in dimension X Y
DD  step -1  vol min/aver 0.654! load imb.: force  8.4%

DD  load balancing is limited by minimum cell size in dimension X Y
DD  step -1  vol min/aver 0.654! load imb.: force  6.9%

DD  load balancing is limited by minimum cell size in dimension X Y
DD  step -1  vol min/aver 0.654! load imb.: force  5.9%

DD  load balancing is limited by minimum cell size in dimension X Y
DD  step -1  vol min/aver 0.654! load imb.: force  8.7%

DD  load balancing is limited by minimum cell size in dimension X Y
DD  step -1  vol min/aver 0.653! load imb.: force  7.3%

DD  load balancing is limited by minimum cell size in dimension X Y
DD  step -1  vol min/aver 0.653! load imb.: force  6.9%

DD  load balancing is limited by minimum cell size in dimension X Y
DD  step -1  vol min/aver 0.654! load imb.: force  7.2%

DD  load balancing is limited by minimum cell size in dimension Y
DD  step -1  vol min/aver 0.655! load imb.: force  9.7%

DD  load balancing is limited by minimum cell size in dimension X Y
DD  step -1  vol min/aver 0.654! load imb.: force  7.9%

DD  load balancing is limited by minimum cell size in dimension X Y
DD  step -1  vol min/aver 0.654! load imb.: force  5.7%

DD  load balancing is limited by minimum cell size in dimension X Y
DD  step -1  vol min/aver 0.653! load imb.: force  4.2%

DD  load balancing is limited by minimum cell size in dimension X Y
DD  step -1  vol min/aver 0.653! load imb.: force  5.2%

DD  load balancing is limited by minimum cell size in dimension X Y
DD  step -1  vol min/aver 0.653! load imb.: force  8.1%

DD  load balancing is limited by minimum cell size in dimension X Y
DD  step -1  vol min/aver 0.652! load imb.: force  8.8%

DD  load balancing is limited by minimum cell size in dimension X Y
DD  step -1  vol min/aver 0.652! load imb.: force  9.9%

DD  load balancing is limited by minimum cell size in dimension X Y
DD  step -1  vol min/aver 0.651! load imb.: force  7.1%
Writing checkpoint, step 10000 at Fri Apr 29 11:59:41 2022


           Step           Time
          10000       20.00000

   Energies (kJ/mol)
           Bond          Angle    Proper Dih.          LJ-14     Coulomb-14
    9.65121e+00    6.94669e+00    2.70649e+00    9.61320e-01   -1.39188e+01
        LJ (SR)  Disper. corr.   Coulomb (SR)   Coul. recip.      Potential
    1.78174e+03   -7.31245e+01   -1.30873e+04    1.08374e+02   -1.12640e+04
    Kinetic En.   Total Energy  Conserved En.    Temperature Pres. DC (bar)
    2.19309e+03   -9.07089e+03   -8.92191e+03    3.09044e+02   -1.37507e+02
 Pressure (bar)
    8.49792e+01


Energy conservation over simulation part #1 of length 20 ns, time 0 to 20 ns
  Conserved energy drift: -2.68e-05 kJ/mol/ps per atom

	<======  ###############  ==>
	<====  A V E R A G E S  ====>
	<==  ###############  ======>

	Statistics over 10001 steps using 10001 frames

   Energies (kJ/mol)
           Bond          Angle    Proper Dih.          LJ-14     Coulomb-14
    5.18498e+00    2.77034e+00    9.62958e-01    4.20016e+00   -1.47929e+01
        LJ (SR)  Disper. corr.   Coulomb (SR)   Coul. recip.      Potential
    1.67749e+03   -7.34442e+01   -1.28399e+04    1.15038e+02   -1.11224e+04
    Kinetic En.   Total Energy  Conserved En.    Temperature Pres. DC (bar)
    2.21595e+03   -8.90649e+03   -8.92088e+03    3.12265e+02   -1.38732e+02
 Pressure (bar)
    2.31492e+00

          Box-X          Box-Y          Box-Z
    2.31593e+00    2.31593e+00    1.63761e+00

   Total Virial (kJ/mol)
    7.52336e+02   -1.42680e+01    1.64679e+00
   -1.43365e+01    7.35122e+02    1.47518e+01
    1.58135e+00    1.47320e+01    7.28601e+02

   Pressure (bar)
   -4.82212e+01    5.67135e+01   -7.87932e+00
    5.69748e+01    1.51221e+01   -6.27783e+01
   -7.63114e+00   -6.27038e+01    4.00439e+01


	M E G A - F L O P S   A C C O U N T I N G

 NB=Group-cutoff nonbonded kernels    NxN=N-by-N cluster Verlet kernels
 RF=Reaction-Field  VdW=Van der Waals  QSTab=quadratic-spline table
 W3=SPC/TIP3p  W4=TIP4p (single or pairs)
 V&F=Potential and force  V=Potential only  F=Force only

 Computing:                               M-Number         M-Flops  % Flops
-----------------------------------------------------------------------------
 Pair Search distance check             110.492160         994.429     0.1
 NxN Ewald Elec. + LJ [V&F]            2973.989056      377696.610    56.8
 NxN LJ [V&F]                             2.337344         147.253     0.0
 NxN Ewald Elec. [V&F]                 2916.743648      245006.466    36.9
 1,4 nonbonded interactions               0.010001           0.900     0.0
 Calc Weights                            25.592559         921.332     0.1
 Spread Q Bspline                       545.974592        1091.949     0.2
 Gather F Bspline                       545.974592        3275.848     0.5
 3D-FFT                                3803.320294       30426.562     4.6
 Solve PME                               23.042304        1474.707     0.2
 Reset In Box                             0.213250           0.640     0.0
 CG-CoM                                   0.214103           0.642     0.0
 Bonds                                    0.030003           1.770     0.0
 Angles                                   0.020002           3.360     0.0
 Propers                                  0.010001           2.290     0.0
 Virial                                  15.731573         283.168     0.0
 Stop-CM                                  8.530853          85.309     0.0
 Calc-Ekin                                8.531706         230.356     0.0
 Constraint-V                            11.537853         103.841     0.0
 Constraint-Vir                          11.537853         276.908     0.0
 Settle                                   7.691902        2846.004     0.4
-----------------------------------------------------------------------------
 Total                                                  664870.346   100.0
-----------------------------------------------------------------------------


    D O M A I N   D E C O M P O S I T I O N   S T A T I S T I C S

 av. #atoms communicated per step for force:  2 x 7538.0
 av. #atoms communicated per step for LINCS:  3 x 324.9


Dynamic load balancing report:
 DLB was turned on during the run due to measured imbalance.
 Average load imbalance: 21.5%.
 The balanceable part of the MD step is 21%, load imbalance is computed from this.
 Part of the total run time spent waiting due to load imbalance: 4.6%.
 Steps where the load balancing was limited by -rdd, -rcon and/or -dds: X 1 % Y 1 %


     R E A L   C Y C L E   A N D   T I M E   A C C O U N T I N G

On 16 MPI ranks, each using 8 OpenMP threads

 Computing:          Num   Num      Call    Wall time         Giga-Cycles
                     Ranks Threads  Count      (s)         total sum    %
-----------------------------------------------------------------------------
 Domain decomp.        16    8        250       0.178         51.071   1.2
 DD comm. load         16    8        250       0.000          0.116   0.0
 DD comm. bounds       16    8        248       0.004          1.244   0.0
 Neighbor search       16    8        251       0.036         10.213   0.2
 Comm. coord.          16    8       9750       1.441        414.100   9.9
 Force                 16    8      10001       0.436        125.367   3.0
 Wait + Comm. F        16    8      10001       0.749        215.176   5.1
 PME mesh              16    8      10001       7.179       2063.249  49.1
 NB X/F buffer ops.    16    8      29501       0.388        111.523   2.7
 Write traj.           16    8         12       0.000          0.136   0.0
 Update                16    8      20002       0.081         23.150   0.6
 Constraints           16    8      20002       1.839        528.560  12.6
 Comm. energies        16    8      20002       1.707        490.528  11.7
 Rest                                           0.577        165.860   3.9
-----------------------------------------------------------------------------
 Total                                         14.615       4200.291 100.0
-----------------------------------------------------------------------------
 Breakdown of PME mesh computation
-----------------------------------------------------------------------------
 PME redist. X/F       16    8      20002       2.552        733.528  17.5
 PME spread            16    8      10001       0.812        233.401   5.6
 PME gather            16    8      10001       0.604        173.477   4.1
 PME 3D-FFT            16    8      20002       0.295         84.732   2.0
 PME 3D-FFT Comm.      16    8      40004       2.882        828.375  19.7
 PME solve Elec        16    8      10001       0.009          2.659   0.1
-----------------------------------------------------------------------------

NOTE: 12 % of the run time was spent communicating energies,
      you might want to increase some nst* mdp options

               Core t (s)   Wall t (s)        (%)
       Time:     1870.302       14.615    12797.4
                 (ns/day)    (hour/ns)
Performance:      118.249        0.203
Finished mdrun on rank 0 Fri Apr 29 11:59:41 2022

