                :-) GROMACS - gmx mdrun, 2021.4-plumed-2.7.3 (-:

                            GROMACS is written by:
     Andrey Alekseenko              Emile Apol              Rossen Apostolov     
         Paul Bauer           Herman J.C. Berendsen           Par Bjelkmar       
       Christian Blau           Viacheslav Bolnykh             Kevin Boyd        
     Aldert van Buuren           Rudi van Drunen             Anton Feenstra      
    Gilles Gouaillardet             Alan Gray               Gerrit Groenhof      
       Anca Hamuraru            Vincent Hindriksen          M. Eric Irrgang      
      Aleksei Iupinov           Christoph Junghans             Joe Jordan        
    Dimitrios Karkoulis            Peter Kasson                Jiri Kraus        
      Carsten Kutzner              Per Larsson              Justin A. Lemkul     
       Viveca Lindahl            Magnus Lundborg             Erik Marklund       
        Pascal Merz             Pieter Meulenhoff            Teemu Murtola       
        Szilard Pall               Sander Pronk              Roland Schulz       
       Michael Shirts            Alexey Shvetsov             Alfons Sijbers      
       Peter Tieleman              Jon Vincent              Teemu Virolainen     
     Christian Wennberg            Maarten Wolf              Artem Zhmurov       
                           and the project leaders:
        Mark Abraham, Berk Hess, Erik Lindahl, and David van der Spoel

Copyright (c) 1991-2000, University of Groningen, The Netherlands.
Copyright (c) 2001-2019, The GROMACS development team at
Uppsala University, Stockholm University and
the Royal Institute of Technology, Sweden.
check out http://www.gromacs.org for more information.

GROMACS is free software; you can redistribute it and/or modify it
under the terms of the GNU Lesser General Public License
as published by the Free Software Foundation; either version 2.1
of the License, or (at your option) any later version.

GROMACS:      gmx mdrun, version 2021.4-plumed-2.7.3
Executable:   /usr/local/gromacs/bin/gmx
Data prefix:  /usr/local/gromacs
Working dir:  /home/wei-tse/Documents/gmxapi_practice/lambda_MetaD/2D_case/gmxapi.commandline.cli0_i0
Process ID:   22355
Command line:
  gmx mdrun -plumed ../plumed_2.dat -s ../sys2_lambda.tpr -c ../sys2_lambda.gro -e ../lambda.edr -g ../lambda.log -o ../lambda.trr

GROMACS version:    2021.4-plumed-2.7.3
Precision:          mixed
Memory model:       64 bit
MPI library:        thread_mpi
OpenMP support:     enabled (GMX_OPENMP_MAX_THREADS = 64)
GPU support:        disabled
SIMD instructions:  AVX2_256
FFT library:        fftw-3.3.8-sse2-avx-avx2-avx2_128
RDTSCP usage:       enabled
TNG support:        enabled
Hwloc support:      disabled
Tracing support:    disabled
C compiler:         /usr/bin/cc GNU 7.5.0
C compiler flags:   -mavx2 -mfma -Wno-missing-field-initializers -fexcess-precision=fast -funroll-all-loops -O3 -DNDEBUG
C++ compiler:       /usr/bin/c++ GNU 7.5.0
C++ compiler flags: -mavx2 -mfma -Wno-missing-field-initializers -fexcess-precision=fast -funroll-all-loops -fopenmp -O3 -DNDEBUG


Running on 1 node with total 8 cores, 16 logical cores
Hardware detected:
  CPU info:
    Vendor: Intel
    Brand:  Intel(R) Xeon(R) Silver 4110 CPU @ 2.10GHz
    Family: 6   Model: 85   Stepping: 4
    Features: aes apic avx avx2 avx512f avx512cd avx512bw avx512vl clfsh cmov cx8 cx16 f16c fma hle htt intel lahf mmx msr nonstop_tsc pcid pclmuldq pdcm pdpe1gb popcnt pse rdrnd rdtscp rtm sse2 sse3 sse4.1 sse4.2 ssse3 tdt x2apic
    Number of AVX-512 FMA units: 1 (AVX2 is faster w/o 2 AVX-512 FMA units)
  Hardware topology: Basic
    Sockets, cores, and logical processors:
      Socket  0: [   0   8] [   1   9] [   2  10] [   3  11] [   4  12] [   5  13] [   6  14] [   7  15]


++++ PLEASE READ AND CITE THE FOLLOWING REFERENCE ++++
M. J. Abraham, T. Murtola, R. Schulz, S. Páll, J. C. Smith, B. Hess, E.
Lindahl
GROMACS: High performance molecular simulations through multi-level
parallelism from laptops to supercomputers
SoftwareX 1 (2015) pp. 19-25
-------- -------- --- Thank You --- -------- --------


++++ PLEASE READ AND CITE THE FOLLOWING REFERENCE ++++
S. Páll, M. J. Abraham, C. Kutzner, B. Hess, E. Lindahl
Tackling Exascale Software Challenges in Molecular Dynamics Simulations with
GROMACS
In S. Markidis & E. Laure (Eds.), Solving Software Challenges for Exascale 8759 (2015) pp. 3-27
-------- -------- --- Thank You --- -------- --------


++++ PLEASE READ AND CITE THE FOLLOWING REFERENCE ++++
S. Pronk, S. Páll, R. Schulz, P. Larsson, P. Bjelkmar, R. Apostolov, M. R.
Shirts, J. C. Smith, P. M. Kasson, D. van der Spoel, B. Hess, and E. Lindahl
GROMACS 4.5: a high-throughput and highly parallel open source molecular
simulation toolkit
Bioinformatics 29 (2013) pp. 845-54
-------- -------- --- Thank You --- -------- --------


++++ PLEASE READ AND CITE THE FOLLOWING REFERENCE ++++
B. Hess and C. Kutzner and D. van der Spoel and E. Lindahl
GROMACS 4: Algorithms for highly efficient, load-balanced, and scalable
molecular simulation
J. Chem. Theory Comput. 4 (2008) pp. 435-447
-------- -------- --- Thank You --- -------- --------


++++ PLEASE READ AND CITE THE FOLLOWING REFERENCE ++++
D. van der Spoel, E. Lindahl, B. Hess, G. Groenhof, A. E. Mark and H. J. C.
Berendsen
GROMACS: Fast, Flexible and Free
J. Comp. Chem. 26 (2005) pp. 1701-1719
-------- -------- --- Thank You --- -------- --------


++++ PLEASE READ AND CITE THE FOLLOWING REFERENCE ++++
E. Lindahl and B. Hess and D. van der Spoel
GROMACS 3.0: A package for molecular simulation and trajectory analysis
J. Mol. Mod. 7 (2001) pp. 306-317
-------- -------- --- Thank You --- -------- --------


++++ PLEASE READ AND CITE THE FOLLOWING REFERENCE ++++
H. J. C. Berendsen, D. van der Spoel and R. van Drunen
GROMACS: A message-passing parallel molecular dynamics implementation
Comp. Phys. Comm. 91 (1995) pp. 43-56
-------- -------- --- Thank You --- -------- --------

Input Parameters:
   integrator                     = md-vv
   tinit                          = 0
   dt                             = 0.002
   nsteps                         = 10000
   init-step                      = 0
   simulation-part                = 1
   mts                            = false
   comm-mode                      = Linear
   nstcomm                        = 1
   bd-fric                        = 0
   ld-seed                        = 1873751756
   emtol                          = 10
   emstep                         = 0.01
   niter                          = 20
   fcstep                         = 0
   nstcgsteep                     = 1000
   nbfgscorr                      = 10
   rtpi                           = 0.05
   nstxout                        = 0
   nstvout                        = 0
   nstfout                        = 0
   nstlog                         = 1000
   nstcalcenergy                  = 1
   nstenergy                      = 1000
   nstxout-compressed             = 1000
   compressed-x-precision         = 1000
   cutoff-scheme                  = Verlet
   nstlist                        = 10
   pbc                            = xyz
   periodic-molecules             = false
   verlet-buffer-tolerance        = 0.005
   rlist                          = 0.9
   coulombtype                    = PME
   coulomb-modifier               = Potential-shift
   rcoulomb-switch                = 0.89
   rcoulomb                       = 0.9
   epsilon-r                      = 1
   epsilon-rf                     = inf
   vdw-type                       = Cut-off
   vdw-modifier                   = Potential-switch
   rvdw-switch                    = 0.85
   rvdw                           = 0.9
   DispCorr                       = AllEnerPres
   table-extension                = 1
   fourierspacing                 = 0.1
   fourier-nx                     = 24
   fourier-ny                     = 24
   fourier-nz                     = 24
   pme-order                      = 4
   ewald-rtol                     = 1e-05
   ewald-rtol-lj                  = 0.001
   lj-pme-comb-rule               = Geometric
   ewald-geometry                 = 0
   epsilon-surface                = 0
   tcoupl                         = V-rescale
   nsttcouple                     = 1
   nh-chain-length                = 0
   print-nose-hoover-chain-variables = false
   pcoupl                         = No
   pcoupltype                     = Isotropic
   nstpcouple                     = -1
   tau-p                          = 1
   compressibility (3x3):
      compressibility[    0]={ 0.00000e+00,  0.00000e+00,  0.00000e+00}
      compressibility[    1]={ 0.00000e+00,  0.00000e+00,  0.00000e+00}
      compressibility[    2]={ 0.00000e+00,  0.00000e+00,  0.00000e+00}
   ref-p (3x3):
      ref-p[    0]={ 0.00000e+00,  0.00000e+00,  0.00000e+00}
      ref-p[    1]={ 0.00000e+00,  0.00000e+00,  0.00000e+00}
      ref-p[    2]={ 0.00000e+00,  0.00000e+00,  0.00000e+00}
   refcoord-scaling               = No
   posres-com (3):
      posres-com[0]= 0.00000e+00
      posres-com[1]= 0.00000e+00
      posres-com[2]= 0.00000e+00
   posres-comB (3):
      posres-comB[0]= 0.00000e+00
      posres-comB[1]= 0.00000e+00
      posres-comB[2]= 0.00000e+00
   QMMM                           = false
qm-opts:
   ngQM                           = 0
   constraint-algorithm           = Lincs
   continuation                   = false
   Shake-SOR                      = false
   shake-tol                      = 0.0001
   lincs-order                    = 12
   lincs-iter                     = 2
   lincs-warnangle                = 30
   nwall                          = 0
   wall-type                      = 9-3
   wall-r-linpot                  = -1
   wall-atomtype[0]               = -1
   wall-atomtype[1]               = -1
   wall-density[0]                = 0
   wall-density[1]                = 0
   wall-ewald-zfac                = 3
   pull                           = false
   awh                            = false
   rotation                       = false
   interactiveMD                  = false
   disre                          = No
   disre-weighting                = Conservative
   disre-mixed                    = false
   dr-fc                          = 1000
   dr-tau                         = 0
   nstdisreout                    = 100
   orire-fc                       = 0
   orire-tau                      = 0
   nstorireout                    = 100
   free-energy                    = expanded
   init-lambda                    = -1
   init-lambda-state              = 0
   delta-lambda                   = 0
   nstdhdl                        = 1000
   n-lambdas                      = 20
   separate-dvdl:
       fep-lambdas =   FALSE
      mass-lambdas =   FALSE
      coul-lambdas =   TRUE
       vdw-lambdas =   TRUE
    bonded-lambdas =   FALSE
 restraint-lambdas =   FALSE
temperature-lambdas =   FALSE
all-lambdas:
       fep-lambdas =            0           0           0           0           0           0           0           0           0           0           0           0           0           0           0           0           0           0           0           0
      mass-lambdas =            0           0           0           0           0           0           0           0           0           0           0           0           0           0           0           0           0           0           0           0
      coul-lambdas =            0        0.05         0.1         0.2         0.3        0.35         0.4        0.45         0.5         0.6         0.7        0.85           1           1           1           1           1           1           1           1
       vdw-lambdas =            0           0           0           0           0           0           0           0           0           0           0           0           0         0.2         0.4         0.5         0.6         0.7         0.8           1
    bonded-lambdas =            0           0           0           0           0           0           0           0           0           0           0           0           0           0           0           0           0           0           0           0
 restraint-lambdas =            0           0           0           0           0           0           0           0           0           0           0           0           0           0           0           0           0           0           0           0
temperature-lambdas =            0           0           0           0           0           0           0           0           0           0           0           0           0           0           0           0           0           0           0           0
   calc-lambda-neighbors          = -1
   dhdl-print-energy              = total
   sc-alpha                       = 0.5
   sc-power                       = 1
   sc-r-power                     = 6
   sc-sigma                       = 0.3
   sc-sigma-min                   = 0.3
   sc-coul                        = false
   dh-hist-size                   = 0
   dh-hist-spacing                = 0.1
   separate-dhdl-file             = yes
   dhdl-derivatives               = yes
   nstexpanded                    = 10
   lmc-stats                      = wang-landau
   lmc-move                       = metropolized-gibbs
   lmc-weights-equil              = wl-delta
   weight-equil-wl-delta          = 0.001
   lmc-seed                       = 1000
   mc-temperature                 = 298
   lmc-repeats                    = 1
   lmc-gibbsdelta                 = -1
   lmc-forced-nstart              = 0
   symmetrized-transition-matrix  = true
   nst-transition-matrix          = 100000
   mininum-var-min                = 100
   weight-c-range                 = 0
   wl-scale                       = 0.8
   wl-ratio                       = 0.8
   init-wl-delta                  = 0.5
   wl-oneovert                    = false
      init-lambda-weights (20):
      init-lambda-weights[0]= 0.00000e+00
      init-lambda-weights[1]= 0.00000e+00
      init-lambda-weights[2]= 0.00000e+00
      init-lambda-weights[3]= 0.00000e+00
      init-lambda-weights[4]= 0.00000e+00
      init-lambda-weights[5]= 0.00000e+00
      init-lambda-weights[6]= 0.00000e+00
      init-lambda-weights[7]= 0.00000e+00
      init-lambda-weights[8]= 0.00000e+00
      init-lambda-weights[9]= 0.00000e+00
      init-lambda-weights[10]= 0.00000e+00
      init-lambda-weights[11]= 0.00000e+00
      init-lambda-weights[12]= 0.00000e+00
      init-lambda-weights[13]= 0.00000e+00
      init-lambda-weights[14]= 0.00000e+00
      init-lambda-weights[15]= 0.00000e+00
      init-lambda-weights[16]= 0.00000e+00
      init-lambda-weights[17]= 0.00000e+00
      init-lambda-weights[18]= 0.00000e+00
      init-lambda-weights[19]= 0.00000e+00
   init-weights                   = false
   cos-acceleration               = 0
   deform (3x3):
      deform[    0]={ 0.00000e+00,  0.00000e+00,  0.00000e+00}
      deform[    1]={ 0.00000e+00,  0.00000e+00,  0.00000e+00}
      deform[    2]={ 0.00000e+00,  0.00000e+00,  0.00000e+00}
   simulated-tempering            = false
   swapcoords                     = no
   userint1                       = 0
   userint2                       = 0
   userint3                       = 0
   userint4                       = 0
   userreal1                      = 0
   userreal2                      = 0
   userreal3                      = 0
   userreal4                      = 0
   applied-forces:
     electric-field:
       x:
         E0                       = 0
         omega                    = 0
         t0                       = 0
         sigma                    = 0
       y:
         E0                       = 0
         omega                    = 0
         t0                       = 0
         sigma                    = 0
       z:
         E0                       = 0
         omega                    = 0
         t0                       = 0
         sigma                    = 0
     density-guided-simulation:
       active                     = false
       group                      = protein
       similarity-measure         = inner-product
       atom-spreading-weight      = unity
       force-constant             = 1e+09
       gaussian-transform-spreading-width = 0.2
       gaussian-transform-spreading-range-in-multiples-of-width = 4
       reference-density-filename = reference.mrc
       nst                        = 1
       normalize-densities        = true
       adaptive-force-scaling     = false
       adaptive-force-scaling-time-constant = 4
       shift-vector               = 
       transformation-matrix      = 
grpopts:
   nrdf:        1707
   ref-t:         298
   tau-t:         0.5
annealing:          No
annealing-npoints:           0
   acc:	           0           0           0
   nfreeze:           N           N           N
   energygrp-flags[  0]: 0

Changing nstlist from 10 to 40, rlist from 0.9 to 0.998

Using 1 MPI thread
Using 16 OpenMP threads 

Pinning threads with an auto-selected logical core stride of 1
System total charge, top. A: 0.000 top. B: 0.000
Will do PME sum in reciprocal space for electrostatic interactions.

++++ PLEASE READ AND CITE THE FOLLOWING REFERENCE ++++
U. Essmann, L. Perera, M. L. Berkowitz, T. Darden, H. Lee and L. G. Pedersen 
A smooth particle mesh Ewald method
J. Chem. Phys. 103 (1995) pp. 8577-8592
-------- -------- --- Thank You --- -------- --------

Using a Gaussian width (1/beta) of 0.288146 nm for Ewald
Potential shift: LJ r^-12: 0.000e+00 r^-6: 0.000e+00, Ewald -1.111e-05
Initialized non-bonded Ewald tables, spacing: 8.85e-04 size: 2259

Generated table with 998 data points for 1-4 COUL.
Tabscale = 500 points/nm
Generated table with 998 data points for 1-4 LJ6.
Tabscale = 500 points/nm
Generated table with 998 data points for 1-4 LJ12.
Tabscale = 500 points/nm
Long Range LJ corr.: <C6> 2.8357e-04 <C12> 2.8091e-07


Using SIMD 4x8 nonbonded short-range kernels

Using a dual 4x8 pair-list setup updated with dynamic pruning:
  outer list: updated every 40 steps, buffer 0.098 nm, rlist 0.998 nm
  inner list: updated every 11 steps, buffer 0.002 nm, rlist 0.902 nm
At tolerance 0.005 kJ/mol/ps per atom, equivalent classical 1x1 list would be:
  outer list: updated every 40 steps, buffer 0.208 nm, rlist 1.108 nm
  inner list: updated every 11 steps, buffer 0.041 nm, rlist 0.941 nm
There are 4 atoms and 2 charges for free energy perturbation
Removing pbc first time

++++ PLEASE READ AND CITE THE FOLLOWING REFERENCE ++++
S. Miyamoto and P. A. Kollman
SETTLE: An Analytical Version of the SHAKE and RATTLE Algorithms for Rigid
Water Models
J. Comp. Chem. 13 (1992) pp. 952-962
-------- -------- --- Thank You --- -------- --------

Initial vector of lambda components:[     0.0000     0.0000     0.0000     0.0000     0.0000     0.0000     0.0000 ]

++++ PLEASE READ AND CITE THE FOLLOWING REFERENCE ++++
G. Bussi, D. Donadio and M. Parrinello
Canonical sampling through velocity rescaling
J. Chem. Phys. 126 (2007) pp. 014101
-------- -------- --- Thank You --- -------- --------

There are: 853 Atoms

Constraining the starting coordinates (step 0)
Center of mass motion removal mode is Linear
We have the following groups for center of mass motion removal:
  0:  rest
RMS relative constraint deviation after constraining: 0.00e+00
Initial temperature: 293.009 K

PLUMED: PLUMED is starting
PLUMED: Version: 2.7.3 (git: 207632cf4) compiled on Jan 27 2022 at 07:23:34
PLUMED: Please cite these papers when using PLUMED [1][2]
PLUMED: For further information see the PLUMED web page at http://www.plumed.org
PLUMED: Root: /home/wei-tse/Documents/Software/PLUMED/plumed2/
PLUMED: For installed feature, see /home/wei-tse/Documents/Software/PLUMED/plumed2//src/config/config.txt
PLUMED: Molecular dynamics engine: gromacs
PLUMED: Precision of reals: 4
PLUMED: Running over 1 node
PLUMED: Number of threads: 16
PLUMED: Cache line size: 512
PLUMED: Number of atoms: 853
PLUMED: File suffix: 
PLUMED: FILE: ../plumed_2.dat
PLUMED: Action TORSION
PLUMED:   with label theta
PLUMED:   between atoms 1 2 3 4
PLUMED:   using periodic boundary conditions
PLUMED: Action EXTRACV
PLUMED:   with label lambda
PLUMED:   name: lambda
PLUMED: Action METAD
PLUMED:   with label metad
PLUMED:   with arguments theta lambda
PLUMED:   added component to this action:  metad.bias 
PLUMED:   Gaussian width  0.500000 0.000100  Gaussian height 4.955418
PLUMED:   Gaussian deposition pace 500
PLUMED:   Gaussian file HILLS_2D
PLUMED:   Well-Tempered Bias Factor 120.000000
PLUMED:   Hills relaxation time (tau) 59.500016
PLUMED:   KbT 2.477710
PLUMED:   Grid min -pi 0
PLUMED:   Grid max pi 19
PLUMED:   Grid bin 100 19
PLUMED:   Grid uses spline interpolation
PLUMED:   added component to this action:  metad.work 
PLUMED:   WARNING: Using a METAD with a Grid Spacing larger than half of the Gaussians width can produce artifacts
PLUMED:   WARNING: Using a METAD with a Grid Spacing larger than half of the Gaussians width can produce artifacts
PLUMED:   Bibliography [3][4]
PLUMED: Action PRINT
PLUMED:   with label @3
PLUMED:   with stride 10
PLUMED:   with arguments theta lambda metad.bias
PLUMED:   on file COLVAR
PLUMED:   with format  %f
PLUMED: END FILE: ../plumed_2.dat
PLUMED: Timestep: 0.002000
PLUMED: KbT: 2.477710
PLUMED: Relevant bibliography:
PLUMED:   [1] The PLUMED consortium, Nat. Methods 16, 670 (2019)
PLUMED:   [2] Tribello, Bonomi, Branduardi, Camilloni, and Bussi, Comput. Phys. Commun. 185, 604 (2014)
PLUMED:   [3] Laio and Parrinello, PNAS 99, 12562 (2002)
PLUMED:   [4] Barducci, Bussi, and Parrinello, Phys. Rev. Lett. 100, 020603 (2008)
PLUMED: Please read and cite where appropriate!
PLUMED: Finished setup
Started mdrun on rank 0 Tue Mar  8 12:52:41 2022

           Step           Time
              0        0.00000

   Energies (kJ/mol)
           Bond          Angle    Proper Dih.          LJ-14     Coulomb-14
    1.63847e+00    2.56001e-01    6.98090e-03    8.37196e+00   -1.55223e+01
        LJ (SR)  Disper. corr.   Coulomb (SR)   Coul. recip.      Potential
    1.69399e+03   -7.26698e+01   -1.28804e+04    1.11439e+02   -1.11529e+04
    Kinetic En.   Total Energy  Conserved En.    Temperature Pres. DC (bar)
    2.07931e+03   -9.07357e+03   -9.07357e+03    2.93009e+02   -1.35802e+02
 Pressure (bar)      dVcoul/dl       dVvdw/dl
   -2.27880e+02    1.56812e+01    7.01139e+00

           Step           Time
           1000        2.00000

             MC-lambda information
  N  CoulL   VdwL    Count   G(in kT)  dG(in kT)
  1  0.000  0.000       27    0.00000    1.99261   
  2  0.050  0.000       29    1.99261   -2.00000   
  3  0.100  0.000       15   -0.00739    2.00000 <<
  4  0.200  0.000       12    1.99261    0.00000   
  5  0.300  0.000        5    1.99261    0.00000   
  6  0.350  0.000        5    1.99261    0.00000   
  7  0.400  0.000        4    1.99261    0.00000   
  8  0.450  0.000        1    1.99261    0.00000   
  9  0.500  0.000        2    1.99261    0.00000   
 10  0.600  0.000        0    1.99261    0.00000   
 11  0.700  0.000        0    1.99261    0.00000   
 12  0.850  0.000        0    1.99261    0.00000   
 13  1.000  0.000        0    1.99261    0.00000   
 14  1.000  0.200        0    1.99261    0.00000   
 15  1.000  0.400        0    1.99261    0.00000   
 16  1.000  0.500        0    1.99261    0.00000   
 17  1.000  0.600        0    1.99261    0.00000   
 18  1.000  0.700        0    1.99261    0.00000   
 19  1.000  0.800        0    1.99261    0.00000   
 20  1.000  1.000        0    1.99261    0.00000   

   Energies (kJ/mol)
           Bond          Angle    Proper Dih.          LJ-14     Coulomb-14
    2.03822e+00    3.53104e+00    1.23206e-01    3.02887e+00   -1.46318e+01
        LJ (SR)  Disper. corr.   Coulomb (SR)   Coul. recip.      Potential
    1.77108e+03   -7.26698e+01   -1.30330e+04    1.16793e+02   -1.12237e+04
    Kinetic En.   Total Energy  Conserved En.    Temperature Pres. DC (bar)
    2.16650e+03   -9.05720e+03   -9.07151e+03    3.05295e+02   -1.35802e+02
 Pressure (bar)      dVcoul/dl       dVvdw/dl
    1.86864e+02    1.90703e+01    1.25342e+01

           Step           Time
           2000        4.00000

             MC-lambda information
  N  CoulL   VdwL    Count   G(in kT)  dG(in kT)
  1  0.000  0.000       32    0.00000    1.97091   
  2  0.050  0.000       52    1.97091   -1.99276   
  3  0.100  0.000       18   -0.02185    1.99276   
  4  0.200  0.000       30    1.97091    0.00000   
  5  0.300  0.000       20    1.97091    0.00000   
  6  0.350  0.000       14    1.97091    0.00000   
  7  0.400  0.000       16    1.97091    0.00000   
  8  0.450  0.000        7    1.97091    0.00000   
  9  0.500  0.000        4    1.97091   -1.99839   
 10  0.600  0.000        1   -0.02748    1.99839   
 11  0.700  0.000        1    1.97091   -2.00000   
 12  0.850  0.000        2   -0.02909    2.00000 <<
 13  1.000  0.000        2    1.97091    0.00000   
 14  1.000  0.200        1    1.97091    0.00000   
 15  1.000  0.400        0    1.97091    0.00000   
 16  1.000  0.500        0    1.97091    0.00000   
 17  1.000  0.600        0    1.97091    0.00000   
 18  1.000  0.700        0    1.97091    0.00000   
 19  1.000  0.800        0    1.97091    0.00000   
 20  1.000  1.000        0    1.97091    0.00000   

   Energies (kJ/mol)
           Bond          Angle    Proper Dih.          LJ-14     Coulomb-14
    1.43747e+00    3.92947e+00    1.32966e-02    2.78951e+00   -1.45700e+01
        LJ (SR)  Disper. corr.   Coulomb (SR)   Coul. recip.      Potential
    1.70873e+03   -7.26698e+01   -1.29617e+04    1.14555e+02   -1.12175e+04
    Kinetic En.   Total Energy  Conserved En.    Temperature Pres. DC (bar)
    2.24989e+03   -8.96762e+03   -9.06338e+03    3.17047e+02   -1.35802e+02
 Pressure (bar)      dVcoul/dl       dVvdw/dl
   -3.58682e+02    4.12200e+00   -4.32788e+00

           Step           Time
           3000        6.00000

             MC-lambda information
  N  CoulL   VdwL    Count   G(in kT)  dG(in kT)
  1  0.000  0.000       36    0.00000   -0.00566   
  2  0.050  0.000       81   -0.00566    0.02584 <<
  3  0.100  0.000       22    0.02019    1.97415   
  4  0.200  0.000       46    1.99434    0.00000   
  5  0.300  0.000       26    1.99434    0.00000   
  6  0.350  0.000       20    1.99434    0.00000   
  7  0.400  0.000       25    1.99434    0.00000   
  8  0.450  0.000       14    1.99434    0.00000   
  9  0.500  0.000        8    1.99434   -1.91954   
 10  0.600  0.000        2    0.07480    1.91954   
 11  0.700  0.000        7    1.99434   -1.94018   
 12  0.850  0.000        3    0.05416   -0.04243   
 13  1.000  0.000        4    0.01173    1.98262   
 14  1.000  0.200        6    1.99434    0.00000   
 15  1.000  0.400        0    1.99434    0.00000   
 16  1.000  0.500        0    1.99434    0.00000   
 17  1.000  0.600        0    1.99434    0.00000   
 18  1.000  0.700        0    1.99434    0.00000   
 19  1.000  0.800        0    1.99434    0.00000   
 20  1.000  1.000        0    1.99434    0.00000   

   Energies (kJ/mol)
           Bond          Angle    Proper Dih.          LJ-14     Coulomb-14
    1.53477e+00    8.76645e-01    1.51743e+00    4.05544e+00   -1.48637e+01
        LJ (SR)  Disper. corr.   Coulomb (SR)   Coul. recip.      Potential
    1.79018e+03   -7.26698e+01   -1.31552e+04    1.21689e+02   -1.13229e+04
    Kinetic En.   Total Energy  Conserved En.    Temperature Pres. DC (bar)
    2.11214e+03   -9.21079e+03   -9.06663e+03    2.97635e+02   -1.35802e+02
 Pressure (bar)      dVcoul/dl       dVvdw/dl
    1.37366e+01    2.08855e+01   -7.96332e+00

           Step           Time
           4000        8.00000

             MC-lambda information
  N  CoulL   VdwL    Count   G(in kT)  dG(in kT)
  1  0.000  0.000       44    0.00000    1.94357   
  2  0.050  0.000       95    1.94357   -0.01832   
  3  0.100  0.000       28    1.92525    1.99944   
  4  0.200  0.000       67    3.92469    0.00000   
  5  0.300  0.000       38    3.92469   -2.00000   
  6  0.350  0.000       30    1.92469    2.00000 <<
  7  0.400  0.000       34    3.92469    0.00000   
  8  0.450  0.000       23    3.92469    0.00000   
  9  0.500  0.000       18    3.92469   -1.97796   
 10  0.600  0.000        2    1.94673    1.97796   
 11  0.700  0.000        8    3.92469   -1.98821   
 12  0.850  0.000        3    1.93648   -0.01175   
 13  1.000  0.000        4    1.92472    1.99997   
 14  1.000  0.200        6    3.92469    0.00000   
 15  1.000  0.400        0    3.92469    0.00000   
 16  1.000  0.500        0    3.92469    0.00000   
 17  1.000  0.600        0    3.92469    0.00000   
 18  1.000  0.700        0    3.92469    0.00000   
 19  1.000  0.800        0    3.92469    0.00000   
 20  1.000  1.000        0    3.92469    0.00000   

   Energies (kJ/mol)
           Bond          Angle    Proper Dih.          LJ-14     Coulomb-14
    1.33036e+00    6.72779e+00    2.30430e-01    1.56251e+00   -1.41813e+01
        LJ (SR)  Disper. corr.   Coulomb (SR)   Coul. recip.      Potential
    1.61020e+03   -7.26698e+01   -1.30474e+04    1.10221e+02   -1.14039e+04
    Kinetic En.   Total Energy  Conserved En.    Temperature Pres. DC (bar)
    2.16341e+03   -9.24054e+03   -9.06091e+03    3.04861e+02   -1.35802e+02
 Pressure (bar)      dVcoul/dl       dVvdw/dl
   -1.41970e+03    1.09648e+01    1.82561e+01

           Step           Time
           5000       10.00000

             MC-lambda information
  N  CoulL   VdwL    Count   G(in kT)  dG(in kT)
  1  0.000  0.000       46    0.00000    1.95824   
  2  0.050  0.000      106    1.95824   -0.02754   
  3  0.100  0.000       32    1.93069   -0.00003   
  4  0.200  0.000       93    1.93067    0.02678 <<
  5  0.300  0.000       47    1.95744   -0.02594   
  6  0.350  0.000       31    1.93150    1.99916   
  7  0.400  0.000       44    3.93066    0.00000   
  8  0.450  0.000       31    3.93066    0.00000   
  9  0.500  0.000       27    3.93066   -1.98566   
 10  0.600  0.000        3    1.94500    1.98566   
 11  0.700  0.000       15    3.93066   -1.99364   
 12  0.850  0.000        4    1.93702   -0.00517   
 13  1.000  0.000        5    1.93186    1.99881   
 14  1.000  0.200        9    3.93066    0.00000   
 15  1.000  0.400        3    3.93066    0.00000   
 16  1.000  0.500        3    3.93066    0.00000   
 17  1.000  0.600        1    3.93066    0.00000   
 18  1.000  0.700        0    3.93066    0.00000   
 19  1.000  0.800        0    3.93066    0.00000   
 20  1.000  1.000        0    3.93066    0.00000   

   Energies (kJ/mol)
           Bond          Angle    Proper Dih.          LJ-14     Coulomb-14
    1.51242e+00    2.48090e+00    1.03515e-01    3.30340e+00   -1.46986e+01
        LJ (SR)  Disper. corr.   Coulomb (SR)   Coul. recip.      Potential
    1.62096e+03   -7.26698e+01   -1.30594e+04    1.07524e+02   -1.14108e+04
    Kinetic En.   Total Energy  Conserved En.    Temperature Pres. DC (bar)
    2.16360e+03   -9.24724e+03   -9.03971e+03    3.04887e+02   -1.35802e+02
 Pressure (bar)      dVcoul/dl       dVvdw/dl
   -1.11050e+03    1.08678e+01    2.72761e+00

           Step           Time
           6000       12.00000

             MC-lambda information
  N  CoulL   VdwL    Count   G(in kT)  dG(in kT)
  1  0.000  0.000       48    0.00000    0.06005   
  2  0.050  0.000      120    0.06005    1.84926   
  3  0.100  0.000       46    1.90931   -0.00272   
  4  0.200  0.000      100    1.90659    0.10584   
  5  0.300  0.000       54    2.01243   -0.09051   
  6  0.350  0.000       33    1.92192    1.91776   
  7  0.400  0.000       63    3.83968   -2.00000   
  8  0.450  0.000       50    1.83969    2.00000 <<
  9  0.500  0.000       39    3.83968   -1.98023   
 10  0.600  0.000        5    1.85945    1.98023   
 11  0.700  0.000       16    3.83968   -1.96748   
 12  0.850  0.000        4    1.87220    0.05285   
 13  1.000  0.000        5    1.92505    1.91463   
 14  1.000  0.200       10    3.83968    0.00000   
 15  1.000  0.400        3    3.83968    0.00000   
 16  1.000  0.500        3    3.83968    0.00000   
 17  1.000  0.600        1    3.83968    0.00000   
 18  1.000  0.700        0    3.83968    0.00000   
 19  1.000  0.800        0    3.83968    0.00000   
 20  1.000  1.000        0    3.83968    0.00000   

   Energies (kJ/mol)
           Bond          Angle    Proper Dih.          LJ-14     Coulomb-14
    3.51665e+00    5.78455e-01    1.22128e+00    3.98740e+00   -1.48497e+01
        LJ (SR)  Disper. corr.   Coulomb (SR)   Coul. recip.      Potential
    1.77451e+03   -7.26698e+01   -1.31106e+04    1.07993e+02   -1.13064e+04
    Kinetic En.   Total Energy  Conserved En.    Temperature Pres. DC (bar)
    2.17530e+03   -9.13106e+03   -9.01526e+03    3.06536e+02   -1.35802e+02
 Pressure (bar)      dVcoul/dl       dVvdw/dl
   -1.93290e+02    4.46749e+00    1.08749e+01

           Step           Time
           7000       14.00000

             MC-lambda information
  N  CoulL   VdwL    Count   G(in kT)  dG(in kT)
  1  0.000  0.000       52    0.00000   -1.95285   
  2  0.050  0.000      127   -1.95285    3.84614 <<
  3  0.100  0.000       59    1.89329    0.00137   
  4  0.200  0.000      109    1.89467   -1.77178   
  5  0.300  0.000       58    0.12289    1.76501   
  6  0.350  0.000       39    1.88789    1.98933   
  7  0.400  0.000       82    3.87722   -1.85121   
  8  0.450  0.000       55    2.02601    1.85121   
  9  0.500  0.000       58    3.87722   -1.93735   
 10  0.600  0.000        5    1.93987    1.93735   
 11  0.700  0.000       26    3.87722   -1.95549   
 12  0.850  0.000        6    1.92173   -0.03495   
 13  1.000  0.000        6    1.88678    1.99044   
 14  1.000  0.200       10    3.87722    0.00000   
 15  1.000  0.400        4    3.87722    0.00000   
 16  1.000  0.500        3    3.87722    0.00000   
 17  1.000  0.600        1    3.87722    0.00000   
 18  1.000  0.700        0    3.87722    0.00000   
 19  1.000  0.800        0    3.87722    0.00000   
 20  1.000  1.000        0    3.87722    0.00000   

   Energies (kJ/mol)
           Bond          Angle    Proper Dih.          LJ-14     Coulomb-14
    1.18250e+00    7.97067e-01    1.09229e+00    7.28820e+00   -1.53876e+01
        LJ (SR)  Disper. corr.   Coulomb (SR)   Coul. recip.      Potential
    1.60770e+03   -7.26698e+01   -1.28827e+04    1.00152e+02   -1.12526e+04
    Kinetic En.   Total Energy  Conserved En.    Temperature Pres. DC (bar)
    2.17083e+03   -9.08173e+03   -9.01740e+03    3.05906e+02   -1.35802e+02
 Pressure (bar)      dVcoul/dl       dVvdw/dl
   -1.04651e+03    7.16080e+00    1.07857e+01

           Step           Time
           8000       16.00000

             MC-lambda information
  N  CoulL   VdwL    Count   G(in kT)  dG(in kT)
  1  0.000  0.000       54    0.00000   -1.92481   
  2  0.050  0.000      127   -1.92481    3.84817   
  3  0.100  0.000       72    1.92336    0.00037   
  4  0.200  0.000      118    1.92373   -1.81453   
  5  0.300  0.000       59    0.10920    1.81321   
  6  0.350  0.000       44    1.92241   -0.00007   
  7  0.400  0.000      111    1.92234    0.08700 <<
  8  0.450  0.000       57    2.00933   -0.02379   
  9  0.500  0.000       66    1.98554   -0.03861   
 10  0.600  0.000        9    1.94693    1.97540   
 11  0.700  0.000       43    3.92233   -1.98631   
 12  0.850  0.000        7    1.93602   -0.01368   
 13  1.000  0.000        8    1.92234    1.99999   
 14  1.000  0.200       17    3.92233    0.00000   
 15  1.000  0.400        4    3.92233    0.00000   
 16  1.000  0.500        3    3.92233    0.00000   
 17  1.000  0.600        1    3.92233    0.00000   
 18  1.000  0.700        0    3.92233    0.00000   
 19  1.000  0.800        0    3.92233    0.00000   
 20  1.000  1.000        0    3.92233    0.00000   

   Energies (kJ/mol)
           Bond          Angle    Proper Dih.          LJ-14     Coulomb-14
    2.00174e+00    2.28304e+00    2.77008e-01    5.10486e+00   -1.50603e+01
        LJ (SR)  Disper. corr.   Coulomb (SR)   Coul. recip.      Potential
    1.78657e+03   -7.26698e+01   -1.30172e+04    1.13077e+02   -1.11956e+04
    Kinetic En.   Total Energy  Conserved En.    Temperature Pres. DC (bar)
    2.02724e+03   -9.16840e+03   -9.01561e+03    2.85672e+02   -1.35802e+02
 Pressure (bar)      dVcoul/dl       dVvdw/dl
    3.32596e+02    1.04589e+01    1.12490e+01

           Step           Time
           9000       18.00000

             MC-lambda information
  N  CoulL   VdwL    Count   G(in kT)  dG(in kT)
  1  0.000  0.000       62    0.00000   -1.96301   
  2  0.050  0.000      130   -1.96301    1.84416   
  3  0.100  0.000      101   -0.11885    0.00220   
  4  0.200  0.000      138   -0.11665    0.24987 <<
  5  0.300  0.000       59    0.13322    1.70569   
  6  0.350  0.000       50    1.83891   -0.00319   
  7  0.400  0.000      117    1.83572    0.18800   
  8  0.450  0.000       63    2.02372   -0.03733   
  9  0.500  0.000       70    1.98639   -0.06992   
 10  0.600  0.000       12    1.91647    1.88418   
 11  0.700  0.000       55    3.80065   -1.90894   
 12  0.850  0.000        8    1.89171   -0.05491   
 13  1.000  0.000       10    1.83679    1.96386   
 14  1.000  0.200       17    3.80065    0.00000   
 15  1.000  0.400        4    3.80065    0.00000   
 16  1.000  0.500        3    3.80065    0.00000   
 17  1.000  0.600        1    3.80065    0.00000   
 18  1.000  0.700        0    3.80065    0.00000   
 19  1.000  0.800        0    3.80065    0.00000   
 20  1.000  1.000        0    3.80065    0.00000   

   Energies (kJ/mol)
           Bond          Angle    Proper Dih.          LJ-14     Coulomb-14
    2.84176e+00    2.57114e+00    2.40715e+00    2.44690e+00   -1.44750e+01
        LJ (SR)  Disper. corr.   Coulomb (SR)   Coul. recip.      Potential
    1.82301e+03   -7.26698e+01   -1.32742e+04    9.08722e+01   -1.14372e+04
    Kinetic En.   Total Energy  Conserved En.    Temperature Pres. DC (bar)
    2.18437e+03   -9.25284e+03   -8.98782e+03    3.07815e+02   -1.35802e+02
 Pressure (bar)      dVcoul/dl       dVvdw/dl
    3.52154e+01    2.42594e+01    2.14205e+01

           Step           Time
          10000       20.00000

Writing checkpoint, step 10000 at Tue Mar  8 12:52:49 2022


             MC-lambda information
  N  CoulL   VdwL    Count   G(in kT)  dG(in kT)
  1  0.000  0.000       74    0.00000   -1.95014   
  2  0.050  0.000      132   -1.95014    1.76336   
  3  0.100  0.000      108   -0.18678    0.00658   
  4  0.200  0.000      142   -0.18020    0.32209   
  5  0.300  0.000       60    0.14189    1.61281   
  6  0.350  0.000       55    1.75470   -0.00505   
  7  0.400  0.000      129    1.74965    0.24365   
  8  0.450  0.000       68    1.99330   -0.04418   
  9  0.500  0.000       80    1.94911   -2.03916   
 10  0.600  0.000       15   -0.09005    1.74626   
 11  0.700  0.000       83    1.65621    0.17389 <<
 12  0.850  0.000       13    1.83010   -0.07875   
 13  1.000  0.000       12    1.75135    1.90485   
 14  1.000  0.200       20    3.65621    0.00000   
 15  1.000  0.400        5    3.65621    0.00000   
 16  1.000  0.500        3    3.65621    0.00000   
 17  1.000  0.600        1    3.65621    0.00000   
 18  1.000  0.700        0    3.65621    0.00000   
 19  1.000  0.800        0    3.65621    0.00000   
 20  1.000  1.000        0    3.65621    0.00000   

   Energies (kJ/mol)
           Bond          Angle    Proper Dih.          LJ-14     Coulomb-14
    8.52728e-01    9.10543e-01    4.86500e+00    5.59308e+00   -1.51416e+01
        LJ (SR)  Disper. corr.   Coulomb (SR)   Coul. recip.      Potential
    1.74504e+03   -7.26698e+01   -1.32103e+04    9.92104e+01   -1.14417e+04
    Kinetic En.   Total Energy  Conserved En.    Temperature Pres. DC (bar)
    2.10198e+03   -9.33969e+03   -8.98531e+03    2.96205e+02   -1.35802e+02
 Pressure (bar)      dVcoul/dl       dVvdw/dl
   -3.40746e+02   -3.04819e+00    5.22284e+00


Energy conservation over simulation part #1 of length 20 ns, time 0 to 20 ns
  Conserved energy drift: 5.17e-03 kJ/mol/ps per atom


	<======  ###############  ==>
	<====  A V E R A G E S  ====>
	<==  ###############  ======>

	Statistics over 10001 steps using 10001 frames

   Energies (kJ/mol)
           Bond          Angle    Proper Dih.          LJ-14     Coulomb-14
    1.67782e+00    2.87582e+00    1.14170e+00    4.29849e+00   -1.48152e+01
        LJ (SR)  Disper. corr.   Coulomb (SR)   Coul. recip.      Potential
    1.73258e+03   -7.26500e+01   -1.30579e+04    1.10974e+02   -1.12918e+04
    Kinetic En.   Total Energy  Conserved En.    Temperature Pres. DC (bar)
    2.11745e+03   -9.17436e+03   -9.03757e+03    2.98385e+02   -1.35765e+02
 Pressure (bar)      dVcoul/dl       dVvdw/dl
   -3.04838e+02    1.15057e+01    1.18375e+01

   Total Virial (kJ/mol)
    8.00058e+02   -6.01496e+00   -2.04004e+00
   -6.09273e+00    7.85859e+02    7.18448e+00
   -2.10086e+00    7.38605e+00    7.75955e+02

   Pressure (bar)
   -3.62772e+02    2.02337e+01   -1.78482e+00
    2.05247e+01   -2.95014e+02   -2.32694e+01
   -1.55726e+00   -2.40236e+01   -2.56729e+02


	M E G A - F L O P S   A C C O U N T I N G

 NB=Group-cutoff nonbonded kernels    NxN=N-by-N cluster Verlet kernels
 RF=Reaction-Field  VdW=Van der Waals  QSTab=quadratic-spline table
 W3=SPC/TIP3p  W4=TIP4p (single or pairs)
 V&F=Potential and force  V=Potential only  F=Force only

 Computing:                               M-Number         M-Flops  % Flops
-----------------------------------------------------------------------------
 NB Free energy kernel                16547.390040       16547.390     3.3
 Pair Search distance check              72.325660         650.931     0.1
 NxN Ewald Elec. + LJ [V&F]            1991.879616      252968.711    49.9
 NxN Ewald Elec. [V&F]                 1932.048928      162292.110    32.0
 1,4 nonbonded interactions               0.010001           0.900     0.0
 Calc Weights                            25.592559         921.332     0.2
 Spread Q Bspline                      1091.949184        2183.898     0.4
 Gather F Bspline                      1091.949184        6551.695     1.3
 3D-FFT                                7606.640588       60853.125    12.0
 Solve PME                               11.521152         737.354     0.1
 Shift-X                                  0.214103           1.285     0.0
 Bonds                                    0.030003           1.770     0.0
 Angles                                   0.020002           3.360     0.0
 Propers                                  0.010001           2.290     0.0
 Virial                                   8.980898         161.656     0.0
 Stop-CM                                  8.531706          85.317     0.0
 Calc-Ekin                                8.530853         230.333     0.0
 Constraint-V                             8.490849          76.418     0.0
 Constraint-Vir                           8.490849         203.780     0.0
 Settle                                   5.661132        2094.619     0.4
-----------------------------------------------------------------------------
 Total                                                  506568.275   100.0
-----------------------------------------------------------------------------


     R E A L   C Y C L E   A N D   T I M E   A C C O U N T I N G

On 1 MPI rank, each using 16 OpenMP threads

 Computing:          Num   Num      Call    Wall time         Giga-Cycles
                     Ranks Threads  Count      (s)         total sum    %
-----------------------------------------------------------------------------
 Neighbor search        1   16        251       0.088          2.935   1.0
 Force                  1   16      10001       4.678        156.811  55.3
 PME mesh               1   16      10001       2.137         71.627  25.3
 NB X/F buffer ops.     1   16      19751       0.176          5.893   2.1
 Write traj.            1   16         11       0.015          0.499   0.2
 Update                 1   16      40004       0.217          7.272   2.6
 Constraints            1   16      20004       0.182          6.085   2.1
 Rest                                           0.965         32.351  11.4
-----------------------------------------------------------------------------
 Total                                          8.457        283.473 100.0
-----------------------------------------------------------------------------
 Breakdown of PME mesh computation
-----------------------------------------------------------------------------
 PME spread             1   16      20002       0.494         16.570   5.8
 PME gather             1   16      20002       0.539         18.054   6.4
 PME 3D-FFT             1   16      40004       0.770         25.809   9.1
 PME solve Elec         1   16      20002       0.271          9.093   3.2
-----------------------------------------------------------------------------

               Core t (s)   Wall t (s)        (%)
       Time:      135.304        8.457     1600.0
                 (ns/day)    (hour/ns)
Performance:      204.358        0.117
Finished mdrun on rank 0 Tue Mar  8 12:52:49 2022

PLUMED:                                               Cycles        Total      Average      Minimum      Maximum
PLUMED:                                                    1     1.001665     1.001665     1.001665     1.001665
PLUMED: 1 Prepare dependencies                         30001     0.011576     0.000000     0.000000     0.000008
PLUMED: 2 Sharing data                                 30001     0.157878     0.000005     0.000004     0.001726
PLUMED: 3 Waiting for data                             30001     0.110352     0.000004     0.000003     0.000068
PLUMED: 4 Calculating (forward loop)                   30001     0.459075     0.000015     0.000012     0.001818
PLUMED: 5 Applying (backward loop)                     10001     0.112966     0.000011     0.000010     0.000021
PLUMED: 6 Update                                       10001     0.037502     0.000004     0.000002     0.001899
