                 :-) GROMACS - GROMACS, 2021.4-plumed-2.7.3 (-:

                            GROMACS is written by:
     Andrey Alekseenko              Emile Apol              Rossen Apostolov     
         Paul Bauer           Herman J.C. Berendsen           Par Bjelkmar       
       Christian Blau           Viacheslav Bolnykh             Kevin Boyd        
     Aldert van Buuren           Rudi van Drunen             Anton Feenstra      
    Gilles Gouaillardet             Alan Gray               Gerrit Groenhof      
       Anca Hamuraru            Vincent Hindriksen          M. Eric Irrgang      
      Aleksei Iupinov           Christoph Junghans             Joe Jordan        
    Dimitrios Karkoulis            Peter Kasson                Jiri Kraus        
      Carsten Kutzner              Per Larsson              Justin A. Lemkul     
       Viveca Lindahl            Magnus Lundborg             Erik Marklund       
        Pascal Merz             Pieter Meulenhoff            Teemu Murtola       
        Szilard Pall               Sander Pronk              Roland Schulz       
       Michael Shirts            Alexey Shvetsov             Alfons Sijbers      
       Peter Tieleman              Jon Vincent              Teemu Virolainen     
     Christian Wennberg            Maarten Wolf              Artem Zhmurov       
                           and the project leaders:
        Mark Abraham, Berk Hess, Erik Lindahl, and David van der Spoel

Copyright (c) 1991-2000, University of Groningen, The Netherlands.
Copyright (c) 2001-2019, The GROMACS development team at
Uppsala University, Stockholm University and
the Royal Institute of Technology, Sweden.
check out http://www.gromacs.org for more information.

GROMACS is free software; you can redistribute it and/or modify it
under the terms of the GNU Lesser General Public License
as published by the Free Software Foundation; either version 2.1
of the License, or (at your option) any later version.

GROMACS:      GROMACS, version 2021.4-plumed-2.7.3
Working dir:  /home/wei-tse/Documents/gmxapi_practice/EE/case_2/mdrun_0_i0_3
Process ID:   24350

GROMACS version:    2021.4-plumed-2.7.3
Precision:          mixed
Memory model:       64 bit
MPI library:        thread_mpi
OpenMP support:     enabled (GMX_OPENMP_MAX_THREADS = 64)
GPU support:        disabled
SIMD instructions:  AVX2_256
FFT library:        fftw-3.3.8-sse2-avx-avx2-avx2_128
RDTSCP usage:       enabled
TNG support:        enabled
Hwloc support:      disabled
Tracing support:    disabled
C compiler:         /usr/bin/cc GNU 7.5.0
C compiler flags:   -mavx2 -mfma -Wno-missing-field-initializers -fexcess-precision=fast -funroll-all-loops -O3 -DNDEBUG
C++ compiler:       /usr/bin/c++ GNU 7.5.0
C++ compiler flags: -mavx2 -mfma -Wno-missing-field-initializers -fexcess-precision=fast -funroll-all-loops -fopenmp -O3 -DNDEBUG


Running on 1 node with total 8 cores, 16 logical cores
Hardware detected:
  CPU info:
    Vendor: Intel
    Brand:  Intel(R) Xeon(R) Silver 4110 CPU @ 2.10GHz
    Family: 6   Model: 85   Stepping: 4
    Features: aes apic avx avx2 avx512f avx512cd avx512bw avx512vl clfsh cmov cx8 cx16 f16c fma hle htt intel lahf mmx msr nonstop_tsc pcid pclmuldq pdcm pdpe1gb popcnt pse rdrnd rdtscp rtm sse2 sse3 sse4.1 sse4.2 ssse3 tdt x2apic
    Number of AVX-512 FMA units: 1 (AVX2 is faster w/o 2 AVX-512 FMA units)
  Hardware topology: Basic
    Sockets, cores, and logical processors:
      Socket  0: [   0   8] [   1   9] [   2  10] [   3  11] [   4  12] [   5  13] [   6  14] [   7  15]


++++ PLEASE READ AND CITE THE FOLLOWING REFERENCE ++++
M. J. Abraham, T. Murtola, R. Schulz, S. Páll, J. C. Smith, B. Hess, E.
Lindahl
GROMACS: High performance molecular simulations through multi-level
parallelism from laptops to supercomputers
SoftwareX 1 (2015) pp. 19-25
-------- -------- --- Thank You --- -------- --------


++++ PLEASE READ AND CITE THE FOLLOWING REFERENCE ++++
S. Páll, M. J. Abraham, C. Kutzner, B. Hess, E. Lindahl
Tackling Exascale Software Challenges in Molecular Dynamics Simulations with
GROMACS
In S. Markidis & E. Laure (Eds.), Solving Software Challenges for Exascale 8759 (2015) pp. 3-27
-------- -------- --- Thank You --- -------- --------


++++ PLEASE READ AND CITE THE FOLLOWING REFERENCE ++++
S. Pronk, S. Páll, R. Schulz, P. Larsson, P. Bjelkmar, R. Apostolov, M. R.
Shirts, J. C. Smith, P. M. Kasson, D. van der Spoel, B. Hess, and E. Lindahl
GROMACS 4.5: a high-throughput and highly parallel open source molecular
simulation toolkit
Bioinformatics 29 (2013) pp. 845-54
-------- -------- --- Thank You --- -------- --------


++++ PLEASE READ AND CITE THE FOLLOWING REFERENCE ++++
B. Hess and C. Kutzner and D. van der Spoel and E. Lindahl
GROMACS 4: Algorithms for highly efficient, load-balanced, and scalable
molecular simulation
J. Chem. Theory Comput. 4 (2008) pp. 435-447
-------- -------- --- Thank You --- -------- --------


++++ PLEASE READ AND CITE THE FOLLOWING REFERENCE ++++
D. van der Spoel, E. Lindahl, B. Hess, G. Groenhof, A. E. Mark and H. J. C.
Berendsen
GROMACS: Fast, Flexible and Free
J. Comp. Chem. 26 (2005) pp. 1701-1719
-------- -------- --- Thank You --- -------- --------


++++ PLEASE READ AND CITE THE FOLLOWING REFERENCE ++++
E. Lindahl and B. Hess and D. van der Spoel
GROMACS 3.0: A package for molecular simulation and trajectory analysis
J. Mol. Mod. 7 (2001) pp. 306-317
-------- -------- --- Thank You --- -------- --------


++++ PLEASE READ AND CITE THE FOLLOWING REFERENCE ++++
H. J. C. Berendsen, D. van der Spoel and R. van Drunen
GROMACS: A message-passing parallel molecular dynamics implementation
Comp. Phys. Comm. 91 (1995) pp. 43-56
-------- -------- --- Thank You --- -------- --------

Input Parameters:
   integrator                     = md-vv
   tinit                          = 0
   dt                             = 0.002
   nsteps                         = 10000
   init-step                      = 0
   simulation-part                = 1
   mts                            = false
   comm-mode                      = Linear
   nstcomm                        = 1
   bd-fric                        = 0
   ld-seed                        = -659587865
   emtol                          = 10
   emstep                         = 0.01
   niter                          = 20
   fcstep                         = 0
   nstcgsteep                     = 1000
   nbfgscorr                      = 10
   rtpi                           = 0.05
   nstxout                        = 0
   nstvout                        = 0
   nstfout                        = 0
   nstlog                         = 1000
   nstcalcenergy                  = 1
   nstenergy                      = 1000
   nstxout-compressed             = 1000
   compressed-x-precision         = 1000
   cutoff-scheme                  = Verlet
   nstlist                        = 10
   pbc                            = xyz
   periodic-molecules             = false
   verlet-buffer-tolerance        = 0.005
   rlist                          = 0.9
   coulombtype                    = PME
   coulomb-modifier               = Potential-shift
   rcoulomb-switch                = 0.89
   rcoulomb                       = 0.9
   epsilon-r                      = 1
   epsilon-rf                     = inf
   vdw-type                       = Cut-off
   vdw-modifier                   = Potential-switch
   rvdw-switch                    = 0.85
   rvdw                           = 0.9
   DispCorr                       = AllEnerPres
   table-extension                = 1
   fourierspacing                 = 0.1
   fourier-nx                     = 24
   fourier-ny                     = 24
   fourier-nz                     = 24
   pme-order                      = 4
   ewald-rtol                     = 1e-05
   ewald-rtol-lj                  = 0.001
   lj-pme-comb-rule               = Geometric
   ewald-geometry                 = 0
   epsilon-surface                = 0
   tcoupl                         = V-rescale
   nsttcouple                     = 1
   nh-chain-length                = 0
   print-nose-hoover-chain-variables = false
   pcoupl                         = No
   pcoupltype                     = Isotropic
   nstpcouple                     = -1
   tau-p                          = 1
   compressibility (3x3):
      compressibility[    0]={ 0.00000e+00,  0.00000e+00,  0.00000e+00}
      compressibility[    1]={ 0.00000e+00,  0.00000e+00,  0.00000e+00}
      compressibility[    2]={ 0.00000e+00,  0.00000e+00,  0.00000e+00}
   ref-p (3x3):
      ref-p[    0]={ 0.00000e+00,  0.00000e+00,  0.00000e+00}
      ref-p[    1]={ 0.00000e+00,  0.00000e+00,  0.00000e+00}
      ref-p[    2]={ 0.00000e+00,  0.00000e+00,  0.00000e+00}
   refcoord-scaling               = No
   posres-com (3):
      posres-com[0]= 0.00000e+00
      posres-com[1]= 0.00000e+00
      posres-com[2]= 0.00000e+00
   posres-comB (3):
      posres-comB[0]= 0.00000e+00
      posres-comB[1]= 0.00000e+00
      posres-comB[2]= 0.00000e+00
   QMMM                           = false
qm-opts:
   ngQM                           = 0
   constraint-algorithm           = Lincs
   continuation                   = false
   Shake-SOR                      = false
   shake-tol                      = 0.0001
   lincs-order                    = 12
   lincs-iter                     = 2
   lincs-warnangle                = 30
   nwall                          = 0
   wall-type                      = 9-3
   wall-r-linpot                  = -1
   wall-atomtype[0]               = -1
   wall-atomtype[1]               = -1
   wall-density[0]                = 0
   wall-density[1]                = 0
   wall-ewald-zfac                = 3
   pull                           = false
   awh                            = false
   rotation                       = false
   interactiveMD                  = false
   disre                          = No
   disre-weighting                = Conservative
   disre-mixed                    = false
   dr-fc                          = 1000
   dr-tau                         = 0
   nstdisreout                    = 100
   orire-fc                       = 0
   orire-tau                      = 0
   nstorireout                    = 100
   free-energy                    = expanded
   init-lambda                    = -1
   init-lambda-state              = 0
   delta-lambda                   = 0
   nstdhdl                        = 1000
   n-lambdas                      = 20
   separate-dvdl:
       fep-lambdas =   FALSE
      mass-lambdas =   FALSE
      coul-lambdas =   TRUE
       vdw-lambdas =   TRUE
    bonded-lambdas =   FALSE
 restraint-lambdas =   FALSE
temperature-lambdas =   FALSE
all-lambdas:
       fep-lambdas =            0           0           0           0           0           0           0           0           0           0           0           0           0           0           0           0           0           0           0           0
      mass-lambdas =            0           0           0           0           0           0           0           0           0           0           0           0           0           0           0           0           0           0           0           0
      coul-lambdas =            0        0.05         0.1         0.2         0.3        0.35         0.4        0.45         0.5         0.6         0.7        0.85           1           1           1           1           1           1           1           1
       vdw-lambdas =            0           0           0           0           0           0           0           0           0           0           0           0           0         0.2         0.4         0.5         0.6         0.7         0.8           1
    bonded-lambdas =            0           0           0           0           0           0           0           0           0           0           0           0           0           0           0           0           0           0           0           0
 restraint-lambdas =            0           0           0           0           0           0           0           0           0           0           0           0           0           0           0           0           0           0           0           0
temperature-lambdas =            0           0           0           0           0           0           0           0           0           0           0           0           0           0           0           0           0           0           0           0
   calc-lambda-neighbors          = -1
   dhdl-print-energy              = total
   sc-alpha                       = 0.5
   sc-power                       = 1
   sc-r-power                     = 6
   sc-sigma                       = 0.3
   sc-sigma-min                   = 0.3
   sc-coul                        = false
   dh-hist-size                   = 0
   dh-hist-spacing                = 0.1
   separate-dhdl-file             = yes
   dhdl-derivatives               = yes
   nstexpanded                    = 10
   lmc-stats                      = wang-landau
   lmc-move                       = metropolized-gibbs
   lmc-weights-equil              = wl-delta
   weight-equil-wl-delta          = 0.001
   lmc-seed                       = 1000
   mc-temperature                 = 298
   lmc-repeats                    = 1
   lmc-gibbsdelta                 = -1
   lmc-forced-nstart              = 0
   symmetrized-transition-matrix  = true
   nst-transition-matrix          = 100000
   mininum-var-min                = 100
   weight-c-range                 = 0
   wl-scale                       = 0.8
   wl-ratio                       = 0.8
   init-wl-delta                  = 0.5
   wl-oneovert                    = false
      init-lambda-weights (20):
      init-lambda-weights[0]= 0.00000e+00
      init-lambda-weights[1]= 0.00000e+00
      init-lambda-weights[2]= 0.00000e+00
      init-lambda-weights[3]= 0.00000e+00
      init-lambda-weights[4]= 0.00000e+00
      init-lambda-weights[5]= 0.00000e+00
      init-lambda-weights[6]= 0.00000e+00
      init-lambda-weights[7]= 0.00000e+00
      init-lambda-weights[8]= 0.00000e+00
      init-lambda-weights[9]= 0.00000e+00
      init-lambda-weights[10]= 0.00000e+00
      init-lambda-weights[11]= 0.00000e+00
      init-lambda-weights[12]= 0.00000e+00
      init-lambda-weights[13]= 0.00000e+00
      init-lambda-weights[14]= 0.00000e+00
      init-lambda-weights[15]= 0.00000e+00
      init-lambda-weights[16]= 0.00000e+00
      init-lambda-weights[17]= 0.00000e+00
      init-lambda-weights[18]= 0.00000e+00
      init-lambda-weights[19]= 0.00000e+00
   init-weights                   = false
   cos-acceleration               = 0
   deform (3x3):
      deform[    0]={ 0.00000e+00,  0.00000e+00,  0.00000e+00}
      deform[    1]={ 0.00000e+00,  0.00000e+00,  0.00000e+00}
      deform[    2]={ 0.00000e+00,  0.00000e+00,  0.00000e+00}
   simulated-tempering            = false
   swapcoords                     = no
   userint1                       = 0
   userint2                       = 0
   userint3                       = 0
   userint4                       = 0
   userreal1                      = 0
   userreal2                      = 0
   userreal3                      = 0
   userreal4                      = 0
   applied-forces:
     electric-field:
       x:
         E0                       = 0
         omega                    = 0
         t0                       = 0
         sigma                    = 0
       y:
         E0                       = 0
         omega                    = 0
         t0                       = 0
         sigma                    = 0
       z:
         E0                       = 0
         omega                    = 0
         t0                       = 0
         sigma                    = 0
     density-guided-simulation:
       active                     = false
       group                      = protein
       similarity-measure         = inner-product
       atom-spreading-weight      = unity
       force-constant             = 1e+09
       gaussian-transform-spreading-width = 0.2
       gaussian-transform-spreading-range-in-multiples-of-width = 4
       reference-density-filename = reference.mrc
       nst                        = 1
       normalize-densities        = true
       adaptive-force-scaling     = false
       adaptive-force-scaling-time-constant = 4
       shift-vector               = 
       transformation-matrix      = 
grpopts:
   nrdf:        1707
   ref-t:         298
   tau-t:         0.5
annealing:          No
annealing-npoints:           0
   acc:	           0           0           0
   nfreeze:           N           N           N
   energygrp-flags[  0]: 0

Changing nstlist from 10 to 40, rlist from 0.9 to 0.998

Using 1 MPI thread
Using 16 OpenMP threads 

Pinning threads with an auto-selected logical core stride of 1
System total charge, top. A: 0.000 top. B: 0.000
Will do PME sum in reciprocal space for electrostatic interactions.

++++ PLEASE READ AND CITE THE FOLLOWING REFERENCE ++++
U. Essmann, L. Perera, M. L. Berkowitz, T. Darden, H. Lee and L. G. Pedersen 
A smooth particle mesh Ewald method
J. Chem. Phys. 103 (1995) pp. 8577-8592
-------- -------- --- Thank You --- -------- --------

Using a Gaussian width (1/beta) of 0.288146 nm for Ewald
Potential shift: LJ r^-12: 0.000e+00 r^-6: 0.000e+00, Ewald -1.111e-05
Initialized non-bonded Ewald tables, spacing: 8.85e-04 size: 2259

Generated table with 998 data points for 1-4 COUL.
Tabscale = 500 points/nm
Generated table with 998 data points for 1-4 LJ6.
Tabscale = 500 points/nm
Generated table with 998 data points for 1-4 LJ12.
Tabscale = 500 points/nm
Long Range LJ corr.: <C6> 2.8357e-04 <C12> 2.8091e-07


Using SIMD 4x8 nonbonded short-range kernels

Using a dual 4x8 pair-list setup updated with dynamic pruning:
  outer list: updated every 40 steps, buffer 0.098 nm, rlist 0.998 nm
  inner list: updated every 11 steps, buffer 0.002 nm, rlist 0.902 nm
At tolerance 0.005 kJ/mol/ps per atom, equivalent classical 1x1 list would be:
  outer list: updated every 40 steps, buffer 0.208 nm, rlist 1.108 nm
  inner list: updated every 11 steps, buffer 0.041 nm, rlist 0.941 nm
There are 4 atoms and 2 charges for free energy perturbation
Removing pbc first time

++++ PLEASE READ AND CITE THE FOLLOWING REFERENCE ++++
S. Miyamoto and P. A. Kollman
SETTLE: An Analytical Version of the SHAKE and RATTLE Algorithms for Rigid
Water Models
J. Comp. Chem. 13 (1992) pp. 952-962
-------- -------- --- Thank You --- -------- --------

Initial vector of lambda components:[     0.0000     0.0000     0.0000     0.0000     0.0000     0.0000     0.0000 ]

++++ PLEASE READ AND CITE THE FOLLOWING REFERENCE ++++
G. Bussi, D. Donadio and M. Parrinello
Canonical sampling through velocity rescaling
J. Chem. Phys. 126 (2007) pp. 014101
-------- -------- --- Thank You --- -------- --------

There are: 853 Atoms

Constraining the starting coordinates (step 0)
Center of mass motion removal mode is Linear
We have the following groups for center of mass motion removal:
  0:  rest
RMS relative constraint deviation after constraining: 0.00e+00
Initial temperature: 291.815 K

Started mdrun on rank 0 Wed Mar  9 02:49:32 2022

           Step           Time
              0        0.00000

   Energies (kJ/mol)
           Bond          Angle    Proper Dih.          LJ-14     Coulomb-14
    1.31200e+00    2.51372e+00    1.61011e-01    3.13035e+00   -1.46570e+01
        LJ (SR)  Disper. corr.   Coulomb (SR)   Coul. recip.      Potential
    1.56611e+03   -7.29839e+01   -1.25655e+04    1.11542e+02   -1.09684e+04
    Kinetic En.   Total Energy  Conserved En.    Temperature Pres. DC (bar)
    2.07083e+03   -8.89757e+03   -8.89757e+03    2.91815e+02   -1.36979e+02
 Pressure (bar)      dVcoul/dl       dVvdw/dl
   -4.19397e+02    1.85143e+01    4.35999e+00

           Step           Time
           1000        2.00000

             MC-lambda information
  Wang-Landau incrementor is:         0.5
  N  CoulL   VdwL    Count   G(in kT)  dG(in kT)
  1  0.000  0.000       11    0.00000    1.50000   
  2  0.050  0.000        8    1.50000   -0.50000   
  3  0.100  0.000        9    1.00000    1.00000   
  4  0.200  0.000        7    2.00000   -0.50000   
  5  0.300  0.000        8    1.50000    1.00000   
  6  0.350  0.000        6    2.50000   -1.00000   
  7  0.400  0.000        8    1.50000    1.00000   
  8  0.450  0.000        6    2.50000   -0.50000   
  9  0.500  0.000        7    2.00000    0.00000 <<
 10  0.600  0.000        7    2.00000    1.00000   
 11  0.700  0.000        5    3.00000    0.00000   
 12  0.850  0.000        5    3.00000   -1.00000   
 13  1.000  0.000        7    2.00000    2.00000   
 14  1.000  0.200        3    4.00000    0.50000   
 15  1.000  0.400        2    4.50000    1.00000   
 16  1.000  0.500        0    5.50000   -0.50000   
 17  1.000  0.600        1    5.00000    0.50000   
 18  1.000  0.700        0    5.50000    0.00000   
 19  1.000  0.800        0    5.50000    0.00000   
 20  1.000  1.000        0    5.50000    0.00000   

   Energies (kJ/mol)
           Bond          Angle    Proper Dih.          LJ-14     Coulomb-14
    6.56784e-01    7.04442e-01    5.95057e-01    6.04634e+00   -1.52124e+01
        LJ (SR)  Disper. corr.   Coulomb (SR)   Coul. recip.      Potential
    1.79113e+03   -7.29839e+01   -1.31258e+04    1.10159e+02   -1.13047e+04
    Kinetic En.   Total Energy  Conserved En.    Temperature Pres. DC (bar)
    2.21594e+03   -9.08872e+03   -8.91780e+03    3.12263e+02   -1.36979e+02
 Pressure (bar)      dVcoul/dl       dVvdw/dl
    2.16090e+02    1.72118e+00    1.42015e+01

           Step           Time
           2000        4.00000

             MC-lambda information
  Wang-Landau incrementor is:         0.5
  N  CoulL   VdwL    Count   G(in kT)  dG(in kT)
  1  0.000  0.000       15    0.00000    0.50000   
  2  0.050  0.000       14    0.50000   -0.50000   
  3  0.100  0.000       15    0.00000    1.00000   
  4  0.200  0.000       13    1.00000    0.50000   
  5  0.300  0.000       12    1.50000   -1.00000   
  6  0.350  0.000       14    0.50000    1.00000   
  7  0.400  0.000       12    1.50000    0.50000   
  8  0.450  0.000       11    2.00000    0.00000   
  9  0.500  0.000       11    2.00000   -1.00000   
 10  0.600  0.000       13    1.00000    1.00000   
 11  0.700  0.000       11    2.00000    1.00000   
 12  0.850  0.000        9    3.00000    0.00000   
 13  1.000  0.000        9    3.00000    0.50000   
 14  1.000  0.200        8    3.50000   -0.50000   
 15  1.000  0.400        9    3.00000    0.50000   
 16  1.000  0.500        8    3.50000    0.50000 <<
 17  1.000  0.600        7    4.00000    1.00000   
 18  1.000  0.700        5    5.00000    0.50000   
 19  1.000  0.800        4    5.50000    2.00000   
 20  1.000  1.000        0    7.50000    0.00000   

   Energies (kJ/mol)
           Bond          Angle    Proper Dih.          LJ-14     Coulomb-14
    1.08830e+00    4.13330e+00    6.97789e-01    2.16300e+00   -1.43893e+01
        LJ (SR)  Disper. corr.   Coulomb (SR)   Coul. recip.      Potential
    1.75025e+03   -7.17584e+01   -1.29947e+04    1.11680e+02   -1.12108e+04
    Kinetic En.   Total Energy  Conserved En.    Temperature Pres. DC (bar)
    2.08595e+03   -9.12489e+03   -8.91534e+03    2.93945e+02   -1.34679e+02
 Pressure (bar)      dVcoul/dl       dVvdw/dl
   -3.14702e+01    6.19583e+00    1.39389e+01

           Step           Time
           3000        6.00000

             MC-lambda information
  Wang-Landau incrementor is:         0.5
  N  CoulL   VdwL    Count   G(in kT)  dG(in kT)
  1  0.000  0.000       15    0.00000    0.50000   
  2  0.050  0.000       14    0.50000   -0.50000   
  3  0.100  0.000       15    0.00000    1.00000   
  4  0.200  0.000       13    1.00000    0.50000   
  5  0.300  0.000       12    1.50000   -1.00000   
  6  0.350  0.000       14    0.50000    1.00000   
  7  0.400  0.000       12    1.50000    0.50000   
  8  0.450  0.000       11    2.00000    0.00000   
  9  0.500  0.000       11    2.00000   -1.00000   
 10  0.600  0.000       13    1.00000    1.00000   
 11  0.700  0.000       11    2.00000    1.00000   
 12  0.850  0.000        9    3.00000    0.00000   
 13  1.000  0.000        9    3.00000    0.50000   
 14  1.000  0.200        8    3.50000   -1.50000   
 15  1.000  0.400       11    2.00000   -1.50000   
 16  1.000  0.500       14    0.50000   -2.00000   
 17  1.000  0.600       18   -1.50000   -4.00000 <<
 18  1.000  0.700       26   -5.50000   -3.00000   
 19  1.000  0.800       32   -8.50000    0.00000   
 20  1.000  1.000       32   -8.50000    0.00000   

   Energies (kJ/mol)
           Bond          Angle    Proper Dih.          LJ-14     Coulomb-14
    1.11130e+00    4.37294e+00    4.59216e-01    1.77393e+00   -1.42594e+01
        LJ (SR)  Disper. corr.   Coulomb (SR)   Coul. recip.      Potential
    1.77581e+03   -7.15133e+01   -1.31357e+04    1.20262e+02   -1.13177e+04
    Kinetic En.   Total Energy  Conserved En.    Temperature Pres. DC (bar)
    2.16323e+03   -9.15443e+03   -8.90252e+03    3.04835e+02   -1.34219e+02
 Pressure (bar)      dVcoul/dl       dVvdw/dl
   -3.40390e+01    7.92077e+00   -9.10316e+01

           Step           Time
           4000        8.00000

             MC-lambda information
  Wang-Landau incrementor is:         0.5
  N  CoulL   VdwL    Count   G(in kT)  dG(in kT)
  1  0.000  0.000       23    0.00000    1.00000   
  2  0.050  0.000       21    1.00000    0.50000   
  3  0.100  0.000       20    1.50000    0.50000   
  4  0.200  0.000       19    2.00000    0.50000   
  5  0.300  0.000       18    2.50000   -0.50000   
  6  0.350  0.000       19    2.00000    0.50000   
  7  0.400  0.000       18    2.50000    0.50000   
  8  0.450  0.000       17    3.00000    0.00000   
  9  0.500  0.000       17    3.00000    1.00000 <<
 10  0.600  0.000       15    4.00000    0.50000   
 11  0.700  0.000       14    4.50000    0.00000   
 12  0.850  0.000       14    4.50000   -0.50000   
 13  1.000  0.000       15    4.00000    1.50000   
 14  1.000  0.200       12    5.50000   -3.50000   
 15  1.000  0.400       19    2.00000   -2.00000   
 16  1.000  0.500       23    0.00000   -1.00000   
 17  1.000  0.600       25   -1.00000   -1.00000   
 18  1.000  0.700       27   -2.00000   -2.50000   
 19  1.000  0.800       32   -4.50000    0.00000   
 20  1.000  1.000       32   -4.50000    0.00000   

   Energies (kJ/mol)
           Bond          Angle    Proper Dih.          LJ-14     Coulomb-14
    5.37060e-01    3.37133e-01    3.70049e+00    4.86036e+00   -1.50174e+01
        LJ (SR)  Disper. corr.   Coulomb (SR)   Coul. recip.      Potential
    1.78337e+03   -7.29839e+01   -1.30237e+04    1.07329e+02   -1.12115e+04
    Kinetic En.   Total Energy  Conserved En.    Temperature Pres. DC (bar)
    2.16631e+03   -9.04523e+03   -8.89232e+03    3.05269e+02   -1.36979e+02
 Pressure (bar)      dVcoul/dl       dVvdw/dl
    2.75596e+02    9.24712e+00    1.78651e+01

           Step           Time
           5000       10.00000

             MC-lambda information
  Wang-Landau incrementor is:         0.5
  N  CoulL   VdwL    Count   G(in kT)  dG(in kT)
  1  0.000  0.000       29    0.00000    0.00000   
  2  0.050  0.000       29    0.00000    1.00000   
  3  0.100  0.000       27    1.00000    1.00000   
  4  0.200  0.000       25    2.00000   -0.50000 <<
  5  0.300  0.000       26    1.50000    1.00000   
  6  0.350  0.000       24    2.50000    0.50000   
  7  0.400  0.000       23    3.00000   -1.00000   
  8  0.450  0.000       25    2.00000    2.00000   
  9  0.500  0.000       21    4.00000   -1.00000   
 10  0.600  0.000       23    3.00000   -0.50000   
 11  0.700  0.000       24    2.50000    1.00000   
 12  0.850  0.000       22    3.50000    0.50000   
 13  1.000  0.000       21    4.00000    0.00000   
 14  1.000  0.200       21    4.00000    0.00000   
 15  1.000  0.400       21    4.00000   -1.00000   
 16  1.000  0.500       23    3.00000   -1.00000   
 17  1.000  0.600       25    2.00000   -1.00000   
 18  1.000  0.700       27    1.00000   -2.50000   
 19  1.000  0.800       32   -1.50000    0.00000   
 20  1.000  1.000       32   -1.50000    0.00000   

   Energies (kJ/mol)
           Bond          Angle    Proper Dih.          LJ-14     Coulomb-14
    2.17047e+00    1.74736e+00    2.07747e+00    4.07646e+00   -1.48680e+01
        LJ (SR)  Disper. corr.   Coulomb (SR)   Coul. recip.      Potential
    1.75613e+03   -7.29839e+01   -1.31059e+04    1.33784e+02   -1.12938e+04
    Kinetic En.   Total Energy  Conserved En.    Temperature Pres. DC (bar)
    2.10711e+03   -9.18670e+03   -8.88536e+03    2.96926e+02   -1.36979e+02
 Pressure (bar)      dVcoul/dl       dVvdw/dl
   -2.34402e+02    1.22202e+01    2.26184e+01


Step 5130: weights are now: 0.00000 0.50000 0.50000 1.00000 1.00000 3.00000 3.50000 2.50000 3.50000 3.00000 2.00000 4.00000 4.50000 4.50000 4.50000 3.50000 2.50000 1.50000 -1.00000 -1.00000
           Step           Time
           6000       12.00000

             MC-lambda information
  Wang-Landau incrementor is:         0.4
  N  CoulL   VdwL    Count   G(in kT)  dG(in kT)
  1  0.000  0.000        5    0.00000   -0.70000   
  2  0.050  0.000        8   -0.70000    1.20000   
  3  0.100  0.000        5    0.50000    0.50000   
  4  0.200  0.000        5    1.00000    0.80000   
  5  0.300  0.000        3    1.80000   -0.00000   
  6  0.350  0.000        8    1.80000    0.50000   
  7  0.400  0.000        8    2.30000    0.20000   
  8  0.450  0.000        5    2.50000    0.60000 <<
  9  0.500  0.000        6    3.10000   -0.10000   
 10  0.600  0.000        5    3.00000   -0.20000   
 11  0.700  0.000        3    2.80000   -0.00000   
 12  0.850  0.000        8    2.80000    0.90000   
 13  1.000  0.000        7    3.70000    0.40000   
 14  1.000  0.200        6    4.10000    0.80000   
 15  1.000  0.400        4    4.90000    0.20000   
 16  1.000  0.500        1    5.10000   -0.60000   
 17  1.000  0.600        0    4.50000   -1.00000   
 18  1.000  0.700        0    3.50000   -2.50000   
 19  1.000  0.800        0    1.00000    0.00000   
 20  1.000  1.000        0    1.00000    0.00000   

   Energies (kJ/mol)
           Bond          Angle    Proper Dih.          LJ-14     Coulomb-14
    4.31893e-01    4.51317e-01    3.97682e-02    5.26065e+00   -1.50869e+01
        LJ (SR)  Disper. corr.   Coulomb (SR)   Coul. recip.      Potential
    1.80280e+03   -7.29839e+01   -1.30622e+04    1.10840e+02   -1.12304e+04
    Kinetic En.   Total Energy  Conserved En.    Temperature Pres. DC (bar)
    2.21457e+03   -9.01588e+03   -8.86996e+03    3.12070e+02   -1.36979e+02
 Pressure (bar)      dVcoul/dl       dVvdw/dl
    6.78549e+02    2.49818e+00    2.42750e+01

           Step           Time
           7000       14.00000

             MC-lambda information
  Wang-Landau incrementor is:         0.4
  N  CoulL   VdwL    Count   G(in kT)  dG(in kT)
  1  0.000  0.000        9    0.00000    0.10000   
  2  0.050  0.000       10    0.10000    0.40000   
  3  0.100  0.000        9    0.50000   -0.30000   
  4  0.200  0.000       11    0.20000    1.60000   
  5  0.300  0.000        7    1.80000   -0.40000   
  6  0.350  0.000       13    1.40000    0.10000   
  7  0.400  0.000       14    1.50000    0.60000   
  8  0.450  0.000       10    2.10000    0.20000   
  9  0.500  0.000       12    2.30000    0.30000   
 10  0.600  0.000       10    2.60000    0.20000   
 11  0.700  0.000        7    2.80000    0.80000   
 12  0.850  0.000       10    3.60000    0.10000   
 13  1.000  0.000       11    3.70000   -1.20000   
 14  1.000  0.200       14    2.50000    0.00000 <<
 15  1.000  0.400       14    2.50000   -0.60000   
 16  1.000  0.500       13    1.90000    0.60000   
 17  1.000  0.600        9    2.50000    1.00000   
 18  1.000  0.700        4    3.50000   -0.90000   
 19  1.000  0.800        0    2.60000    0.00000   
 20  1.000  1.000        0    2.60000    0.00000   

   Energies (kJ/mol)
           Bond          Angle    Proper Dih.          LJ-14     Coulomb-14
    5.41410e-01    6.51024e-01    1.30820e-02    5.45835e+00   -1.51197e+01
        LJ (SR)  Disper. corr.   Coulomb (SR)   Coul. recip.      Potential
    1.81376e+03   -7.24937e+01   -1.30691e+04    1.07156e+02   -1.12291e+04
    Kinetic En.   Total Energy  Conserved En.    Temperature Pres. DC (bar)
    2.15633e+03   -9.07277e+03   -8.83999e+03    3.03863e+02   -1.36059e+02
 Pressure (bar)      dVcoul/dl       dVvdw/dl
    5.35946e+02    4.07711e+00   -5.54914e+00

           Step           Time
           8000       16.00000

             MC-lambda information
  Wang-Landau incrementor is:         0.4
  N  CoulL   VdwL    Count   G(in kT)  dG(in kT)
  1  0.000  0.000       14    0.00000    0.50000   
  2  0.050  0.000       14    0.50000    0.40000   
  3  0.100  0.000       13    0.90000    0.10000   
  4  0.200  0.000       14    1.00000    0.00000   
  5  0.300  0.000       14    1.00000   -0.40000   
  6  0.350  0.000       20    0.60000    0.50000   
  7  0.400  0.000       20    1.10000    0.20000   
  8  0.450  0.000       17    1.30000    0.60000   
  9  0.500  0.000       18    1.90000   -0.10000   
 10  0.600  0.000       17    1.80000    0.20000   
 11  0.700  0.000       14    2.00000    0.80000   
 12  0.850  0.000       17    2.80000   -0.30000   
 13  1.000  0.000       19    2.50000    0.80000   
 14  1.000  0.200       17    3.30000    0.00000   
 15  1.000  0.400       17    3.30000    0.60000   
 16  1.000  0.500       13    3.90000   -0.60000   
 17  1.000  0.600       12    3.30000    0.20000   
 18  1.000  0.700        9    3.50000   -0.90000   
 19  1.000  0.800        5    2.60000    0.80000 <<
 20  1.000  1.000        3    3.40000    0.00000   

   Energies (kJ/mol)
           Bond          Angle    Proper Dih.          LJ-14     Coulomb-14
    1.16362e+00    3.43888e+00    1.05304e+00    2.25719e+00   -1.44185e+01
        LJ (SR)  Disper. corr.   Coulomb (SR)   Coul. recip.      Potential
    1.85902e+03   -7.10231e+01   -1.31276e+04    1.09423e+02   -1.12367e+04
    Kinetic En.   Total Energy  Conserved En.    Temperature Pres. DC (bar)
    2.12903e+03   -9.10769e+03   -8.82744e+03    3.00015e+02   -1.33299e+02
 Pressure (bar)      dVcoul/dl       dVvdw/dl
    6.60258e+02   -6.99852e+00   -9.11643e+00

           Step           Time
           9000       18.00000

             MC-lambda information
  Wang-Landau incrementor is:         0.4
  N  CoulL   VdwL    Count   G(in kT)  dG(in kT)
  1  0.000  0.000       22    0.00000    0.50000   
  2  0.050  0.000       22    0.50000    0.40000   
  3  0.100  0.000       21    0.90000    0.50000   
  4  0.200  0.000       21    1.40000    0.40000   
  5  0.300  0.000       20    1.80000   -0.00000   
  6  0.350  0.000       25    1.80000    1.30000 <<
  7  0.400  0.000       23    3.10000   -0.60000   
  8  0.450  0.000       22    2.50000   -0.20000   
  9  0.500  0.000       25    2.30000   -0.10000   
 10  0.600  0.000       24    2.20000    1.00000   
 11  0.700  0.000       19    3.20000   -0.00000   
 12  0.850  0.000       24    3.20000    0.50000   
 13  1.000  0.000       24    3.70000    1.60000   
 14  1.000  0.200       20    5.30000    0.00000   
 15  1.000  0.400       20    5.30000    0.20000   
 16  1.000  0.500       17    5.50000   -0.20000   
 17  1.000  0.600       15    5.30000    0.20000   
 18  1.000  0.700       12    5.50000   -0.10000   
 19  1.000  0.800        6    5.40000    0.40000   
 20  1.000  1.000        5    5.80000    0.00000   

   Energies (kJ/mol)
           Bond          Angle    Proper Dih.          LJ-14     Coulomb-14
    1.50481e+00    1.23370e-01    9.88734e-02    5.91007e+00   -1.51916e+01
        LJ (SR)  Disper. corr.   Coulomb (SR)   Coul. recip.      Potential
    1.70704e+03   -7.29839e+01   -1.29416e+04    1.21429e+02   -1.11936e+04
    Kinetic En.   Total Energy  Conserved En.    Temperature Pres. DC (bar)
    2.19630e+03   -8.99733e+03   -8.82373e+03    3.09495e+02   -1.36979e+02
 Pressure (bar)      dVcoul/dl       dVvdw/dl
   -1.18134e+02    9.87405e+00    7.95923e+00

           Step           Time
          10000       20.00000

Writing checkpoint, step 10000 at Wed Mar  9 02:51:35 2022


             MC-lambda information
  Wang-Landau incrementor is:         0.4
  N  CoulL   VdwL    Count   G(in kT)  dG(in kT)
  1  0.000  0.000       26    0.00000   -0.70000   
  2  0.050  0.000       29   -0.70000    2.00000   
  3  0.100  0.000       24    1.30000   -0.70000   
  4  0.200  0.000       27    0.60000    2.00000   
  5  0.300  0.000       22    2.60000   -0.40000   
  6  0.350  0.000       28    2.20000    0.90000   
  7  0.400  0.000       27    3.10000   -0.20000   
  8  0.450  0.000       25    2.90000    0.20000   
  9  0.500  0.000       27    3.10000   -0.90000   
 10  0.600  0.000       28    2.20000    1.80000   
 11  0.700  0.000       21    4.00000    0.80000   
 12  0.850  0.000       24    4.80000   -0.70000   
 13  1.000  0.000       27    4.10000    2.00000   
 14  1.000  0.200       22    6.10000    0.00000   
 15  1.000  0.400       22    6.10000    0.20000   
 16  1.000  0.500       19    6.30000   -0.20000   
 17  1.000  0.600       17    6.10000   -2.20000   
 18  1.000  0.700       20    3.90000   -3.70000 <<
 19  1.000  0.800       23    0.20000   -2.40000   
 20  1.000  1.000       29   -2.20000    0.00000   

   Energies (kJ/mol)
           Bond          Angle    Proper Dih.          LJ-14     Coulomb-14
    1.46911e+00    3.07241e+00    1.45243e-01    2.64742e+00   -1.45316e+01
        LJ (SR)  Disper. corr.   Coulomb (SR)   Coul. recip.      Potential
    1.79157e+03   -7.12682e+01   -1.29057e+04    1.08187e+02   -1.10844e+04
    Kinetic En.   Total Energy  Conserved En.    Temperature Pres. DC (bar)
    2.12110e+03   -8.96326e+03   -8.80122e+03    2.98899e+02   -1.33759e+02
 Pressure (bar)      dVcoul/dl       dVvdw/dl
    1.26674e+02    3.68026e+01   -1.11630e+02


Energy conservation over simulation part #1 of length 20 ns, time 0 to 20 ns
  Conserved energy drift: 5.65e-03 kJ/mol/ps per atom


	<======  ###############  ==>
	<====  A V E R A G E S  ====>
	<==  ###############  ======>

	Statistics over 10001 steps using 10001 frames

   Energies (kJ/mol)
           Bond          Angle    Proper Dih.          LJ-14     Coulomb-14
    1.13730e+00    2.12127e+00    8.99754e-01    4.18003e+00   -1.48339e+01
        LJ (SR)  Disper. corr.   Coulomb (SR)   Coul. recip.      Potential
    1.72411e+03   -7.24695e+01   -1.29871e+04    1.11920e+02   -1.12300e+04
    Kinetic En.   Total Energy  Conserved En.    Temperature Pres. DC (bar)
    2.14976e+03   -9.08025e+03   -8.87176e+03    3.02938e+02   -1.36013e+02
 Pressure (bar)      dVcoul/dl       dVvdw/dl
   -1.77665e+02    6.30556e+00    4.25425e+00

   Total Virial (kJ/mol)
    7.61124e+02    5.33795e+00    8.79970e+00
    5.37557e+00    7.75975e+02    9.44763e+00
    8.78265e+00    9.42489e+00    7.54502e+02

   Pressure (bar)
   -1.58925e+02   -2.07286e+01   -2.93662e+01
   -2.08699e+01   -2.26681e+02   -4.35925e+01
   -2.93021e+01   -4.35071e+01   -1.47391e+02


	M E G A - F L O P S   A C C O U N T I N G

 NB=Group-cutoff nonbonded kernels    NxN=N-by-N cluster Verlet kernels
 RF=Reaction-Field  VdW=Van der Waals  QSTab=quadratic-spline table
 W3=SPC/TIP3p  W4=TIP4p (single or pairs)
 V&F=Potential and force  V=Potential only  F=Force only

 Computing:                               M-Number         M-Flops  % Flops
-----------------------------------------------------------------------------
 NB Free energy kernel                16361.522388       16361.522     3.2
 Pair Search distance check              72.614454         653.530     0.1
 NxN Ewald Elec. + LJ [V&F]            2007.921952      255006.088    50.1
 NxN Ewald Elec. [V&F]                 1944.345696      163325.038    32.1
 1,4 nonbonded interactions               0.010001           0.900     0.0
 Calc Weights                            25.592559         921.332     0.2
 Spread Q Bspline                      1091.949184        2183.898     0.4
 Gather F Bspline                      1091.949184        6551.695     1.3
 3D-FFT                                7606.640588       60853.125    11.9
 Solve PME                               11.521152         737.354     0.1
 Shift-X                                  0.214103           1.285     0.0
 Bonds                                    0.030003           1.770     0.0
 Angles                                   0.020002           3.360     0.0
 Propers                                  0.010001           2.290     0.0
 Virial                                   8.980898         161.656     0.0
 Stop-CM                                  8.531706          85.317     0.0
 Calc-Ekin                                8.530853         230.333     0.0
 Constraint-V                             8.490849          76.418     0.0
 Constraint-Vir                           8.490849         203.780     0.0
 Settle                                   5.661132        2094.619     0.4
-----------------------------------------------------------------------------
 Total                                                  509455.311   100.0
-----------------------------------------------------------------------------


     R E A L   C Y C L E   A N D   T I M E   A C C O U N T I N G

On 1 MPI rank, each using 16 OpenMP threads

 Computing:          Num   Num      Call    Wall time         Giga-Cycles
                     Ranks Threads  Count      (s)         total sum    %
-----------------------------------------------------------------------------
 Neighbor search        1   16        251       1.264         42.379   1.0
 Force                  1   16      10001      32.377       1085.306  26.5
 PME mesh               1   16      10001      50.876       1705.419  41.6
 NB X/F buffer ops.     1   16      19751      13.697        459.153  11.2
 Write traj.            1   16         11       0.047          1.581   0.0
 Update                 1   16      40004       7.315        245.206   6.0
 Constraints            1   16      20004       3.808        127.638   3.1
 Rest                                          12.987        435.333  10.6
-----------------------------------------------------------------------------
 Total                                        122.372       4102.014 100.0
-----------------------------------------------------------------------------
 Breakdown of PME mesh computation
-----------------------------------------------------------------------------
 PME spread             1   16      20002      12.961        434.458  10.6
 PME gather             1   16      20002      17.749        594.950  14.5
 PME 3D-FFT             1   16      40004      19.837        664.967  16.2
 PME solve Elec         1   16      20002       0.276          9.260   0.2
-----------------------------------------------------------------------------

               Core t (s)   Wall t (s)        (%)
       Time:     1957.945      122.372     1600.0
                 (ns/day)    (hour/ns)
Performance:       14.122        1.699
Finished mdrun on rank 0 Wed Mar  9 02:51:35 2022

