                :-) GROMACS - gmx mdrun, 2021.4-plumed-2.8.0 (-:

                            GROMACS is written by:
     Andrey Alekseenko              Emile Apol              Rossen Apostolov     
         Paul Bauer           Herman J.C. Berendsen           Par Bjelkmar       
       Christian Blau           Viacheslav Bolnykh             Kevin Boyd        
     Aldert van Buuren           Rudi van Drunen             Anton Feenstra      
    Gilles Gouaillardet             Alan Gray               Gerrit Groenhof      
       Anca Hamuraru            Vincent Hindriksen          M. Eric Irrgang      
      Aleksei Iupinov           Christoph Junghans             Joe Jordan        
    Dimitrios Karkoulis            Peter Kasson                Jiri Kraus        
      Carsten Kutzner              Per Larsson              Justin A. Lemkul     
       Viveca Lindahl            Magnus Lundborg             Erik Marklund       
        Pascal Merz             Pieter Meulenhoff            Teemu Murtola       
        Szilard Pall               Sander Pronk              Roland Schulz       
       Michael Shirts            Alexey Shvetsov             Alfons Sijbers      
       Peter Tieleman              Jon Vincent              Teemu Virolainen     
     Christian Wennberg            Maarten Wolf              Artem Zhmurov       
                           and the project leaders:
        Mark Abraham, Berk Hess, Erik Lindahl, and David van der Spoel

Copyright (c) 1991-2000, University of Groningen, The Netherlands.
Copyright (c) 2001-2019, The GROMACS development team at
Uppsala University, Stockholm University and
the Royal Institute of Technology, Sweden.
check out http://www.gromacs.org for more information.

GROMACS is free software; you can redistribute it and/or modify it
under the terms of the GNU Lesser General Public License
as published by the Free Software Foundation; either version 2.1
of the License, or (at your option) any later version.

GROMACS:      gmx mdrun, version 2021.4-plumed-2.8.0
Executable:   /jet/home/wehs7661/pkgs/gromacs/2021.4/bin/gmx_mpi
Data prefix:  /jet/home/wehs7661/pkgs/gromacs/2021.4
Working dir:  /ocean/projects/cts160011p/wehs7661/gmxapi_practice/tutorial_MPI/standard_MD/Equil/NVT
Process ID:   70206
Command line:
  gmx_mpi mdrun -s sys2_equil.tpr -c sys2_equil.gro -e equil.edr -g equil.log -o equil.trr -cpo state.cpt

GROMACS version:    2021.4-plumed-2.8.0
Precision:          mixed
Memory model:       64 bit
MPI library:        MPI
OpenMP support:     enabled (GMX_OPENMP_MAX_THREADS = 64)
GPU support:        disabled
SIMD instructions:  AVX2_256
FFT library:        fftw-3.3.8-sse2-avx-avx2-avx2_128
RDTSCP usage:       enabled
TNG support:        enabled
Hwloc support:      disabled
Tracing support:    disabled
C compiler:         /jet/packages/spack/opt/spack/linux-centos8-zen/gcc-8.3.1/gcc-10.2.0-tfzxq7udz2a53dmujvasy4uz33t27iwv/bin/gcc GNU 10.2.0
C compiler flags:   -mavx2 -mfma -pthread -Wno-missing-field-initializers -fexcess-precision=fast -funroll-all-loops -O3 -DNDEBUG
C++ compiler:       /jet/packages/spack/opt/spack/linux-centos8-zen/gcc-8.3.1/gcc-10.2.0-tfzxq7udz2a53dmujvasy4uz33t27iwv/bin/g++ GNU 10.2.0
C++ compiler flags: -mavx2 -mfma -pthread -Wno-missing-field-initializers -fexcess-precision=fast -funroll-all-loops -fopenmp -O3 -DNDEBUG


Running on 1 node with total 128 cores, 128 logical cores
Hardware detected on host r003.ib.bridges2.psc.edu (the node of MPI rank 0):
  CPU info:
    Vendor: AMD
    Brand:  AMD EPYC 7742 64-Core Processor                
    Family: 23   Model: 49   Stepping: 0
    Features: aes amd apic avx avx2 clfsh cmov cx8 cx16 f16c fma htt lahf misalignsse mmx msr nonstop_tsc pclmuldq pdpe1gb popcnt pse rdrnd rdtscp sha sse2 sse3 sse4a sse4.1 sse4.2 ssse3
  Hardware topology: Basic
    Sockets, cores, and logical processors:
      Socket  0: [   0] [   1] [   2] [   3] [   4] [   5] [   6] [   7] [   8] [   9] [  10] [  11] [  12] [  13] [  14] [  15] [  16] [  17] [  18] [  19] [  20] [  21] [  22] [  23] [  24] [  25] [  26] [  27] [  28] [  29] [  30] [  31] [  32] [  33] [  34] [  35] [  36] [  37] [  38] [  39] [  40] [  41] [  42] [  43] [  44] [  45] [  46] [  47] [  48] [  49] [  50] [  51] [  52] [  53] [  54] [  55] [  56] [  57] [  58] [  59] [  60] [  61] [  62] [  63]
      Socket  1: [  64] [  65] [  66] [  67] [  68] [  69] [  70] [  71] [  72] [  73] [  74] [  75] [  76] [  77] [  78] [  79] [  80] [  81] [  82] [  83] [  84] [  85] [  86] [  87] [  88] [  89] [  90] [  91] [  92] [  93] [  94] [  95] [  96] [  97] [  98] [  99] [ 100] [ 101] [ 102] [ 103] [ 104] [ 105] [ 106] [ 107] [ 108] [ 109] [ 110] [ 111] [ 112] [ 113] [ 114] [ 115] [ 116] [ 117] [ 118] [ 119] [ 120] [ 121] [ 122] [ 123] [ 124] [ 125] [ 126] [ 127]


++++ PLEASE READ AND CITE THE FOLLOWING REFERENCE ++++
M. J. Abraham, T. Murtola, R. Schulz, S. Páll, J. C. Smith, B. Hess, E.
Lindahl
GROMACS: High performance molecular simulations through multi-level
parallelism from laptops to supercomputers
SoftwareX 1 (2015) pp. 19-25
-------- -------- --- Thank You --- -------- --------


++++ PLEASE READ AND CITE THE FOLLOWING REFERENCE ++++
S. Páll, M. J. Abraham, C. Kutzner, B. Hess, E. Lindahl
Tackling Exascale Software Challenges in Molecular Dynamics Simulations with
GROMACS
In S. Markidis & E. Laure (Eds.), Solving Software Challenges for Exascale 8759 (2015) pp. 3-27
-------- -------- --- Thank You --- -------- --------


++++ PLEASE READ AND CITE THE FOLLOWING REFERENCE ++++
S. Pronk, S. Páll, R. Schulz, P. Larsson, P. Bjelkmar, R. Apostolov, M. R.
Shirts, J. C. Smith, P. M. Kasson, D. van der Spoel, B. Hess, and E. Lindahl
GROMACS 4.5: a high-throughput and highly parallel open source molecular
simulation toolkit
Bioinformatics 29 (2013) pp. 845-54
-------- -------- --- Thank You --- -------- --------


++++ PLEASE READ AND CITE THE FOLLOWING REFERENCE ++++
B. Hess and C. Kutzner and D. van der Spoel and E. Lindahl
GROMACS 4: Algorithms for highly efficient, load-balanced, and scalable
molecular simulation
J. Chem. Theory Comput. 4 (2008) pp. 435-447
-------- -------- --- Thank You --- -------- --------


++++ PLEASE READ AND CITE THE FOLLOWING REFERENCE ++++
D. van der Spoel, E. Lindahl, B. Hess, G. Groenhof, A. E. Mark and H. J. C.
Berendsen
GROMACS: Fast, Flexible and Free
J. Comp. Chem. 26 (2005) pp. 1701-1719
-------- -------- --- Thank You --- -------- --------


++++ PLEASE READ AND CITE THE FOLLOWING REFERENCE ++++
E. Lindahl and B. Hess and D. van der Spoel
GROMACS 3.0: A package for molecular simulation and trajectory analysis
J. Mol. Mod. 7 (2001) pp. 306-317
-------- -------- --- Thank You --- -------- --------


++++ PLEASE READ AND CITE THE FOLLOWING REFERENCE ++++
H. J. C. Berendsen, D. van der Spoel and R. van Drunen
GROMACS: A message-passing parallel molecular dynamics implementation
Comp. Phys. Comm. 91 (1995) pp. 43-56
-------- -------- --- Thank You --- -------- --------

Input Parameters:
   integrator                     = md-vv
   tinit                          = 0
   dt                             = 0.002
   nsteps                         = 10000
   init-step                      = 0
   simulation-part                = 1
   mts                            = false
   comm-mode                      = Linear
   nstcomm                        = 1
   bd-fric                        = 0
   ld-seed                        = 2130575295
   emtol                          = 10
   emstep                         = 0.01
   niter                          = 20
   fcstep                         = 0
   nstcgsteep                     = 1000
   nbfgscorr                      = 10
   rtpi                           = 0.05
   nstxout                        = 0
   nstvout                        = 0
   nstfout                        = 0
   nstlog                         = 1000
   nstcalcenergy                  = 1
   nstenergy                      = 1000
   nstxout-compressed             = 1000
   compressed-x-precision         = 1000
   cutoff-scheme                  = Verlet
   nstlist                        = 10
   pbc                            = xyz
   periodic-molecules             = false
   verlet-buffer-tolerance        = 0.005
   rlist                          = 0.9
   coulombtype                    = PME
   coulomb-modifier               = Potential-shift
   rcoulomb-switch                = 0.89
   rcoulomb                       = 0.9
   epsilon-r                      = 1
   epsilon-rf                     = inf
   vdw-type                       = Cut-off
   vdw-modifier                   = Potential-switch
   rvdw-switch                    = 0.85
   rvdw                           = 0.9
   DispCorr                       = AllEnerPres
   table-extension                = 1
   fourierspacing                 = 0.1
   fourier-nx                     = 24
   fourier-ny                     = 24
   fourier-nz                     = 24
   pme-order                      = 4
   ewald-rtol                     = 1e-05
   ewald-rtol-lj                  = 0.001
   lj-pme-comb-rule               = Geometric
   ewald-geometry                 = 0
   epsilon-surface                = 0
   tcoupl                         = V-rescale
   nsttcouple                     = 1
   nh-chain-length                = 0
   print-nose-hoover-chain-variables = false
   pcoupl                         = No
   pcoupltype                     = Isotropic
   nstpcouple                     = -1
   tau-p                          = 1
   compressibility (3x3):
      compressibility[    0]={ 0.00000e+00,  0.00000e+00,  0.00000e+00}
      compressibility[    1]={ 0.00000e+00,  0.00000e+00,  0.00000e+00}
      compressibility[    2]={ 0.00000e+00,  0.00000e+00,  0.00000e+00}
   ref-p (3x3):
      ref-p[    0]={ 0.00000e+00,  0.00000e+00,  0.00000e+00}
      ref-p[    1]={ 0.00000e+00,  0.00000e+00,  0.00000e+00}
      ref-p[    2]={ 0.00000e+00,  0.00000e+00,  0.00000e+00}
   refcoord-scaling               = No
   posres-com (3):
      posres-com[0]= 0.00000e+00
      posres-com[1]= 0.00000e+00
      posres-com[2]= 0.00000e+00
   posres-comB (3):
      posres-comB[0]= 0.00000e+00
      posres-comB[1]= 0.00000e+00
      posres-comB[2]= 0.00000e+00
   QMMM                           = false
qm-opts:
   ngQM                           = 0
   constraint-algorithm           = Lincs
   continuation                   = false
   Shake-SOR                      = false
   shake-tol                      = 0.0001
   lincs-order                    = 12
   lincs-iter                     = 2
   lincs-warnangle                = 30
   nwall                          = 0
   wall-type                      = 9-3
   wall-r-linpot                  = -1
   wall-atomtype[0]               = -1
   wall-atomtype[1]               = -1
   wall-density[0]                = 0
   wall-density[1]                = 0
   wall-ewald-zfac                = 3
   pull                           = false
   awh                            = false
   rotation                       = false
   interactiveMD                  = false
   disre                          = No
   disre-weighting                = Conservative
   disre-mixed                    = false
   dr-fc                          = 1000
   dr-tau                         = 0
   nstdisreout                    = 100
   orire-fc                       = 0
   orire-tau                      = 0
   nstorireout                    = 100
   free-energy                    = no
   cos-acceleration               = 0
   deform (3x3):
      deform[    0]={ 0.00000e+00,  0.00000e+00,  0.00000e+00}
      deform[    1]={ 0.00000e+00,  0.00000e+00,  0.00000e+00}
      deform[    2]={ 0.00000e+00,  0.00000e+00,  0.00000e+00}
   simulated-tempering            = false
   swapcoords                     = no
   userint1                       = 0
   userint2                       = 0
   userint3                       = 0
   userint4                       = 0
   userreal1                      = 0
   userreal2                      = 0
   userreal3                      = 0
   userreal4                      = 0
   applied-forces:
     electric-field:
       x:
         E0                       = 0
         omega                    = 0
         t0                       = 0
         sigma                    = 0
       y:
         E0                       = 0
         omega                    = 0
         t0                       = 0
         sigma                    = 0
       z:
         E0                       = 0
         omega                    = 0
         t0                       = 0
         sigma                    = 0
     density-guided-simulation:
       active                     = false
       group                      = protein
       similarity-measure         = inner-product
       atom-spreading-weight      = unity
       force-constant             = 1e+09
       gaussian-transform-spreading-width = 0.2
       gaussian-transform-spreading-range-in-multiples-of-width = 4
       reference-density-filename = reference.mrc
       nst                        = 1
       normalize-densities        = true
       adaptive-force-scaling     = false
       adaptive-force-scaling-time-constant = 4
       shift-vector               = 
       transformation-matrix      = 
grpopts:
   nrdf:        1707
   ref-t:      310.15
   tau-t:         0.5
annealing:          No
annealing-npoints:           0
   acc:	           0           0           0
   nfreeze:           N           N           N
   energygrp-flags[  0]: 0

Changing nstlist from 10 to 40, rlist from 0.9 to 1.001


Initializing Domain Decomposition on 16 ranks
Dynamic load balancing: auto
Using update groups, nr 287, average size 3.0 atoms, max. radius 0.078 nm
Minimum cell size due to atom displacement: 0.244 nm
Initial maximum distances in bonded interactions:
    two-body bonded interactions: 0.312 nm, LJ-14, atoms 1 4
  multi-body bonded interactions: 0.312 nm, Proper Dih., atoms 1 4
Minimum cell size due to bonded interactions: 0.344 nm
Scaling the initial minimum size with 1/0.8 (option -dds) = 1.25
Using 0 separate PME ranks, as there are too few total
 ranks for efficient splitting
Optimizing the DD grid for 16 cells with a minimum initial size of 0.430 nm
The maximum allowed number of cells is: X 4 Y 4 Z 3
Domain decomposition grid 4 x 4 x 1, separate PME ranks 0
PME domain decomposition: 4 x 4 x 1
Domain decomposition rank 0, coordinates 0 0 0

The initial number of communication pulses is: X 3 Y 3
The initial domain decomposition cell size is: X 0.47 nm Y 0.47 nm

The maximum allowed distance for atom groups involved in interactions is:
                 non-bonded interactions           1.157 nm
            two-body bonded interactions  (-rdd)   1.157 nm
          multi-body bonded interactions  (-rdd)   0.473 nm

When dynamic load balancing gets turned on, these settings will change to:
The maximum number of communication pulses is: X 3 Y 3
The minimum size for domain decomposition cells is 0.386 nm
The requested allowed shrink of DD cells (option -dds) is: 0.80
The allowed shrink of domain decomposition cells is: X 0.82 Y 0.82
The maximum allowed distance for atom groups involved in interactions is:
                 non-bonded interactions           1.157 nm
            two-body bonded interactions  (-rdd)   1.157 nm
          multi-body bonded interactions  (-rdd)   0.386 nm

Using 16 MPI processes

Non-default thread affinity set, disabling internal thread affinity

Using 8 OpenMP threads per MPI process

System total charge: 0.000
Will do PME sum in reciprocal space for electrostatic interactions.

++++ PLEASE READ AND CITE THE FOLLOWING REFERENCE ++++
U. Essmann, L. Perera, M. L. Berkowitz, T. Darden, H. Lee and L. G. Pedersen 
A smooth particle mesh Ewald method
J. Chem. Phys. 103 (1995) pp. 8577-8592
-------- -------- --- Thank You --- -------- --------

Using a Gaussian width (1/beta) of 0.288146 nm for Ewald
Potential shift: LJ r^-12: 0.000e+00 r^-6: 0.000e+00, Ewald -1.111e-05
Initialized non-bonded Ewald tables, spacing: 8.85e-04 size: 1018

Generated table with 1000 data points for 1-4 COUL.
Tabscale = 500 points/nm
Generated table with 1000 data points for 1-4 LJ6.
Tabscale = 500 points/nm
Generated table with 1000 data points for 1-4 LJ12.
Tabscale = 500 points/nm
Long Range LJ corr.: <C6> 2.8357e-04 <C12> 2.8091e-07


Using SIMD 4x8 nonbonded short-range kernels

Using a dual 4x8 pair-list setup updated with dynamic pruning:
  outer list: updated every 40 steps, buffer 0.101 nm, rlist 1.001 nm
  inner list: updated every 11 steps, buffer 0.003 nm, rlist 0.903 nm
At tolerance 0.005 kJ/mol/ps per atom, equivalent classical 1x1 list would be:
  outer list: updated every 40 steps, buffer 0.212 nm, rlist 1.112 nm
  inner list: updated every 11 steps, buffer 0.043 nm, rlist 0.943 nm
Removing pbc first time

++++ PLEASE READ AND CITE THE FOLLOWING REFERENCE ++++
S. Miyamoto and P. A. Kollman
SETTLE: An Analytical Version of the SHAKE and RATTLE Algorithms for Rigid
Water Models
J. Comp. Chem. 13 (1992) pp. 952-962
-------- -------- --- Thank You --- -------- --------


Linking all bonded interactions to atoms


Using the modular simulator.

Intra-simulation communication will occur every 1 steps.
There are: 853 Atoms
Center of mass motion removal mode is Linear
We have the following groups for center of mass motion removal:
  0:  rest

Started mdrun on rank 0 Fri Apr 29 11:59:13 2022

Atom distribution over 16 domains: av 53 stddev 8 min 43 max 63

Constraining the starting coordinates (step 0)
RMS relative constraint deviation after constraining: 0.00e+00
Initial temperature: 285.782 K
           Step           Time
              0        0.00000

   Energies (kJ/mol)
           Bond          Angle    Proper Dih.          LJ-14     Coulomb-14
    2.06153e-01    1.03899e+00    2.50340e-04    3.86841e+00   -1.48248e+01
        LJ (SR)  Disper. corr.   Coulomb (SR)   Coul. recip.      Potential
    2.13357e+03   -7.33048e+01   -1.56106e+04    6.98533e+01   -1.34902e+04
    Kinetic En.   Total Energy  Conserved En.    Temperature Pres. DC (bar)
    2.02802e+03   -1.14622e+04   -1.14622e+04    2.85782e+02   -1.38186e+02
 Pressure (bar)
   -3.40659e+03


DD  step -1 load imb.: force  6.2%

DD  step -1 load imb.: force 10.1%

step 0 Turning on dynamic load balancing, because the performance loss due to load imbalance is 2.2 %.

DD  step -1  vol min/aver 0.946  load imb.: force 11.1%

DD  step -1  vol min/aver 0.906  load imb.: force 10.9%

DD  step -1  vol min/aver 0.857  load imb.: force  8.1%

DD  step -1  vol min/aver 0.823  load imb.: force  9.1%

DD  step -1  vol min/aver 0.785  load imb.: force 10.4%

DD  step -1  vol min/aver 0.755  load imb.: force  7.3%

DD  step -1  vol min/aver 0.715  load imb.: force  8.3%

DD  load balancing is limited by minimum cell size in dimension Y
DD  step -1  vol min/aver 0.736! load imb.: force  5.4%

DD  step -1  vol min/aver 0.708  load imb.: force  5.4%

DD  load balancing is limited by minimum cell size in dimension Y
DD  step -1  vol min/aver 0.698! load imb.: force  6.1%

DD  step -1  vol min/aver 0.692  load imb.: force  7.8%

DD  load balancing is limited by minimum cell size in dimension X Y
DD  step -1  vol min/aver 0.672! load imb.: force  6.0%

DD  load balancing is limited by minimum cell size in dimension X Y
DD  step -1  vol min/aver 0.669! load imb.: force  6.7%

DD  load balancing is limited by minimum cell size in dimension X Y
DD  step -1  vol min/aver 0.672! load imb.: force  6.7%

DD  load balancing is limited by minimum cell size in dimension X Y
DD  step -1  vol min/aver 0.690! load imb.: force  6.9%

DD  load balancing is limited by minimum cell size in dimension X Y
DD  step -1  vol min/aver 0.691! load imb.: force  6.9%

DD  load balancing is limited by minimum cell size in dimension Y
DD  step -1  vol min/aver 0.715! load imb.: force 11.9%

DD  step -1  vol min/aver 0.754  load imb.: force  8.0%

DD  step -1  vol min/aver 0.784  load imb.: force  8.8%

DD  step -1  vol min/aver 0.750  load imb.: force  4.3%

DD  load balancing is limited by minimum cell size in dimension Y
DD  step -1  vol min/aver 0.732! load imb.: force  4.3%

DD  load balancing is limited by minimum cell size in dimension Y
DD  step -1  vol min/aver 0.728! load imb.: force  4.7%

DD  load balancing is limited by minimum cell size in dimension Y
DD  step -1  vol min/aver 0.712! load imb.: force  4.2%
           Step           Time
           1000        2.00000

   Energies (kJ/mol)
           Bond          Angle    Proper Dih.          LJ-14     Coulomb-14
    2.88535e+00    5.23504e-01    8.10428e-01    8.97626e+00   -1.55916e+01
        LJ (SR)  Disper. corr.   Coulomb (SR)   Coul. recip.      Potential
    1.90494e+03   -7.33048e+01   -1.34867e+04    9.98705e+01   -1.15576e+04
    Kinetic En.   Total Energy  Conserved En.    Temperature Pres. DC (bar)
    2.01234e+03   -9.54529e+03   -1.14486e+04    2.83573e+02   -1.38186e+02
 Pressure (bar)
    4.45565e+02


DD  load balancing is limited by minimum cell size in dimension Y
DD  step -1  vol min/aver 0.699! load imb.: force  5.5%

DD  load balancing is limited by minimum cell size in dimension Y
DD  step -1  vol min/aver 0.683! load imb.: force  3.8%

DD  step -1  vol min/aver 0.676  load imb.: force  3.3%

DD  load balancing is limited by minimum cell size in dimension X
DD  step -1  vol min/aver 0.673! load imb.: force  5.0%

DD  load balancing is limited by minimum cell size in dimension X
DD  step -1  vol min/aver 0.670! load imb.: force  4.0%

DD  load balancing is limited by minimum cell size in dimension X
DD  step -1  vol min/aver 0.668! load imb.: force  7.8%

DD  load balancing is limited by minimum cell size in dimension X
DD  step -1  vol min/aver 0.671! load imb.: force  8.4%

DD  load balancing is limited by minimum cell size in dimension Y
DD  step -1  vol min/aver 0.691! load imb.: force  7.7%

DD  load balancing is limited by minimum cell size in dimension Y
DD  step -1  vol min/aver 0.708! load imb.: force  6.2%

DD  load balancing is limited by minimum cell size in dimension Y
DD  step -1  vol min/aver 0.717! load imb.: force  9.9%

DD  step -1  vol min/aver 0.748  load imb.: force  9.4%

DD  load balancing is limited by minimum cell size in dimension Y
DD  step -1  vol min/aver 0.720! load imb.: force  7.9%

DD  step -1  vol min/aver 0.700  load imb.: force 10.9%

DD  load balancing is limited by minimum cell size in dimension X
DD  step -1  vol min/aver 0.675! load imb.: force  7.7%

DD  load balancing is limited by minimum cell size in dimension X
DD  step -1  vol min/aver 0.675! load imb.: force  6.0%

DD  load balancing is limited by minimum cell size in dimension X
DD  step -1  vol min/aver 0.676! load imb.: force  9.5%

DD  load balancing is limited by minimum cell size in dimension X
DD  step -1  vol min/aver 0.683! load imb.: force  8.3%

DD  load balancing is limited by minimum cell size in dimension X
DD  step -1  vol min/aver 0.705! load imb.: force  9.1%

DD  load balancing is limited by minimum cell size in dimension X
DD  step -1  vol min/aver 0.700! load imb.: force  5.3%

DD  load balancing is limited by minimum cell size in dimension X
DD  step -1  vol min/aver 0.708! load imb.: force  5.7%

DD  load balancing is limited by minimum cell size in dimension X
DD  step -1  vol min/aver 0.694! load imb.: force  4.7%

DD  load balancing is limited by minimum cell size in dimension X
DD  step -1  vol min/aver 0.679! load imb.: force  5.4%

DD  load balancing is limited by minimum cell size in dimension X
DD  step -1  vol min/aver 0.672! load imb.: force  5.2%

DD  load balancing is limited by minimum cell size in dimension X
DD  step -1  vol min/aver 0.669! load imb.: force  3.6%

DD  load balancing is limited by minimum cell size in dimension X
DD  step -1  vol min/aver 0.667! load imb.: force  4.8%
           Step           Time
           2000        4.00000

   Energies (kJ/mol)
           Bond          Angle    Proper Dih.          LJ-14     Coulomb-14
    3.95102e+00    5.13687e-01    8.20212e-01    5.74587e+00   -1.51660e+01
        LJ (SR)  Disper. corr.   Coulomb (SR)   Coul. recip.      Potential
    1.76467e+03   -7.33048e+01   -1.30323e+04    1.18731e+02   -1.12264e+04
    Kinetic En.   Total Energy  Conserved En.    Temperature Pres. DC (bar)
    2.13941e+03   -9.08695e+03   -1.14467e+04    3.01479e+02   -1.38186e+02
 Pressure (bar)
    2.40880e+02


DD  step -1  vol min/aver 0.687  load imb.: force  4.7%

DD  step -1  vol min/aver 0.725  load imb.: force  4.3%

DD  step -1  vol min/aver 0.725  load imb.: force  4.3%

DD  step -1  vol min/aver 0.716  load imb.: force  4.5%

DD  step -1  vol min/aver 0.712  load imb.: force  4.3%

DD  step -1  vol min/aver 0.705  load imb.: force  6.3%

DD  step -1  vol min/aver 0.707  load imb.: force  5.6%

DD  step -1  vol min/aver 0.712  load imb.: force  4.6%

DD  step -1  vol min/aver 0.704  load imb.: force  4.0%

DD  step -1  vol min/aver 0.685  load imb.: force  4.5%

DD  step -1  vol min/aver 0.676  load imb.: force  6.7%

DD  load balancing is limited by minimum cell size in dimension X
DD  step -1  vol min/aver 0.669! load imb.: force  8.0%

DD  load balancing is limited by minimum cell size in dimension X
DD  step -1  vol min/aver 0.667! load imb.: force  6.2%

DD  load balancing is limited by minimum cell size in dimension X
DD  step -1  vol min/aver 0.668! load imb.: force  6.0%

DD  load balancing is limited by minimum cell size in dimension X
DD  step -1  vol min/aver 0.666! load imb.: force  6.6%

DD  load balancing is limited by minimum cell size in dimension X
DD  step -1  vol min/aver 0.668! load imb.: force  9.4%

DD  load balancing is limited by minimum cell size in dimension X
DD  step -1  vol min/aver 0.673! load imb.: force  7.9%

DD  load balancing is limited by minimum cell size in dimension X
DD  step -1  vol min/aver 0.672! load imb.: force  8.6%

DD  load balancing is limited by minimum cell size in dimension X
DD  step -1  vol min/aver 0.671! load imb.: force  8.1%

DD  load balancing is limited by minimum cell size in dimension X
DD  step -1  vol min/aver 0.672! load imb.: force  4.5%

DD  load balancing is limited by minimum cell size in dimension X Y
DD  step -1  vol min/aver 0.666! load imb.: force  5.6%

DD  load balancing is limited by minimum cell size in dimension X
DD  step -1  vol min/aver 0.665! load imb.: force  5.6%

DD  load balancing is limited by minimum cell size in dimension X
DD  step -1  vol min/aver 0.667! load imb.: force  3.8%

DD  load balancing is limited by minimum cell size in dimension X
DD  step -1  vol min/aver 0.669! load imb.: force  2.7%

DD  load balancing is limited by minimum cell size in dimension X
DD  step -1  vol min/aver 0.669! load imb.: force  4.3%
           Step           Time
           3000        6.00000

   Energies (kJ/mol)
           Bond          Angle    Proper Dih.          LJ-14     Coulomb-14
    1.77923e-01    1.13425e+00    3.96112e-01    5.56850e+00   -1.51376e+01
        LJ (SR)  Disper. corr.   Coulomb (SR)   Coul. recip.      Potential
    1.61411e+03   -7.33048e+01   -1.28979e+04    9.35252e+01   -1.12715e+04
    Kinetic En.   Total Energy  Conserved En.    Temperature Pres. DC (bar)
    2.17856e+03   -9.09291e+03   -1.14466e+04    3.06995e+02   -1.38186e+02
 Pressure (bar)
   -6.94794e+02


DD  load balancing is limited by minimum cell size in dimension X
DD  step -1  vol min/aver 0.668! load imb.: force  4.0%

DD  load balancing is limited by minimum cell size in dimension X
DD  step -1  vol min/aver 0.667! load imb.: force  4.3%

DD  load balancing is limited by minimum cell size in dimension X
DD  step -1  vol min/aver 0.666! load imb.: force  8.8%

DD  load balancing is limited by minimum cell size in dimension X Y
DD  step -1  vol min/aver 0.666! load imb.: force  4.3%

DD  load balancing is limited by minimum cell size in dimension X Y
DD  step -1  vol min/aver 0.665! load imb.: force  3.6%

DD  load balancing is limited by minimum cell size in dimension X Y
DD  step -1  vol min/aver 0.668! load imb.: force  5.0%

DD  load balancing is limited by minimum cell size in dimension X
DD  step -1  vol min/aver 0.666! load imb.: force  7.1%

DD  load balancing is limited by minimum cell size in dimension X Y
DD  step -1  vol min/aver 0.669! load imb.: force  4.2%

DD  load balancing is limited by minimum cell size in dimension X Y
DD  step -1  vol min/aver 0.668! load imb.: force  7.3%

DD  load balancing is limited by minimum cell size in dimension X Y
DD  step -1  vol min/aver 0.689! load imb.: force  8.9%

DD  load balancing is limited by minimum cell size in dimension Y
DD  step -1  vol min/aver 0.735! load imb.: force  8.5%

DD  load balancing is limited by minimum cell size in dimension X Y
DD  step -1  vol min/aver 0.732! load imb.: force  7.1%

DD  load balancing is limited by minimum cell size in dimension X Y
DD  step -1  vol min/aver 0.710! load imb.: force  6.6%

DD  load balancing is limited by minimum cell size in dimension X Y
DD  step -1  vol min/aver 0.687! load imb.: force  5.6%

DD  load balancing is limited by minimum cell size in dimension X Y
DD  step -1  vol min/aver 0.688! load imb.: force  6.8%

DD  load balancing is limited by minimum cell size in dimension X Y
DD  step -1  vol min/aver 0.687! load imb.: force  5.5%

DD  load balancing is limited by minimum cell size in dimension X Y
DD  step -1  vol min/aver 0.687! load imb.: force  6.2%

DD  load balancing is limited by minimum cell size in dimension X Y
DD  step -1  vol min/aver 0.688! load imb.: force  8.7%

DD  load balancing is limited by minimum cell size in dimension X Y
DD  step -1  vol min/aver 0.681! load imb.: force  5.7%

DD  load balancing is limited by minimum cell size in dimension X Y
DD  step -1  vol min/aver 0.696! load imb.: force  4.1%

DD  load balancing is limited by minimum cell size in dimension X Y
DD  step -1  vol min/aver 0.712! load imb.: force  4.9%

DD  load balancing is limited by minimum cell size in dimension X Y
DD  step -1  vol min/aver 0.730! load imb.: force  5.2%

DD  load balancing is limited by minimum cell size in dimension X Y
DD  step -1  vol min/aver 0.725! load imb.: force  3.8%

DD  load balancing is limited by minimum cell size in dimension X Y
DD  step -1  vol min/aver 0.710! load imb.: force  3.9%

DD  load balancing is limited by minimum cell size in dimension X Y
DD  step -1  vol min/aver 0.699! load imb.: force  3.9%
           Step           Time
           4000        8.00000

   Energies (kJ/mol)
           Bond          Angle    Proper Dih.          LJ-14     Coulomb-14
    3.80551e+00    8.29090e+00    2.10814e-01    1.01760e+00   -1.39465e+01
        LJ (SR)  Disper. corr.   Coulomb (SR)   Coul. recip.      Potential
    1.67604e+03   -7.33048e+01   -1.28078e+04    1.36161e+02   -1.10695e+04
    Kinetic En.   Total Energy  Conserved En.    Temperature Pres. DC (bar)
    2.01820e+03   -9.05128e+03   -1.14457e+04    2.84398e+02   -1.38186e+02
 Pressure (bar)
   -1.95370e+01


DD  load balancing is limited by minimum cell size in dimension X Y
DD  step -1  vol min/aver 0.687! load imb.: force  3.5%

DD  load balancing is limited by minimum cell size in dimension X
DD  step -1  vol min/aver 0.676! load imb.: force  4.9%

DD  load balancing is limited by minimum cell size in dimension X
DD  step -1  vol min/aver 0.669! load imb.: force  4.2%

DD  load balancing is limited by minimum cell size in dimension X Y
DD  step -1  vol min/aver 0.669! load imb.: force  5.9%

DD  load balancing is limited by minimum cell size in dimension X
DD  step -1  vol min/aver 0.667! load imb.: force  6.2%

DD  load balancing is limited by minimum cell size in dimension X
DD  step -1  vol min/aver 0.668! load imb.: force  3.9%

DD  load balancing is limited by minimum cell size in dimension X
DD  step -1  vol min/aver 0.668! load imb.: force  5.4%

DD  load balancing is limited by minimum cell size in dimension X
DD  step -1  vol min/aver 0.667! load imb.: force  8.9%

DD  load balancing is limited by minimum cell size in dimension Y
DD  step -1  vol min/aver 0.670! load imb.: force  8.6%

DD  step -1  vol min/aver 0.676  load imb.: force  6.9%

DD  load balancing is limited by minimum cell size in dimension X
DD  step -1  vol min/aver 0.670! load imb.: force  6.5%

DD  load balancing is limited by minimum cell size in dimension X
DD  step -1  vol min/aver 0.672! load imb.: force  7.3%

DD  load balancing is limited by minimum cell size in dimension X Y
DD  step -1  vol min/aver 0.670! load imb.: force  4.8%

DD  load balancing is limited by minimum cell size in dimension X
DD  step -1  vol min/aver 0.669! load imb.: force  4.8%

DD  load balancing is limited by minimum cell size in dimension X
DD  step -1  vol min/aver 0.671! load imb.: force  7.7%

DD  load balancing is limited by minimum cell size in dimension X
DD  step -1  vol min/aver 0.673! load imb.: force  9.3%

DD  load balancing is limited by minimum cell size in dimension Y
DD  step -1  vol min/aver 0.671! load imb.: force  3.8%

DD  load balancing is limited by minimum cell size in dimension X
DD  step -1  vol min/aver 0.669! load imb.: force  5.2%

DD  load balancing is limited by minimum cell size in dimension X
DD  step -1  vol min/aver 0.668! load imb.: force  9.1%

DD  load balancing is limited by minimum cell size in dimension X
DD  step -1  vol min/aver 0.667! load imb.: force  4.2%

DD  load balancing is limited by minimum cell size in dimension X
DD  step -1  vol min/aver 0.666! load imb.: force  4.4%

DD  load balancing is limited by minimum cell size in dimension X
DD  step -1  vol min/aver 0.667! load imb.: force  3.7%

DD  load balancing is limited by minimum cell size in dimension X
DD  step -1  vol min/aver 0.667! load imb.: force  6.7%

DD  load balancing is limited by minimum cell size in dimension X
DD  step -1  vol min/aver 0.667! load imb.: force  4.9%

DD  load balancing is limited by minimum cell size in dimension X
DD  step -1  vol min/aver 0.667! load imb.: force  5.3%
           Step           Time
           5000       10.00000

   Energies (kJ/mol)
           Bond          Angle    Proper Dih.          LJ-14     Coulomb-14
    6.45056e+00    4.63409e-01    2.14577e-04    4.84377e+00   -1.50144e+01
        LJ (SR)  Disper. corr.   Coulomb (SR)   Coul. recip.      Potential
    1.77971e+03   -7.33048e+01   -1.29907e+04    1.11416e+02   -1.11762e+04
    Kinetic En.   Total Energy  Conserved En.    Temperature Pres. DC (bar)
    2.12810e+03   -9.04805e+03   -1.14447e+04    2.99885e+02   -1.38186e+02
 Pressure (bar)
    3.56423e+02


DD  load balancing is limited by minimum cell size in dimension X
DD  step -1  vol min/aver 0.668! load imb.: force  5.2%

DD  load balancing is limited by minimum cell size in dimension X
DD  step -1  vol min/aver 0.668! load imb.: force  4.4%

DD  load balancing is limited by minimum cell size in dimension X
DD  step -1  vol min/aver 0.668! load imb.: force  5.4%

DD  load balancing is limited by minimum cell size in dimension X
DD  step -1  vol min/aver 0.668! load imb.: force  9.1%

DD  load balancing is limited by minimum cell size in dimension X
DD  step -1  vol min/aver 0.685! load imb.: force  4.3%

DD  load balancing is limited by minimum cell size in dimension X
DD  step -1  vol min/aver 0.682! load imb.: force  3.8%

DD  load balancing is limited by minimum cell size in dimension X
DD  step -1  vol min/aver 0.678! load imb.: force  5.2%

DD  load balancing is limited by minimum cell size in dimension X
DD  step -1  vol min/aver 0.670! load imb.: force  5.7%

DD  load balancing is limited by minimum cell size in dimension X
DD  step -1  vol min/aver 0.668! load imb.: force  5.7%

DD  load balancing is limited by minimum cell size in dimension X
DD  step -1  vol min/aver 0.669! load imb.: force  6.6%

DD  load balancing is limited by minimum cell size in dimension X
DD  step -1  vol min/aver 0.670! load imb.: force  7.1%

DD  load balancing is limited by minimum cell size in dimension X
DD  step -1  vol min/aver 0.668! load imb.: force  9.7%

DD  load balancing is limited by minimum cell size in dimension X
DD  step -1  vol min/aver 0.668! load imb.: force  8.4%

DD  load balancing is limited by minimum cell size in dimension X
DD  step -1  vol min/aver 0.667! load imb.: force  7.8%

DD  load balancing is limited by minimum cell size in dimension X
DD  step -1  vol min/aver 0.668! load imb.: force  5.9%

DD  load balancing is limited by minimum cell size in dimension X
DD  step -1  vol min/aver 0.695! load imb.: force  6.4%

DD  load balancing is limited by minimum cell size in dimension X
DD  step -1  vol min/aver 0.726! load imb.: force  8.4%

DD  load balancing is limited by minimum cell size in dimension X
DD  step -1  vol min/aver 0.757! load imb.: force  8.3%

DD  load balancing is limited by minimum cell size in dimension X
DD  step -1  vol min/aver 0.771! load imb.: force  4.0%

DD  load balancing is limited by minimum cell size in dimension X
DD  step -1  vol min/aver 0.760! load imb.: force  4.3%

DD  load balancing is limited by minimum cell size in dimension X
DD  step -1  vol min/aver 0.745! load imb.: force  5.0%

DD  load balancing is limited by minimum cell size in dimension X
DD  step -1  vol min/aver 0.727! load imb.: force  3.6%

DD  load balancing is limited by minimum cell size in dimension X
DD  step -1  vol min/aver 0.713! load imb.: force 11.4%

DD  load balancing is limited by minimum cell size in dimension X
DD  step -1  vol min/aver 0.732! load imb.: force  8.7%

DD  load balancing is limited by minimum cell size in dimension X
DD  step -1  vol min/aver 0.742! load imb.: force  6.4%
           Step           Time
           6000       12.00000

   Energies (kJ/mol)
           Bond          Angle    Proper Dih.          LJ-14     Coulomb-14
    9.87875e-01    3.46668e+00    2.43646e+00    2.20982e+00   -1.44039e+01
        LJ (SR)  Disper. corr.   Coulomb (SR)   Coul. recip.      Potential
    1.51983e+03   -7.33048e+01   -1.25542e+04    1.13749e+02   -1.09992e+04
    Kinetic En.   Total Energy  Conserved En.    Temperature Pres. DC (bar)
    2.29246e+03   -8.70678e+03   -1.14430e+04    3.23045e+02   -1.38186e+02
 Pressure (bar)
   -6.45336e+02


DD  load balancing is limited by minimum cell size in dimension X
DD  step -1  vol min/aver 0.747! load imb.: force  4.5%

DD  load balancing is limited by minimum cell size in dimension X
DD  step -1  vol min/aver 0.750! load imb.: force  7.3%

DD  step -1  vol min/aver 0.733  load imb.: force  7.0%

DD  load balancing is limited by minimum cell size in dimension X
DD  step -1  vol min/aver 0.703! load imb.: force  5.5%

DD  load balancing is limited by minimum cell size in dimension X
DD  step -1  vol min/aver 0.691! load imb.: force  6.2%

DD  load balancing is limited by minimum cell size in dimension X
DD  step -1  vol min/aver 0.683! load imb.: force  6.5%

DD  load balancing is limited by minimum cell size in dimension X
DD  step -1  vol min/aver 0.674! load imb.: force  5.8%

DD  load balancing is limited by minimum cell size in dimension X
DD  step -1  vol min/aver 0.675! load imb.: force  4.7%

DD  load balancing is limited by minimum cell size in dimension X
DD  step -1  vol min/aver 0.670! load imb.: force  6.3%

DD  load balancing is limited by minimum cell size in dimension X
DD  step -1  vol min/aver 0.677! load imb.: force  7.0%

step 0 Turning off dynamic load balancing, because it is degrading performance.
Atom distribution over 16 domains: av 53 stddev 10 min 42 max 66

DD  step -1 load imb.: force  5.0%

DD  step -1 load imb.: force  4.8%

DD  step -1 load imb.: force  5.6%

DD  step -1 load imb.: force  5.3%

DD  step -1 load imb.: force  8.1%

DD  step -1 load imb.: force 10.3%

DD  step -1 load imb.: force  8.0%

DD  step -1 load imb.: force  6.5%

DD  step -1 load imb.: force  5.6%

DD  step -1 load imb.: force  4.7%

DD  step -1 load imb.: force  5.3%

DD  step -1 load imb.: force  9.7%

DD  step -1 load imb.: force 12.4%

DD  step -1 load imb.: force 11.9%

DD  step -1 load imb.: force  8.5%
           Step           Time
           7000       14.00000

   Energies (kJ/mol)
           Bond          Angle    Proper Dih.          LJ-14     Coulomb-14
    2.45350e+00    1.84964e+00    8.67323e-01    2.90370e+00   -1.45999e+01
        LJ (SR)  Disper. corr.   Coulomb (SR)   Coul. recip.      Potential
    1.63568e+03   -7.33048e+01   -1.27596e+04    1.04328e+02   -1.10995e+04
    Kinetic En.   Total Energy  Conserved En.    Temperature Pres. DC (bar)
    2.14494e+03   -8.95452e+03   -1.14439e+04    3.02258e+02   -1.38186e+02
 Pressure (bar)
   -1.26371e+02


DD  step -1 load imb.: force 11.1%

DD  step -1 load imb.: force 13.9%

DD  step -1 load imb.: force  6.4%

DD  step -1 load imb.: force  8.1%

DD  step -1 load imb.: force 12.9%

DD  step -1 load imb.: force 11.3%

DD  step -1 load imb.: force 13.3%

DD  step -1 load imb.: force 12.2%

DD  step -1 load imb.: force  9.6%

DD  step -1 load imb.: force 10.3%

DD  step -1 load imb.: force  9.6%

DD  step -1 load imb.: force  8.9%

DD  step -1 load imb.: force 13.7%

DD  step -1 load imb.: force 11.0%

DD  step -1 load imb.: force 11.1%

DD  step -1 load imb.: force  8.3%

DD  step -1 load imb.: force  8.1%

DD  step -1 load imb.: force  7.6%

DD  step -1 load imb.: force  9.1%

DD  step -1 load imb.: force  9.0%

DD  step -1 load imb.: force  8.7%

DD  step -1 load imb.: force  8.3%

DD  step -1 load imb.: force 12.4%

DD  step -1 load imb.: force 13.7%

DD  step -1 load imb.: force 13.3%
           Step           Time
           8000       16.00000

   Energies (kJ/mol)
           Bond          Angle    Proper Dih.          LJ-14     Coulomb-14
    4.96563e+00    2.22882e+00    3.43055e+00    6.33914e+00   -1.52561e+01
        LJ (SR)  Disper. corr.   Coulomb (SR)   Coul. recip.      Potential
    1.69372e+03   -7.33048e+01   -1.26832e+04    1.10469e+02   -1.09507e+04
    Kinetic En.   Total Energy  Conserved En.    Temperature Pres. DC (bar)
    2.09104e+03   -8.85961e+03   -1.14436e+04    2.94662e+02   -1.38186e+02
 Pressure (bar)
    3.74470e+02


DD  step -1 load imb.: force  6.6%

DD  step -1 load imb.: force  9.6%

DD  step -1 load imb.: force  7.3%

DD  step -1 load imb.: force  7.4%

DD  step -1 load imb.: force  8.6%

DD  step -1 load imb.: force  6.3%

DD  step -1 load imb.: force  6.5%

DD  step -1 load imb.: force  5.2%

DD  step -1 load imb.: force  3.7%

DD  step -1 load imb.: force  6.4%

DD  step -1 load imb.: force  6.6%

DD  step -1 load imb.: force  7.4%

DD  step -1 load imb.: force  8.3%

DD  step -1 load imb.: force  8.8%

DD  step -1 load imb.: force  9.5%

DD  step -1 load imb.: force 10.8%

DD  step -1 load imb.: force 10.2%

DD  step -1 load imb.: force  9.7%

DD  step -1 load imb.: force  9.8%

DD  step -1 load imb.: force  8.2%

DD  step -1 load imb.: force  9.7%

DD  step -1 load imb.: force  8.2%

DD  step -1 load imb.: force  8.0%

DD  step -1 load imb.: force  6.6%

DD  step -1 load imb.: force  6.7%
           Step           Time
           9000       18.00000

   Energies (kJ/mol)
           Bond          Angle    Proper Dih.          LJ-14     Coulomb-14
    3.94786e-01    3.37976e-01    1.35219e-02    6.30033e+00   -1.52504e+01
        LJ (SR)  Disper. corr.   Coulomb (SR)   Coul. recip.      Potential
    1.90917e+03   -7.33048e+01   -1.30981e+04    1.21083e+02   -1.11493e+04
    Kinetic En.   Total Energy  Conserved En.    Temperature Pres. DC (bar)
    2.11599e+03   -9.03333e+03   -1.14431e+04    2.98178e+02   -1.38186e+02
 Pressure (bar)
    1.42069e+03


DD  step -1 load imb.: force  6.0%

DD  step -1 load imb.: force  7.6%

DD  step -1 load imb.: force  5.6%

DD  step -1 load imb.: force  9.5%

DD  step -1 load imb.: force  7.9%

DD  step -1 load imb.: force 13.1%

DD  step -1 load imb.: force 13.2%

DD  step -1 load imb.: force  8.4%

DD  step -1 load imb.: force 10.2%

DD  step -1 load imb.: force 11.0%

DD  step -1 load imb.: force 10.1%

DD  step -1 load imb.: force 10.4%

DD  step -1 load imb.: force  9.7%

DD  step -1 load imb.: force 11.5%

DD  step -1 load imb.: force 12.5%

DD  step -1 load imb.: force 11.7%

DD  step -1 load imb.: force  8.7%

DD  step -1 load imb.: force  9.7%

DD  step -1 load imb.: force 10.7%

DD  step -1 load imb.: force 10.5%

DD  step -1 load imb.: force 12.3%

DD  step -1 load imb.: force 10.6%

DD  step -1 load imb.: force 11.7%

DD  step -1 load imb.: force 12.9%

DD  step -1 load imb.: force 11.0%
Writing checkpoint, step 10000 at Fri Apr 29 11:59:17 2022


           Step           Time
          10000       20.00000

   Energies (kJ/mol)
           Bond          Angle    Proper Dih.          LJ-14     Coulomb-14
    2.26038e+00    2.62378e+00    1.12736e+00    6.47843e+00   -1.52763e+01
        LJ (SR)  Disper. corr.   Coulomb (SR)   Coul. recip.      Potential
    1.63881e+03   -7.33048e+01   -1.27830e+04    1.10971e+02   -1.11094e+04
    Kinetic En.   Total Energy  Conserved En.    Temperature Pres. DC (bar)
    2.34804e+03   -8.76131e+03   -1.14432e+04    3.30878e+02   -1.38186e+02
 Pressure (bar)
   -1.55051e+02


Energy conservation over simulation part #1 of length 20 ns, time 0 to 20 ns
  Conserved energy drift: 1.11e-03 kJ/mol/ps per atom

	<======  ###############  ==>
	<====  A V E R A G E S  ====>
	<==  ###############  ======>

	Statistics over 10001 steps using 10001 frames

   Energies (kJ/mol)
           Bond          Angle    Proper Dih.          LJ-14     Coulomb-14
    2.88048e+00    2.45191e+00    8.13336e-01    4.05812e+00   -1.47922e+01
        LJ (SR)  Disper. corr.   Coulomb (SR)   Coul. recip.      Potential
    1.72777e+03   -7.33048e+01   -1.30070e+04    1.11433e+02   -1.12457e+04
    Kinetic En.   Total Energy  Conserved En.    Temperature Pres. DC (bar)
    2.14013e+03   -9.10559e+03   -1.14458e+04    3.01580e+02   -1.38186e+02
 Pressure (bar)
   -6.21693e+01

   Total Virial (kJ/mol)
    7.39544e+02    1.46414e+00   -9.80911e+00
    1.51650e+00    7.20602e+02    1.51687e+01
   -9.86691e+00    1.50822e+01    7.29402e+02

   Pressure (bar)
   -1.04623e+02   -1.61937e+01    3.04995e+01
   -1.63913e+01   -1.47984e+01   -4.43758e+01
    3.07176e+01   -4.40495e+01   -6.70861e+01


	M E G A - F L O P S   A C C O U N T I N G

 NB=Group-cutoff nonbonded kernels    NxN=N-by-N cluster Verlet kernels
 RF=Reaction-Field  VdW=Van der Waals  QSTab=quadratic-spline table
 W3=SPC/TIP3p  W4=TIP4p (single or pairs)
 V&F=Potential and force  V=Potential only  F=Force only

 Computing:                               M-Number         M-Flops  % Flops
-----------------------------------------------------------------------------
 Pair Search distance check             109.659314         986.934     0.2
 NxN Ewald Elec. + LJ [V&F]            2789.344704      354246.777    56.4
 NxN LJ [V&F]                             4.540160         286.030     0.0
 NxN Ewald Elec. [V&F]                 2764.206944      232193.383    37.0
 1,4 nonbonded interactions               0.010001           0.900     0.0
 Calc Weights                            25.592559         921.332     0.1
 Spread Q Bspline                       545.974592        1091.949     0.2
 Gather F Bspline                       545.974592        3275.848     0.5
 3D-FFT                                3803.320294       30426.562     4.8
 Solve PME                               23.042304        1474.707     0.2
 Reset In Box                             0.213250           0.640     0.0
 CG-CoM                                   0.214956           0.645     0.0
 Bonds                                    0.030003           1.770     0.0
 Angles                                   0.020002           3.360     0.0
 Propers                                  0.010001           2.290     0.0
 Virial                                  15.731573         283.168     0.0
 Stop-CM                                  8.531706          85.317     0.0
 Calc-Ekin                                8.530853         230.333     0.0
 Constraint-V                             8.490849          76.418     0.0
 Constraint-Vir                           8.490849         203.780     0.0
 Settle                                   5.661132        2094.619     0.3
-----------------------------------------------------------------------------
 Total                                                  627886.764   100.0
-----------------------------------------------------------------------------


    D O M A I N   D E C O M P O S I T I O N   S T A T I S T I C S

 av. #atoms communicated per step for force:  2 x 8415.2


Dynamic load balancing report:
 DLB was off during the run due to low measured imbalance.
 Average load imbalance: 6.9%.
 The balanceable part of the MD step is 42%, load imbalance is computed from this.
 Part of the total run time spent waiting due to load imbalance: 2.9%.


     R E A L   C Y C L E   A N D   T I M E   A C C O U N T I N G

On 16 MPI ranks, each using 8 OpenMP threads

 Computing:          Num   Num      Call    Wall time         Giga-Cycles
                     Ranks Threads  Count      (s)         total sum    %
-----------------------------------------------------------------------------
 Domain decomp.        16    8        251       0.084         24.094   1.9
 DD comm. load         16    8        250       0.000          0.093   0.0
 DD comm. bounds       16    8        158       0.003          0.733   0.1
 Neighbor search       16    8        251       0.036         10.437   0.8
 Comm. coord.          16    8       9750       0.288         82.760   6.5
 Force                 16    8      10001       0.424        121.771   9.6
 Wait + Comm. F        16    8      10001       0.210         60.349   4.7
 PME mesh              16    8      10001       2.154        618.920  48.7
 NB X/F buffer ops.    16    8      29501       0.219         62.960   5.0
 Write traj.           16    8         12       0.000          0.123   0.0
 Update                16    8      20002       0.077         22.190   1.7
 Constraints           16    8      20004       0.090         25.933   2.0
 Comm. energies        16    8      20002       0.470        135.154  10.6
 Rest                                           0.369        105.959   8.3
-----------------------------------------------------------------------------
 Total                                          4.426       1271.474 100.0
-----------------------------------------------------------------------------
 Breakdown of PME mesh computation
-----------------------------------------------------------------------------
 PME redist. X/F       16    8      20002       0.783        224.944  17.7
 PME spread            16    8      10001       0.398        114.317   9.0
 PME gather            16    8      10001       0.260         74.753   5.9
 PME 3D-FFT            16    8      20002       0.171         49.093   3.9
 PME 3D-FFT Comm.      16    8      40004       0.510        146.557  11.5
 PME solve Elec        16    8      10001       0.009          2.476   0.2
-----------------------------------------------------------------------------

NOTE: 11 % of the run time was spent communicating energies,
      you might want to increase some nst* mdp options

               Core t (s)   Wall t (s)        (%)
       Time:      566.156        4.426    12791.8
                 (ns/day)    (hour/ns)
Performance:      390.464        0.061
Finished mdrun on rank 0 Fri Apr 29 11:59:17 2022

