                :-) GROMACS - gmx mdrun, 2021.4-plumed-2.7.3 (-:

                            GROMACS is written by:
     Andrey Alekseenko              Emile Apol              Rossen Apostolov     
         Paul Bauer           Herman J.C. Berendsen           Par Bjelkmar       
       Christian Blau           Viacheslav Bolnykh             Kevin Boyd        
     Aldert van Buuren           Rudi van Drunen             Anton Feenstra      
    Gilles Gouaillardet             Alan Gray               Gerrit Groenhof      
       Anca Hamuraru            Vincent Hindriksen          M. Eric Irrgang      
      Aleksei Iupinov           Christoph Junghans             Joe Jordan        
    Dimitrios Karkoulis            Peter Kasson                Jiri Kraus        
      Carsten Kutzner              Per Larsson              Justin A. Lemkul     
       Viveca Lindahl            Magnus Lundborg             Erik Marklund       
        Pascal Merz             Pieter Meulenhoff            Teemu Murtola       
        Szilard Pall               Sander Pronk              Roland Schulz       
       Michael Shirts            Alexey Shvetsov             Alfons Sijbers      
       Peter Tieleman              Jon Vincent              Teemu Virolainen     
     Christian Wennberg            Maarten Wolf              Artem Zhmurov       
                           and the project leaders:
        Mark Abraham, Berk Hess, Erik Lindahl, and David van der Spoel

Copyright (c) 1991-2000, University of Groningen, The Netherlands.
Copyright (c) 2001-2019, The GROMACS development team at
Uppsala University, Stockholm University and
the Royal Institute of Technology, Sweden.
check out http://www.gromacs.org for more information.

GROMACS is free software; you can redistribute it and/or modify it
under the terms of the GNU Lesser General Public License
as published by the Free Software Foundation; either version 2.1
of the License, or (at your option) any later version.

GROMACS:      gmx mdrun, version 2021.4-plumed-2.7.3
Executable:   /usr/local/gromacs/bin/gmx
Data prefix:  /usr/local/gromacs
Working dir:  /home/wei-tse/Documents/gmxapi_practice/lambda_MetaD/gmxapi.commandline.cli0_i0
Process ID:   4694
Command line:
  gmx mdrun -plumed ../plumed.dat -s ../sys2_lambda.tpr -c ../sys2_lambda.gro -e ../lambda.edr -g ../lambda.log -o ../lambda.trr

GROMACS version:    2021.4-plumed-2.7.3
Precision:          mixed
Memory model:       64 bit
MPI library:        thread_mpi
OpenMP support:     enabled (GMX_OPENMP_MAX_THREADS = 64)
GPU support:        disabled
SIMD instructions:  AVX2_256
FFT library:        fftw-3.3.8-sse2-avx-avx2-avx2_128
RDTSCP usage:       enabled
TNG support:        enabled
Hwloc support:      disabled
Tracing support:    disabled
C compiler:         /usr/bin/cc GNU 7.5.0
C compiler flags:   -mavx2 -mfma -Wno-missing-field-initializers -fexcess-precision=fast -funroll-all-loops -O3 -DNDEBUG
C++ compiler:       /usr/bin/c++ GNU 7.5.0
C++ compiler flags: -mavx2 -mfma -Wno-missing-field-initializers -fexcess-precision=fast -funroll-all-loops -fopenmp -O3 -DNDEBUG


Running on 1 node with total 8 cores, 16 logical cores
Hardware detected:
  CPU info:
    Vendor: Intel
    Brand:  Intel(R) Xeon(R) Silver 4110 CPU @ 2.10GHz
    Family: 6   Model: 85   Stepping: 4
    Features: aes apic avx avx2 avx512f avx512cd avx512bw avx512vl clfsh cmov cx8 cx16 f16c fma hle htt intel lahf mmx msr nonstop_tsc pcid pclmuldq pdcm pdpe1gb popcnt pse rdrnd rdtscp rtm sse2 sse3 sse4.1 sse4.2 ssse3 tdt x2apic
    Number of AVX-512 FMA units: 1 (AVX2 is faster w/o 2 AVX-512 FMA units)
  Hardware topology: Basic
    Sockets, cores, and logical processors:
      Socket  0: [   0   8] [   1   9] [   2  10] [   3  11] [   4  12] [   5  13] [   6  14] [   7  15]


++++ PLEASE READ AND CITE THE FOLLOWING REFERENCE ++++
M. J. Abraham, T. Murtola, R. Schulz, S. Páll, J. C. Smith, B. Hess, E.
Lindahl
GROMACS: High performance molecular simulations through multi-level
parallelism from laptops to supercomputers
SoftwareX 1 (2015) pp. 19-25
-------- -------- --- Thank You --- -------- --------


++++ PLEASE READ AND CITE THE FOLLOWING REFERENCE ++++
S. Páll, M. J. Abraham, C. Kutzner, B. Hess, E. Lindahl
Tackling Exascale Software Challenges in Molecular Dynamics Simulations with
GROMACS
In S. Markidis & E. Laure (Eds.), Solving Software Challenges for Exascale 8759 (2015) pp. 3-27
-------- -------- --- Thank You --- -------- --------


++++ PLEASE READ AND CITE THE FOLLOWING REFERENCE ++++
S. Pronk, S. Páll, R. Schulz, P. Larsson, P. Bjelkmar, R. Apostolov, M. R.
Shirts, J. C. Smith, P. M. Kasson, D. van der Spoel, B. Hess, and E. Lindahl
GROMACS 4.5: a high-throughput and highly parallel open source molecular
simulation toolkit
Bioinformatics 29 (2013) pp. 845-54
-------- -------- --- Thank You --- -------- --------


++++ PLEASE READ AND CITE THE FOLLOWING REFERENCE ++++
B. Hess and C. Kutzner and D. van der Spoel and E. Lindahl
GROMACS 4: Algorithms for highly efficient, load-balanced, and scalable
molecular simulation
J. Chem. Theory Comput. 4 (2008) pp. 435-447
-------- -------- --- Thank You --- -------- --------


++++ PLEASE READ AND CITE THE FOLLOWING REFERENCE ++++
D. van der Spoel, E. Lindahl, B. Hess, G. Groenhof, A. E. Mark and H. J. C.
Berendsen
GROMACS: Fast, Flexible and Free
J. Comp. Chem. 26 (2005) pp. 1701-1719
-------- -------- --- Thank You --- -------- --------


++++ PLEASE READ AND CITE THE FOLLOWING REFERENCE ++++
E. Lindahl and B. Hess and D. van der Spoel
GROMACS 3.0: A package for molecular simulation and trajectory analysis
J. Mol. Mod. 7 (2001) pp. 306-317
-------- -------- --- Thank You --- -------- --------


++++ PLEASE READ AND CITE THE FOLLOWING REFERENCE ++++
H. J. C. Berendsen, D. van der Spoel and R. van Drunen
GROMACS: A message-passing parallel molecular dynamics implementation
Comp. Phys. Comm. 91 (1995) pp. 43-56
-------- -------- --- Thank You --- -------- --------

Input Parameters:
   integrator                     = md-vv
   tinit                          = 0
   dt                             = 0.002
   nsteps                         = 10000
   init-step                      = 0
   simulation-part                = 1
   mts                            = false
   comm-mode                      = Linear
   nstcomm                        = 1
   bd-fric                        = 0
   ld-seed                        = 1073479149
   emtol                          = 10
   emstep                         = 0.01
   niter                          = 20
   fcstep                         = 0
   nstcgsteep                     = 1000
   nbfgscorr                      = 10
   rtpi                           = 0.05
   nstxout                        = 0
   nstvout                        = 0
   nstfout                        = 0
   nstlog                         = 1000
   nstcalcenergy                  = 1
   nstenergy                      = 1000
   nstxout-compressed             = 1000
   compressed-x-precision         = 1000
   cutoff-scheme                  = Verlet
   nstlist                        = 10
   pbc                            = xyz
   periodic-molecules             = false
   verlet-buffer-tolerance        = 0.005
   rlist                          = 0.9
   coulombtype                    = PME
   coulomb-modifier               = Potential-shift
   rcoulomb-switch                = 0.89
   rcoulomb                       = 0.9
   epsilon-r                      = 1
   epsilon-rf                     = inf
   vdw-type                       = Cut-off
   vdw-modifier                   = Potential-switch
   rvdw-switch                    = 0.85
   rvdw                           = 0.9
   DispCorr                       = AllEnerPres
   table-extension                = 1
   fourierspacing                 = 0.1
   fourier-nx                     = 24
   fourier-ny                     = 24
   fourier-nz                     = 24
   pme-order                      = 4
   ewald-rtol                     = 1e-05
   ewald-rtol-lj                  = 0.001
   lj-pme-comb-rule               = Geometric
   ewald-geometry                 = 0
   epsilon-surface                = 0
   tcoupl                         = V-rescale
   nsttcouple                     = 1
   nh-chain-length                = 0
   print-nose-hoover-chain-variables = false
   pcoupl                         = No
   pcoupltype                     = Isotropic
   nstpcouple                     = -1
   tau-p                          = 1
   compressibility (3x3):
      compressibility[    0]={ 0.00000e+00,  0.00000e+00,  0.00000e+00}
      compressibility[    1]={ 0.00000e+00,  0.00000e+00,  0.00000e+00}
      compressibility[    2]={ 0.00000e+00,  0.00000e+00,  0.00000e+00}
   ref-p (3x3):
      ref-p[    0]={ 0.00000e+00,  0.00000e+00,  0.00000e+00}
      ref-p[    1]={ 0.00000e+00,  0.00000e+00,  0.00000e+00}
      ref-p[    2]={ 0.00000e+00,  0.00000e+00,  0.00000e+00}
   refcoord-scaling               = No
   posres-com (3):
      posres-com[0]= 0.00000e+00
      posres-com[1]= 0.00000e+00
      posres-com[2]= 0.00000e+00
   posres-comB (3):
      posres-comB[0]= 0.00000e+00
      posres-comB[1]= 0.00000e+00
      posres-comB[2]= 0.00000e+00
   QMMM                           = false
qm-opts:
   ngQM                           = 0
   constraint-algorithm           = Lincs
   continuation                   = false
   Shake-SOR                      = false
   shake-tol                      = 0.0001
   lincs-order                    = 12
   lincs-iter                     = 2
   lincs-warnangle                = 30
   nwall                          = 0
   wall-type                      = 9-3
   wall-r-linpot                  = -1
   wall-atomtype[0]               = -1
   wall-atomtype[1]               = -1
   wall-density[0]                = 0
   wall-density[1]                = 0
   wall-ewald-zfac                = 3
   pull                           = false
   awh                            = false
   rotation                       = false
   interactiveMD                  = false
   disre                          = No
   disre-weighting                = Conservative
   disre-mixed                    = false
   dr-fc                          = 1000
   dr-tau                         = 0
   nstdisreout                    = 100
   orire-fc                       = 0
   orire-tau                      = 0
   nstorireout                    = 100
   free-energy                    = expanded
   init-lambda                    = -1
   init-lambda-state              = 0
   delta-lambda                   = 0
   nstdhdl                        = 1000
   n-lambdas                      = 20
   separate-dvdl:
       fep-lambdas =   FALSE
      mass-lambdas =   FALSE
      coul-lambdas =   TRUE
       vdw-lambdas =   TRUE
    bonded-lambdas =   FALSE
 restraint-lambdas =   FALSE
temperature-lambdas =   FALSE
all-lambdas:
       fep-lambdas =            0           0           0           0           0           0           0           0           0           0           0           0           0           0           0           0           0           0           0           0
      mass-lambdas =            0           0           0           0           0           0           0           0           0           0           0           0           0           0           0           0           0           0           0           0
      coul-lambdas =            0        0.05         0.1         0.2         0.3        0.35         0.4        0.45         0.5         0.6         0.7        0.85           1           1           1           1           1           1           1           1
       vdw-lambdas =            0           0           0           0           0           0           0           0           0           0           0           0           0         0.2         0.4         0.5         0.6         0.7         0.8           1
    bonded-lambdas =            0           0           0           0           0           0           0           0           0           0           0           0           0           0           0           0           0           0           0           0
 restraint-lambdas =            0           0           0           0           0           0           0           0           0           0           0           0           0           0           0           0           0           0           0           0
temperature-lambdas =            0           0           0           0           0           0           0           0           0           0           0           0           0           0           0           0           0           0           0           0
   calc-lambda-neighbors          = -1
   dhdl-print-energy              = total
   sc-alpha                       = 0.5
   sc-power                       = 1
   sc-r-power                     = 6
   sc-sigma                       = 0.3
   sc-sigma-min                   = 0.3
   sc-coul                        = false
   dh-hist-size                   = 0
   dh-hist-spacing                = 0.1
   separate-dhdl-file             = yes
   dhdl-derivatives               = yes
   nstexpanded                    = 10
   lmc-stats                      = wang-landau
   lmc-move                       = metropolized-gibbs
   lmc-weights-equil              = wl-delta
   weight-equil-wl-delta          = 0.001
   lmc-seed                       = 1000
   mc-temperature                 = 298
   lmc-repeats                    = 1
   lmc-gibbsdelta                 = -1
   lmc-forced-nstart              = 0
   symmetrized-transition-matrix  = true
   nst-transition-matrix          = 100000
   mininum-var-min                = 100
   weight-c-range                 = 0
   wl-scale                       = 0.8
   wl-ratio                       = 0.8
   init-wl-delta                  = 0.5
   wl-oneovert                    = false
      init-lambda-weights (20):
      init-lambda-weights[0]= 0.00000e+00
      init-lambda-weights[1]= 0.00000e+00
      init-lambda-weights[2]= 0.00000e+00
      init-lambda-weights[3]= 0.00000e+00
      init-lambda-weights[4]= 0.00000e+00
      init-lambda-weights[5]= 0.00000e+00
      init-lambda-weights[6]= 0.00000e+00
      init-lambda-weights[7]= 0.00000e+00
      init-lambda-weights[8]= 0.00000e+00
      init-lambda-weights[9]= 0.00000e+00
      init-lambda-weights[10]= 0.00000e+00
      init-lambda-weights[11]= 0.00000e+00
      init-lambda-weights[12]= 0.00000e+00
      init-lambda-weights[13]= 0.00000e+00
      init-lambda-weights[14]= 0.00000e+00
      init-lambda-weights[15]= 0.00000e+00
      init-lambda-weights[16]= 0.00000e+00
      init-lambda-weights[17]= 0.00000e+00
      init-lambda-weights[18]= 0.00000e+00
      init-lambda-weights[19]= 0.00000e+00
   init-weights                   = false
   cos-acceleration               = 0
   deform (3x3):
      deform[    0]={ 0.00000e+00,  0.00000e+00,  0.00000e+00}
      deform[    1]={ 0.00000e+00,  0.00000e+00,  0.00000e+00}
      deform[    2]={ 0.00000e+00,  0.00000e+00,  0.00000e+00}
   simulated-tempering            = false
   swapcoords                     = no
   userint1                       = 0
   userint2                       = 0
   userint3                       = 0
   userint4                       = 0
   userreal1                      = 0
   userreal2                      = 0
   userreal3                      = 0
   userreal4                      = 0
   applied-forces:
     electric-field:
       x:
         E0                       = 0
         omega                    = 0
         t0                       = 0
         sigma                    = 0
       y:
         E0                       = 0
         omega                    = 0
         t0                       = 0
         sigma                    = 0
       z:
         E0                       = 0
         omega                    = 0
         t0                       = 0
         sigma                    = 0
     density-guided-simulation:
       active                     = false
       group                      = protein
       similarity-measure         = inner-product
       atom-spreading-weight      = unity
       force-constant             = 1e+09
       gaussian-transform-spreading-width = 0.2
       gaussian-transform-spreading-range-in-multiples-of-width = 4
       reference-density-filename = reference.mrc
       nst                        = 1
       normalize-densities        = true
       adaptive-force-scaling     = false
       adaptive-force-scaling-time-constant = 4
       shift-vector               = 
       transformation-matrix      = 
grpopts:
   nrdf:        1707
   ref-t:         298
   tau-t:         0.5
annealing:          No
annealing-npoints:           0
   acc:	           0           0           0
   nfreeze:           N           N           N
   energygrp-flags[  0]: 0

Changing nstlist from 10 to 40, rlist from 0.9 to 0.998

Using 1 MPI thread
Using 16 OpenMP threads 

Pinning threads with an auto-selected logical core stride of 1
System total charge, top. A: 0.000 top. B: 0.000
Will do PME sum in reciprocal space for electrostatic interactions.

++++ PLEASE READ AND CITE THE FOLLOWING REFERENCE ++++
U. Essmann, L. Perera, M. L. Berkowitz, T. Darden, H. Lee and L. G. Pedersen 
A smooth particle mesh Ewald method
J. Chem. Phys. 103 (1995) pp. 8577-8592
-------- -------- --- Thank You --- -------- --------

Using a Gaussian width (1/beta) of 0.288146 nm for Ewald
Potential shift: LJ r^-12: 0.000e+00 r^-6: 0.000e+00, Ewald -1.111e-05
Initialized non-bonded Ewald tables, spacing: 8.85e-04 size: 2259

Generated table with 998 data points for 1-4 COUL.
Tabscale = 500 points/nm
Generated table with 998 data points for 1-4 LJ6.
Tabscale = 500 points/nm
Generated table with 998 data points for 1-4 LJ12.
Tabscale = 500 points/nm
Long Range LJ corr.: <C6> 2.8357e-04 <C12> 2.8091e-07


Using SIMD 4x8 nonbonded short-range kernels

Using a dual 4x8 pair-list setup updated with dynamic pruning:
  outer list: updated every 40 steps, buffer 0.098 nm, rlist 0.998 nm
  inner list: updated every 11 steps, buffer 0.002 nm, rlist 0.902 nm
At tolerance 0.005 kJ/mol/ps per atom, equivalent classical 1x1 list would be:
  outer list: updated every 40 steps, buffer 0.209 nm, rlist 1.109 nm
  inner list: updated every 11 steps, buffer 0.042 nm, rlist 0.942 nm
There are 4 atoms and 2 charges for free energy perturbation
Removing pbc first time

++++ PLEASE READ AND CITE THE FOLLOWING REFERENCE ++++
S. Miyamoto and P. A. Kollman
SETTLE: An Analytical Version of the SHAKE and RATTLE Algorithms for Rigid
Water Models
J. Comp. Chem. 13 (1992) pp. 952-962
-------- -------- --- Thank You --- -------- --------

Initial vector of lambda components:[     0.0000     0.0000     0.0000     0.0000     0.0000     0.0000     0.0000 ]

++++ PLEASE READ AND CITE THE FOLLOWING REFERENCE ++++
G. Bussi, D. Donadio and M. Parrinello
Canonical sampling through velocity rescaling
J. Chem. Phys. 126 (2007) pp. 014101
-------- -------- --- Thank You --- -------- --------

There are: 853 Atoms

Constraining the starting coordinates (step 0)
Center of mass motion removal mode is Linear
We have the following groups for center of mass motion removal:
  0:  rest
RMS relative constraint deviation after constraining: 0.00e+00
Initial temperature: 295.418 K

PLUMED: PLUMED is starting
PLUMED: Version: 2.7.3 (git: 207632cf4) compiled on Jan 27 2022 at 07:23:34
PLUMED: Please cite these papers when using PLUMED [1][2]
PLUMED: For further information see the PLUMED web page at http://www.plumed.org
PLUMED: Root: /home/wei-tse/Documents/Software/PLUMED/plumed2/
PLUMED: For installed feature, see /home/wei-tse/Documents/Software/PLUMED/plumed2//src/config/config.txt
PLUMED: Molecular dynamics engine: gromacs
PLUMED: Precision of reals: 4
PLUMED: Running over 1 node
PLUMED: Number of threads: 16
PLUMED: Cache line size: 512
PLUMED: Number of atoms: 853
PLUMED: File suffix: 
PLUMED: FILE: ../plumed.dat
PLUMED: Action TORSION
PLUMED:   with label theta
PLUMED:   between atoms 1 2 3 4
PLUMED:   using periodic boundary conditions
PLUMED: Action EXTRACV
PLUMED:   with label lambda
PLUMED:   name: lambda
PLUMED: Action METAD
PLUMED:   with label metad
PLUMED:   with arguments lambda
PLUMED:   added component to this action:  metad.bias 
PLUMED:   Gaussian width  0.000100  Gaussian height 2.478956
PLUMED:   Gaussian deposition pace 500
PLUMED:   Gaussian file HILLS_2D
PLUMED:   Well-Tempered Bias Factor 60.000000
PLUMED:   Hills relaxation time (tau) 58.970333
PLUMED:   KbT 2.477710
PLUMED:   Grid min 0
PLUMED:   Grid max 19
PLUMED:   Grid bin 19
PLUMED:   Grid uses spline interpolation
PLUMED:   added component to this action:  metad.work 
PLUMED:   WARNING: Using a METAD with a Grid Spacing larger than half of the Gaussians width can produce artifacts
PLUMED:   WARNING: Using a METAD with a Grid Spacing larger than half of the Gaussians width can produce artifacts
PLUMED:   Bibliography [3][4]
PLUMED: Action PRINT
PLUMED:   with label @3
PLUMED:   with stride 10
PLUMED:   with arguments lambda metad.bias
PLUMED:   on file COLVAR
PLUMED:   with format  %f
PLUMED: END FILE: ../plumed.dat
PLUMED: Timestep: 0.002000
PLUMED: KbT: 2.477710
PLUMED: Relevant bibliography:
PLUMED:   [1] The PLUMED consortium, Nat. Methods 16, 670 (2019)
PLUMED:   [2] Tribello, Bonomi, Branduardi, Camilloni, and Bussi, Comput. Phys. Commun. 185, 604 (2014)
PLUMED:   [3] Laio and Parrinello, PNAS 99, 12562 (2002)
PLUMED:   [4] Barducci, Bussi, and Parrinello, Phys. Rev. Lett. 100, 020603 (2008)
PLUMED: Please read and cite where appropriate!
PLUMED: Finished setup
Started mdrun on rank 0 Tue Mar  8 02:40:57 2022

           Step           Time
              0        0.00000

   Energies (kJ/mol)
           Bond          Angle    Proper Dih.          LJ-14     Coulomb-14
    1.49527e+00    2.73982e+00    2.14577e-03    4.56709e+00   -1.49637e+01
        LJ (SR)  Disper. corr.   Coulomb (SR)   Coul. recip.      Potential
    1.76271e+03   -7.36293e+01   -1.29651e+04    1.22495e+02   -1.11597e+04
    Kinetic En.   Total Energy  Conserved En.    Temperature Pres. DC (bar)
    2.09641e+03   -9.06328e+03   -9.06328e+03    2.95418e+02   -1.39412e+02
 Pressure (bar)      dVcoul/dl       dVvdw/dl
    4.56999e+02    2.73244e+01   -1.55563e+01

           Step           Time
           1000        2.00000

             MC-lambda information
  N  CoulL   VdwL    Count   G(in kT)  dG(in kT)
  1  0.000  0.000       26    0.00000    1.98418 <<
  2  0.050  0.000       21    1.98418    0.00000   
  3  0.100  0.000       14    1.98418    0.00000   
  4  0.200  0.000       11    1.98418    0.00000   
  5  0.300  0.000        3    1.98418    0.00000   
  6  0.350  0.000        5    1.98418    0.00000   
  7  0.400  0.000        4    1.98418    0.00000   
  8  0.450  0.000        2    1.98418    0.00000   
  9  0.500  0.000        2    1.98418    0.00000   
 10  0.600  0.000        2    1.98418    0.00000   
 11  0.700  0.000        1    1.98418    0.00000   
 12  0.850  0.000        3    1.98418    0.00000   
 13  1.000  0.000        1    1.98418    0.00000   
 14  1.000  0.200        2    1.98418    0.00000   
 15  1.000  0.400        1    1.98418    0.00000   
 16  1.000  0.500        2    1.98418    0.00000   
 17  1.000  0.600        0    1.98418    0.00000   
 18  1.000  0.700        0    1.98418    0.00000   
 19  1.000  0.800        0    1.98418    0.00000   
 20  1.000  1.000        0    1.98418    0.00000   

   Energies (kJ/mol)
           Bond          Angle    Proper Dih.          LJ-14     Coulomb-14
    3.55858e-01    3.23984e-01    4.57159e-01    5.33791e+00   -1.50998e+01
        LJ (SR)  Disper. corr.   Coulomb (SR)   Coul. recip.      Potential
    1.80614e+03   -7.36293e+01   -1.32540e+04    1.21562e+02   -1.14086e+04
    Kinetic En.   Total Energy  Conserved En.    Temperature Pres. DC (bar)
    2.09160e+03   -9.31701e+03   -9.04781e+03    2.94741e+02   -1.39412e+02
 Pressure (bar)      dVcoul/dl       dVvdw/dl
   -4.92565e+01    1.80738e+01   -1.93969e+00

           Step           Time
           2000        4.00000

             MC-lambda information
  N  CoulL   VdwL    Count   G(in kT)  dG(in kT)
  1  0.000  0.000       34    0.00000    0.98368   
  2  0.050  0.000       55    0.98368    1.00050   
  3  0.100  0.000       43    1.98418   -1.00050   
  4  0.200  0.000       26    0.98368    1.00050 <<
  5  0.300  0.000        8    1.98418    0.00000   
  6  0.350  0.000        8    1.98418    0.00000   
  7  0.400  0.000        5    1.98418    0.00000   
  8  0.450  0.000        5    1.98418    0.00000   
  9  0.500  0.000        3    1.98418    0.00000   
 10  0.600  0.000        3    1.98418    0.00000   
 11  0.700  0.000        1    1.98418    0.00000   
 12  0.850  0.000        3    1.98418    0.00000   
 13  1.000  0.000        1    1.98418    0.00000   
 14  1.000  0.200        2    1.98418    0.00000   
 15  1.000  0.400        1    1.98418    0.00000   
 16  1.000  0.500        2    1.98418    0.00000   
 17  1.000  0.600        0    1.98418    0.00000   
 18  1.000  0.700        0    1.98418    0.00000   
 19  1.000  0.800        0    1.98418    0.00000   
 20  1.000  1.000        0    1.98418    0.00000   

   Energies (kJ/mol)
           Bond          Angle    Proper Dih.          LJ-14     Coulomb-14
    3.00303e+00    8.47671e+00    8.70177e-01    8.47201e-01   -1.38598e+01
        LJ (SR)  Disper. corr.   Coulomb (SR)   Coul. recip.      Potential
    1.69972e+03   -7.36293e+01   -1.30406e+04    1.30892e+02   -1.12843e+04
    Kinetic En.   Total Energy  Conserved En.    Temperature Pres. DC (bar)
    2.11373e+03   -9.17058e+03   -9.04559e+03    2.97860e+02   -1.39412e+02
 Pressure (bar)      dVcoul/dl       dVvdw/dl
   -4.22114e+02    2.85225e+01    2.09351e+01

           Step           Time
           3000        6.00000

             MC-lambda information
  N  CoulL   VdwL    Count   G(in kT)  dG(in kT)
  1  0.000  0.000       43    0.00000    0.00000   
  2  0.050  0.000       70    0.00000    1.98418 <<
  3  0.100  0.000       75    1.98418   -1.00050   
  4  0.200  0.000       29    0.98368    0.00000   
  5  0.300  0.000       17    0.98368    1.00050   
  6  0.350  0.000       16    1.98418    0.00000   
  7  0.400  0.000       11    1.98418    0.00000   
  8  0.450  0.000        9    1.98418    0.00000   
  9  0.500  0.000        5    1.98418    0.00000   
 10  0.600  0.000       11    1.98418    0.00000   
 11  0.700  0.000        5    1.98418    0.00000   
 12  0.850  0.000        3    1.98418    0.00000   
 13  1.000  0.000        1    1.98418    0.00000   
 14  1.000  0.200        2    1.98418    0.00000   
 15  1.000  0.400        1    1.98418    0.00000   
 16  1.000  0.500        2    1.98418    0.00000   
 17  1.000  0.600        0    1.98418    0.00000   
 18  1.000  0.700        0    1.98418    0.00000   
 19  1.000  0.800        0    1.98418    0.00000   
 20  1.000  1.000        0    1.98418    0.00000   

   Energies (kJ/mol)
           Bond          Angle    Proper Dih.          LJ-14     Coulomb-14
    2.59791e+00    5.65367e+00    3.18138e+00    1.66774e+00   -1.42209e+01
        LJ (SR)  Disper. corr.   Coulomb (SR)   Coul. recip.      Potential
    1.80034e+03   -7.36293e+01   -1.31245e+04    1.16721e+02   -1.12822e+04
    Kinetic En.   Total Energy  Conserved En.    Temperature Pres. DC (bar)
    2.22445e+03   -9.05776e+03   -9.06758e+03    3.13462e+02   -1.39412e+02
 Pressure (bar)      dVcoul/dl       dVvdw/dl
    4.70291e+02    1.62470e+01   -9.35204e+00

           Step           Time
           4000        8.00000

             MC-lambda information
  N  CoulL   VdwL    Count   G(in kT)  dG(in kT)
  1  0.000  0.000       49    0.00000    0.96742   
  2  0.050  0.000       76    0.96742    0.98368   
  3  0.100  0.000      110    1.95110    0.00000 <<
  4  0.200  0.000       36    1.95110    0.00000   
  5  0.300  0.000       17    1.95110    1.00050   
  6  0.350  0.000       25    2.95160    0.00000   
  7  0.400  0.000       15    2.95160    0.00000   
  8  0.450  0.000       19    2.95160    0.00000   
  9  0.500  0.000        8    2.95160    0.00000   
 10  0.600  0.000       13    2.95160    0.00000   
 11  0.700  0.000       10    2.95160    0.00000   
 12  0.850  0.000        8    2.95160    0.00000   
 13  1.000  0.000        4    2.95160    0.00000   
 14  1.000  0.200        5    2.95160    0.00000   
 15  1.000  0.400        2    2.95160    0.00000   
 16  1.000  0.500        3    2.95160    0.00000   
 17  1.000  0.600        0    2.95160    0.00000   
 18  1.000  0.700        0    2.95160    0.00000   
 19  1.000  0.800        0    2.95160    0.00000   
 20  1.000  1.000        0    2.95160    0.00000   

   Energies (kJ/mol)
           Bond          Angle    Proper Dih.          LJ-14     Coulomb-14
    2.77785e+00    6.85772e+00    4.42207e-02    1.44772e+00   -1.41362e+01
        LJ (SR)  Disper. corr.   Coulomb (SR)   Coul. recip.      Potential
    1.87183e+03   -7.36293e+01   -1.31586e+04    1.04118e+02   -1.12593e+04
    Kinetic En.   Total Energy  Conserved En.    Temperature Pres. DC (bar)
    2.24718e+03   -9.01214e+03   -9.06489e+03    3.16666e+02   -1.39412e+02
 Pressure (bar)      dVcoul/dl       dVvdw/dl
    7.84226e+02    1.92557e+01    1.15277e+01

           Step           Time
           5000       10.00000

             MC-lambda information
  N  CoulL   VdwL    Count   G(in kT)  dG(in kT)
  1  0.000  0.000       57    0.00000    0.96742   
  2  0.050  0.000       88    0.96742    0.00000   
  3  0.100  0.000      123    0.96742    0.98368   
  4  0.200  0.000       44    1.95110    0.00000   
  5  0.300  0.000       18    1.95110    0.00000   
  6  0.350  0.000       37    1.95110    1.00050 <<
  7  0.400  0.000       30    2.95160    0.00000   
  8  0.450  0.000       29    2.95160    0.00000   
  9  0.500  0.000       11    2.95160    0.00000   
 10  0.600  0.000       22    2.95160    0.00000   
 11  0.700  0.000       14    2.95160    0.00000   
 12  0.850  0.000       10    2.95160    0.00000   
 13  1.000  0.000        7    2.95160    0.00000   
 14  1.000  0.200        5    2.95160    0.00000   
 15  1.000  0.400        2    2.95160    0.00000   
 16  1.000  0.500        3    2.95160    0.00000   
 17  1.000  0.600        0    2.95160    0.00000   
 18  1.000  0.700        0    2.95160    0.00000   
 19  1.000  0.800        0    2.95160    0.00000   
 20  1.000  1.000        0    2.95160    0.00000   

   Energies (kJ/mol)
           Bond          Angle    Proper Dih.          LJ-14     Coulomb-14
    2.60504e+00    4.35094e+00    7.88569e-01    7.64559e+00   -1.54336e+01
        LJ (SR)  Disper. corr.   Coulomb (SR)   Coul. recip.      Potential
    1.63272e+03   -7.36293e+01   -1.28533e+04    1.06396e+02   -1.11878e+04
    Kinetic En.   Total Energy  Conserved En.    Temperature Pres. DC (bar)
    2.06030e+03   -9.12752e+03   -9.05472e+03    2.90330e+02   -1.39412e+02
 Pressure (bar)      dVcoul/dl       dVvdw/dl
   -3.42113e+02    4.18162e+00    2.10531e+01

           Step           Time
           6000       12.00000

             MC-lambda information
  N  CoulL   VdwL    Count   G(in kT)  dG(in kT)
  1  0.000  0.000       58    0.00000    0.96742   
  2  0.050  0.000       93    0.96742    0.00000   
  3  0.100  0.000      128    0.96742    0.98368   
  4  0.200  0.000       55    1.95110    0.00000   
  5  0.300  0.000       28    1.95110   -0.98368   
  6  0.350  0.000       45    0.96742    1.98418   
  7  0.400  0.000       43    2.95160    0.00000   
  8  0.450  0.000       42    2.95160    0.00000   
  9  0.500  0.000       19    2.95160   -1.00050   
 10  0.600  0.000       31    1.95110    1.00050 <<
 11  0.700  0.000       21    2.95160    0.00000   
 12  0.850  0.000       14    2.95160    0.00000   
 13  1.000  0.000       12    2.95160    0.00000   
 14  1.000  0.200        6    2.95160    0.00000   
 15  1.000  0.400        2    2.95160    0.00000   
 16  1.000  0.500        3    2.95160    0.00000   
 17  1.000  0.600        0    2.95160    0.00000   
 18  1.000  0.700        0    2.95160    0.00000   
 19  1.000  0.800        0    2.95160    0.00000   
 20  1.000  1.000        0    2.95160    0.00000   

   Energies (kJ/mol)
           Bond          Angle    Proper Dih.          LJ-14     Coulomb-14
    4.91104e+00    3.11106e-01    9.54545e-02    5.32371e+00   -1.50974e+01
        LJ (SR)  Disper. corr.   Coulomb (SR)   Coul. recip.      Potential
    1.65120e+03   -7.36293e+01   -1.28607e+04    1.18601e+02   -1.11690e+04
    Kinetic En.   Total Energy  Conserved En.    Temperature Pres. DC (bar)
    2.08882e+03   -9.08013e+03   -9.05030e+03    2.94350e+02   -1.39412e+02
 Pressure (bar)      dVcoul/dl       dVvdw/dl
   -4.40410e+02    1.61783e+01    2.45512e+01

           Step           Time
           7000       14.00000

             MC-lambda information
  N  CoulL   VdwL    Count   G(in kT)  dG(in kT)
  1  0.000  0.000       64    0.00000    0.00000   
  2  0.050  0.000      109    0.00000    0.96742 <<
  3  0.100  0.000      140    0.96742    0.98368   
  4  0.200  0.000       73    1.95110    0.00000   
  5  0.300  0.000       38    1.95110   -0.98368   
  6  0.350  0.000       45    0.96742    0.98368   
  7  0.400  0.000       54    1.95110    1.00050   
  8  0.450  0.000       53    2.95160    0.00000   
  9  0.500  0.000       26    2.95160   -1.00050   
 10  0.600  0.000       33    1.95110    1.00050   
 11  0.700  0.000       25    2.95160    0.00000   
 12  0.850  0.000       15    2.95160    0.00000   
 13  1.000  0.000       14    2.95160    0.00000   
 14  1.000  0.200        6    2.95160    0.00000   
 15  1.000  0.400        2    2.95160    0.00000   
 16  1.000  0.500        3    2.95160    0.00000   
 17  1.000  0.600        0    2.95160    0.00000   
 18  1.000  0.700        0    2.95160    0.00000   
 19  1.000  0.800        0    2.95160    0.00000   
 20  1.000  1.000        0    2.95160    0.00000   

   Energies (kJ/mol)
           Bond          Angle    Proper Dih.          LJ-14     Coulomb-14
    2.74018e+00    1.51344e+00    2.86775e+00    4.12481e+00   -1.48778e+01
        LJ (SR)  Disper. corr.   Coulomb (SR)   Coul. recip.      Potential
    1.61993e+03   -7.36293e+01   -1.29041e+04    1.17291e+02   -1.12441e+04
    Kinetic En.   Total Energy  Conserved En.    Temperature Pres. DC (bar)
    2.15439e+03   -9.08973e+03   -9.06145e+03    3.03590e+02   -1.39412e+02
 Pressure (bar)      dVcoul/dl       dVvdw/dl
   -6.38618e+02    2.23723e+01    2.71224e+01

           Step           Time
           8000       16.00000

             MC-lambda information
  N  CoulL   VdwL    Count   G(in kT)  dG(in kT)
  1  0.000  0.000       68    0.00000    0.00000   
  2  0.050  0.000      112    0.00000    0.96742   
  3  0.100  0.000      149    0.96742    0.98368   
  4  0.200  0.000       88    1.95110    0.00000   
  5  0.300  0.000       42    1.95110   -0.98368   
  6  0.350  0.000       47    0.96742    0.98368   
  7  0.400  0.000       61    1.95110    0.00000   
  8  0.450  0.000       64    1.95110    1.00050   
  9  0.500  0.000       35    2.95160   -1.00050   
 10  0.600  0.000       35    1.95110    1.00050   
 11  0.700  0.000       32    2.95160   -1.00050   
 12  0.850  0.000       26    1.95110    1.00050 <<
 13  1.000  0.000       22    2.95160    0.00000   
 14  1.000  0.200       12    2.95160    0.00000   
 15  1.000  0.400        2    2.95160    0.00000   
 16  1.000  0.500        4    2.95160    0.00000   
 17  1.000  0.600        1    2.95160    0.00000   
 18  1.000  0.700        0    2.95160    0.00000   
 19  1.000  0.800        0    2.95160    0.00000   
 20  1.000  1.000        0    2.95160    0.00000   

   Energies (kJ/mol)
           Bond          Angle    Proper Dih.          LJ-14     Coulomb-14
    1.79501e+00    2.58482e+00    5.17799e+00    2.72796e+00   -1.45535e+01
        LJ (SR)  Disper. corr.   Coulomb (SR)   Coul. recip.      Potential
    1.68322e+03   -7.36293e+01   -1.30142e+04    9.84684e+01   -1.13085e+04
    Kinetic En.   Total Energy  Conserved En.    Temperature Pres. DC (bar)
    2.25566e+03   -9.05279e+03   -9.06545e+03    3.17861e+02   -1.39412e+02
 Pressure (bar)      dVcoul/dl       dVvdw/dl
   -2.21004e+02   -3.94525e+00    1.99676e+01

           Step           Time
           9000       18.00000

             MC-lambda information
  N  CoulL   VdwL    Count   G(in kT)  dG(in kT)
  1  0.000  0.000       73    0.00000    0.00000   
  2  0.050  0.000      117    0.00000    0.00000   
  3  0.100  0.000      151    0.00000    1.95110   
  4  0.200  0.000      102    1.95110   -0.98368   
  5  0.300  0.000       51    0.96742    0.00000 <<
  6  0.350  0.000       50    0.96742    0.98368   
  7  0.400  0.000       64    1.95110    0.00000   
  8  0.450  0.000       68    1.95110    1.00050   
  9  0.500  0.000       54    2.95160   -1.00050   
 10  0.600  0.000       42    1.95110    1.00050   
 11  0.700  0.000       43    2.95160   -1.00050   
 12  0.850  0.000       32    1.95110    1.00050   
 13  1.000  0.000       33    2.95160    0.00000   
 14  1.000  0.200       13    2.95160    0.00000   
 15  1.000  0.400        2    2.95160    0.00000   
 16  1.000  0.500        4    2.95160    0.00000   
 17  1.000  0.600        1    2.95160    0.00000   
 18  1.000  0.700        0    2.95160    0.00000   
 19  1.000  0.800        0    2.95160    0.00000   
 20  1.000  1.000        0    2.95160    0.00000   

   Energies (kJ/mol)
           Bond          Angle    Proper Dih.          LJ-14     Coulomb-14
    4.03640e+00    4.46741e+00    4.55242e-01    1.50673e+00   -1.41596e+01
        LJ (SR)  Disper. corr.   Coulomb (SR)   Coul. recip.      Potential
    1.84181e+03   -7.36293e+01   -1.32955e+04    1.12785e+02   -1.14183e+04
    Kinetic En.   Total Energy  Conserved En.    Temperature Pres. DC (bar)
    2.05539e+03   -9.36288e+03   -9.02726e+03    2.89639e+02   -1.39412e+02
 Pressure (bar)      dVcoul/dl       dVvdw/dl
   -1.07228e+02    1.12560e+01    9.53326e+00

           Step           Time
          10000       20.00000

Writing checkpoint, step 10000 at Tue Mar  8 02:41:05 2022


             MC-lambda information
  N  CoulL   VdwL    Count   G(in kT)  dG(in kT)
  1  0.000  0.000       81    0.00000    0.00000   
  2  0.050  0.000      122    0.00000    0.00000   
  3  0.100  0.000      154    0.00000    0.96742   
  4  0.200  0.000      112    0.96742    0.00000   
  5  0.300  0.000       53    0.96742    0.00000   
  6  0.350  0.000       57    0.96742    0.98368   
  7  0.400  0.000       79    1.95110    0.00000   
  8  0.450  0.000       76    1.95110    0.00000   
  9  0.500  0.000       71    1.95110    0.00000 <<
 10  0.600  0.000       46    1.95110    1.00050   
 11  0.700  0.000       54    2.95160   -1.00050   
 12  0.850  0.000       36    1.95110    1.00050   
 13  1.000  0.000       39    2.95160    0.00000   
 14  1.000  0.200       13    2.95160    0.00000   
 15  1.000  0.400        2    2.95160    0.00000   
 16  1.000  0.500        4    2.95160    0.00000   
 17  1.000  0.600        1    2.95160    0.00000   
 18  1.000  0.700        0    2.95160    0.00000   
 19  1.000  0.800        0    2.95160    0.00000   
 20  1.000  1.000        0    2.95160    0.00000   

   Energies (kJ/mol)
           Bond          Angle    Proper Dih.          LJ-14     Coulomb-14
    1.96272e+00    5.89380e-01    2.52098e+00    5.36711e+00   -1.51047e+01
        LJ (SR)  Disper. corr.   Coulomb (SR)   Coul. recip.      Potential
    1.74193e+03   -7.36293e+01   -1.31222e+04    1.12293e+02   -1.13462e+04
    Kinetic En.   Total Energy  Conserved En.    Temperature Pres. DC (bar)
    1.95034e+03   -9.39588e+03   -9.01053e+03    2.74836e+02   -1.39412e+02
 Pressure (bar)      dVcoul/dl       dVvdw/dl
   -9.07996e+01    8.75780e+00    2.50588e+01


Energy conservation over simulation part #1 of length 20 ns, time 0 to 20 ns
  Conserved energy drift: 3.09e-03 kJ/mol/ps per atom


	<======  ###############  ==>
	<====  A V E R A G E S  ====>
	<==  ###############  ======>

	Statistics over 10001 steps using 10001 frames

   Energies (kJ/mol)
           Bond          Angle    Proper Dih.          LJ-14     Coulomb-14
    2.33672e+00    3.11677e+00    1.06266e+00    4.33879e+00   -1.48107e+01
        LJ (SR)  Disper. corr.   Coulomb (SR)   Coul. recip.      Potential
    1.74898e+03   -7.36145e+01   -1.30727e+04    1.10480e+02   -1.12908e+04
    Kinetic En.   Total Energy  Conserved En.    Temperature Pres. DC (bar)
    2.13715e+03   -9.15366e+03   -9.05073e+03    3.01160e+02   -1.39384e+02
 Pressure (bar)      dVcoul/dl       dVvdw/dl
    4.29754e+01    1.19296e+01    8.29402e+00

   Total Virial (kJ/mol)
    6.99407e+02   -5.83549e+00    1.39998e+01
   -5.92763e+00    7.05872e+02    4.54657e+00
    1.39608e+01    4.56630e+00    6.97861e+02

   Pressure (bar)
    5.17305e+01    2.08881e+01   -4.33517e+01
    2.12374e+01    2.79447e+01   -1.56733e+01
   -4.32036e+01   -1.57481e+01    4.92511e+01


	M E G A - F L O P S   A C C O U N T I N G

 NB=Group-cutoff nonbonded kernels    NxN=N-by-N cluster Verlet kernels
 RF=Reaction-Field  VdW=Van der Waals  QSTab=quadratic-spline table
 W3=SPC/TIP3p  W4=TIP4p (single or pairs)
 V&F=Potential and force  V=Potential only  F=Force only

 Computing:                               M-Number         M-Flops  % Flops
-----------------------------------------------------------------------------
 NB Free energy kernel                16747.412976       16747.413     3.3
 Pair Search distance check              73.221272         658.991     0.1
 NxN Ewald Elec. + LJ [V&F]            2024.214592      257075.253    50.1
 NxN Ewald Elec. [V&F]                 1956.621344      164356.193    32.0
 1,4 nonbonded interactions               0.010001           0.900     0.0
 Calc Weights                            25.592559         921.332     0.2
 Spread Q Bspline                      1091.949184        2183.898     0.4
 Gather F Bspline                      1091.949184        6551.695     1.3
 3D-FFT                                7606.640588       60853.125    11.9
 Solve PME                               11.521152         737.354     0.1
 Shift-X                                  0.214103           1.285     0.0
 Bonds                                    0.030003           1.770     0.0
 Angles                                   0.020002           3.360     0.0
 Propers                                  0.010001           2.290     0.0
 Virial                                   8.980898         161.656     0.0
 Stop-CM                                  8.531706          85.317     0.0
 Calc-Ekin                                8.530853         230.333     0.0
 Constraint-V                             8.490849          76.418     0.0
 Constraint-Vir                           8.490849         203.780     0.0
 Settle                                   5.661132        2094.619     0.4
-----------------------------------------------------------------------------
 Total                                                  512946.983   100.0
-----------------------------------------------------------------------------


     R E A L   C Y C L E   A N D   T I M E   A C C O U N T I N G

On 1 MPI rank, each using 16 OpenMP threads

 Computing:          Num   Num      Call    Wall time         Giga-Cycles
                     Ranks Threads  Count      (s)         total sum    %
-----------------------------------------------------------------------------
 Neighbor search        1   16        251       0.089          2.974   1.1
 Force                  1   16      10001       4.218        141.376  54.6
 PME mesh               1   16      10001       2.116         70.935  27.4
 NB X/F buffer ops.     1   16      19751       0.148          4.977   1.9
 Write traj.            1   16         11       0.016          0.544   0.2
 Update                 1   16      40004       0.216          7.228   2.8
 Constraints            1   16      20004       0.180          6.039   2.3
 Rest                                           0.746         25.015   9.7
-----------------------------------------------------------------------------
 Total                                          7.729        259.088 100.0
-----------------------------------------------------------------------------
 Breakdown of PME mesh computation
-----------------------------------------------------------------------------
 PME spread             1   16      20002       0.491         16.469   6.4
 PME gather             1   16      20002       0.553         18.529   7.2
 PME 3D-FFT             1   16      40004       0.747         25.028   9.7
 PME solve Elec         1   16      20002       0.264          8.864   3.4
-----------------------------------------------------------------------------

               Core t (s)   Wall t (s)        (%)
       Time:      123.664        7.729     1600.0
                 (ns/day)    (hour/ns)
Performance:      223.592        0.107
Finished mdrun on rank 0 Tue Mar  8 02:41:05 2022

PLUMED:                                               Cycles        Total      Average      Minimum      Maximum
PLUMED:                                                    1     0.705255     0.705255     0.705255     0.705255
PLUMED: 1 Prepare dependencies                         30001     0.010251     0.000000     0.000000     0.000009
PLUMED: 2 Sharing data                                 30001     0.050868     0.000002     0.000001     0.000088
PLUMED: 3 Waiting for data                             30001     0.115352     0.000004     0.000003     0.000031
PLUMED: 4 Calculating (forward loop)                   30001     0.296638     0.000010     0.000008     0.000766
PLUMED: 5 Applying (backward loop)                     10001     0.090793     0.000009     0.000008     0.000048
PLUMED: 6 Update                                       10001     0.028178     0.000003     0.000002     0.000091
