                 :-) GROMACS - GROMACS, 2021.4-plumed-2.8.0 (-:

                            GROMACS is written by:
     Andrey Alekseenko              Emile Apol              Rossen Apostolov     
         Paul Bauer           Herman J.C. Berendsen           Par Bjelkmar       
       Christian Blau           Viacheslav Bolnykh             Kevin Boyd        
     Aldert van Buuren           Rudi van Drunen             Anton Feenstra      
    Gilles Gouaillardet             Alan Gray               Gerrit Groenhof      
       Anca Hamuraru            Vincent Hindriksen          M. Eric Irrgang      
      Aleksei Iupinov           Christoph Junghans             Joe Jordan        
    Dimitrios Karkoulis            Peter Kasson                Jiri Kraus        
      Carsten Kutzner              Per Larsson              Justin A. Lemkul     
       Viveca Lindahl            Magnus Lundborg             Erik Marklund       
        Pascal Merz             Pieter Meulenhoff            Teemu Murtola       
        Szilard Pall               Sander Pronk              Roland Schulz       
       Michael Shirts            Alexey Shvetsov             Alfons Sijbers      
       Peter Tieleman              Jon Vincent              Teemu Virolainen     
     Christian Wennberg            Maarten Wolf              Artem Zhmurov       
                           and the project leaders:
        Mark Abraham, Berk Hess, Erik Lindahl, and David van der Spoel

Copyright (c) 1991-2000, University of Groningen, The Netherlands.
Copyright (c) 2001-2019, The GROMACS development team at
Uppsala University, Stockholm University and
the Royal Institute of Technology, Sweden.
check out http://www.gromacs.org for more information.

GROMACS is free software; you can redistribute it and/or modify it
under the terms of the GNU Lesser General Public License
as published by the Free Software Foundation; either version 2.1
of the License, or (at your option) any later version.

GROMACS:      GROMACS, version 2021.4-plumed-2.8.0
Working dir:  /ocean/projects/cts160011p/wehs7661/gmxapi_practice/Issues/case_3/mdrun_0_1463586672180_0
Process ID:   31952

GROMACS version:    2021.4-plumed-2.8.0
Precision:          mixed
Memory model:       64 bit
MPI library:        MPI
OpenMP support:     enabled (GMX_OPENMP_MAX_THREADS = 64)
GPU support:        disabled
SIMD instructions:  AVX2_256
FFT library:        fftw-3.3.8-sse2-avx-avx2-avx2_128
RDTSCP usage:       enabled
TNG support:        enabled
Hwloc support:      disabled
Tracing support:    disabled
C compiler:         /jet/packages/spack/opt/spack/linux-centos8-zen/gcc-8.3.1/gcc-10.2.0-tfzxq7udz2a53dmujvasy4uz33t27iwv/bin/gcc GNU 10.2.0
C compiler flags:   -mavx2 -mfma -pthread -Wno-missing-field-initializers -fexcess-precision=fast -funroll-all-loops -O3 -DNDEBUG
C++ compiler:       /jet/packages/spack/opt/spack/linux-centos8-zen/gcc-8.3.1/gcc-10.2.0-tfzxq7udz2a53dmujvasy4uz33t27iwv/bin/g++ GNU 10.2.0
C++ compiler flags: -mavx2 -mfma -pthread -Wno-missing-field-initializers -fexcess-precision=fast -funroll-all-loops -fopenmp -O3 -DNDEBUG


Running on 1 node with total 128 cores, 128 logical cores
Hardware detected on host r004.ib.bridges2.psc.edu (the node of MPI rank 0):
  CPU info:
    Vendor: AMD
    Brand:  AMD EPYC 7742 64-Core Processor                
    Family: 23   Model: 49   Stepping: 0
    Features: aes amd apic avx avx2 clfsh cmov cx8 cx16 f16c fma htt lahf misalignsse mmx msr nonstop_tsc pclmuldq pdpe1gb popcnt pse rdrnd rdtscp sha sse2 sse3 sse4a sse4.1 sse4.2 ssse3
  Hardware topology: Basic
    Sockets, cores, and logical processors:
      Socket  0: [   0] [   1] [   2] [   3] [   4] [   5] [   6] [   7] [   8] [   9] [  10] [  11] [  12] [  13] [  14] [  15] [  16] [  17] [  18] [  19] [  20] [  21] [  22] [  23] [  24] [  25] [  26] [  27] [  28] [  29] [  30] [  31] [  32] [  33] [  34] [  35] [  36] [  37] [  38] [  39] [  40] [  41] [  42] [  43] [  44] [  45] [  46] [  47] [  48] [  49] [  50] [  51] [  52] [  53] [  54] [  55] [  56] [  57] [  58] [  59] [  60] [  61] [  62] [  63]
      Socket  1: [  64] [  65] [  66] [  67] [  68] [  69] [  70] [  71] [  72] [  73] [  74] [  75] [  76] [  77] [  78] [  79] [  80] [  81] [  82] [  83] [  84] [  85] [  86] [  87] [  88] [  89] [  90] [  91] [  92] [  93] [  94] [  95] [  96] [  97] [  98] [  99] [ 100] [ 101] [ 102] [ 103] [ 104] [ 105] [ 106] [ 107] [ 108] [ 109] [ 110] [ 111] [ 112] [ 113] [ 114] [ 115] [ 116] [ 117] [ 118] [ 119] [ 120] [ 121] [ 122] [ 123] [ 124] [ 125] [ 126] [ 127]


++++ PLEASE READ AND CITE THE FOLLOWING REFERENCE ++++
M. J. Abraham, T. Murtola, R. Schulz, S. Páll, J. C. Smith, B. Hess, E.
Lindahl
GROMACS: High performance molecular simulations through multi-level
parallelism from laptops to supercomputers
SoftwareX 1 (2015) pp. 19-25
-------- -------- --- Thank You --- -------- --------


++++ PLEASE READ AND CITE THE FOLLOWING REFERENCE ++++
S. Páll, M. J. Abraham, C. Kutzner, B. Hess, E. Lindahl
Tackling Exascale Software Challenges in Molecular Dynamics Simulations with
GROMACS
In S. Markidis & E. Laure (Eds.), Solving Software Challenges for Exascale 8759 (2015) pp. 3-27
-------- -------- --- Thank You --- -------- --------


++++ PLEASE READ AND CITE THE FOLLOWING REFERENCE ++++
S. Pronk, S. Páll, R. Schulz, P. Larsson, P. Bjelkmar, R. Apostolov, M. R.
Shirts, J. C. Smith, P. M. Kasson, D. van der Spoel, B. Hess, and E. Lindahl
GROMACS 4.5: a high-throughput and highly parallel open source molecular
simulation toolkit
Bioinformatics 29 (2013) pp. 845-54
-------- -------- --- Thank You --- -------- --------


++++ PLEASE READ AND CITE THE FOLLOWING REFERENCE ++++
B. Hess and C. Kutzner and D. van der Spoel and E. Lindahl
GROMACS 4: Algorithms for highly efficient, load-balanced, and scalable
molecular simulation
J. Chem. Theory Comput. 4 (2008) pp. 435-447
-------- -------- --- Thank You --- -------- --------


++++ PLEASE READ AND CITE THE FOLLOWING REFERENCE ++++
D. van der Spoel, E. Lindahl, B. Hess, G. Groenhof, A. E. Mark and H. J. C.
Berendsen
GROMACS: Fast, Flexible and Free
J. Comp. Chem. 26 (2005) pp. 1701-1719
-------- -------- --- Thank You --- -------- --------


++++ PLEASE READ AND CITE THE FOLLOWING REFERENCE ++++
E. Lindahl and B. Hess and D. van der Spoel
GROMACS 3.0: A package for molecular simulation and trajectory analysis
J. Mol. Mod. 7 (2001) pp. 306-317
-------- -------- --- Thank You --- -------- --------


++++ PLEASE READ AND CITE THE FOLLOWING REFERENCE ++++
H. J. C. Berendsen, D. van der Spoel and R. van Drunen
GROMACS: A message-passing parallel molecular dynamics implementation
Comp. Phys. Comm. 91 (1995) pp. 43-56
-------- -------- --- Thank You --- -------- --------

Input Parameters:
   integrator                     = md-vv
   tinit                          = 0
   dt                             = 0.002
   nsteps                         = 2500
   init-step                      = 0
   simulation-part                = 1
   mts                            = false
   comm-mode                      = Linear
   nstcomm                        = 1
   bd-fric                        = 0
   ld-seed                        = -12584773
   emtol                          = 10
   emstep                         = 0.01
   niter                          = 20
   fcstep                         = 0
   nstcgsteep                     = 1000
   nbfgscorr                      = 10
   rtpi                           = 0.05
   nstxout                        = 0
   nstvout                        = 0
   nstfout                        = 0
   nstlog                         = 1000
   nstcalcenergy                  = 1
   nstenergy                      = 1000
   nstxout-compressed             = 1000
   compressed-x-precision         = 1000
   cutoff-scheme                  = Verlet
   nstlist                        = 10
   pbc                            = xyz
   periodic-molecules             = false
   verlet-buffer-tolerance        = 0.005
   rlist                          = 0.9
   coulombtype                    = PME
   coulomb-modifier               = Potential-shift
   rcoulomb-switch                = 0.89
   rcoulomb                       = 0.9
   epsilon-r                      = 1
   epsilon-rf                     = inf
   vdw-type                       = Cut-off
   vdw-modifier                   = Potential-switch
   rvdw-switch                    = 0.85
   rvdw                           = 0.9
   DispCorr                       = AllEnerPres
   table-extension                = 1
   fourierspacing                 = 0.1
   fourier-nx                     = 36
   fourier-ny                     = 36
   fourier-nz                     = 36
   pme-order                      = 4
   ewald-rtol                     = 1e-05
   ewald-rtol-lj                  = 0.001
   lj-pme-comb-rule               = Geometric
   ewald-geometry                 = 0
   epsilon-surface                = 0
   tcoupl                         = V-rescale
   nsttcouple                     = 1
   nh-chain-length                = 0
   print-nose-hoover-chain-variables = false
   pcoupl                         = No
   pcoupltype                     = Isotropic
   nstpcouple                     = -1
   tau-p                          = 1
   compressibility (3x3):
      compressibility[    0]={ 0.00000e+00,  0.00000e+00,  0.00000e+00}
      compressibility[    1]={ 0.00000e+00,  0.00000e+00,  0.00000e+00}
      compressibility[    2]={ 0.00000e+00,  0.00000e+00,  0.00000e+00}
   ref-p (3x3):
      ref-p[    0]={ 0.00000e+00,  0.00000e+00,  0.00000e+00}
      ref-p[    1]={ 0.00000e+00,  0.00000e+00,  0.00000e+00}
      ref-p[    2]={ 0.00000e+00,  0.00000e+00,  0.00000e+00}
   refcoord-scaling               = No
   posres-com (3):
      posres-com[0]= 0.00000e+00
      posres-com[1]= 0.00000e+00
      posres-com[2]= 0.00000e+00
   posres-comB (3):
      posres-comB[0]= 0.00000e+00
      posres-comB[1]= 0.00000e+00
      posres-comB[2]= 0.00000e+00
   QMMM                           = false
qm-opts:
   ngQM                           = 0
   constraint-algorithm           = Lincs
   continuation                   = false
   Shake-SOR                      = false
   shake-tol                      = 0.0001
   lincs-order                    = 12
   lincs-iter                     = 2
   lincs-warnangle                = 30
   nwall                          = 0
   wall-type                      = 9-3
   wall-r-linpot                  = -1
   wall-atomtype[0]               = -1
   wall-atomtype[1]               = -1
   wall-density[0]                = 0
   wall-density[1]                = 0
   wall-ewald-zfac                = 3
   pull                           = false
   awh                            = false
   rotation                       = false
   interactiveMD                  = false
   disre                          = No
   disre-weighting                = Conservative
   disre-mixed                    = false
   dr-fc                          = 1000
   dr-tau                         = 0
   nstdisreout                    = 100
   orire-fc                       = 0
   orire-tau                      = 0
   nstorireout                    = 100
   free-energy                    = expanded
   init-lambda                    = -1
   init-lambda-state              = 0
   delta-lambda                   = 0
   nstdhdl                        = 1000
   n-lambdas                      = 12
   separate-dvdl:
       fep-lambdas =   FALSE
      mass-lambdas =   FALSE
      coul-lambdas =   TRUE
       vdw-lambdas =   TRUE
    bonded-lambdas =   FALSE
 restraint-lambdas =   FALSE
temperature-lambdas =   FALSE
all-lambdas:
       fep-lambdas =            0           0           0           0           0           0           0           0           0           0           0           0
      mass-lambdas =            0           0           0           0           0           0           0           0           0           0           0           0
      coul-lambdas =            0         0.2         0.4         0.6         0.8         0.9           1           1           1           1           1           1
       vdw-lambdas =            0           0           0           0           0           0           0         0.2         0.4         0.6         0.8           1
    bonded-lambdas =            0           0           0           0           0           0           0           0           0           0           0           0
 restraint-lambdas =            0           0           0           0           0           0           0           0           0           0           0           0
temperature-lambdas =            0           0           0           0           0           0           0           0           0           0           0           0
   calc-lambda-neighbors          = -1
   dhdl-print-energy              = total
   sc-alpha                       = 0.5
   sc-power                       = 1
   sc-r-power                     = 6
   sc-sigma                       = 0.3
   sc-sigma-min                   = 0.3
   sc-coul                        = false
   dh-hist-size                   = 0
   dh-hist-spacing                = 0.1
   separate-dhdl-file             = yes
   dhdl-derivatives               = yes
   nstexpanded                    = 10
   lmc-stats                      = wang-landau
   lmc-move                       = metropolized-gibbs
   lmc-weights-equil              = wl-delta
   weight-equil-wl-delta          = 0.001
   lmc-seed                       = 1000
   mc-temperature                 = 298
   lmc-repeats                    = 1
   lmc-gibbsdelta                 = -1
   lmc-forced-nstart              = 0
   symmetrized-transition-matrix  = true
   nst-transition-matrix          = 100000
   mininum-var-min                = 100
   weight-c-range                 = 0
   wl-scale                       = 0.8
   wl-ratio                       = 0.8
   init-wl-delta                  = 0.5
   wl-oneovert                    = false
      init-lambda-weights (12):
      init-lambda-weights[0]= 0.00000e+00
      init-lambda-weights[1]= 0.00000e+00
      init-lambda-weights[2]= 0.00000e+00
      init-lambda-weights[3]= 0.00000e+00
      init-lambda-weights[4]= 0.00000e+00
      init-lambda-weights[5]= 0.00000e+00
      init-lambda-weights[6]= 0.00000e+00
      init-lambda-weights[7]= 0.00000e+00
      init-lambda-weights[8]= 0.00000e+00
      init-lambda-weights[9]= 0.00000e+00
      init-lambda-weights[10]= 0.00000e+00
      init-lambda-weights[11]= 0.00000e+00
   init-weights                   = false
   cos-acceleration               = 0
   deform (3x3):
      deform[    0]={ 0.00000e+00,  0.00000e+00,  0.00000e+00}
      deform[    1]={ 0.00000e+00,  0.00000e+00,  0.00000e+00}
      deform[    2]={ 0.00000e+00,  0.00000e+00,  0.00000e+00}
   simulated-tempering            = false
   swapcoords                     = no
   userint1                       = 0
   userint2                       = 0
   userint3                       = 0
   userint4                       = 0
   userreal1                      = 0
   userreal2                      = 0
   userreal3                      = 0
   userreal4                      = 0
   applied-forces:
     electric-field:
       x:
         E0                       = 0
         omega                    = 0
         t0                       = 0
         sigma                    = 0
       y:
         E0                       = 0
         omega                    = 0
         t0                       = 0
         sigma                    = 0
       z:
         E0                       = 0
         omega                    = 0
         t0                       = 0
         sigma                    = 0
     density-guided-simulation:
       active                     = false
       group                      = protein
       similarity-measure         = inner-product
       atom-spreading-weight      = unity
       force-constant             = 1e+09
       gaussian-transform-spreading-width = 0.2
       gaussian-transform-spreading-range-in-multiples-of-width = 4
       reference-density-filename = reference.mrc
       nst                        = 1
       normalize-densities        = true
       adaptive-force-scaling     = false
       adaptive-force-scaling-time-constant = 4
       shift-vector               = 
       transformation-matrix      = 
grpopts:
   nrdf:        5043
   ref-t:         298
   tau-t:         0.5
annealing:          No
annealing-npoints:           0
   acc:	           0           0           0
   nfreeze:           N           N           N
   energygrp-flags[  0]: 0

Changing nstlist from 10 to 40, rlist from 0.9 to 1


Initializing Domain Decomposition on 16 ranks
Dynamic load balancing: auto
Using update groups, nr 843, average size 3.0 atoms, max. radius 0.078 nm
Minimum cell size due to atom displacement: 0.246 nm
Initial maximum distances in bonded interactions:
    two-body bonded interactions: 0.391 nm, LJC-14 q, atoms 1 4
  multi-body bonded interactions: 0.391 nm, Proper Dih., atoms 1 4
Minimum cell size due to bonded interactions: 0.430 nm
Scaling the initial minimum size with 1/0.8 (option -dds) = 1.25
Using 0 separate PME ranks, as there are too few total
 ranks for efficient splitting
Optimizing the DD grid for 16 cells with a minimum initial size of 0.537 nm
The maximum allowed number of cells is: X 4 Y 4 Z 4
Domain decomposition grid 4 x 4 x 1, separate PME ranks 0
PME domain decomposition: 4 x 4 x 1
Domain decomposition rank 0, coordinates 0 0 0

The initial number of communication pulses is: X 2 Y 2
The initial domain decomposition cell size is: X 0.67 nm Y 0.67 nm

The maximum allowed distance for atom groups involved in interactions is:
                 non-bonded interactions           1.156 nm
            two-body bonded interactions  (-rdd)   1.156 nm
          multi-body bonded interactions  (-rdd)   0.671 nm

When dynamic load balancing gets turned on, these settings will change to:
The maximum number of communication pulses is: X 3 Y 3
The minimum size for domain decomposition cells is 0.537 nm
The requested allowed shrink of DD cells (option -dds) is: 0.80
The allowed shrink of domain decomposition cells is: X 0.80 Y 0.80
The maximum allowed distance for atom groups involved in interactions is:
                 non-bonded interactions           1.156 nm
            two-body bonded interactions  (-rdd)   1.156 nm
          multi-body bonded interactions  (-rdd)   0.537 nm

Using 16 MPI processes

Non-default thread affinity set, disabling internal thread affinity

Using 8 OpenMP threads per MPI process

System total charge, top. A: 0.000 top. B: 0.000
Will do PME sum in reciprocal space for electrostatic interactions.

++++ PLEASE READ AND CITE THE FOLLOWING REFERENCE ++++
U. Essmann, L. Perera, M. L. Berkowitz, T. Darden, H. Lee and L. G. Pedersen 
A smooth particle mesh Ewald method
J. Chem. Phys. 103 (1995) pp. 8577-8592
-------- -------- --- Thank You --- -------- --------

Using a Gaussian width (1/beta) of 0.288146 nm for Ewald
Potential shift: LJ r^-12: 0.000e+00 r^-6: 0.000e+00, Ewald -1.111e-05
Initialized non-bonded Ewald tables, spacing: 8.85e-04 size: 2261

Generated table with 1000 data points for 1-4 COUL.
Tabscale = 500 points/nm
Generated table with 1000 data points for 1-4 LJ6.
Tabscale = 500 points/nm
Generated table with 1000 data points for 1-4 LJ12.
Tabscale = 500 points/nm
Long Range LJ corr.: <C6> 2.7898e-04 <C12> 2.7407e-07


Using SIMD 4x8 nonbonded short-range kernels

Using a dual 4x8 pair-list setup updated with dynamic pruning:
  outer list: updated every 40 steps, buffer 0.100 nm, rlist 1.000 nm
  inner list: updated every 11 steps, buffer 0.002 nm, rlist 0.902 nm
At tolerance 0.005 kJ/mol/ps per atom, equivalent classical 1x1 list would be:
  outer list: updated every 40 steps, buffer 0.210 nm, rlist 1.110 nm
  inner list: updated every 11 steps, buffer 0.042 nm, rlist 0.942 nm
There are 4 atoms and 2 charges for free energy perturbation
Removing pbc first time

++++ PLEASE READ AND CITE THE FOLLOWING REFERENCE ++++
S. Miyamoto and P. A. Kollman
SETTLE: An Analytical Version of the SHAKE and RATTLE Algorithms for Rigid
Water Models
J. Comp. Chem. 13 (1992) pp. 952-962
-------- -------- --- Thank You --- -------- --------


Linking all bonded interactions to atoms


Intra-simulation communication will occur every 1 steps.
Initial vector of lambda components:[     0.0000     0.0000     0.0000     0.0000     0.0000     0.0000     0.0000 ]

++++ PLEASE READ AND CITE THE FOLLOWING REFERENCE ++++
G. Bussi, D. Donadio and M. Parrinello
Canonical sampling through velocity rescaling
J. Chem. Phys. 126 (2007) pp. 014101
-------- -------- --- Thank You --- -------- --------

There are: 2521 Atoms
Atom distribution over 16 domains: av 157 stddev 15 min 144 max 177

Constraining the starting coordinates (step 0)
Center of mass motion removal mode is Linear
We have the following groups for center of mass motion removal:
  0:  rest
RMS relative constraint deviation after constraining: 0.00e+00
Initial temperature: 301.129 K

Started mdrun on rank 0 Mon May  2 17:54:38 2022

           Step           Time
              0        0.00000

   Energies (kJ/mol)
           Bond          Angle    Proper Dih.          LJ-14     Coulomb-14
    6.58355e-01    4.08231e-01    3.68030e+00   -4.99493e-01   -1.18500e+01
        LJ (SR)  Disper. corr.   Coulomb (SR)   Coul. recip.      Potential
    5.06444e+03   -2.20409e+02   -3.89891e+04    2.96509e+02   -3.38562e+04
    Kinetic En.   Total Energy  Conserved En.    Temperature Pres. DC (bar)
    6.31314e+03   -2.75430e+04   -2.75430e+04    3.01129e+02   -1.45374e+02
 Pressure (bar)      dVcoul/dl       dVvdw/dl
   -3.10568e+02    1.19370e+01    1.67746e+01


DD  step 39 load imb.: force 20.3%

step 80 Turning on dynamic load balancing, because the performance loss due to load imbalance is 3.9 %.

DD  load balancing is limited by minimum cell size in dimension X Y
DD  step 999  vol min/aver 0.645! load imb.: force 24.9%
           Step           Time
           1000        2.00000

             MC-lambda information
  Wang-Landau incrementor is:         0.5
  N  CoulL   VdwL    Count   G(in kT)  dG(in kT)
  1  0.000  0.000       13    0.00000    0.50000   
  2  0.200  0.000       12    0.50000    2.00000   
  3  0.400  0.000        8    2.50000    0.00000   
  4  0.600  0.000        8    2.50000    1.00000   
  5  0.800  0.000        6    3.50000   -1.00000   
  6  0.900  0.000        8    2.50000    1.00000   
  7  1.000  0.000        6    3.50000    0.00000   
  8  1.000  0.200        6    3.50000    1.00000   
  9  1.000  0.400        4    4.50000    0.00000   
 10  1.000  0.600        4    4.50000   -3.00000   
 11  1.000  0.800       10    1.50000   -2.50000 <<
 12  1.000  1.000       15   -1.00000    0.00000   

   Energies (kJ/mol)
           Bond          Angle    Proper Dih.          LJ-14     Coulomb-14
    1.27677e+00    8.14159e+00    8.31295e-01   -4.98079e-01   -1.16632e+01
        LJ (SR)  Disper. corr.   Coulomb (SR)   Coul. recip.      Potential
    5.39239e+03   -2.18370e+02   -3.91852e+04    2.90919e+02   -3.37222e+04
    Kinetic En.   Total Energy  Conserved En.    Temperature Pres. DC (bar)
    6.49405e+03   -2.72281e+04   -2.75200e+04    3.09758e+02   -1.44030e+02
 Pressure (bar)      dVcoul/dl       dVvdw/dl
    3.93365e+02    2.74790e+01   -7.62623e+01


DD  load balancing is limited by minimum cell size in dimension X Y
DD  step 1999  vol min/aver 0.644! load imb.: force 19.8%
           Step           Time
           2000        4.00000

             MC-lambda information
  Wang-Landau incrementor is:         0.5
  N  CoulL   VdwL    Count   G(in kT)  dG(in kT)
  1  0.000  0.000       23    0.00000    1.00000   
  2  0.200  0.000       21    1.00000    2.00000   
  3  0.400  0.000       17    3.00000    1.50000   
  4  0.600  0.000       14    4.50000    0.50000   
  5  0.800  0.000       13    5.00000    1.00000   
  6  0.900  0.000       11    6.00000   -0.50000 <<
  7  1.000  0.000       12    5.50000   -1.50000   
  8  1.000  0.200       15    4.00000   -1.50000   
  9  1.000  0.400       18    2.50000    0.00000   
 10  1.000  0.600       18    2.50000   -0.50000   
 11  1.000  0.800       19    2.00000    0.00000   
 12  1.000  1.000       19    2.00000    0.00000   

   Energies (kJ/mol)
           Bond          Angle    Proper Dih.          LJ-14     Coulomb-14
    2.30674e+00    4.45038e+00    9.07230e-02   -4.91574e-01   -1.15182e+01
        LJ (SR)  Disper. corr.   Coulomb (SR)   Coul. recip.      Potential
    5.42966e+03   -2.20409e+02   -3.91460e+04    3.07932e+02   -3.36339e+04
    Kinetic En.   Total Energy  Conserved En.    Temperature Pres. DC (bar)
    6.30250e+03   -2.73314e+04   -2.74723e+04    3.00621e+02   -1.45374e+02
 Pressure (bar)      dVcoul/dl       dVvdw/dl
    6.91093e+02    1.87779e+01    3.04312e-01


Step 2310: weights are now: 0.00000 1.00000 2.00000 2.50000 3.00000 3.00000 2.50000 3.50000 3.00000 3.00000 2.50000 2.50000

step 2400 Turning off dynamic load balancing, because it is degrading performance.
Atom distribution over 16 domains: av 157 stddev 16 min 144 max 177

DD  step 2479 load imb.: force 41.1%
           Step           Time
           2500        5.00000

Writing checkpoint, step 2500 at Mon May  2 17:54:40 2022


   Energies (kJ/mol)
           Bond          Angle    Proper Dih.          LJ-14     Coulomb-14
    3.75485e-01    1.18734e+00    1.15432e-01   -4.95281e-01   -1.15892e+01
        LJ (SR)  Disper. corr.   Coulomb (SR)   Coul. recip.      Potential
    5.54170e+03   -2.19899e+02   -3.91104e+04    2.89951e+02   -3.35090e+04
    Kinetic En.   Total Energy  Conserved En.    Temperature Pres. DC (bar)
    6.28856e+03   -2.72205e+04   -2.74767e+04    2.99956e+02   -1.45038e+02
 Pressure (bar)      dVcoul/dl       dVvdw/dl
    9.91140e+02    1.98134e+00   -1.95593e+00


Energy conservation over simulation part #1 of length 5 ns, time 0 to 5 ns
  Conserved energy drift: 5.26e-03 kJ/mol/ps per atom


	<======  ###############  ==>
	<====  A V E R A G E S  ====>
	<==  ###############  ======>

	Statistics over 2501 steps using 2501 frames

   Energies (kJ/mol)
           Bond          Angle    Proper Dih.          LJ-14     Coulomb-14
    1.63818e+00    3.40065e+00    1.57032e+00   -4.96763e-01   -1.17254e+01
        LJ (SR)  Disper. corr.   Coulomb (SR)   Coul. recip.      Potential
    5.29500e+03   -2.19832e+02   -3.90892e+04    3.09311e+02   -3.37103e+04
    Kinetic En.   Total Energy  Conserved En.    Temperature Pres. DC (bar)
    6.25558e+03   -2.74548e+04   -2.75055e+04    2.98383e+02   -1.44994e+02
 Pressure (bar)      dVcoul/dl       dVvdw/dl
    2.53316e+02   -8.91663e+00   -4.73758e+00

   Total Virial (kJ/mol)
    1.78120e+03    3.12196e+00   -1.70068e+01
    2.93524e+00    1.95514e+03   -3.07692e+01
   -1.69417e+01   -3.06546e+01    1.94377e+03

   Pressure (bar)
    4.19180e+02   -8.54198e+00    8.24023e+00
   -8.29541e+00    1.57408e+02    4.30691e+01
    8.15422e+00    4.29177e+01    1.83359e+02


	M E G A - F L O P S   A C C O U N T I N G

 NB=Group-cutoff nonbonded kernels    NxN=N-by-N cluster Verlet kernels
 RF=Reaction-Field  VdW=Van der Waals  QSTab=quadratic-spline table
 W3=SPC/TIP3p  W4=TIP4p (single or pairs)
 V&F=Potential and force  V=Potential only  F=Force only

 Computing:                               M-Number         M-Flops  % Flops
-----------------------------------------------------------------------------
 NB Free energy kernel                 2993.833440        2993.833     0.6
 Pair Search distance check              77.793246         700.139     0.1
 NxN Ewald Elec. + LJ [V&F]            1969.457600      250121.115    51.4
 NxN Ewald Elec. [V&F]                 1952.292992      163992.611    33.7
 1,4 nonbonded interactions               0.002501           0.225     0.0
 Calc Weights                            18.915063         680.942     0.1
 Spread Q Bspline                       807.042688        1614.085     0.3
 Gather F Bspline                       807.042688        4842.256     1.0
 3D-FFT                                7239.134496       57913.076    11.9
 Solve PME                               25.930368        1659.544     0.3
 Reset In Box                             0.156302           0.469     0.0
 CG-CoM                                   0.161344           0.484     0.0
 Bonds                                    0.007503           0.443     0.0
 Angles                                   0.005002           0.840     0.0
 Propers                                  0.002501           0.573     0.0
 Virial                                   8.105741         145.903     0.0
 Stop-CM                                  6.307542          63.075     0.0
 Calc-Ekin                                6.305021         170.236     0.0
 Constraint-V                             6.295017          56.655     0.0
 Constraint-Vir                           6.295017         151.080     0.0
 Settle                                   4.198356        1553.392     0.3
-----------------------------------------------------------------------------
 Total                                                  486660.978   100.0
-----------------------------------------------------------------------------


    D O M A I N   D E C O M P O S I T I O N   S T A T I S T I C S

 av. #atoms communicated per step for force:  2 x 14745.3


Dynamic load balancing report:
 DLB was off during the run due to low measured imbalance.
 Average load imbalance: 23.4%.
 The balanceable part of the MD step is 26%, load imbalance is computed from this.
 Part of the total run time spent waiting due to load imbalance: 6.0%.

NOTE: 6.0 % of the available CPU time was lost due to load imbalance
      in the domain decomposition.
      Dynamic load balancing was automatically disabled, but it might be beneficial to manually tuning it on (option -dlb on.)
      You can also consider manually changing the decomposition (option -dd);
      e.g. by using fewer domains along the box dimension in which there is
      considerable inhomogeneity in the simulated system.

     R E A L   C Y C L E   A N D   T I M E   A C C O U N T I N G

On 16 MPI ranks, each using 8 OpenMP threads

 Computing:          Num   Num      Call    Wall time         Giga-Cycles
                     Ranks Threads  Count      (s)         total sum    %
-----------------------------------------------------------------------------
 Domain decomp.        16    8         63       0.033          9.582   1.3
 DD comm. load         16    8         61       0.000          0.036   0.0
 DD comm. bounds       16    8         58       0.001          0.153   0.0
 Neighbor search       16    8         63       0.016          4.586   0.6
 Comm. coord.          16    8       2438       0.071         20.523   2.9
 Force                 16    8       2501       0.233         66.899   9.4
 Wait + Comm. F        16    8       2501       0.058         16.781   2.4
 PME mesh              16    8       2501       1.486        427.224  59.9
 NB X/F buffer ops.    16    8       7377       0.060         17.162   2.4
 Write traj.           16    8          4       0.017          4.837   0.7
 Update                16    8      10004       0.046         13.089   1.8
 Constraints           16    8       5004       0.028          8.114   1.1
 Comm. energies        16    8       5002       0.361        103.872  14.6
 Rest                                           0.070         20.147   2.8
-----------------------------------------------------------------------------
 Total                                          2.481        713.005 100.0
-----------------------------------------------------------------------------
 Breakdown of PME mesh computation
-----------------------------------------------------------------------------
 PME redist. X/F       16    8       7503       0.363        104.282  14.6
 PME spread            16    8       5002       0.280         80.610  11.3
 PME gather            16    8       5002       0.182         52.436   7.4
 PME 3D-FFT            16    8      10004       0.171         49.272   6.9
 PME 3D-FFT Comm.      16    8      20008       0.469        134.689  18.9
 PME solve Elec        16    8       5002       0.009          2.690   0.4
-----------------------------------------------------------------------------

NOTE: 15 % of the run time was spent communicating energies,
      you might want to increase some nst* mdp options

               Core t (s)   Wall t (s)        (%)
       Time:      317.474        2.481    12798.2
                 (ns/day)    (hour/ns)
Performance:      174.220        0.138
Finished mdrun on rank 0 Mon May  2 17:54:40 2022

